info: 2024-10-09 02:07:03: Starting Nest application...
info: 2024-10-09 02:07:03: TypeOrmModule dependencies initialized
info: 2024-10-09 02:07:03: MulterModule dependencies initialized
info: 2024-10-09 02:07:03: JwtModule dependencies initialized
info: 2024-10-09 02:07:03: WinstonModule dependencies initialized
info: 2024-10-09 02:07:03: TasksModule dependencies initialized
info: 2024-10-09 02:07:03: DiscoveryModule dependencies initialized
info: 2024-10-09 02:07:03: AppModule dependencies initialized
info: 2024-10-09 02:07:03: ScheduleModule dependencies initialized
info: 2024-10-09 02:07:03: TypeOrmCoreModule dependencies initialized
info: 2024-10-09 02:07:03: TypeOrmModule dependencies initialized
info: 2024-10-09 02:07:03: TypeOrmModule dependencies initialized
info: 2024-10-09 02:07:03: TypeOrmModule dependencies initialized
info: 2024-10-09 02:07:03: UserModule dependencies initialized
info: 2024-10-09 02:07:03: ArticleModule dependencies initialized
info: 2024-10-09 02:07:03: ImgModule dependencies initialized
info: 2024-10-09 02:07:03: AppController {/}:
info: 2024-10-09 02:07:03: Mapped {/, GET} route
info: 2024-10-09 02:07:03: Mapped {/auth, GET} route
info: 2024-10-09 02:07:03: Mapped {/encrypt, GET} route
info: 2024-10-09 02:07:03: Mapped {/decrypt, GET} route
info: 2024-10-09 02:07:03: UserController {/user}:
info: 2024-10-09 02:07:03: Mapped {/user/register, POST} route
info: 2024-10-09 02:07:03: Mapped {/user/login, POST} route
info: 2024-10-09 02:07:03: Mapped {/user/:id, GET} route
info: 2024-10-09 02:07:03: ArticleController {/article}:
info: 2024-10-09 02:07:03: Mapped {/article, POST} route
info: 2024-10-09 02:07:03: Mapped {/article, GET} route
info: 2024-10-09 02:07:03: Mapped {/article/:id, GET} route
info: 2024-10-09 02:07:03: Mapped {/article/pid/:pid, GET} route
info: 2024-10-09 02:07:03: Mapped {/article/:id, PATCH} route
info: 2024-10-09 02:07:03: Mapped {/article/updateOrder, POST} route
info: 2024-10-09 02:07:03: Mapped {/article/:id, DELETE} route
info: 2024-10-09 02:07:03: ImgController {/img}:
info: 2024-10-09 02:07:03: Mapped {/img, POST} route
info: 2024-10-09 02:07:03: Mapped {/img, POST} route
info: 2024-10-09 02:07:03: Mapped {/img, GET} route
info: 2024-10-09 02:07:03: Mapped {/img/:id, GET} route
info: 2024-10-09 02:07:03: Mapped {/img/:id, PATCH} route
info: 2024-10-09 02:07:03: Mapped {/img/:id, DELETE} route
info: 2024-10-09 02:07:03: Nest application successfully started
info: 2024-10-09 02:07:10: [INFO] method=POST ip=1.36.156.68======
info: 2024-10-09 02:07:10: [INFO] method=POST ip=1.36.156.68 耗时=64ms======
info: 2024-10-09 02:07:13: [INFO] method=GET ip=1.36.156.68======
info: 2024-10-09 02:07:13: [INFO] method=GET ip=1.36.156.68 耗时=2ms======
info: 2024-10-09 02:07:13: [INFO] method=GET ip=1.36.156.68======
info: 2024-10-09 02:07:13: [INFO] method=GET ip=1.36.156.68 耗时=1ms======
info: 2024-10-09 02:07:13: [INFO] method=GET ip=1.36.156.68======
info: 2024-10-09 02:07:13: [INFO] method=GET ip=1.36.156.68 耗时=1ms======
info: 2024-10-09 02:08:33: [INFO] method=GET ip=1.36.156.68======
