info: 2024-10-09 02:33:24: Starting Nest application...
info: 2024-10-09 02:33:24: TypeOrmModule dependencies initialized
info: 2024-10-09 02:33:24: MulterModule dependencies initialized
info: 2024-10-09 02:33:24: JwtModule dependencies initialized
info: 2024-10-09 02:33:24: WinstonModule dependencies initialized
info: 2024-10-09 02:33:24: TasksModule dependencies initialized
info: 2024-10-09 02:33:24: DiscoveryModule dependencies initialized
info: 2024-10-09 02:33:24: AppModule dependencies initialized
info: 2024-10-09 02:33:24: ScheduleModule dependencies initialized
info: 2024-10-09 02:33:25: TypeOrmCoreModule dependencies initialized
info: 2024-10-09 02:33:25: TypeOrmModule dependencies initialized
info: 2024-10-09 02:33:25: TypeOrmModule dependencies initialized
info: 2024-10-09 02:33:25: TypeOrmModule dependencies initialized
info: 2024-10-09 02:33:25: UserModule dependencies initialized
info: 2024-10-09 02:33:25: ArticleModule dependencies initialized
info: 2024-10-09 02:33:25: ImgModule dependencies initialized
info: 2024-10-09 02:33:25: AppController {/}:
info: 2024-10-09 02:33:25: Mapped {/, GET} route
info: 2024-10-09 02:33:25: Mapped {/auth, GET} route
info: 2024-10-09 02:33:25: Mapped {/encrypt, GET} route
info: 2024-10-09 02:33:25: Mapped {/decrypt, GET} route
info: 2024-10-09 02:33:25: UserController {/user}:
info: 2024-10-09 02:33:25: Mapped {/user/register, POST} route
info: 2024-10-09 02:33:25: Mapped {/user/login, POST} route
info: 2024-10-09 02:33:25: Mapped {/user/:id, GET} route
info: 2024-10-09 02:33:25: ArticleController {/article}:
info: 2024-10-09 02:33:25: Mapped {/article, POST} route
info: 2024-10-09 02:33:25: Mapped {/article, GET} route
info: 2024-10-09 02:33:25: Mapped {/article/:id, GET} route
info: 2024-10-09 02:33:25: Mapped {/article/pid/:pid, GET} route
info: 2024-10-09 02:33:25: Mapped {/article/:id, PATCH} route
info: 2024-10-09 02:33:25: Mapped {/article/updateOrder, POST} route
info: 2024-10-09 02:33:25: Mapped {/article/:id, DELETE} route
info: 2024-10-09 02:33:25: ImgController {/img}:
info: 2024-10-09 02:33:25: Mapped {/img, POST} route
info: 2024-10-09 02:33:25: Mapped {/img, POST} route
info: 2024-10-09 02:33:25: Mapped {/img, GET} route
info: 2024-10-09 02:33:25: Mapped {/img/:id, GET} route
info: 2024-10-09 02:33:25: Mapped {/img/:id, PATCH} route
info: 2024-10-09 02:33:25: Mapped {/img/:id, DELETE} route
info: 2024-10-09 02:33:25: Nest application successfully started
info: 2024-10-09 02:33:26: [INFO] method=GET ip=1.36.156.68======
info: 2024-10-09 02:33:26: [INFO] method=GET ip=1.36.156.68 耗时=1ms======
info: 2024-10-09 02:38:59: [INFO] method=GET ip=1.36.156.68======
info: 2024-10-09 02:38:59: [INFO] method=GET ip=1.36.156.68 耗时=1ms======
info: 2024-10-09 02:42:21: 上传日志
