info: 2024-09-29 15:10:16: Starting Nest application...
info: 2024-09-29 15:10:16: TypeOrmModule dependencies initialized
info: 2024-09-29 15:10:16: TasksModule dependencies initialized
info: 2024-09-29 15:10:16: MulterModule dependencies initialized
info: 2024-09-29 15:10:16: JwtModule dependencies initialized
info: 2024-09-29 15:10:16: WinstonModule dependencies initialized
info: 2024-09-29 15:10:16: DiscoveryModule dependencies initialized
info: 2024-09-29 15:10:16: AppModule dependencies initialized
info: 2024-09-29 15:10:16: ScheduleModule dependencies initialized
info: 2024-09-29 15:10:21: TypeOrmCoreModule dependencies initialized
info: 2024-09-29 15:10:21: TypeOrmModule dependencies initialized
info: 2024-09-29 15:10:21: TypeOrmModule dependencies initialized
info: 2024-09-29 15:10:21: TypeOrmModule dependencies initialized
info: 2024-09-29 15:10:21: UserModule dependencies initialized
info: 2024-09-29 15:10:21: ArticleModule dependencies initialized
info: 2024-09-29 15:10:21: ImgModule dependencies initialized
info: 2024-09-29 15:10:21: AppController {/}:
info: 2024-09-29 15:10:21: Mapped {/, GET} route
info: 2024-09-29 15:10:21: Mapped {/encrypt, GET} route
info: 2024-09-29 15:10:21: Mapped {/decrypt, GET} route
info: 2024-09-29 15:10:21: UserController {/user}:
info: 2024-09-29 15:10:21: Mapped {/user/register, POST} route
info: 2024-09-29 15:10:21: Mapped {/user/login, POST} route
info: 2024-09-29 15:10:21: Mapped {/user/:id, GET} route
info: 2024-09-29 15:10:21: ArticleController {/article}:
info: 2024-09-29 15:10:21: Mapped {/article, POST} route
info: 2024-09-29 15:10:21: Mapped {/article, GET} route
info: 2024-09-29 15:10:21: Mapped {/article/:id, GET} route
info: 2024-09-29 15:10:21: Mapped {/article/pid/:pid, GET} route
info: 2024-09-29 15:10:21: Mapped {/article/:id, PATCH} route
info: 2024-09-29 15:10:21: Mapped {/article/updateOrder, POST} route
info: 2024-09-29 15:10:21: Mapped {/article/:id, DELETE} route
info: 2024-09-29 15:10:21: ImgController {/img}:
info: 2024-09-29 15:10:21: Mapped {/img, POST} route
info: 2024-09-29 15:10:21: Mapped {/img, POST} route
info: 2024-09-29 15:10:21: Mapped {/img, GET} route
info: 2024-09-29 15:10:21: Mapped {/img/:id, GET} route
info: 2024-09-29 15:10:21: Mapped {/img/:id, PATCH} route
info: 2024-09-29 15:10:21: Mapped {/img/:id, DELETE} route
info: 2024-09-29 15:10:21: Nest application successfully started
info: 2024-09-29 15:10:31: 上传日志
info: 2024-09-29 15:10:32: [{"fileName":"info-2024-09-29 15:10:31.log","width":200,"height":200,"extname":".log","imgUrl":"https://cdn.jsdelivr.net/gh/ndzy01/logs/info-2024-09-29%2015%3A10%3A31.log","type":"github"}]
info: 2024-09-29 15:10:41: 上传日志
info: 2024-09-29 15:10:43: [{"fileName":"info-2024-09-29 15:10:41.log","width":200,"height":200,"extname":".log","imgUrl":"https://cdn.jsdelivr.net/gh/ndzy01/logs/info-2024-09-29%2015%3A10%3A41.log","type":"github"}]
info: 2024-09-29 15:10:51: 上传日志
info: 2024-09-29 15:10:52: [{"fileName":"info-2024-09-29 15:10:51.log","width":200,"height":200,"extname":".log","imgUrl":"https://cdn.jsdelivr.net/gh/ndzy01/logs/info-2024-09-29%2015%3A10%3A51.log","type":"github"}]
info: 2024-09-29 15:10:54: Starting Nest application...
info: 2024-09-29 15:10:54: TypeOrmModule dependencies initialized
info: 2024-09-29 15:10:54: TasksModule dependencies initialized
info: 2024-09-29 15:10:54: MulterModule dependencies initialized
info: 2024-09-29 15:10:54: JwtModule dependencies initialized
info: 2024-09-29 15:10:54: WinstonModule dependencies initialized
info: 2024-09-29 15:10:54: DiscoveryModule dependencies initialized
info: 2024-09-29 15:10:54: AppModule dependencies initialized
info: 2024-09-29 15:10:54: ScheduleModule dependencies initialized
info: 2024-09-29 15:11:00: TypeOrmCoreModule dependencies initialized
info: 2024-09-29 15:11:00: TypeOrmModule dependencies initialized
info: 2024-09-29 15:11:00: TypeOrmModule dependencies initialized
info: 2024-09-29 15:11:00: TypeOrmModule dependencies initialized
info: 2024-09-29 15:11:00: UserModule dependencies initialized
info: 2024-09-29 15:11:00: ArticleModule dependencies initialized
info: 2024-09-29 15:11:00: ImgModule dependencies initialized
info: 2024-09-29 15:11:00: AppController {/}:
info: 2024-09-29 15:11:00: Mapped {/, GET} route
info: 2024-09-29 15:11:00: Mapped {/encrypt, GET} route
info: 2024-09-29 15:11:00: Mapped {/decrypt, GET} route
info: 2024-09-29 15:11:00: UserController {/user}:
info: 2024-09-29 15:11:00: Mapped {/user/register, POST} route
info: 2024-09-29 15:11:00: Mapped {/user/login, POST} route
info: 2024-09-29 15:11:00: Mapped {/user/:id, GET} route
info: 2024-09-29 15:11:00: ArticleController {/article}:
info: 2024-09-29 15:11:00: Mapped {/article, POST} route
info: 2024-09-29 15:11:00: Mapped {/article, GET} route
info: 2024-09-29 15:11:00: Mapped {/article/:id, GET} route
info: 2024-09-29 15:11:00: Mapped {/article/pid/:pid, GET} route
info: 2024-09-29 15:11:00: Mapped {/article/:id, PATCH} route
info: 2024-09-29 15:11:00: Mapped {/article/updateOrder, POST} route
info: 2024-09-29 15:11:00: Mapped {/article/:id, DELETE} route
info: 2024-09-29 15:11:00: ImgController {/img}:
info: 2024-09-29 15:11:00: Mapped {/img, POST} route
info: 2024-09-29 15:11:00: Mapped {/img, POST} route
info: 2024-09-29 15:11:00: Mapped {/img, GET} route
info: 2024-09-29 15:11:00: Mapped {/img/:id, GET} route
info: 2024-09-29 15:11:00: Mapped {/img/:id, PATCH} route
info: 2024-09-29 15:11:00: Mapped {/img/:id, DELETE} route
info: 2024-09-29 15:11:00: Nest application successfully started
info: 2024-09-29 15:11:10: 上传日志
