info: 2024-09-29 10:21:47: Starting Nest application...
info: 2024-09-29 10:21:47: TypeOrmModule dependencies initialized
info: 2024-09-29 10:21:47: TasksModule dependencies initialized
info: 2024-09-29 10:21:47: MulterModule dependencies initialized
info: 2024-09-29 10:21:47: JwtModule dependencies initialized
info: 2024-09-29 10:21:47: WinstonModule dependencies initialized
info: 2024-09-29 10:21:47: DiscoveryModule dependencies initialized
info: 2024-09-29 10:21:47: AppModule dependencies initialized
info: 2024-09-29 10:21:47: ScheduleModule dependencies initialized
info: 2024-09-29 10:21:52: TypeOrmCoreModule dependencies initialized
info: 2024-09-29 10:21:52: TypeOrmModule dependencies initialized
info: 2024-09-29 10:21:52: TypeOrmModule dependencies initialized
info: 2024-09-29 10:21:52: TypeOrmModule dependencies initialized
info: 2024-09-29 10:21:52: UserModule dependencies initialized
info: 2024-09-29 10:21:52: ArticleModule dependencies initialized
info: 2024-09-29 10:21:52: ImgModule dependencies initialized
info: 2024-09-29 10:21:52: AppController {/}:
info: 2024-09-29 10:21:52: Mapped {/, GET} route
info: 2024-09-29 10:21:52: Mapped {/encrypt, GET} route
info: 2024-09-29 10:21:52: Mapped {/decrypt, GET} route
info: 2024-09-29 10:21:52: UserController {/user}:
info: 2024-09-29 10:21:52: Mapped {/user/register, POST} route
info: 2024-09-29 10:21:52: Mapped {/user/login, POST} route
info: 2024-09-29 10:21:52: Mapped {/user/:id, GET} route
info: 2024-09-29 10:21:52: ArticleController {/article}:
info: 2024-09-29 10:21:52: Mapped {/article, POST} route
info: 2024-09-29 10:21:52: Mapped {/article, GET} route
info: 2024-09-29 10:21:52: Mapped {/article/:id, GET} route
info: 2024-09-29 10:21:52: Mapped {/article/pid/:pid, GET} route
info: 2024-09-29 10:21:52: Mapped {/article/:id, PATCH} route
info: 2024-09-29 10:21:52: Mapped {/article/updateOrder, POST} route
info: 2024-09-29 10:21:52: Mapped {/article/:id, DELETE} route
info: 2024-09-29 10:21:52: ImgController {/img}:
info: 2024-09-29 10:21:52: Mapped {/img, POST} route
info: 2024-09-29 10:21:52: Mapped {/img, POST} route
info: 2024-09-29 10:21:52: Mapped {/img, GET} route
info: 2024-09-29 10:21:52: Mapped {/img/:id, GET} route
info: 2024-09-29 10:21:52: Mapped {/img/:id, PATCH} route
info: 2024-09-29 10:21:52: Mapped {/img/:id, DELETE} route
info: 2024-09-29 10:21:52: Nest application successfully started
info: 2024-09-29 10:22:35: Starting Nest application...
info: 2024-09-29 10:22:35: TypeOrmModule dependencies initialized
info: 2024-09-29 10:22:35: TasksModule dependencies initialized
info: 2024-09-29 10:22:35: MulterModule dependencies initialized
info: 2024-09-29 10:22:35: JwtModule dependencies initialized
info: 2024-09-29 10:22:35: WinstonModule dependencies initialized
info: 2024-09-29 10:22:35: DiscoveryModule dependencies initialized
info: 2024-09-29 10:22:35: AppModule dependencies initialized
info: 2024-09-29 10:22:35: ScheduleModule dependencies initialized
info: 2024-09-29 10:22:40: TypeOrmCoreModule dependencies initialized
info: 2024-09-29 10:22:40: TypeOrmModule dependencies initialized
info: 2024-09-29 10:22:40: TypeOrmModule dependencies initialized
info: 2024-09-29 10:22:40: TypeOrmModule dependencies initialized
info: 2024-09-29 10:22:40: UserModule dependencies initialized
info: 2024-09-29 10:22:40: ArticleModule dependencies initialized
info: 2024-09-29 10:22:40: ImgModule dependencies initialized
info: 2024-09-29 10:22:40: AppController {/}:
info: 2024-09-29 10:22:40: Mapped {/, GET} route
info: 2024-09-29 10:22:40: Mapped {/encrypt, GET} route
info: 2024-09-29 10:22:40: Mapped {/decrypt, GET} route
info: 2024-09-29 10:22:40: UserController {/user}:
info: 2024-09-29 10:22:40: Mapped {/user/register, POST} route
info: 2024-09-29 10:22:40: Mapped {/user/login, POST} route
info: 2024-09-29 10:22:40: Mapped {/user/:id, GET} route
info: 2024-09-29 10:22:40: ArticleController {/article}:
info: 2024-09-29 10:22:40: Mapped {/article, POST} route
info: 2024-09-29 10:22:40: Mapped {/article, GET} route
info: 2024-09-29 10:22:40: Mapped {/article/:id, GET} route
info: 2024-09-29 10:22:40: Mapped {/article/pid/:pid, GET} route
info: 2024-09-29 10:22:40: Mapped {/article/:id, PATCH} route
info: 2024-09-29 10:22:40: Mapped {/article/updateOrder, POST} route
info: 2024-09-29 10:22:40: Mapped {/article/:id, DELETE} route
info: 2024-09-29 10:22:40: ImgController {/img}:
info: 2024-09-29 10:22:40: Mapped {/img, POST} route
info: 2024-09-29 10:22:40: Mapped {/img, POST} route
info: 2024-09-29 10:22:40: Mapped {/img, GET} route
info: 2024-09-29 10:22:40: Mapped {/img/:id, GET} route
info: 2024-09-29 10:22:40: Mapped {/img/:id, PATCH} route
info: 2024-09-29 10:22:40: Mapped {/img/:id, DELETE} route
info: 2024-09-29 10:22:40: Nest application successfully started
info: 2024-09-29 10:23:17: Starting Nest application...
info: 2024-09-29 10:23:17: TypeOrmModule dependencies initialized
info: 2024-09-29 10:23:17: TasksModule dependencies initialized
info: 2024-09-29 10:23:17: MulterModule dependencies initialized
info: 2024-09-29 10:23:17: JwtModule dependencies initialized
info: 2024-09-29 10:23:17: WinstonModule dependencies initialized
info: 2024-09-29 10:23:17: DiscoveryModule dependencies initialized
info: 2024-09-29 10:23:17: AppModule dependencies initialized
info: 2024-09-29 10:23:17: ScheduleModule dependencies initialized
info: 2024-09-29 10:23:23: TypeOrmCoreModule dependencies initialized
info: 2024-09-29 10:23:23: TypeOrmModule dependencies initialized
info: 2024-09-29 10:23:23: TypeOrmModule dependencies initialized
info: 2024-09-29 10:23:23: TypeOrmModule dependencies initialized
info: 2024-09-29 10:23:23: UserModule dependencies initialized
info: 2024-09-29 10:23:23: ArticleModule dependencies initialized
info: 2024-09-29 10:23:23: ImgModule dependencies initialized
info: 2024-09-29 10:23:23: AppController {/}:
info: 2024-09-29 10:23:23: Mapped {/, GET} route
info: 2024-09-29 10:23:23: Mapped {/encrypt, GET} route
info: 2024-09-29 10:23:23: Mapped {/decrypt, GET} route
info: 2024-09-29 10:23:23: UserController {/user}:
info: 2024-09-29 10:23:23: Mapped {/user/register, POST} route
info: 2024-09-29 10:23:23: Mapped {/user/login, POST} route
info: 2024-09-29 10:23:23: Mapped {/user/:id, GET} route
info: 2024-09-29 10:23:23: ArticleController {/article}:
info: 2024-09-29 10:23:23: Mapped {/article, POST} route
info: 2024-09-29 10:23:23: Mapped {/article, GET} route
info: 2024-09-29 10:23:23: Mapped {/article/:id, GET} route
info: 2024-09-29 10:23:23: Mapped {/article/pid/:pid, GET} route
info: 2024-09-29 10:23:23: Mapped {/article/:id, PATCH} route
info: 2024-09-29 10:23:23: Mapped {/article/updateOrder, POST} route
info: 2024-09-29 10:23:23: Mapped {/article/:id, DELETE} route
info: 2024-09-29 10:23:23: ImgController {/img}:
info: 2024-09-29 10:23:23: Mapped {/img, POST} route
info: 2024-09-29 10:23:23: Mapped {/img, POST} route
info: 2024-09-29 10:23:23: Mapped {/img, GET} route
info: 2024-09-29 10:23:23: Mapped {/img/:id, GET} route
info: 2024-09-29 10:23:23: Mapped {/img/:id, PATCH} route
info: 2024-09-29 10:23:23: Mapped {/img/:id, DELETE} route
info: 2024-09-29 10:23:23: Nest application successfully started
info: 2024-09-29 10:23:30: 上传日志
info: 2024-09-29 10:23:40: 上传日志
info: 2024-09-29 10:23:50: 上传日志
info: 2024-09-29 10:24:00: 上传日志
info: 2024-09-29 10:24:05: Starting Nest application...
info: 2024-09-29 10:24:05: TypeOrmModule dependencies initialized
info: 2024-09-29 10:24:05: TasksModule dependencies initialized
info: 2024-09-29 10:24:05: MulterModule dependencies initialized
info: 2024-09-29 10:24:05: JwtModule dependencies initialized
info: 2024-09-29 10:24:05: WinstonModule dependencies initialized
info: 2024-09-29 10:24:05: DiscoveryModule dependencies initialized
info: 2024-09-29 10:24:05: AppModule dependencies initialized
info: 2024-09-29 10:24:05: ScheduleModule dependencies initialized
info: 2024-09-29 10:24:11: TypeOrmCoreModule dependencies initialized
info: 2024-09-29 10:24:11: TypeOrmModule dependencies initialized
info: 2024-09-29 10:24:11: TypeOrmModule dependencies initialized
info: 2024-09-29 10:24:11: TypeOrmModule dependencies initialized
info: 2024-09-29 10:24:11: UserModule dependencies initialized
info: 2024-09-29 10:24:11: ArticleModule dependencies initialized
info: 2024-09-29 10:24:11: ImgModule dependencies initialized
info: 2024-09-29 10:24:11: AppController {/}:
info: 2024-09-29 10:24:11: Mapped {/, GET} route
info: 2024-09-29 10:24:11: Mapped {/encrypt, GET} route
info: 2024-09-29 10:24:11: Mapped {/decrypt, GET} route
info: 2024-09-29 10:24:11: UserController {/user}:
info: 2024-09-29 10:24:11: Mapped {/user/register, POST} route
info: 2024-09-29 10:24:11: Mapped {/user/login, POST} route
info: 2024-09-29 10:24:11: Mapped {/user/:id, GET} route
info: 2024-09-29 10:24:11: ArticleController {/article}:
info: 2024-09-29 10:24:11: Mapped {/article, POST} route
info: 2024-09-29 10:24:11: Mapped {/article, GET} route
info: 2024-09-29 10:24:11: Mapped {/article/:id, GET} route
info: 2024-09-29 10:24:11: Mapped {/article/pid/:pid, GET} route
info: 2024-09-29 10:24:11: Mapped {/article/:id, PATCH} route
info: 2024-09-29 10:24:11: Mapped {/article/updateOrder, POST} route
info: 2024-09-29 10:24:11: Mapped {/article/:id, DELETE} route
info: 2024-09-29 10:24:11: ImgController {/img}:
info: 2024-09-29 10:24:11: Mapped {/img, POST} route
info: 2024-09-29 10:24:11: Mapped {/img, POST} route
info: 2024-09-29 10:24:11: Mapped {/img, GET} route
info: 2024-09-29 10:24:11: Mapped {/img/:id, GET} route
info: 2024-09-29 10:24:11: Mapped {/img/:id, PATCH} route
info: 2024-09-29 10:24:11: Mapped {/img/:id, DELETE} route
info: 2024-09-29 10:24:11: Nest application successfully started
info: 2024-09-29 10:24:20: 上传日志
info: 2024-09-29 10:24:30: 上传日志
info: 2024-09-29 10:24:40: 上传日志
info: 2024-09-29 10:24:50: 上传日志
info: 2024-09-29 10:25:00: 上传日志
info: 2024-09-29 10:25:10: 上传日志
info: 2024-09-29 10:25:20: 上传日志
info: 2024-09-29 10:25:30: 上传日志
info: 2024-09-29 10:25:40: 上传日志
info: 2024-09-29 10:25:50: 上传日志
info: 2024-09-29 10:26:00: 上传日志
info: 2024-09-29 10:26:10: 上传日志
info: 2024-09-29 10:26:20: 上传日志
info: 2024-09-29 10:26:30: 上传日志
info: 2024-09-29 10:26:40: 上传日志
info: 2024-09-29 10:26:50: 上传日志
info: 2024-09-29 10:27:00: 上传日志
info: 2024-09-29 10:27:10: 上传日志
info: 2024-09-29 10:27:20: 上传日志
info: 2024-09-29 10:27:30: 上传日志
info: 2024-09-29 10:27:40: 上传日志
info: 2024-09-29 10:27:50: 上传日志
info: 2024-09-29 10:28:00: 上传日志
info: 2024-09-29 10:28:10: 上传日志
info: 2024-09-29 10:28:11: Starting Nest application...
info: 2024-09-29 10:28:11: TypeOrmModule dependencies initialized
info: 2024-09-29 10:28:11: TasksModule dependencies initialized
info: 2024-09-29 10:28:11: MulterModule dependencies initialized
info: 2024-09-29 10:28:11: JwtModule dependencies initialized
info: 2024-09-29 10:28:11: WinstonModule dependencies initialized
info: 2024-09-29 10:28:11: DiscoveryModule dependencies initialized
info: 2024-09-29 10:28:11: AppModule dependencies initialized
info: 2024-09-29 10:28:11: ScheduleModule dependencies initialized
info: 2024-09-29 10:28:18: TypeOrmCoreModule dependencies initialized
info: 2024-09-29 10:28:18: TypeOrmModule dependencies initialized
info: 2024-09-29 10:28:18: TypeOrmModule dependencies initialized
info: 2024-09-29 10:28:18: TypeOrmModule dependencies initialized
info: 2024-09-29 10:28:18: UserModule dependencies initialized
info: 2024-09-29 10:28:18: ArticleModule dependencies initialized
info: 2024-09-29 10:28:18: ImgModule dependencies initialized
info: 2024-09-29 10:28:18: AppController {/}:
info: 2024-09-29 10:28:18: Mapped {/, GET} route
info: 2024-09-29 10:28:18: Mapped {/encrypt, GET} route
info: 2024-09-29 10:28:18: Mapped {/decrypt, GET} route
info: 2024-09-29 10:28:18: UserController {/user}:
info: 2024-09-29 10:28:18: Mapped {/user/register, POST} route
info: 2024-09-29 10:28:18: Mapped {/user/login, POST} route
info: 2024-09-29 10:28:18: Mapped {/user/:id, GET} route
info: 2024-09-29 10:28:18: ArticleController {/article}:
info: 2024-09-29 10:28:18: Mapped {/article, POST} route
info: 2024-09-29 10:28:18: Mapped {/article, GET} route
info: 2024-09-29 10:28:18: Mapped {/article/:id, GET} route
info: 2024-09-29 10:28:18: Mapped {/article/pid/:pid, GET} route
info: 2024-09-29 10:28:18: Mapped {/article/:id, PATCH} route
info: 2024-09-29 10:28:18: Mapped {/article/updateOrder, POST} route
info: 2024-09-29 10:28:18: Mapped {/article/:id, DELETE} route
info: 2024-09-29 10:28:18: ImgController {/img}:
info: 2024-09-29 10:28:18: Mapped {/img, POST} route
info: 2024-09-29 10:28:18: Mapped {/img, POST} route
info: 2024-09-29 10:28:18: Mapped {/img, GET} route
info: 2024-09-29 10:28:18: Mapped {/img/:id, GET} route
info: 2024-09-29 10:28:18: Mapped {/img/:id, PATCH} route
info: 2024-09-29 10:28:18: Mapped {/img/:id, DELETE} route
info: 2024-09-29 10:28:18: Nest application successfully started
info: 2024-09-29 10:28:20: 上传日志
info: 2024-09-29 10:28:23: Starting Nest application...
info: 2024-09-29 10:28:23: TypeOrmModule dependencies initialized
info: 2024-09-29 10:28:23: TasksModule dependencies initialized
info: 2024-09-29 10:28:23: MulterModule dependencies initialized
info: 2024-09-29 10:28:23: JwtModule dependencies initialized
info: 2024-09-29 10:28:23: WinstonModule dependencies initialized
info: 2024-09-29 10:28:23: DiscoveryModule dependencies initialized
info: 2024-09-29 10:28:23: AppModule dependencies initialized
info: 2024-09-29 10:28:23: ScheduleModule dependencies initialized
info: 2024-09-29 10:28:29: TypeOrmCoreModule dependencies initialized
info: 2024-09-29 10:28:29: TypeOrmModule dependencies initialized
info: 2024-09-29 10:28:29: TypeOrmModule dependencies initialized
info: 2024-09-29 10:28:29: TypeOrmModule dependencies initialized
info: 2024-09-29 10:28:29: UserModule dependencies initialized
info: 2024-09-29 10:28:29: ArticleModule dependencies initialized
info: 2024-09-29 10:28:29: ImgModule dependencies initialized
info: 2024-09-29 10:28:29: AppController {/}:
info: 2024-09-29 10:28:29: Mapped {/, GET} route
info: 2024-09-29 10:28:29: Mapped {/encrypt, GET} route
info: 2024-09-29 10:28:29: Mapped {/decrypt, GET} route
info: 2024-09-29 10:28:29: UserController {/user}:
info: 2024-09-29 10:28:29: Mapped {/user/register, POST} route
info: 2024-09-29 10:28:29: Mapped {/user/login, POST} route
info: 2024-09-29 10:28:29: Mapped {/user/:id, GET} route
info: 2024-09-29 10:28:29: ArticleController {/article}:
info: 2024-09-29 10:28:29: Mapped {/article, POST} route
info: 2024-09-29 10:28:29: Mapped {/article, GET} route
info: 2024-09-29 10:28:29: Mapped {/article/:id, GET} route
info: 2024-09-29 10:28:29: Mapped {/article/pid/:pid, GET} route
info: 2024-09-29 10:28:29: Mapped {/article/:id, PATCH} route
info: 2024-09-29 10:28:29: Mapped {/article/updateOrder, POST} route
info: 2024-09-29 10:28:29: Mapped {/article/:id, DELETE} route
info: 2024-09-29 10:28:29: ImgController {/img}:
info: 2024-09-29 10:28:29: Mapped {/img, POST} route
info: 2024-09-29 10:28:29: Mapped {/img, POST} route
info: 2024-09-29 10:28:29: Mapped {/img, GET} route
info: 2024-09-29 10:28:29: Mapped {/img/:id, GET} route
info: 2024-09-29 10:28:29: Mapped {/img/:id, PATCH} route
info: 2024-09-29 10:28:29: Mapped {/img/:id, DELETE} route
info: 2024-09-29 10:28:29: Nest application successfully started
info: 2024-09-29 10:28:30: 上传日志
info: 2024-09-29 10:28:35: Starting Nest application...
info: 2024-09-29 10:28:35: TypeOrmModule dependencies initialized
info: 2024-09-29 10:28:35: TasksModule dependencies initialized
info: 2024-09-29 10:28:35: MulterModule dependencies initialized
info: 2024-09-29 10:28:35: JwtModule dependencies initialized
info: 2024-09-29 10:28:35: WinstonModule dependencies initialized
info: 2024-09-29 10:28:35: DiscoveryModule dependencies initialized
info: 2024-09-29 10:28:35: AppModule dependencies initialized
info: 2024-09-29 10:28:35: ScheduleModule dependencies initialized
info: 2024-09-29 10:28:36: Starting Nest application...
info: 2024-09-29 10:28:36: TypeOrmModule dependencies initialized
info: 2024-09-29 10:28:36: TasksModule dependencies initialized
info: 2024-09-29 10:28:36: MulterModule dependencies initialized
info: 2024-09-29 10:28:36: JwtModule dependencies initialized
info: 2024-09-29 10:28:36: WinstonModule dependencies initialized
info: 2024-09-29 10:28:36: DiscoveryModule dependencies initialized
info: 2024-09-29 10:28:36: AppModule dependencies initialized
info: 2024-09-29 10:28:36: ScheduleModule dependencies initialized
info: 2024-09-29 10:28:42: TypeOrmCoreModule dependencies initialized
info: 2024-09-29 10:28:42: TypeOrmModule dependencies initialized
info: 2024-09-29 10:28:42: TypeOrmModule dependencies initialized
info: 2024-09-29 10:28:42: TypeOrmModule dependencies initialized
info: 2024-09-29 10:28:42: UserModule dependencies initialized
info: 2024-09-29 10:28:42: ArticleModule dependencies initialized
info: 2024-09-29 10:28:42: ImgModule dependencies initialized
info: 2024-09-29 10:28:42: AppController {/}:
info: 2024-09-29 10:28:42: Mapped {/, GET} route
info: 2024-09-29 10:28:42: Mapped {/encrypt, GET} route
info: 2024-09-29 10:28:42: Mapped {/decrypt, GET} route
info: 2024-09-29 10:28:42: UserController {/user}:
info: 2024-09-29 10:28:42: Mapped {/user/register, POST} route
info: 2024-09-29 10:28:42: Mapped {/user/login, POST} route
info: 2024-09-29 10:28:42: Mapped {/user/:id, GET} route
info: 2024-09-29 10:28:42: ArticleController {/article}:
info: 2024-09-29 10:28:42: Mapped {/article, POST} route
info: 2024-09-29 10:28:42: Mapped {/article, GET} route
info: 2024-09-29 10:28:42: Mapped {/article/:id, GET} route
info: 2024-09-29 10:28:42: Mapped {/article/pid/:pid, GET} route
info: 2024-09-29 10:28:42: Mapped {/article/:id, PATCH} route
info: 2024-09-29 10:28:42: Mapped {/article/updateOrder, POST} route
info: 2024-09-29 10:28:42: Mapped {/article/:id, DELETE} route
info: 2024-09-29 10:28:42: ImgController {/img}:
info: 2024-09-29 10:28:42: Mapped {/img, POST} route
info: 2024-09-29 10:28:42: Mapped {/img, POST} route
info: 2024-09-29 10:28:42: Mapped {/img, GET} route
info: 2024-09-29 10:28:42: Mapped {/img/:id, GET} route
info: 2024-09-29 10:28:42: Mapped {/img/:id, PATCH} route
info: 2024-09-29 10:28:42: Mapped {/img/:id, DELETE} route
info: 2024-09-29 10:28:42: Nest application successfully started
info: 2024-09-29 10:28:43: Starting Nest application...
info: 2024-09-29 10:28:43: TypeOrmModule dependencies initialized
info: 2024-09-29 10:28:43: TasksModule dependencies initialized
info: 2024-09-29 10:28:43: MulterModule dependencies initialized
info: 2024-09-29 10:28:43: JwtModule dependencies initialized
info: 2024-09-29 10:28:43: WinstonModule dependencies initialized
info: 2024-09-29 10:28:43: DiscoveryModule dependencies initialized
info: 2024-09-29 10:28:43: AppModule dependencies initialized
info: 2024-09-29 10:28:43: ScheduleModule dependencies initialized
info: 2024-09-29 10:28:51: TypeOrmCoreModule dependencies initialized
info: 2024-09-29 10:28:51: TypeOrmModule dependencies initialized
info: 2024-09-29 10:28:51: TypeOrmModule dependencies initialized
info: 2024-09-29 10:28:51: TypeOrmModule dependencies initialized
info: 2024-09-29 10:28:51: UserModule dependencies initialized
info: 2024-09-29 10:28:51: ArticleModule dependencies initialized
info: 2024-09-29 10:28:51: ImgModule dependencies initialized
info: 2024-09-29 10:28:51: AppController {/}:
info: 2024-09-29 10:28:51: Mapped {/, GET} route
info: 2024-09-29 10:28:51: Mapped {/encrypt, GET} route
info: 2024-09-29 10:28:51: Mapped {/decrypt, GET} route
info: 2024-09-29 10:28:51: UserController {/user}:
info: 2024-09-29 10:28:51: Mapped {/user/register, POST} route
info: 2024-09-29 10:28:51: Mapped {/user/login, POST} route
info: 2024-09-29 10:28:51: Mapped {/user/:id, GET} route
info: 2024-09-29 10:28:51: ArticleController {/article}:
info: 2024-09-29 10:28:51: Mapped {/article, POST} route
info: 2024-09-29 10:28:51: Mapped {/article, GET} route
info: 2024-09-29 10:28:51: Mapped {/article/:id, GET} route
info: 2024-09-29 10:28:51: Mapped {/article/pid/:pid, GET} route
info: 2024-09-29 10:28:51: Mapped {/article/:id, PATCH} route
info: 2024-09-29 10:28:51: Mapped {/article/updateOrder, POST} route
info: 2024-09-29 10:28:51: Mapped {/article/:id, DELETE} route
info: 2024-09-29 10:28:51: ImgController {/img}:
info: 2024-09-29 10:28:51: Mapped {/img, POST} route
info: 2024-09-29 10:28:51: Mapped {/img, POST} route
info: 2024-09-29 10:28:51: Mapped {/img, GET} route
info: 2024-09-29 10:28:51: Mapped {/img/:id, GET} route
info: 2024-09-29 10:28:51: Mapped {/img/:id, PATCH} route
info: 2024-09-29 10:28:51: Mapped {/img/:id, DELETE} route
info: 2024-09-29 10:28:51: Nest application successfully started
info: 2024-09-29 10:30:00: 上传日志
info: 2024-09-29 11:16:39: Starting Nest application...
info: 2024-09-29 11:16:39: WinstonModule dependencies initialized
info: 2024-09-29 11:16:39: AppModule dependencies initialized
info: 2024-09-29 11:16:39: AppController {/}:
info: 2024-09-29 11:16:39: Mapped {/, GET} route
info: 2024-09-29 11:16:39: Nest application successfully started
info: 2024-09-29 11:17:22: Starting Nest application...
info: 2024-09-29 11:17:22: WinstonModule dependencies initialized
info: 2024-09-29 11:17:22: AppModule dependencies initialized
info: 2024-09-29 11:17:22: AppController {/}:
info: 2024-09-29 11:17:22: Mapped {/, GET} route
info: 2024-09-29 11:17:22: Nest application successfully started
info: 2024-09-29 11:20:36: Starting Nest application...
info: 2024-09-29 11:20:36: WinstonModule dependencies initialized
info: 2024-09-29 11:20:36: AppModule dependencies initialized
info: 2024-09-29 11:20:36: AppController {/}:
info: 2024-09-29 11:20:36: Mapped {/, GET} route
info: 2024-09-29 11:20:36: Nest application successfully started
info: 2024-09-29 11:20:41: Starting Nest application...
info: 2024-09-29 11:20:41: WinstonModule dependencies initialized
info: 2024-09-29 11:20:41: AppModule dependencies initialized
info: 2024-09-29 11:20:41: AppController {/}:
info: 2024-09-29 11:20:41: Mapped {/, GET} route
info: 2024-09-29 11:20:41: Nest application successfully started
info: 2024-09-29 11:20:46: Starting Nest application...
info: 2024-09-29 11:20:46: WinstonModule dependencies initialized
info: 2024-09-29 11:20:46: AppModule dependencies initialized
info: 2024-09-29 11:20:46: AppController {/}:
info: 2024-09-29 11:20:46: Mapped {/, GET} route
info: 2024-09-29 11:20:46: Nest application successfully started
info: 2024-09-29 11:22:18: Starting Nest application...
info: 2024-09-29 11:22:18: WinstonModule dependencies initialized
info: 2024-09-29 11:22:18: AppModule dependencies initialized
info: 2024-09-29 11:22:18: AppController {/}:
info: 2024-09-29 11:22:18: Mapped {/, GET} route
info: 2024-09-29 11:22:18: Nest application successfully started
info: 2024-09-29 11:23:00: Starting Nest application...
info: 2024-09-29 11:23:00: WinstonModule dependencies initialized
info: 2024-09-29 11:23:00: AppModule dependencies initialized
info: 2024-09-29 11:23:00: AppController {/}:
info: 2024-09-29 11:23:00: Mapped {/, GET} route
info: 2024-09-29 11:23:00: Nest application successfully started
info: 2024-09-29 11:23:29: Starting Nest application...
info: 2024-09-29 11:23:29: WinstonModule dependencies initialized
info: 2024-09-29 11:23:29: AppModule dependencies initialized
info: 2024-09-29 11:23:29: AppController {/}:
info: 2024-09-29 11:23:29: Mapped {/, GET} route
info: 2024-09-29 11:23:29: Nest application successfully started
info: 2024-09-29 11:24:07: Starting Nest application...
info: 2024-09-29 11:24:07: WinstonModule dependencies initialized
info: 2024-09-29 11:24:07: AppModule dependencies initialized
info: 2024-09-29 11:24:07: AppController {/}:
info: 2024-09-29 11:24:07: Mapped {/, GET} route
info: 2024-09-29 11:24:07: Nest application successfully started
info: 2024-09-29 11:25:44: Starting Nest application...
info: 2024-09-29 11:25:44: WinstonModule dependencies initialized
info: 2024-09-29 11:25:44: AppModule dependencies initialized
info: 2024-09-29 11:25:44: AppController {/}:
info: 2024-09-29 11:25:44: Mapped {/, GET} route
info: 2024-09-29 11:25:44: Nest application successfully started
info: 2024-09-29 11:26:16: Starting Nest application...
info: 2024-09-29 11:26:16: TasksModule dependencies initialized
info: 2024-09-29 11:26:16: WinstonModule dependencies initialized
info: 2024-09-29 11:26:16: AppModule dependencies initialized
info: 2024-09-29 11:26:16: AppController {/}:
info: 2024-09-29 11:26:16: Mapped {/, GET} route
info: 2024-09-29 11:26:16: Nest application successfully started
info: 2024-09-29 11:44:13: Starting Nest application...
info: 2024-09-29 11:44:13: TypeOrmModule dependencies initialized
info: 2024-09-29 11:44:13: TasksModule dependencies initialized
info: 2024-09-29 11:44:13: MulterModule dependencies initialized
info: 2024-09-29 11:44:13: JwtModule dependencies initialized
info: 2024-09-29 11:44:13: WinstonModule dependencies initialized
info: 2024-09-29 11:44:13: DiscoveryModule dependencies initialized
info: 2024-09-29 11:44:13: AppModule dependencies initialized
info: 2024-09-29 11:44:13: ScheduleModule dependencies initialized
info: 2024-09-29 11:44:21: TypeOrmCoreModule dependencies initialized
info: 2024-09-29 11:44:21: TypeOrmModule dependencies initialized
info: 2024-09-29 11:44:21: TypeOrmModule dependencies initialized
info: 2024-09-29 11:44:21: TypeOrmModule dependencies initialized
info: 2024-09-29 11:44:21: UserModule dependencies initialized
info: 2024-09-29 11:44:21: ArticleModule dependencies initialized
info: 2024-09-29 11:44:21: ImgModule dependencies initialized
info: 2024-09-29 11:44:21: AppController {/}:
info: 2024-09-29 11:44:21: Mapped {/, GET} route
info: 2024-09-29 11:44:21: Mapped {/encrypt, GET} route
info: 2024-09-29 11:44:21: Mapped {/decrypt, GET} route
info: 2024-09-29 11:44:21: UserController {/user}:
info: 2024-09-29 11:44:21: Mapped {/user/register, POST} route
info: 2024-09-29 11:44:21: Mapped {/user/login, POST} route
info: 2024-09-29 11:44:21: Mapped {/user/:id, GET} route
info: 2024-09-29 11:44:21: ArticleController {/article}:
info: 2024-09-29 11:44:21: Mapped {/article, POST} route
info: 2024-09-29 11:44:21: Mapped {/article, GET} route
info: 2024-09-29 11:44:21: Mapped {/article/:id, GET} route
info: 2024-09-29 11:44:21: Mapped {/article/pid/:pid, GET} route
info: 2024-09-29 11:44:21: Mapped {/article/:id, PATCH} route
info: 2024-09-29 11:44:21: Mapped {/article/updateOrder, POST} route
info: 2024-09-29 11:44:21: Mapped {/article/:id, DELETE} route
info: 2024-09-29 11:44:21: ImgController {/img}:
info: 2024-09-29 11:44:21: Mapped {/img, POST} route
info: 2024-09-29 11:44:21: Mapped {/img, POST} route
info: 2024-09-29 11:44:21: Mapped {/img, GET} route
info: 2024-09-29 11:44:21: Mapped {/img/:id, GET} route
info: 2024-09-29 11:44:21: Mapped {/img/:id, PATCH} route
info: 2024-09-29 11:44:21: Mapped {/img/:id, DELETE} route
info: 2024-09-29 11:44:21: Nest application successfully started
info: 2024-09-29 11:44:31: 上传日志
info: 2024-09-29 11:44:32: undefined
info: 2024-09-29 11:44:41: 上传日志
info: 2024-09-29 11:44:42: undefined
info: 2024-09-29 11:44:51: 上传日志
info: 2024-09-29 11:44:52: undefined
info: 2024-09-29 11:45:01: 上传日志
info: 2024-09-29 11:45:03: undefined
info: 2024-09-29 11:45:06: Starting Nest application...
info: 2024-09-29 11:45:06: TypeOrmModule dependencies initialized
info: 2024-09-29 11:45:06: TasksModule dependencies initialized
info: 2024-09-29 11:45:06: MulterModule dependencies initialized
info: 2024-09-29 11:45:06: JwtModule dependencies initialized
info: 2024-09-29 11:45:06: WinstonModule dependencies initialized
info: 2024-09-29 11:45:06: DiscoveryModule dependencies initialized
info: 2024-09-29 11:45:06: AppModule dependencies initialized
info: 2024-09-29 11:45:06: ScheduleModule dependencies initialized
info: 2024-09-29 11:45:11: TypeOrmCoreModule dependencies initialized
info: 2024-09-29 11:45:11: TypeOrmModule dependencies initialized
info: 2024-09-29 11:45:11: TypeOrmModule dependencies initialized
info: 2024-09-29 11:45:11: TypeOrmModule dependencies initialized
info: 2024-09-29 11:45:11: UserModule dependencies initialized
info: 2024-09-29 11:45:11: ArticleModule dependencies initialized
info: 2024-09-29 11:45:11: ImgModule dependencies initialized
info: 2024-09-29 11:45:11: AppController {/}:
info: 2024-09-29 11:45:11: Mapped {/, GET} route
info: 2024-09-29 11:45:11: Mapped {/encrypt, GET} route
info: 2024-09-29 11:45:11: Mapped {/decrypt, GET} route
info: 2024-09-29 11:45:11: UserController {/user}:
info: 2024-09-29 11:45:11: Mapped {/user/register, POST} route
info: 2024-09-29 11:45:11: Mapped {/user/login, POST} route
info: 2024-09-29 11:45:11: Mapped {/user/:id, GET} route
info: 2024-09-29 11:45:11: ArticleController {/article}:
info: 2024-09-29 11:45:11: Mapped {/article, POST} route
info: 2024-09-29 11:45:11: Mapped {/article, GET} route
info: 2024-09-29 11:45:11: Mapped {/article/:id, GET} route
info: 2024-09-29 11:45:11: Mapped {/article/pid/:pid, GET} route
info: 2024-09-29 11:45:11: Mapped {/article/:id, PATCH} route
info: 2024-09-29 11:45:11: Mapped {/article/updateOrder, POST} route
info: 2024-09-29 11:45:11: Mapped {/article/:id, DELETE} route
info: 2024-09-29 11:45:11: ImgController {/img}:
info: 2024-09-29 11:45:11: Mapped {/img, POST} route
info: 2024-09-29 11:45:11: Mapped {/img, POST} route
info: 2024-09-29 11:45:11: Mapped {/img, GET} route
info: 2024-09-29 11:45:11: Mapped {/img/:id, GET} route
info: 2024-09-29 11:45:11: Mapped {/img/:id, PATCH} route
info: 2024-09-29 11:45:11: Mapped {/img/:id, DELETE} route
info: 2024-09-29 11:45:11: Nest application successfully started
info: 2024-09-29 11:45:21: 上传日志
info: 2024-09-29 11:45:22: [{"fileName":"info-2024-09-29.log","width":200,"height":200,"extname":".log","imgUrl":"https://cdn.jsdelivr.net/gh/ndzy01/logs/info-2024-09-29.log","type":"github"}]
info: 2024-09-29 13:54:56: Starting Nest application...
info: 2024-09-29 13:54:56: TypeOrmModule dependencies initialized
info: 2024-09-29 13:54:56: TasksModule dependencies initialized
info: 2024-09-29 13:54:56: MulterModule dependencies initialized
info: 2024-09-29 13:54:56: JwtModule dependencies initialized
info: 2024-09-29 13:54:56: WinstonModule dependencies initialized
info: 2024-09-29 13:54:56: DiscoveryModule dependencies initialized
info: 2024-09-29 13:54:56: AppModule dependencies initialized
info: 2024-09-29 13:54:56: ScheduleModule dependencies initialized
info: 2024-09-29 13:55:03: TypeOrmCoreModule dependencies initialized
info: 2024-09-29 13:55:03: TypeOrmModule dependencies initialized
info: 2024-09-29 13:55:03: TypeOrmModule dependencies initialized
info: 2024-09-29 13:55:03: TypeOrmModule dependencies initialized
info: 2024-09-29 13:55:03: UserModule dependencies initialized
info: 2024-09-29 13:55:03: ArticleModule dependencies initialized
info: 2024-09-29 13:55:03: ImgModule dependencies initialized
info: 2024-09-29 13:55:03: AppController {/}:
info: 2024-09-29 13:55:03: Mapped {/, GET} route
info: 2024-09-29 13:55:03: Mapped {/encrypt, GET} route
info: 2024-09-29 13:55:03: Mapped {/decrypt, GET} route
info: 2024-09-29 13:55:03: UserController {/user}:
info: 2024-09-29 13:55:03: Mapped {/user/register, POST} route
info: 2024-09-29 13:55:03: Mapped {/user/login, POST} route
info: 2024-09-29 13:55:03: Mapped {/user/:id, GET} route
info: 2024-09-29 13:55:03: ArticleController {/article}:
info: 2024-09-29 13:55:03: Mapped {/article, POST} route
info: 2024-09-29 13:55:03: Mapped {/article, GET} route
info: 2024-09-29 13:55:03: Mapped {/article/:id, GET} route
info: 2024-09-29 13:55:03: Mapped {/article/pid/:pid, GET} route
info: 2024-09-29 13:55:03: Mapped {/article/:id, PATCH} route
info: 2024-09-29 13:55:03: Mapped {/article/updateOrder, POST} route
info: 2024-09-29 13:55:03: Mapped {/article/:id, DELETE} route
info: 2024-09-29 13:55:03: ImgController {/img}:
info: 2024-09-29 13:55:03: Mapped {/img, POST} route
info: 2024-09-29 13:55:03: Mapped {/img, POST} route
info: 2024-09-29 13:55:03: Mapped {/img, GET} route
info: 2024-09-29 13:55:03: Mapped {/img/:id, GET} route
info: 2024-09-29 13:55:03: Mapped {/img/:id, PATCH} route
info: 2024-09-29 13:55:03: Mapped {/img/:id, DELETE} route
info: 2024-09-29 13:55:03: Nest application successfully started
info: 2024-09-29 13:55:13: 上传日志
info: 2024-09-29 13:55:15: [{"fileName":"info-2024-09-29.log","width":200,"height":200,"extname":".log","imgUrl":"https://cdn.jsdelivr.net/gh/ndzy01/logs/info-2024-09-29.log","type":"github"}]
info: 2024-09-29 13:55:23: 上传日志
info: 2024-09-29 13:55:24: [{"fileName":"info-2024-09-29.log","width":200,"height":200,"extname":".log","imgUrl":"https://cdn.jsdelivr.net/gh/ndzy01/logs/info-2024-09-29.log","type":"github"}]
info: 2024-09-29 13:55:33: 上传日志
info: 2024-09-29 13:55:34: [{"fileName":"info-2024-09-29.log","width":200,"height":200,"extname":".log","imgUrl":"https://cdn.jsdelivr.net/gh/ndzy01/logs/info-2024-09-29.log","type":"github"}]
info: 2024-09-29 13:55:43: 上传日志
info: 2024-09-29 13:55:44: [{"fileName":"info-2024-09-29.log","width":200,"height":200,"extname":".log","imgUrl":"https://cdn.jsdelivr.net/gh/ndzy01/logs/info-2024-09-29.log","type":"github"}]
info: 2024-09-29 13:55:53: 上传日志
info: 2024-09-29 13:55:54: [{"fileName":"info-2024-09-29.log","width":200,"height":200,"extname":".log","imgUrl":"https://cdn.jsdelivr.net/gh/ndzy01/logs/info-2024-09-29.log","type":"github"}]
info: 2024-09-29 13:56:03: 上传日志
info: 2024-09-29 13:56:04: [{"fileName":"info-2024-09-29.log","width":200,"height":200,"extname":".log","imgUrl":"https://cdn.jsdelivr.net/gh/ndzy01/logs/info-2024-09-29.log","type":"github"}]
info: 2024-09-29 13:56:13: 上传日志
info: 2024-09-29 13:56:14: [{"fileName":"info-2024-09-29.log","width":200,"height":200,"extname":".log","imgUrl":"https://cdn.jsdelivr.net/gh/ndzy01/logs/info-2024-09-29.log","type":"github"}]
info: 2024-09-29 13:56:23: 上传日志
info: 2024-09-29 13:56:24: [{"fileName":"info-2024-09-29.log","width":200,"height":200,"extname":".log","imgUrl":"https://cdn.jsdelivr.net/gh/ndzy01/logs/info-2024-09-29.log","type":"github"}]
info: 2024-09-29 13:56:33: 上传日志
info: 2024-09-29 13:56:34: [{"fileName":"info-2024-09-29.log","width":200,"height":200,"extname":".log","imgUrl":"https://cdn.jsdelivr.net/gh/ndzy01/logs/info-2024-09-29.log","type":"github"}]
info: 2024-09-29 13:56:43: 上传日志
info: 2024-09-29 13:56:44: [{"fileName":"info-2024-09-29.log","width":200,"height":200,"extname":".log","imgUrl":"https://cdn.jsdelivr.net/gh/ndzy01/logs/info-2024-09-29.log","type":"github"}]
info: 2024-09-29 13:56:53: 上传日志
info: 2024-09-29 13:56:54: [{"fileName":"info-2024-09-29.log","width":200,"height":200,"extname":".log","imgUrl":"https://cdn.jsdelivr.net/gh/ndzy01/logs/info-2024-09-29.log","type":"github"}]
info: 2024-09-29 13:57:03: 上传日志
info: 2024-09-29 13:57:04: [{"fileName":"info-2024-09-29.log","width":200,"height":200,"extname":".log","imgUrl":"https://cdn.jsdelivr.net/gh/ndzy01/logs/info-2024-09-29.log","type":"github"}]
info: 2024-09-29 13:57:13: 上传日志
info: 2024-09-29 13:57:14: [{"fileName":"info-2024-09-29.log","width":200,"height":200,"extname":".log","imgUrl":"https://cdn.jsdelivr.net/gh/ndzy01/logs/info-2024-09-29.log","type":"github"}]
info: 2024-09-29 13:57:23: 上传日志
info: 2024-09-29 13:57:24: [{"fileName":"info-2024-09-29.log","width":200,"height":200,"extname":".log","imgUrl":"https://cdn.jsdelivr.net/gh/ndzy01/logs/info-2024-09-29.log","type":"github"}]
info: 2024-09-29 13:57:33: 上传日志
info: 2024-09-29 13:57:34: [{"fileName":"info-2024-09-29.log","width":200,"height":200,"extname":".log","imgUrl":"https://cdn.jsdelivr.net/gh/ndzy01/logs/info-2024-09-29.log","type":"github"}]
info: 2024-09-29 13:58:29: Starting Nest application...
info: 2024-09-29 13:58:29: TypeOrmModule dependencies initialized
info: 2024-09-29 13:58:29: TasksModule dependencies initialized
info: 2024-09-29 13:58:29: MulterModule dependencies initialized
info: 2024-09-29 13:58:29: JwtModule dependencies initialized
info: 2024-09-29 13:58:29: WinstonModule dependencies initialized
info: 2024-09-29 13:58:29: DiscoveryModule dependencies initialized
info: 2024-09-29 13:58:29: AppModule dependencies initialized
info: 2024-09-29 13:58:29: ScheduleModule dependencies initialized
info: 2024-09-29 13:58:36: TypeOrmCoreModule dependencies initialized
info: 2024-09-29 13:58:36: TypeOrmModule dependencies initialized
info: 2024-09-29 13:58:36: TypeOrmModule dependencies initialized
info: 2024-09-29 13:58:36: TypeOrmModule dependencies initialized
info: 2024-09-29 13:58:36: UserModule dependencies initialized
info: 2024-09-29 13:58:36: ArticleModule dependencies initialized
info: 2024-09-29 13:58:36: ImgModule dependencies initialized
info: 2024-09-29 13:58:36: AppController {/}:
info: 2024-09-29 13:58:36: Mapped {/, GET} route
info: 2024-09-29 13:58:36: Mapped {/encrypt, GET} route
info: 2024-09-29 13:58:36: Mapped {/decrypt, GET} route
info: 2024-09-29 13:58:36: UserController {/user}:
info: 2024-09-29 13:58:36: Mapped {/user/register, POST} route
info: 2024-09-29 13:58:36: Mapped {/user/login, POST} route
info: 2024-09-29 13:58:36: Mapped {/user/:id, GET} route
info: 2024-09-29 13:58:36: ArticleController {/article}:
info: 2024-09-29 13:58:36: Mapped {/article, POST} route
info: 2024-09-29 13:58:36: Mapped {/article, GET} route
info: 2024-09-29 13:58:36: Mapped {/article/:id, GET} route
info: 2024-09-29 13:58:36: Mapped {/article/pid/:pid, GET} route
info: 2024-09-29 13:58:36: Mapped {/article/:id, PATCH} route
info: 2024-09-29 13:58:36: Mapped {/article/updateOrder, POST} route
info: 2024-09-29 13:58:36: Mapped {/article/:id, DELETE} route
info: 2024-09-29 13:58:36: ImgController {/img}:
info: 2024-09-29 13:58:36: Mapped {/img, POST} route
info: 2024-09-29 13:58:36: Mapped {/img, POST} route
info: 2024-09-29 13:58:36: Mapped {/img, GET} route
info: 2024-09-29 13:58:36: Mapped {/img/:id, GET} route
info: 2024-09-29 13:58:36: Mapped {/img/:id, PATCH} route
info: 2024-09-29 13:58:36: Mapped {/img/:id, DELETE} route
info: 2024-09-29 13:58:36: Nest application successfully started
info: 2024-09-29 13:58:46: 上传日志
info: 2024-09-29 13:58:47: [{"fileName":"info-2024-09-29.log","width":200,"height":200,"extname":".log","imgUrl":"https://cdn.jsdelivr.net/gh/ndzy01/logs/info-2024-09-29.log","type":"github"}]
info: 2024-09-29 13:58:56: 上传日志
info: 2024-09-29 13:58:57: [{"fileName":"info-2024-09-29.log","width":200,"height":200,"extname":".log","imgUrl":"https://cdn.jsdelivr.net/gh/ndzy01/logs/info-2024-09-29.log","type":"github"}]
info: 2024-09-29 13:59:06: 上传日志
info: 2024-09-29 13:59:07: [{"fileName":"info-2024-09-29.log","width":200,"height":200,"extname":".log","imgUrl":"https://cdn.jsdelivr.net/gh/ndzy01/logs/info-2024-09-29.log","type":"github"}]
info: 2024-09-29 13:59:16: 上传日志
info: 2024-09-29 13:59:16: [{"fileName":"info-2024-09-29.log","width":200,"height":200,"extname":".log","imgUrl":"https://cdn.jsdelivr.net/gh/ndzy01/logs/info-2024-09-29.log","type":"github"}]
info: 2024-09-29 13:59:26: 上传日志
info: 2024-09-29 13:59:27: [{"fileName":"info-2024-09-29.log","width":200,"height":200,"extname":".log","imgUrl":"https://cdn.jsdelivr.net/gh/ndzy01/logs/info-2024-09-29.log","type":"github"}]
info: 2024-09-29 13:59:36: 上传日志
info: 2024-09-29 13:59:37: [{"fileName":"info-2024-09-29.log","width":200,"height":200,"extname":".log","imgUrl":"https://cdn.jsdelivr.net/gh/ndzy01/logs/info-2024-09-29.log","type":"github"}]
info: 2024-09-29 13:59:46: 上传日志
info: 2024-09-29 13:59:46: [{"fileName":"info-2024-09-29.log","width":200,"height":200,"extname":".log","imgUrl":"https://cdn.jsdelivr.net/gh/ndzy01/logs/info-2024-09-29.log","type":"github"}]
info: 2024-09-29 13:59:56: 上传日志
info: 2024-09-29 13:59:56: [{"fileName":"info-2024-09-29.log","width":200,"height":200,"extname":".log","imgUrl":"https://cdn.jsdelivr.net/gh/ndzy01/logs/info-2024-09-29.log","type":"github"}]
info: 2024-09-29 13:59:59: Starting Nest application...
info: 2024-09-29 13:59:59: TypeOrmModule dependencies initialized
info: 2024-09-29 13:59:59: TasksModule dependencies initialized
info: 2024-09-29 13:59:59: MulterModule dependencies initialized
info: 2024-09-29 13:59:59: JwtModule dependencies initialized
info: 2024-09-29 13:59:59: WinstonModule dependencies initialized
info: 2024-09-29 13:59:59: DiscoveryModule dependencies initialized
info: 2024-09-29 13:59:59: AppModule dependencies initialized
info: 2024-09-29 13:59:59: ScheduleModule dependencies initialized
info: 2024-09-29 14:00:06: TypeOrmCoreModule dependencies initialized
info: 2024-09-29 14:00:06: TypeOrmModule dependencies initialized
info: 2024-09-29 14:00:06: TypeOrmModule dependencies initialized
info: 2024-09-29 14:00:06: TypeOrmModule dependencies initialized
info: 2024-09-29 14:00:06: UserModule dependencies initialized
info: 2024-09-29 14:00:06: ArticleModule dependencies initialized
info: 2024-09-29 14:00:06: ImgModule dependencies initialized
info: 2024-09-29 14:00:06: AppController {/}:
info: 2024-09-29 14:00:06: Mapped {/, GET} route
info: 2024-09-29 14:00:06: Mapped {/encrypt, GET} route
info: 2024-09-29 14:00:06: Mapped {/decrypt, GET} route
info: 2024-09-29 14:00:06: UserController {/user}:
info: 2024-09-29 14:00:06: Mapped {/user/register, POST} route
info: 2024-09-29 14:00:06: Mapped {/user/login, POST} route
info: 2024-09-29 14:00:06: Mapped {/user/:id, GET} route
info: 2024-09-29 14:00:06: ArticleController {/article}:
info: 2024-09-29 14:00:06: Mapped {/article, POST} route
info: 2024-09-29 14:00:06: Mapped {/article, GET} route
info: 2024-09-29 14:00:06: Mapped {/article/:id, GET} route
info: 2024-09-29 14:00:06: Mapped {/article/pid/:pid, GET} route
info: 2024-09-29 14:00:06: Mapped {/article/:id, PATCH} route
info: 2024-09-29 14:00:06: Mapped {/article/updateOrder, POST} route
info: 2024-09-29 14:00:06: Mapped {/article/:id, DELETE} route
info: 2024-09-29 14:00:06: ImgController {/img}:
info: 2024-09-29 14:00:06: Mapped {/img, POST} route
info: 2024-09-29 14:00:06: Mapped {/img, POST} route
info: 2024-09-29 14:00:06: Mapped {/img, GET} route
info: 2024-09-29 14:00:06: Mapped {/img/:id, GET} route
info: 2024-09-29 14:00:06: Mapped {/img/:id, PATCH} route
info: 2024-09-29 14:00:06: Mapped {/img/:id, DELETE} route
info: 2024-09-29 14:00:06: Nest application successfully started
info: 2024-09-29 14:00:16: 上传日志
info: 2024-09-29 14:00:17: [{"fileName":"2024-09-29 14:00:16.log","width":200,"height":200,"extname":".log","imgUrl":"https://cdn.jsdelivr.net/gh/ndzy01/logs/2024-09-29%2014%3A00%3A16.log","type":"github"}]
info: 2024-09-29 14:00:26: 上传日志
info: 2024-09-29 14:00:27: [{"fileName":"2024-09-29 14:00:26.log","width":200,"height":200,"extname":".log","imgUrl":"https://cdn.jsdelivr.net/gh/ndzy01/logs/2024-09-29%2014%3A00%3A26.log","type":"github"}]
info: 2024-09-29 14:00:36: 上传日志
info: 2024-09-29 14:00:37: [{"fileName":"2024-09-29 14:00:36.log","width":200,"height":200,"extname":".log","imgUrl":"https://cdn.jsdelivr.net/gh/ndzy01/logs/2024-09-29%2014%3A00%3A36.log","type":"github"}]
info: 2024-09-29 14:00:46: 上传日志
info: 2024-09-29 14:00:47: [{"fileName":"2024-09-29 14:00:46.log","width":200,"height":200,"extname":".log","imgUrl":"https://cdn.jsdelivr.net/gh/ndzy01/logs/2024-09-29%2014%3A00%3A46.log","type":"github"}]
info: 2024-09-29 14:31:29: Starting Nest application...
info: 2024-09-29 14:31:29: TypeOrmModule dependencies initialized
info: 2024-09-29 14:31:29: TasksModule dependencies initialized
info: 2024-09-29 14:31:29: MulterModule dependencies initialized
info: 2024-09-29 14:31:29: JwtModule dependencies initialized
info: 2024-09-29 14:31:29: WinstonModule dependencies initialized
info: 2024-09-29 14:31:29: DiscoveryModule dependencies initialized
info: 2024-09-29 14:31:29: AppModule dependencies initialized
info: 2024-09-29 14:31:29: ScheduleModule dependencies initialized
info: 2024-09-29 14:31:35: TypeOrmCoreModule dependencies initialized
info: 2024-09-29 14:31:35: TypeOrmModule dependencies initialized
info: 2024-09-29 14:31:35: TypeOrmModule dependencies initialized
info: 2024-09-29 14:31:35: TypeOrmModule dependencies initialized
info: 2024-09-29 14:31:35: UserModule dependencies initialized
info: 2024-09-29 14:31:35: ArticleModule dependencies initialized
info: 2024-09-29 14:31:35: ImgModule dependencies initialized
info: 2024-09-29 14:31:35: AppController {/}:
info: 2024-09-29 14:31:35: Mapped {/, GET} route
info: 2024-09-29 14:31:35: Mapped {/encrypt, GET} route
info: 2024-09-29 14:31:35: Mapped {/decrypt, GET} route
info: 2024-09-29 14:31:35: UserController {/user}:
info: 2024-09-29 14:31:35: Mapped {/user/register, POST} route
info: 2024-09-29 14:31:35: Mapped {/user/login, POST} route
info: 2024-09-29 14:31:35: Mapped {/user/:id, GET} route
info: 2024-09-29 14:31:35: ArticleController {/article}:
info: 2024-09-29 14:31:35: Mapped {/article, POST} route
info: 2024-09-29 14:31:35: Mapped {/article, GET} route
info: 2024-09-29 14:31:35: Mapped {/article/:id, GET} route
info: 2024-09-29 14:31:35: Mapped {/article/pid/:pid, GET} route
info: 2024-09-29 14:31:35: Mapped {/article/:id, PATCH} route
info: 2024-09-29 14:31:35: Mapped {/article/updateOrder, POST} route
info: 2024-09-29 14:31:35: Mapped {/article/:id, DELETE} route
info: 2024-09-29 14:31:35: ImgController {/img}:
info: 2024-09-29 14:31:35: Mapped {/img, POST} route
info: 2024-09-29 14:31:35: Mapped {/img, POST} route
info: 2024-09-29 14:31:35: Mapped {/img, GET} route
info: 2024-09-29 14:31:35: Mapped {/img/:id, GET} route
info: 2024-09-29 14:31:35: Mapped {/img/:id, PATCH} route
info: 2024-09-29 14:31:35: Mapped {/img/:id, DELETE} route
info: 2024-09-29 14:31:35: Nest application successfully started
info: 2024-09-29 14:31:45: 上传日志
info: 2024-09-29 14:31:46: [{"fileName":"info-2024-09-29 14:31:45.log","width":200,"height":200,"extname":".log","imgUrl":"https://cdn.jsdelivr.net/gh/ndzy01/logs/info-2024-09-29%2014%3A31%3A45.log","type":"github"}]
info: 2024-09-29 14:31:55: 上传日志
info: 2024-09-29 14:31:56: [{"fileName":"info-2024-09-29 14:31:55.log","width":200,"height":200,"extname":".log","imgUrl":"https://cdn.jsdelivr.net/gh/ndzy01/logs/info-2024-09-29%2014%3A31%3A55.log","type":"github"}]
info: 2024-09-29 14:32:05: 上传日志
info: 2024-09-29 14:32:07: [{"fileName":"info-2024-09-29 14:32:05.log","width":200,"height":200,"extname":".log","imgUrl":"https://cdn.jsdelivr.net/gh/ndzy01/logs/info-2024-09-29%2014%3A32%3A05.log","type":"github"}]
info: 2024-09-29 14:32:15: 上传日志
