info: 2024-09-29 10:21:47: Starting Nest application...
info: 2024-09-29 10:21:47: TypeOrmModule dependencies initialized
info: 2024-09-29 10:21:47: TasksModule dependencies initialized
info: 2024-09-29 10:21:47: MulterModule dependencies initialized
info: 2024-09-29 10:21:47: JwtModule dependencies initialized
info: 2024-09-29 10:21:47: WinstonModule dependencies initialized
info: 2024-09-29 10:21:47: DiscoveryModule dependencies initialized
info: 2024-09-29 10:21:47: AppModule dependencies initialized
info: 2024-09-29 10:21:47: ScheduleModule dependencies initialized
info: 2024-09-29 10:21:52: TypeOrmCoreModule dependencies initialized
info: 2024-09-29 10:21:52: TypeOrmModule dependencies initialized
info: 2024-09-29 10:21:52: TypeOrmModule dependencies initialized
info: 2024-09-29 10:21:52: TypeOrmModule dependencies initialized
info: 2024-09-29 10:21:52: UserModule dependencies initialized
info: 2024-09-29 10:21:52: ArticleModule dependencies initialized
info: 2024-09-29 10:21:52: ImgModule dependencies initialized
info: 2024-09-29 10:21:52: AppController {/}:
info: 2024-09-29 10:21:52: Mapped {/, GET} route
info: 2024-09-29 10:21:52: Mapped {/encrypt, GET} route
info: 2024-09-29 10:21:52: Mapped {/decrypt, GET} route
info: 2024-09-29 10:21:52: UserController {/user}:
info: 2024-09-29 10:21:52: Mapped {/user/register, POST} route
info: 2024-09-29 10:21:52: Mapped {/user/login, POST} route
info: 2024-09-29 10:21:52: Mapped {/user/:id, GET} route
info: 2024-09-29 10:21:52: ArticleController {/article}:
info: 2024-09-29 10:21:52: Mapped {/article, POST} route
info: 2024-09-29 10:21:52: Mapped {/article, GET} route
info: 2024-09-29 10:21:52: Mapped {/article/:id, GET} route
info: 2024-09-29 10:21:52: Mapped {/article/pid/:pid, GET} route
info: 2024-09-29 10:21:52: Mapped {/article/:id, PATCH} route
info: 2024-09-29 10:21:52: Mapped {/article/updateOrder, POST} route
info: 2024-09-29 10:21:52: Mapped {/article/:id, DELETE} route
info: 2024-09-29 10:21:52: ImgController {/img}:
info: 2024-09-29 10:21:52: Mapped {/img, POST} route
info: 2024-09-29 10:21:52: Mapped {/img, POST} route
info: 2024-09-29 10:21:52: Mapped {/img, GET} route
info: 2024-09-29 10:21:52: Mapped {/img/:id, GET} route
info: 2024-09-29 10:21:52: Mapped {/img/:id, PATCH} route
info: 2024-09-29 10:21:52: Mapped {/img/:id, DELETE} route
info: 2024-09-29 10:21:52: Nest application successfully started
info: 2024-09-29 10:22:35: Starting Nest application...
info: 2024-09-29 10:22:35: TypeOrmModule dependencies initialized
info: 2024-09-29 10:22:35: TasksModule dependencies initialized
info: 2024-09-29 10:22:35: MulterModule dependencies initialized
info: 2024-09-29 10:22:35: JwtModule dependencies initialized
info: 2024-09-29 10:22:35: WinstonModule dependencies initialized
info: 2024-09-29 10:22:35: DiscoveryModule dependencies initialized
info: 2024-09-29 10:22:35: AppModule dependencies initialized
info: 2024-09-29 10:22:35: ScheduleModule dependencies initialized
info: 2024-09-29 10:22:40: TypeOrmCoreModule dependencies initialized
info: 2024-09-29 10:22:40: TypeOrmModule dependencies initialized
info: 2024-09-29 10:22:40: TypeOrmModule dependencies initialized
info: 2024-09-29 10:22:40: TypeOrmModule dependencies initialized
info: 2024-09-29 10:22:40: UserModule dependencies initialized
info: 2024-09-29 10:22:40: ArticleModule dependencies initialized
info: 2024-09-29 10:22:40: ImgModule dependencies initialized
info: 2024-09-29 10:22:40: AppController {/}:
info: 2024-09-29 10:22:40: Mapped {/, GET} route
info: 2024-09-29 10:22:40: Mapped {/encrypt, GET} route
info: 2024-09-29 10:22:40: Mapped {/decrypt, GET} route
info: 2024-09-29 10:22:40: UserController {/user}:
info: 2024-09-29 10:22:40: Mapped {/user/register, POST} route
info: 2024-09-29 10:22:40: Mapped {/user/login, POST} route
info: 2024-09-29 10:22:40: Mapped {/user/:id, GET} route
info: 2024-09-29 10:22:40: ArticleController {/article}:
info: 2024-09-29 10:22:40: Mapped {/article, POST} route
info: 2024-09-29 10:22:40: Mapped {/article, GET} route
info: 2024-09-29 10:22:40: Mapped {/article/:id, GET} route
info: 2024-09-29 10:22:40: Mapped {/article/pid/:pid, GET} route
info: 2024-09-29 10:22:40: Mapped {/article/:id, PATCH} route
info: 2024-09-29 10:22:40: Mapped {/article/updateOrder, POST} route
info: 2024-09-29 10:22:40: Mapped {/article/:id, DELETE} route
info: 2024-09-29 10:22:40: ImgController {/img}:
info: 2024-09-29 10:22:40: Mapped {/img, POST} route
info: 2024-09-29 10:22:40: Mapped {/img, POST} route
info: 2024-09-29 10:22:40: Mapped {/img, GET} route
info: 2024-09-29 10:22:40: Mapped {/img/:id, GET} route
info: 2024-09-29 10:22:40: Mapped {/img/:id, PATCH} route
info: 2024-09-29 10:22:40: Mapped {/img/:id, DELETE} route
info: 2024-09-29 10:22:40: Nest application successfully started
info: 2024-09-29 10:23:17: Starting Nest application...
info: 2024-09-29 10:23:17: TypeOrmModule dependencies initialized
info: 2024-09-29 10:23:17: TasksModule dependencies initialized
info: 2024-09-29 10:23:17: MulterModule dependencies initialized
info: 2024-09-29 10:23:17: JwtModule dependencies initialized
info: 2024-09-29 10:23:17: WinstonModule dependencies initialized
info: 2024-09-29 10:23:17: DiscoveryModule dependencies initialized
info: 2024-09-29 10:23:17: AppModule dependencies initialized
info: 2024-09-29 10:23:17: ScheduleModule dependencies initialized
info: 2024-09-29 10:23:23: TypeOrmCoreModule dependencies initialized
info: 2024-09-29 10:23:23: TypeOrmModule dependencies initialized
info: 2024-09-29 10:23:23: TypeOrmModule dependencies initialized
info: 2024-09-29 10:23:23: TypeOrmModule dependencies initialized
info: 2024-09-29 10:23:23: UserModule dependencies initialized
info: 2024-09-29 10:23:23: ArticleModule dependencies initialized
info: 2024-09-29 10:23:23: ImgModule dependencies initialized
info: 2024-09-29 10:23:23: AppController {/}:
info: 2024-09-29 10:23:23: Mapped {/, GET} route
info: 2024-09-29 10:23:23: Mapped {/encrypt, GET} route
info: 2024-09-29 10:23:23: Mapped {/decrypt, GET} route
info: 2024-09-29 10:23:23: UserController {/user}:
info: 2024-09-29 10:23:23: Mapped {/user/register, POST} route
info: 2024-09-29 10:23:23: Mapped {/user/login, POST} route
info: 2024-09-29 10:23:23: Mapped {/user/:id, GET} route
info: 2024-09-29 10:23:23: ArticleController {/article}:
info: 2024-09-29 10:23:23: Mapped {/article, POST} route
info: 2024-09-29 10:23:23: Mapped {/article, GET} route
info: 2024-09-29 10:23:23: Mapped {/article/:id, GET} route
info: 2024-09-29 10:23:23: Mapped {/article/pid/:pid, GET} route
info: 2024-09-29 10:23:23: Mapped {/article/:id, PATCH} route
info: 2024-09-29 10:23:23: Mapped {/article/updateOrder, POST} route
info: 2024-09-29 10:23:23: Mapped {/article/:id, DELETE} route
info: 2024-09-29 10:23:23: ImgController {/img}:
info: 2024-09-29 10:23:23: Mapped {/img, POST} route
info: 2024-09-29 10:23:23: Mapped {/img, POST} route
info: 2024-09-29 10:23:23: Mapped {/img, GET} route
info: 2024-09-29 10:23:23: Mapped {/img/:id, GET} route
info: 2024-09-29 10:23:23: Mapped {/img/:id, PATCH} route
info: 2024-09-29 10:23:23: Mapped {/img/:id, DELETE} route
info: 2024-09-29 10:23:23: Nest application successfully started
info: 2024-09-29 10:23:30: 上传日志
info: 2024-09-29 10:23:40: 上传日志
info: 2024-09-29 10:23:50: 上传日志
info: 2024-09-29 10:24:00: 上传日志
info: 2024-09-29 10:24:05: Starting Nest application...
info: 2024-09-29 10:24:05: TypeOrmModule dependencies initialized
info: 2024-09-29 10:24:05: TasksModule dependencies initialized
info: 2024-09-29 10:24:05: MulterModule dependencies initialized
info: 2024-09-29 10:24:05: JwtModule dependencies initialized
info: 2024-09-29 10:24:05: WinstonModule dependencies initialized
info: 2024-09-29 10:24:05: DiscoveryModule dependencies initialized
info: 2024-09-29 10:24:05: AppModule dependencies initialized
info: 2024-09-29 10:24:05: ScheduleModule dependencies initialized
info: 2024-09-29 10:24:11: TypeOrmCoreModule dependencies initialized
info: 2024-09-29 10:24:11: TypeOrmModule dependencies initialized
info: 2024-09-29 10:24:11: TypeOrmModule dependencies initialized
info: 2024-09-29 10:24:11: TypeOrmModule dependencies initialized
info: 2024-09-29 10:24:11: UserModule dependencies initialized
info: 2024-09-29 10:24:11: ArticleModule dependencies initialized
info: 2024-09-29 10:24:11: ImgModule dependencies initialized
info: 2024-09-29 10:24:11: AppController {/}:
info: 2024-09-29 10:24:11: Mapped {/, GET} route
info: 2024-09-29 10:24:11: Mapped {/encrypt, GET} route
info: 2024-09-29 10:24:11: Mapped {/decrypt, GET} route
info: 2024-09-29 10:24:11: UserController {/user}:
info: 2024-09-29 10:24:11: Mapped {/user/register, POST} route
info: 2024-09-29 10:24:11: Mapped {/user/login, POST} route
info: 2024-09-29 10:24:11: Mapped {/user/:id, GET} route
info: 2024-09-29 10:24:11: ArticleController {/article}:
info: 2024-09-29 10:24:11: Mapped {/article, POST} route
info: 2024-09-29 10:24:11: Mapped {/article, GET} route
info: 2024-09-29 10:24:11: Mapped {/article/:id, GET} route
info: 2024-09-29 10:24:11: Mapped {/article/pid/:pid, GET} route
info: 2024-09-29 10:24:11: Mapped {/article/:id, PATCH} route
info: 2024-09-29 10:24:11: Mapped {/article/updateOrder, POST} route
info: 2024-09-29 10:24:11: Mapped {/article/:id, DELETE} route
info: 2024-09-29 10:24:11: ImgController {/img}:
info: 2024-09-29 10:24:11: Mapped {/img, POST} route
info: 2024-09-29 10:24:11: Mapped {/img, POST} route
info: 2024-09-29 10:24:11: Mapped {/img, GET} route
info: 2024-09-29 10:24:11: Mapped {/img/:id, GET} route
info: 2024-09-29 10:24:11: Mapped {/img/:id, PATCH} route
info: 2024-09-29 10:24:11: Mapped {/img/:id, DELETE} route
info: 2024-09-29 10:24:11: Nest application successfully started
info: 2024-09-29 10:24:20: 上传日志
