info: 2024-10-22 04:50:35: Starting Nest application...
info: 2024-10-22 04:50:35: TypeOrmModule dependencies initialized
info: 2024-10-22 04:50:35: MulterModule dependencies initialized
info: 2024-10-22 04:50:35: JwtModule dependencies initialized
info: 2024-10-22 04:50:35: WinstonModule dependencies initialized
info: 2024-10-22 04:50:35: TasksModule dependencies initialized
info: 2024-10-22 04:50:35: DiscoveryModule dependencies initialized
info: 2024-10-22 04:50:35: AppModule dependencies initialized
info: 2024-10-22 04:50:35: ScheduleModule dependencies initialized
info: 2024-10-22 04:50:36: TypeOrmCoreModule dependencies initialized
info: 2024-10-22 04:50:36: TypeOrmModule dependencies initialized
info: 2024-10-22 04:50:36: TypeOrmModule dependencies initialized
info: 2024-10-22 04:50:36: TypeOrmModule dependencies initialized
info: 2024-10-22 04:50:36: TypeOrmModule dependencies initialized
info: 2024-10-22 04:50:36: UserModule dependencies initialized
info: 2024-10-22 04:50:36: ArticleModule dependencies initialized
info: 2024-10-22 04:50:36: MusicModule dependencies initialized
info: 2024-10-22 04:50:36: ImgModule dependencies initialized
info: 2024-10-22 04:50:36: AppController {/}:
info: 2024-10-22 04:50:36: Mapped {/, GET} route
info: 2024-10-22 04:50:36: Mapped {/auth, GET} route
info: 2024-10-22 04:50:36: Mapped {/encrypt, GET} route
info: 2024-10-22 04:50:36: Mapped {/decrypt, GET} route
info: 2024-10-22 04:50:36: UserController {/user}:
info: 2024-10-22 04:50:36: Mapped {/user/register, POST} route
info: 2024-10-22 04:50:36: Mapped {/user/login, POST} route
info: 2024-10-22 04:50:36: Mapped {/user/:id, GET} route
info: 2024-10-22 04:50:36: ArticleController {/article}:
info: 2024-10-22 04:50:36: Mapped {/article, POST} route
info: 2024-10-22 04:50:36: Mapped {/article, GET} route
info: 2024-10-22 04:50:36: Mapped {/article/:id, GET} route
info: 2024-10-22 04:50:36: Mapped {/article/pid/:pid, GET} route
info: 2024-10-22 04:50:36: Mapped {/article/:id, PATCH} route
info: 2024-10-22 04:50:36: Mapped {/article/updateOrder, POST} route
info: 2024-10-22 04:50:36: Mapped {/article/:id, DELETE} route
info: 2024-10-22 04:50:36: ImgController {/img}:
info: 2024-10-22 04:50:36: Mapped {/img, POST} route
info: 2024-10-22 04:50:36: Mapped {/img, POST} route
info: 2024-10-22 04:50:36: Mapped {/img, GET} route
info: 2024-10-22 04:50:36: Mapped {/img/:id, GET} route
info: 2024-10-22 04:50:36: Mapped {/img/:id, PATCH} route
info: 2024-10-22 04:50:36: Mapped {/img/:id, DELETE} route
info: 2024-10-22 04:50:36: MusicController {/music}:
info: 2024-10-22 04:50:36: Mapped {/music/:id, GET} route
info: 2024-10-22 04:50:36: Mapped {/music, GET} route
info: 2024-10-22 04:50:36: Mapped {/music, POST} route
info: 2024-10-22 04:50:36: Mapped {/music/bulk, POST} route
info: 2024-10-22 04:50:36: Mapped {/music/:id, PATCH} route
info: 2024-10-22 04:50:36: Mapped {/music/:id, PUT} route
info: 2024-10-22 04:50:36: Mapped {/music/:id, DELETE} route
info: 2024-10-22 04:50:36: Nest application successfully started
info: 2024-10-22 04:50:36: [INFO] method=GET ip=52.234.36.4======
info: 2024-10-22 04:50:36: [INFO] method=GET ip=52.234.36.4 耗时=41ms======
info: 2024-10-22 04:53:45: [INFO] method=GET ip=20.55.86.182======
info: 2024-10-22 04:53:45: [INFO] method=GET ip=20.55.86.182 耗时=243ms======
info: 2024-10-22 04:54:38: [INFO] method=GET ip=1.36.156.68======
info: 2024-10-22 04:54:38: [INFO] method=GET ip=1.36.156.68 耗时=253ms======
info: 2024-10-22 04:59:38: [INFO] method=GET ip=1.36.156.68======
info: 2024-10-22 04:59:38: [INFO] method=GET ip=1.36.156.68 耗时=82ms======
info: 2024-10-22 05:04:37: 上传日志
