info: 2024-10-22 08:49:23: Starting Nest application...
info: 2024-10-22 08:49:23: TypeOrmModule dependencies initialized
info: 2024-10-22 08:49:23: MulterModule dependencies initialized
info: 2024-10-22 08:49:23: JwtModule dependencies initialized
info: 2024-10-22 08:49:23: WinstonModule dependencies initialized
info: 2024-10-22 08:49:23: TasksModule dependencies initialized
info: 2024-10-22 08:49:23: DiscoveryModule dependencies initialized
info: 2024-10-22 08:49:23: AppModule dependencies initialized
info: 2024-10-22 08:49:23: ScheduleModule dependencies initialized
info: 2024-10-22 08:49:23: TypeOrmCoreModule dependencies initialized
info: 2024-10-22 08:49:23: TypeOrmModule dependencies initialized
info: 2024-10-22 08:49:23: TypeOrmModule dependencies initialized
info: 2024-10-22 08:49:23: TypeOrmModule dependencies initialized
info: 2024-10-22 08:49:23: TypeOrmModule dependencies initialized
info: 2024-10-22 08:49:23: UserModule dependencies initialized
info: 2024-10-22 08:49:23: ArticleModule dependencies initialized
info: 2024-10-22 08:49:23: MusicModule dependencies initialized
info: 2024-10-22 08:49:23: ImgModule dependencies initialized
info: 2024-10-22 08:49:23: AppController {/}:
info: 2024-10-22 08:49:23: Mapped {/, GET} route
info: 2024-10-22 08:49:23: Mapped {/auth, GET} route
info: 2024-10-22 08:49:23: Mapped {/encrypt, GET} route
info: 2024-10-22 08:49:23: Mapped {/decrypt, GET} route
info: 2024-10-22 08:49:23: UserController {/user}:
info: 2024-10-22 08:49:23: Mapped {/user/register, POST} route
info: 2024-10-22 08:49:23: Mapped {/user/login, POST} route
info: 2024-10-22 08:49:23: Mapped {/user/:id, GET} route
info: 2024-10-22 08:49:23: ArticleController {/article}:
info: 2024-10-22 08:49:23: Mapped {/article, POST} route
info: 2024-10-22 08:49:23: Mapped {/article, GET} route
info: 2024-10-22 08:49:23: Mapped {/article/:id, GET} route
info: 2024-10-22 08:49:23: Mapped {/article/pid/:pid, GET} route
info: 2024-10-22 08:49:23: Mapped {/article/:id, PATCH} route
info: 2024-10-22 08:49:23: Mapped {/article/updateOrder, POST} route
info: 2024-10-22 08:49:23: Mapped {/article/:id, DELETE} route
info: 2024-10-22 08:49:23: ImgController {/img}:
info: 2024-10-22 08:49:23: Mapped {/img, POST} route
info: 2024-10-22 08:49:23: Mapped {/img, POST} route
info: 2024-10-22 08:49:23: Mapped {/img, GET} route
info: 2024-10-22 08:49:23: Mapped {/img/:id, GET} route
info: 2024-10-22 08:49:23: Mapped {/img/:id, PATCH} route
info: 2024-10-22 08:49:23: Mapped {/img/:id, DELETE} route
info: 2024-10-22 08:49:23: MusicController {/music}:
info: 2024-10-22 08:49:23: Mapped {/music/:id, GET} route
info: 2024-10-22 08:49:23: Mapped {/music, GET} route
info: 2024-10-22 08:49:23: Mapped {/music, POST} route
info: 2024-10-22 08:49:23: Mapped {/music/bulk, POST} route
info: 2024-10-22 08:49:23: Mapped {/music/:id, PATCH} route
info: 2024-10-22 08:49:23: Mapped {/music/:id, PUT} route
info: 2024-10-22 08:49:23: Mapped {/music/:id, DELETE} route
info: 2024-10-22 08:49:23: Nest application successfully started
info: 2024-10-22 08:58:54: 上传日志
