info: 2024-10-22 09:54:26: Starting Nest application...
info: 2024-10-22 09:54:26: TypeOrmModule dependencies initialized
info: 2024-10-22 09:54:26: MulterModule dependencies initialized
info: 2024-10-22 09:54:26: JwtModule dependencies initialized
info: 2024-10-22 09:54:26: WinstonModule dependencies initialized
info: 2024-10-22 09:54:26: TasksModule dependencies initialized
info: 2024-10-22 09:54:26: DiscoveryModule dependencies initialized
info: 2024-10-22 09:54:26: AppModule dependencies initialized
info: 2024-10-22 09:54:26: ScheduleModule dependencies initialized
info: 2024-10-22 09:54:32: TypeOrmCoreModule dependencies initialized
info: 2024-10-22 09:54:32: TypeOrmModule dependencies initialized
info: 2024-10-22 09:54:32: TypeOrmModule dependencies initialized
info: 2024-10-22 09:54:32: TypeOrmModule dependencies initialized
info: 2024-10-22 09:54:32: UserModule dependencies initialized
info: 2024-10-22 09:54:32: ArticleModule dependencies initialized
info: 2024-10-22 09:54:32: ImgModule dependencies initialized
info: 2024-10-22 09:54:32: AppController {/}:
info: 2024-10-22 09:54:32: Mapped {/, GET} route
info: 2024-10-22 09:54:32: Mapped {/auth, GET} route
info: 2024-10-22 09:54:32: Mapped {/encrypt, GET} route
info: 2024-10-22 09:54:32: Mapped {/decrypt, GET} route
info: 2024-10-22 09:54:32: UserController {/user}:
info: 2024-10-22 09:54:32: Mapped {/user/register, POST} route
info: 2024-10-22 09:54:32: Mapped {/user/login, POST} route
info: 2024-10-22 09:54:32: Mapped {/user/:id, GET} route
info: 2024-10-22 09:54:32: ArticleController {/article}:
info: 2024-10-22 09:54:32: Mapped {/article, POST} route
info: 2024-10-22 09:54:32: Mapped {/article, GET} route
info: 2024-10-22 09:54:32: Mapped {/article/:id, GET} route
info: 2024-10-22 09:54:32: Mapped {/article/pid/:pid, GET} route
info: 2024-10-22 09:54:32: Mapped {/article/:id, PATCH} route
info: 2024-10-22 09:54:32: Mapped {/article/updateOrder, POST} route
info: 2024-10-22 09:54:32: Mapped {/article/:id, DELETE} route
info: 2024-10-22 09:54:32: ImgController {/img}:
info: 2024-10-22 09:54:32: Mapped {/img, POST} route
info: 2024-10-22 09:54:32: Mapped {/img, POST} route
info: 2024-10-22 09:54:32: Mapped {/img, GET} route
info: 2024-10-22 09:54:32: Mapped {/img/:id, GET} route
info: 2024-10-22 09:54:32: Mapped {/img/:id, PATCH} route
info: 2024-10-22 09:54:32: Mapped {/img/:id, DELETE} route
info: 2024-10-22 09:54:32: Nest application successfully started
info: 2024-10-22 09:54:45: [INFO] method=GET ip=::1======
info: 2024-10-22 09:54:45: [INFO] method=GET ip=::1 耗时=3ms======
info: 2024-10-22 09:55:21: Starting Nest application...
info: 2024-10-22 09:55:21: TypeOrmModule dependencies initialized
info: 2024-10-22 09:55:21: MulterModule dependencies initialized
info: 2024-10-22 09:55:21: JwtModule dependencies initialized
info: 2024-10-22 09:55:21: WinstonModule dependencies initialized
info: 2024-10-22 09:55:21: TasksModule dependencies initialized
info: 2024-10-22 09:55:21: DiscoveryModule dependencies initialized
info: 2024-10-22 09:55:21: AppModule dependencies initialized
info: 2024-10-22 09:55:21: ScheduleModule dependencies initialized
info: 2024-10-22 09:55:27: Starting Nest application...
info: 2024-10-22 09:55:27: TypeOrmModule dependencies initialized
info: 2024-10-22 09:55:27: MulterModule dependencies initialized
info: 2024-10-22 09:55:27: JwtModule dependencies initialized
info: 2024-10-22 09:55:27: WinstonModule dependencies initialized
info: 2024-10-22 09:55:27: TasksModule dependencies initialized
info: 2024-10-22 09:55:27: DiscoveryModule dependencies initialized
info: 2024-10-22 09:55:27: AppModule dependencies initialized
info: 2024-10-22 09:55:27: ScheduleModule dependencies initialized
info: 2024-10-22 09:55:33: TypeOrmCoreModule dependencies initialized
info: 2024-10-22 09:55:33: TypeOrmModule dependencies initialized
info: 2024-10-22 09:55:33: TypeOrmModule dependencies initialized
info: 2024-10-22 09:55:33: TypeOrmModule dependencies initialized
info: 2024-10-22 09:55:33: UserModule dependencies initialized
info: 2024-10-22 09:55:33: ArticleModule dependencies initialized
info: 2024-10-22 09:55:33: ImgModule dependencies initialized
info: 2024-10-22 09:55:33: AppController {/}:
info: 2024-10-22 09:55:33: Mapped {/, GET} route
info: 2024-10-22 09:55:33: Mapped {/auth, GET} route
info: 2024-10-22 09:55:33: Mapped {/encrypt, GET} route
info: 2024-10-22 09:55:33: Mapped {/decrypt, GET} route
info: 2024-10-22 09:55:33: UserController {/user}:
info: 2024-10-22 09:55:33: Mapped {/user/register, POST} route
info: 2024-10-22 09:55:33: Mapped {/user/login, POST} route
info: 2024-10-22 09:55:33: Mapped {/user/:id, GET} route
info: 2024-10-22 09:55:33: ArticleController {/article}:
info: 2024-10-22 09:55:33: Mapped {/article, POST} route
info: 2024-10-22 09:55:33: Mapped {/article, GET} route
info: 2024-10-22 09:55:33: Mapped {/article/:id, GET} route
info: 2024-10-22 09:55:33: Mapped {/article/pid/:pid, GET} route
info: 2024-10-22 09:55:33: Mapped {/article/:id, PATCH} route
info: 2024-10-22 09:55:33: Mapped {/article/updateOrder, POST} route
info: 2024-10-22 09:55:33: Mapped {/article/:id, DELETE} route
info: 2024-10-22 09:55:33: ImgController {/img}:
info: 2024-10-22 09:55:33: Mapped {/img, POST} route
info: 2024-10-22 09:55:33: Mapped {/img, POST} route
info: 2024-10-22 09:55:33: Mapped {/img, GET} route
info: 2024-10-22 09:55:33: Mapped {/img/:id, GET} route
info: 2024-10-22 09:55:33: Mapped {/img/:id, PATCH} route
info: 2024-10-22 09:55:33: Mapped {/img/:id, DELETE} route
info: 2024-10-22 09:55:33: Nest application successfully started
info: 2024-10-22 09:55:55: Starting Nest application...
info: 2024-10-22 09:55:55: TypeOrmModule dependencies initialized
info: 2024-10-22 09:55:55: MulterModule dependencies initialized
info: 2024-10-22 09:55:55: JwtModule dependencies initialized
info: 2024-10-22 09:55:55: WinstonModule dependencies initialized
info: 2024-10-22 09:55:55: TasksModule dependencies initialized
info: 2024-10-22 09:55:55: DiscoveryModule dependencies initialized
info: 2024-10-22 09:55:55: AppModule dependencies initialized
info: 2024-10-22 09:55:55: ScheduleModule dependencies initialized
info: 2024-10-22 09:56:01: TypeOrmCoreModule dependencies initialized
info: 2024-10-22 09:56:01: TypeOrmModule dependencies initialized
info: 2024-10-22 09:56:01: TypeOrmModule dependencies initialized
info: 2024-10-22 09:56:01: TypeOrmModule dependencies initialized
info: 2024-10-22 09:56:01: TypeOrmModule dependencies initialized
info: 2024-10-22 09:56:01: UserModule dependencies initialized
info: 2024-10-22 09:56:01: ArticleModule dependencies initialized
info: 2024-10-22 09:56:01: MusicModule dependencies initialized
info: 2024-10-22 09:56:01: ImgModule dependencies initialized
info: 2024-10-22 09:56:01: AppController {/}:
info: 2024-10-22 09:56:01: Mapped {/, GET} route
info: 2024-10-22 09:56:01: Mapped {/auth, GET} route
info: 2024-10-22 09:56:01: Mapped {/encrypt, GET} route
info: 2024-10-22 09:56:01: Mapped {/decrypt, GET} route
info: 2024-10-22 09:56:01: UserController {/user}:
info: 2024-10-22 09:56:01: Mapped {/user/register, POST} route
info: 2024-10-22 09:56:01: Mapped {/user/login, POST} route
info: 2024-10-22 09:56:01: Mapped {/user/:id, GET} route
info: 2024-10-22 09:56:01: ArticleController {/article}:
info: 2024-10-22 09:56:01: Mapped {/article, POST} route
info: 2024-10-22 09:56:01: Mapped {/article, GET} route
info: 2024-10-22 09:56:01: Mapped {/article/:id, GET} route
info: 2024-10-22 09:56:01: Mapped {/article/pid/:pid, GET} route
info: 2024-10-22 09:56:01: Mapped {/article/:id, PATCH} route
info: 2024-10-22 09:56:01: Mapped {/article/updateOrder, POST} route
info: 2024-10-22 09:56:01: Mapped {/article/:id, DELETE} route
info: 2024-10-22 09:56:01: ImgController {/img}:
info: 2024-10-22 09:56:01: Mapped {/img, POST} route
info: 2024-10-22 09:56:01: Mapped {/img, POST} route
info: 2024-10-22 09:56:01: Mapped {/img, GET} route
info: 2024-10-22 09:56:01: Mapped {/img/:id, GET} route
info: 2024-10-22 09:56:01: Mapped {/img/:id, PATCH} route
info: 2024-10-22 09:56:01: Mapped {/img/:id, DELETE} route
info: 2024-10-22 09:56:01: MusicController {/music}:
info: 2024-10-22 09:56:01: Mapped {/music/:id, GET} route
info: 2024-10-22 09:56:01: Mapped {/music, GET} route
info: 2024-10-22 09:56:01: Mapped {/music, POST} route
info: 2024-10-22 09:56:01: Mapped {/music/bulk, POST} route
info: 2024-10-22 09:56:01: Mapped {/music/:id, PATCH} route
info: 2024-10-22 09:56:01: Mapped {/music/:id, PUT} route
info: 2024-10-22 09:56:01: Mapped {/music/:id, DELETE} route
info: 2024-10-22 09:56:01: Nest application successfully started
info: 2024-10-22 09:56:15: [INFO] method=GET ip=::1======
info: 2024-10-22 09:56:17: [INFO] method=GET ip=::1 耗时=2555ms======
info: 2024-10-22 10:17:29: Starting Nest application...
info: 2024-10-22 10:17:29: TypeOrmModule dependencies initialized
info: 2024-10-22 10:17:29: MulterModule dependencies initialized
info: 2024-10-22 10:17:29: JwtModule dependencies initialized
info: 2024-10-22 10:17:29: WinstonModule dependencies initialized
info: 2024-10-22 10:17:29: TasksModule dependencies initialized
info: 2024-10-22 10:17:29: DiscoveryModule dependencies initialized
info: 2024-10-22 10:17:29: AppModule dependencies initialized
info: 2024-10-22 10:17:29: ScheduleModule dependencies initialized
info: 2024-10-22 10:17:34: TypeOrmCoreModule dependencies initialized
info: 2024-10-22 10:17:34: TypeOrmModule dependencies initialized
info: 2024-10-22 10:17:34: TypeOrmModule dependencies initialized
info: 2024-10-22 10:17:34: TypeOrmModule dependencies initialized
info: 2024-10-22 10:17:34: TypeOrmModule dependencies initialized
info: 2024-10-22 10:17:34: UserModule dependencies initialized
info: 2024-10-22 10:17:34: ArticleModule dependencies initialized
info: 2024-10-22 10:17:34: MusicModule dependencies initialized
info: 2024-10-22 10:17:34: ImgModule dependencies initialized
info: 2024-10-22 10:17:34: AppController {/}:
info: 2024-10-22 10:17:34: Mapped {/, GET} route
info: 2024-10-22 10:17:34: Mapped {/auth, GET} route
info: 2024-10-22 10:17:34: Mapped {/encrypt, GET} route
info: 2024-10-22 10:17:34: Mapped {/decrypt, GET} route
info: 2024-10-22 10:17:34: UserController {/user}:
info: 2024-10-22 10:17:34: Mapped {/user/register, POST} route
info: 2024-10-22 10:17:34: Mapped {/user/login, POST} route
info: 2024-10-22 10:17:34: Mapped {/user/:id, GET} route
info: 2024-10-22 10:17:34: ArticleController {/article}:
info: 2024-10-22 10:17:34: Mapped {/article, POST} route
info: 2024-10-22 10:17:34: Mapped {/article, GET} route
info: 2024-10-22 10:17:34: Mapped {/article/:id, GET} route
info: 2024-10-22 10:17:34: Mapped {/article/pid/:pid, GET} route
info: 2024-10-22 10:17:34: Mapped {/article/:id, PATCH} route
info: 2024-10-22 10:17:34: Mapped {/article/updateOrder, POST} route
info: 2024-10-22 10:17:34: Mapped {/article/:id, DELETE} route
info: 2024-10-22 10:17:34: ImgController {/img}:
info: 2024-10-22 10:17:34: Mapped {/img, POST} route
info: 2024-10-22 10:17:34: Mapped {/img, POST} route
info: 2024-10-22 10:17:34: Mapped {/img, GET} route
info: 2024-10-22 10:17:34: Mapped {/img/:id, GET} route
info: 2024-10-22 10:17:34: Mapped {/img/:id, PATCH} route
info: 2024-10-22 10:17:34: Mapped {/img/:id, DELETE} route
info: 2024-10-22 10:17:34: MusicController {/music}:
info: 2024-10-22 10:17:34: Mapped {/music/:id, GET} route
info: 2024-10-22 10:17:34: Mapped {/music, GET} route
info: 2024-10-22 10:17:34: Mapped {/music, POST} route
info: 2024-10-22 10:17:34: Mapped {/music/bulk, POST} route
info: 2024-10-22 10:17:34: Mapped {/music/:id, PATCH} route
info: 2024-10-22 10:17:34: Mapped {/music/:id, PUT} route
info: 2024-10-22 10:17:34: Mapped {/music/:id, DELETE} route
info: 2024-10-22 10:17:34: Nest application successfully started
info: 2024-10-22 10:18:03: [INFO] method=GET ip=::1======
info: 2024-10-22 10:18:06: [INFO] method=GET ip=::1 耗时=2894ms======
info: 2024-10-22 10:20:00: 上传日志
info: 2024-10-22 10:20:01: "上传成功"
info: 2024-10-22 10:20:01: {"content":{"name":"info-2024-10-22 10:20:00.log","path":"2024-10-22/info-2024-10-22 10:20:00.log","sha":"53c6a7d000a852aa945ec8839f3d519341c743f9","size":12021,"url":"https://api.github.com/repos/ndzy01/logs/contents/2024-10-22/info-2024-10-22%2010:20:00.log?ref=main","html_url":"https://github.com/ndzy01/logs/blob/main/2024-10-22/info-2024-10-22%2010:20:00.log","git_url":"https://api.github.com/repos/ndzy01/logs/git/blobs/53c6a7d000a852aa945ec8839f3d519341c743f9","download_url":"https://raw.githubusercontent.com/ndzy01/logs/main/2024-10-22/info-2024-10-22%2010%3A20%3A00.log","type":"file","_links":{"self":"https://api.github.com/repos/ndzy01/logs/contents/2024-10-22/info-2024-10-22%2010:20:00.log?ref=main","git":"https://api.github.com/repos/ndzy01/logs/git/blobs/53c6a7d000a852aa945ec8839f3d519341c743f9","html":"https://github.com/ndzy01/logs/blob/main/2024-10-22/info-2024-10-22%2010:20:00.log"}},"commit":{"sha":"5f581f9b27837d8a8a9fc69e885a080a367dcaf4","node_id":"C_kwDOM4qzi9oAKDVmNTgxZjliMjc4MzdkOGE4YTlmYzY5ZTg4NWEwODBhMzY3ZGNhZjQ","url":"https://api.github.com/repos/ndzy01/logs/git/commits/5f581f9b27837d8a8a9fc69e885a080a367dcaf4","html_url":"https://github.com/ndzy01/logs/commit/5f581f9b27837d8a8a9fc69e885a080a367dcaf4","author":{"name":"ndzy01","email":"46743100+ndzy01@users.noreply.github.com","date":"2024-10-22T02:20:00Z"},"committer":{"name":"ndzy01","email":"46743100+ndzy01@users.noreply.github.com","date":"2024-10-22T02:20:00Z"},"tree":{"sha":"2295818ca9c5627986f5c73aa5cbcce35b91773e","url":"https://api.github.com/repos/ndzy01/logs/git/trees/2295818ca9c5627986f5c73aa5cbcce35b91773e"},"message":"更新日志 2024-10-22 10:20:00","parents":[{"sha":"90e860e306f4a76ae9544d8c45a206fce86547f7","url":"https://api.github.com/repos/ndzy01/logs/git/commits/90e860e306f4a76ae9544d8c45a206fce86547f7","html_url":"https://github.com/ndzy01/logs/commit/90e860e306f4a76ae9544d8c45a206fce86547f7"}],"verification":{"verified":false,"reason":"unsigned","signature":null,"payload":null}}}
info: 2024-10-22 10:24:51: Starting Nest application...
info: 2024-10-22 10:24:51: TypeOrmModule dependencies initialized
info: 2024-10-22 10:24:51: MulterModule dependencies initialized
info: 2024-10-22 10:24:51: JwtModule dependencies initialized
info: 2024-10-22 10:24:51: WinstonModule dependencies initialized
info: 2024-10-22 10:24:51: TasksModule dependencies initialized
info: 2024-10-22 10:24:51: DiscoveryModule dependencies initialized
info: 2024-10-22 10:24:51: AppModule dependencies initialized
info: 2024-10-22 10:24:51: ScheduleModule dependencies initialized
info: 2024-10-22 10:24:57: TypeOrmCoreModule dependencies initialized
info: 2024-10-22 10:24:57: TypeOrmModule dependencies initialized
info: 2024-10-22 10:24:57: TypeOrmModule dependencies initialized
info: 2024-10-22 10:24:57: TypeOrmModule dependencies initialized
info: 2024-10-22 10:24:57: TypeOrmModule dependencies initialized
info: 2024-10-22 10:24:57: UserModule dependencies initialized
info: 2024-10-22 10:24:57: ArticleModule dependencies initialized
info: 2024-10-22 10:24:57: MusicModule dependencies initialized
info: 2024-10-22 10:24:57: ImgModule dependencies initialized
info: 2024-10-22 10:24:57: AppController {/}:
info: 2024-10-22 10:24:57: Mapped {/, GET} route
info: 2024-10-22 10:24:57: Mapped {/auth, GET} route
info: 2024-10-22 10:24:57: Mapped {/encrypt, GET} route
info: 2024-10-22 10:24:57: Mapped {/decrypt, GET} route
info: 2024-10-22 10:24:57: UserController {/user}:
info: 2024-10-22 10:24:57: Mapped {/user/register, POST} route
info: 2024-10-22 10:24:57: Mapped {/user/login, POST} route
info: 2024-10-22 10:24:57: Mapped {/user/:id, GET} route
info: 2024-10-22 10:24:57: ArticleController {/article}:
info: 2024-10-22 10:24:57: Mapped {/article, POST} route
info: 2024-10-22 10:24:57: Mapped {/article, GET} route
info: 2024-10-22 10:24:57: Mapped {/article/:id, GET} route
info: 2024-10-22 10:24:57: Mapped {/article/pid/:pid, GET} route
info: 2024-10-22 10:24:57: Mapped {/article/:id, PATCH} route
info: 2024-10-22 10:24:57: Mapped {/article/updateOrder, POST} route
info: 2024-10-22 10:24:57: Mapped {/article/:id, DELETE} route
info: 2024-10-22 10:24:57: ImgController {/img}:
info: 2024-10-22 10:24:57: Mapped {/img, POST} route
info: 2024-10-22 10:24:57: Mapped {/img, POST} route
info: 2024-10-22 10:24:57: Mapped {/img, GET} route
info: 2024-10-22 10:24:57: Mapped {/img/:id, GET} route
info: 2024-10-22 10:24:57: Mapped {/img/:id, PATCH} route
info: 2024-10-22 10:24:57: Mapped {/img/:id, DELETE} route
info: 2024-10-22 10:24:57: MusicController {/music}:
info: 2024-10-22 10:24:57: Mapped {/music/:id, GET} route
info: 2024-10-22 10:24:57: Mapped {/music, GET} route
info: 2024-10-22 10:24:57: Mapped {/music, POST} route
info: 2024-10-22 10:24:57: Mapped {/music/bulk, POST} route
info: 2024-10-22 10:24:57: Mapped {/music/:id, PATCH} route
info: 2024-10-22 10:24:57: Mapped {/music/:id, PUT} route
info: 2024-10-22 10:24:57: Mapped {/music/:id, DELETE} route
info: 2024-10-22 10:24:57: Nest application successfully started
info: 2024-10-22 10:25:10: [INFO] method=PATCH ip=::1======
info: 2024-10-22 10:25:14: [INFO] method=PATCH ip=::1 耗时=3544ms======
info: 2024-10-22 10:25:20: [INFO] method=PATCH ip=::1======
info: 2024-10-22 10:25:22: [INFO] method=PATCH ip=::1 耗时=1518ms======
info: 2024-10-22 10:30:00: 上传日志
