info: 2024-10-22 01:58:01: Starting Nest application...
info: 2024-10-22 01:58:01: TypeOrmModule dependencies initialized
info: 2024-10-22 01:58:01: MulterModule dependencies initialized
info: 2024-10-22 01:58:01: JwtModule dependencies initialized
info: 2024-10-22 01:58:01: WinstonModule dependencies initialized
info: 2024-10-22 01:58:01: TasksModule dependencies initialized
info: 2024-10-22 01:58:01: DiscoveryModule dependencies initialized
info: 2024-10-22 01:58:01: AppModule dependencies initialized
info: 2024-10-22 01:58:01: ScheduleModule dependencies initialized
info: 2024-10-22 01:58:01: TypeOrmCoreModule dependencies initialized
info: 2024-10-22 01:58:01: TypeOrmModule dependencies initialized
info: 2024-10-22 01:58:01: TypeOrmModule dependencies initialized
info: 2024-10-22 01:58:01: TypeOrmModule dependencies initialized
info: 2024-10-22 01:58:01: TypeOrmModule dependencies initialized
info: 2024-10-22 01:58:01: UserModule dependencies initialized
info: 2024-10-22 01:58:01: ArticleModule dependencies initialized
info: 2024-10-22 01:58:01: MusicModule dependencies initialized
info: 2024-10-22 01:58:01: ImgModule dependencies initialized
info: 2024-10-22 01:58:01: AppController {/}:
info: 2024-10-22 01:58:01: Mapped {/, GET} route
info: 2024-10-22 01:58:01: Mapped {/auth, GET} route
info: 2024-10-22 01:58:01: Mapped {/encrypt, GET} route
info: 2024-10-22 01:58:01: Mapped {/decrypt, GET} route
info: 2024-10-22 01:58:01: UserController {/user}:
info: 2024-10-22 01:58:01: Mapped {/user/register, POST} route
info: 2024-10-22 01:58:01: Mapped {/user/login, POST} route
info: 2024-10-22 01:58:01: Mapped {/user/:id, GET} route
info: 2024-10-22 01:58:01: ArticleController {/article}:
info: 2024-10-22 01:58:01: Mapped {/article, POST} route
info: 2024-10-22 01:58:01: Mapped {/article, GET} route
info: 2024-10-22 01:58:01: Mapped {/article/:id, GET} route
info: 2024-10-22 01:58:01: Mapped {/article/pid/:pid, GET} route
info: 2024-10-22 01:58:01: Mapped {/article/:id, PATCH} route
info: 2024-10-22 01:58:01: Mapped {/article/updateOrder, POST} route
info: 2024-10-22 01:58:01: Mapped {/article/:id, DELETE} route
info: 2024-10-22 01:58:01: ImgController {/img}:
info: 2024-10-22 01:58:01: Mapped {/img, POST} route
info: 2024-10-22 01:58:01: Mapped {/img, POST} route
info: 2024-10-22 01:58:01: Mapped {/img, GET} route
info: 2024-10-22 01:58:01: Mapped {/img/:id, GET} route
info: 2024-10-22 01:58:01: Mapped {/img/:id, PATCH} route
info: 2024-10-22 01:58:01: Mapped {/img/:id, DELETE} route
info: 2024-10-22 01:58:01: MusicController {/music}:
info: 2024-10-22 01:58:01: Mapped {/music/:id, GET} route
info: 2024-10-22 01:58:01: Mapped {/music, GET} route
info: 2024-10-22 01:58:01: Mapped {/music, POST} route
info: 2024-10-22 01:58:01: Mapped {/music/bulk, POST} route
info: 2024-10-22 01:58:01: Mapped {/music/:id, PATCH} route
info: 2024-10-22 01:58:01: Mapped {/music/:id, PUT} route
info: 2024-10-22 01:58:01: Mapped {/music/:id, DELETE} route
info: 2024-10-22 01:58:01: Nest application successfully started
info: 2024-10-22 02:00:32: 上传日志
