info: 2024-10-22 08:39:40: Starting Nest application...
info: 2024-10-22 08:39:40: TypeOrmModule dependencies initialized
info: 2024-10-22 08:39:40: MulterModule dependencies initialized
info: 2024-10-22 08:39:40: JwtModule dependencies initialized
info: 2024-10-22 08:39:40: WinstonModule dependencies initialized
info: 2024-10-22 08:39:40: TasksModule dependencies initialized
info: 2024-10-22 08:39:40: DiscoveryModule dependencies initialized
info: 2024-10-22 08:39:40: AppModule dependencies initialized
info: 2024-10-22 08:39:40: ScheduleModule dependencies initialized
info: 2024-10-22 08:39:41: TypeOrmCoreModule dependencies initialized
info: 2024-10-22 08:39:41: TypeOrmModule dependencies initialized
info: 2024-10-22 08:39:41: TypeOrmModule dependencies initialized
info: 2024-10-22 08:39:41: TypeOrmModule dependencies initialized
info: 2024-10-22 08:39:41: TypeOrmModule dependencies initialized
info: 2024-10-22 08:39:41: UserModule dependencies initialized
info: 2024-10-22 08:39:41: ArticleModule dependencies initialized
info: 2024-10-22 08:39:41: MusicModule dependencies initialized
info: 2024-10-22 08:39:41: ImgModule dependencies initialized
info: 2024-10-22 08:39:41: AppController {/}:
info: 2024-10-22 08:39:41: Mapped {/, GET} route
info: 2024-10-22 08:39:41: Mapped {/auth, GET} route
info: 2024-10-22 08:39:41: Mapped {/encrypt, GET} route
info: 2024-10-22 08:39:41: Mapped {/decrypt, GET} route
info: 2024-10-22 08:39:41: UserController {/user}:
info: 2024-10-22 08:39:41: Mapped {/user/register, POST} route
info: 2024-10-22 08:39:41: Mapped {/user/login, POST} route
info: 2024-10-22 08:39:41: Mapped {/user/:id, GET} route
info: 2024-10-22 08:39:41: ArticleController {/article}:
info: 2024-10-22 08:39:41: Mapped {/article, POST} route
info: 2024-10-22 08:39:41: Mapped {/article, GET} route
info: 2024-10-22 08:39:41: Mapped {/article/:id, GET} route
info: 2024-10-22 08:39:41: Mapped {/article/pid/:pid, GET} route
info: 2024-10-22 08:39:41: Mapped {/article/:id, PATCH} route
info: 2024-10-22 08:39:41: Mapped {/article/updateOrder, POST} route
info: 2024-10-22 08:39:41: Mapped {/article/:id, DELETE} route
info: 2024-10-22 08:39:41: ImgController {/img}:
info: 2024-10-22 08:39:41: Mapped {/img, POST} route
info: 2024-10-22 08:39:41: Mapped {/img, POST} route
info: 2024-10-22 08:39:41: Mapped {/img, GET} route
info: 2024-10-22 08:39:41: Mapped {/img/:id, GET} route
info: 2024-10-22 08:39:41: Mapped {/img/:id, PATCH} route
info: 2024-10-22 08:39:41: Mapped {/img/:id, DELETE} route
info: 2024-10-22 08:39:41: MusicController {/music}:
info: 2024-10-22 08:39:41: Mapped {/music/:id, GET} route
info: 2024-10-22 08:39:41: Mapped {/music, GET} route
info: 2024-10-22 08:39:41: Mapped {/music, POST} route
info: 2024-10-22 08:39:41: Mapped {/music/bulk, POST} route
info: 2024-10-22 08:39:41: Mapped {/music/:id, PATCH} route
info: 2024-10-22 08:39:41: Mapped {/music/:id, PUT} route
info: 2024-10-22 08:39:41: Mapped {/music/:id, DELETE} route
info: 2024-10-22 08:39:41: Nest application successfully started
info: 2024-10-22 08:39:41: [INFO] method=GET ip=1.36.156.68======
info: 2024-10-22 08:39:41: [INFO] method=GET ip=1.36.156.68 耗时=43ms======
