info: 2024-10-22 09:54:26: Starting Nest application...
info: 2024-10-22 09:54:26: TypeOrmModule dependencies initialized
info: 2024-10-22 09:54:26: MulterModule dependencies initialized
info: 2024-10-22 09:54:26: JwtModule dependencies initialized
info: 2024-10-22 09:54:26: WinstonModule dependencies initialized
info: 2024-10-22 09:54:26: TasksModule dependencies initialized
info: 2024-10-22 09:54:26: DiscoveryModule dependencies initialized
info: 2024-10-22 09:54:26: AppModule dependencies initialized
info: 2024-10-22 09:54:26: ScheduleModule dependencies initialized
info: 2024-10-22 09:54:32: TypeOrmCoreModule dependencies initialized
info: 2024-10-22 09:54:32: TypeOrmModule dependencies initialized
info: 2024-10-22 09:54:32: TypeOrmModule dependencies initialized
info: 2024-10-22 09:54:32: TypeOrmModule dependencies initialized
info: 2024-10-22 09:54:32: UserModule dependencies initialized
info: 2024-10-22 09:54:32: ArticleModule dependencies initialized
info: 2024-10-22 09:54:32: ImgModule dependencies initialized
info: 2024-10-22 09:54:32: AppController {/}:
info: 2024-10-22 09:54:32: Mapped {/, GET} route
info: 2024-10-22 09:54:32: Mapped {/auth, GET} route
info: 2024-10-22 09:54:32: Mapped {/encrypt, GET} route
info: 2024-10-22 09:54:32: Mapped {/decrypt, GET} route
info: 2024-10-22 09:54:32: UserController {/user}:
info: 2024-10-22 09:54:32: Mapped {/user/register, POST} route
info: 2024-10-22 09:54:32: Mapped {/user/login, POST} route
info: 2024-10-22 09:54:32: Mapped {/user/:id, GET} route
info: 2024-10-22 09:54:32: ArticleController {/article}:
info: 2024-10-22 09:54:32: Mapped {/article, POST} route
info: 2024-10-22 09:54:32: Mapped {/article, GET} route
info: 2024-10-22 09:54:32: Mapped {/article/:id, GET} route
info: 2024-10-22 09:54:32: Mapped {/article/pid/:pid, GET} route
info: 2024-10-22 09:54:32: Mapped {/article/:id, PATCH} route
info: 2024-10-22 09:54:32: Mapped {/article/updateOrder, POST} route
info: 2024-10-22 09:54:32: Mapped {/article/:id, DELETE} route
info: 2024-10-22 09:54:32: ImgController {/img}:
info: 2024-10-22 09:54:32: Mapped {/img, POST} route
info: 2024-10-22 09:54:32: Mapped {/img, POST} route
info: 2024-10-22 09:54:32: Mapped {/img, GET} route
info: 2024-10-22 09:54:32: Mapped {/img/:id, GET} route
info: 2024-10-22 09:54:32: Mapped {/img/:id, PATCH} route
info: 2024-10-22 09:54:32: Mapped {/img/:id, DELETE} route
info: 2024-10-22 09:54:32: Nest application successfully started
info: 2024-10-22 09:54:45: [INFO] method=GET ip=::1======
info: 2024-10-22 09:54:45: [INFO] method=GET ip=::1 耗时=3ms======
info: 2024-10-22 09:55:21: Starting Nest application...
info: 2024-10-22 09:55:21: TypeOrmModule dependencies initialized
info: 2024-10-22 09:55:21: MulterModule dependencies initialized
info: 2024-10-22 09:55:21: JwtModule dependencies initialized
info: 2024-10-22 09:55:21: WinstonModule dependencies initialized
info: 2024-10-22 09:55:21: TasksModule dependencies initialized
info: 2024-10-22 09:55:21: DiscoveryModule dependencies initialized
info: 2024-10-22 09:55:21: AppModule dependencies initialized
info: 2024-10-22 09:55:21: ScheduleModule dependencies initialized
info: 2024-10-22 09:55:27: Starting Nest application...
info: 2024-10-22 09:55:27: TypeOrmModule dependencies initialized
info: 2024-10-22 09:55:27: MulterModule dependencies initialized
info: 2024-10-22 09:55:27: JwtModule dependencies initialized
info: 2024-10-22 09:55:27: WinstonModule dependencies initialized
info: 2024-10-22 09:55:27: TasksModule dependencies initialized
info: 2024-10-22 09:55:27: DiscoveryModule dependencies initialized
info: 2024-10-22 09:55:27: AppModule dependencies initialized
info: 2024-10-22 09:55:27: ScheduleModule dependencies initialized
info: 2024-10-22 09:55:33: TypeOrmCoreModule dependencies initialized
info: 2024-10-22 09:55:33: TypeOrmModule dependencies initialized
info: 2024-10-22 09:55:33: TypeOrmModule dependencies initialized
info: 2024-10-22 09:55:33: TypeOrmModule dependencies initialized
info: 2024-10-22 09:55:33: UserModule dependencies initialized
info: 2024-10-22 09:55:33: ArticleModule dependencies initialized
info: 2024-10-22 09:55:33: ImgModule dependencies initialized
info: 2024-10-22 09:55:33: AppController {/}:
info: 2024-10-22 09:55:33: Mapped {/, GET} route
info: 2024-10-22 09:55:33: Mapped {/auth, GET} route
info: 2024-10-22 09:55:33: Mapped {/encrypt, GET} route
info: 2024-10-22 09:55:33: Mapped {/decrypt, GET} route
info: 2024-10-22 09:55:33: UserController {/user}:
info: 2024-10-22 09:55:33: Mapped {/user/register, POST} route
info: 2024-10-22 09:55:33: Mapped {/user/login, POST} route
info: 2024-10-22 09:55:33: Mapped {/user/:id, GET} route
info: 2024-10-22 09:55:33: ArticleController {/article}:
info: 2024-10-22 09:55:33: Mapped {/article, POST} route
info: 2024-10-22 09:55:33: Mapped {/article, GET} route
info: 2024-10-22 09:55:33: Mapped {/article/:id, GET} route
info: 2024-10-22 09:55:33: Mapped {/article/pid/:pid, GET} route
info: 2024-10-22 09:55:33: Mapped {/article/:id, PATCH} route
info: 2024-10-22 09:55:33: Mapped {/article/updateOrder, POST} route
info: 2024-10-22 09:55:33: Mapped {/article/:id, DELETE} route
info: 2024-10-22 09:55:33: ImgController {/img}:
info: 2024-10-22 09:55:33: Mapped {/img, POST} route
info: 2024-10-22 09:55:33: Mapped {/img, POST} route
info: 2024-10-22 09:55:33: Mapped {/img, GET} route
info: 2024-10-22 09:55:33: Mapped {/img/:id, GET} route
info: 2024-10-22 09:55:33: Mapped {/img/:id, PATCH} route
info: 2024-10-22 09:55:33: Mapped {/img/:id, DELETE} route
info: 2024-10-22 09:55:33: Nest application successfully started
info: 2024-10-22 09:55:55: Starting Nest application...
info: 2024-10-22 09:55:55: TypeOrmModule dependencies initialized
info: 2024-10-22 09:55:55: MulterModule dependencies initialized
info: 2024-10-22 09:55:55: JwtModule dependencies initialized
info: 2024-10-22 09:55:55: WinstonModule dependencies initialized
info: 2024-10-22 09:55:55: TasksModule dependencies initialized
info: 2024-10-22 09:55:55: DiscoveryModule dependencies initialized
info: 2024-10-22 09:55:55: AppModule dependencies initialized
info: 2024-10-22 09:55:55: ScheduleModule dependencies initialized
info: 2024-10-22 09:56:01: TypeOrmCoreModule dependencies initialized
info: 2024-10-22 09:56:01: TypeOrmModule dependencies initialized
info: 2024-10-22 09:56:01: TypeOrmModule dependencies initialized
info: 2024-10-22 09:56:01: TypeOrmModule dependencies initialized
info: 2024-10-22 09:56:01: TypeOrmModule dependencies initialized
info: 2024-10-22 09:56:01: UserModule dependencies initialized
info: 2024-10-22 09:56:01: ArticleModule dependencies initialized
info: 2024-10-22 09:56:01: MusicModule dependencies initialized
info: 2024-10-22 09:56:01: ImgModule dependencies initialized
info: 2024-10-22 09:56:01: AppController {/}:
info: 2024-10-22 09:56:01: Mapped {/, GET} route
info: 2024-10-22 09:56:01: Mapped {/auth, GET} route
info: 2024-10-22 09:56:01: Mapped {/encrypt, GET} route
info: 2024-10-22 09:56:01: Mapped {/decrypt, GET} route
info: 2024-10-22 09:56:01: UserController {/user}:
info: 2024-10-22 09:56:01: Mapped {/user/register, POST} route
info: 2024-10-22 09:56:01: Mapped {/user/login, POST} route
info: 2024-10-22 09:56:01: Mapped {/user/:id, GET} route
info: 2024-10-22 09:56:01: ArticleController {/article}:
info: 2024-10-22 09:56:01: Mapped {/article, POST} route
info: 2024-10-22 09:56:01: Mapped {/article, GET} route
info: 2024-10-22 09:56:01: Mapped {/article/:id, GET} route
info: 2024-10-22 09:56:01: Mapped {/article/pid/:pid, GET} route
info: 2024-10-22 09:56:01: Mapped {/article/:id, PATCH} route
info: 2024-10-22 09:56:01: Mapped {/article/updateOrder, POST} route
info: 2024-10-22 09:56:01: Mapped {/article/:id, DELETE} route
info: 2024-10-22 09:56:01: ImgController {/img}:
info: 2024-10-22 09:56:01: Mapped {/img, POST} route
info: 2024-10-22 09:56:01: Mapped {/img, POST} route
info: 2024-10-22 09:56:01: Mapped {/img, GET} route
info: 2024-10-22 09:56:01: Mapped {/img/:id, GET} route
info: 2024-10-22 09:56:01: Mapped {/img/:id, PATCH} route
info: 2024-10-22 09:56:01: Mapped {/img/:id, DELETE} route
info: 2024-10-22 09:56:01: MusicController {/music}:
info: 2024-10-22 09:56:01: Mapped {/music/:id, GET} route
info: 2024-10-22 09:56:01: Mapped {/music, GET} route
info: 2024-10-22 09:56:01: Mapped {/music, POST} route
info: 2024-10-22 09:56:01: Mapped {/music/bulk, POST} route
info: 2024-10-22 09:56:01: Mapped {/music/:id, PATCH} route
info: 2024-10-22 09:56:01: Mapped {/music/:id, PUT} route
info: 2024-10-22 09:56:01: Mapped {/music/:id, DELETE} route
info: 2024-10-22 09:56:01: Nest application successfully started
info: 2024-10-22 09:56:15: [INFO] method=GET ip=::1======
info: 2024-10-22 09:56:17: [INFO] method=GET ip=::1 耗时=2555ms======
info: 2024-10-22 10:17:29: Starting Nest application...
info: 2024-10-22 10:17:29: TypeOrmModule dependencies initialized
info: 2024-10-22 10:17:29: MulterModule dependencies initialized
info: 2024-10-22 10:17:29: JwtModule dependencies initialized
info: 2024-10-22 10:17:29: WinstonModule dependencies initialized
info: 2024-10-22 10:17:29: TasksModule dependencies initialized
info: 2024-10-22 10:17:29: DiscoveryModule dependencies initialized
info: 2024-10-22 10:17:29: AppModule dependencies initialized
info: 2024-10-22 10:17:29: ScheduleModule dependencies initialized
info: 2024-10-22 10:17:34: TypeOrmCoreModule dependencies initialized
info: 2024-10-22 10:17:34: TypeOrmModule dependencies initialized
info: 2024-10-22 10:17:34: TypeOrmModule dependencies initialized
info: 2024-10-22 10:17:34: TypeOrmModule dependencies initialized
info: 2024-10-22 10:17:34: TypeOrmModule dependencies initialized
info: 2024-10-22 10:17:34: UserModule dependencies initialized
info: 2024-10-22 10:17:34: ArticleModule dependencies initialized
info: 2024-10-22 10:17:34: MusicModule dependencies initialized
info: 2024-10-22 10:17:34: ImgModule dependencies initialized
info: 2024-10-22 10:17:34: AppController {/}:
info: 2024-10-22 10:17:34: Mapped {/, GET} route
info: 2024-10-22 10:17:34: Mapped {/auth, GET} route
info: 2024-10-22 10:17:34: Mapped {/encrypt, GET} route
info: 2024-10-22 10:17:34: Mapped {/decrypt, GET} route
info: 2024-10-22 10:17:34: UserController {/user}:
info: 2024-10-22 10:17:34: Mapped {/user/register, POST} route
info: 2024-10-22 10:17:34: Mapped {/user/login, POST} route
info: 2024-10-22 10:17:34: Mapped {/user/:id, GET} route
info: 2024-10-22 10:17:34: ArticleController {/article}:
info: 2024-10-22 10:17:34: Mapped {/article, POST} route
info: 2024-10-22 10:17:34: Mapped {/article, GET} route
info: 2024-10-22 10:17:34: Mapped {/article/:id, GET} route
info: 2024-10-22 10:17:34: Mapped {/article/pid/:pid, GET} route
info: 2024-10-22 10:17:34: Mapped {/article/:id, PATCH} route
info: 2024-10-22 10:17:34: Mapped {/article/updateOrder, POST} route
info: 2024-10-22 10:17:34: Mapped {/article/:id, DELETE} route
info: 2024-10-22 10:17:34: ImgController {/img}:
info: 2024-10-22 10:17:34: Mapped {/img, POST} route
info: 2024-10-22 10:17:34: Mapped {/img, POST} route
info: 2024-10-22 10:17:34: Mapped {/img, GET} route
info: 2024-10-22 10:17:34: Mapped {/img/:id, GET} route
info: 2024-10-22 10:17:34: Mapped {/img/:id, PATCH} route
info: 2024-10-22 10:17:34: Mapped {/img/:id, DELETE} route
info: 2024-10-22 10:17:34: MusicController {/music}:
info: 2024-10-22 10:17:34: Mapped {/music/:id, GET} route
info: 2024-10-22 10:17:34: Mapped {/music, GET} route
info: 2024-10-22 10:17:34: Mapped {/music, POST} route
info: 2024-10-22 10:17:34: Mapped {/music/bulk, POST} route
info: 2024-10-22 10:17:34: Mapped {/music/:id, PATCH} route
info: 2024-10-22 10:17:34: Mapped {/music/:id, PUT} route
info: 2024-10-22 10:17:34: Mapped {/music/:id, DELETE} route
info: 2024-10-22 10:17:34: Nest application successfully started
info: 2024-10-22 10:18:03: [INFO] method=GET ip=::1======
info: 2024-10-22 10:18:06: [INFO] method=GET ip=::1 耗时=2894ms======
info: 2024-10-22 10:20:00: 上传日志
