info: 2024-10-22 08:45:19: Starting Nest application...
info: 2024-10-22 08:45:19: TypeOrmModule dependencies initialized
info: 2024-10-22 08:45:19: MulterModule dependencies initialized
info: 2024-10-22 08:45:19: JwtModule dependencies initialized
info: 2024-10-22 08:45:19: WinstonModule dependencies initialized
info: 2024-10-22 08:45:19: TasksModule dependencies initialized
info: 2024-10-22 08:45:19: DiscoveryModule dependencies initialized
info: 2024-10-22 08:45:19: AppModule dependencies initialized
info: 2024-10-22 08:45:19: ScheduleModule dependencies initialized
info: 2024-10-22 08:45:19: TypeOrmCoreModule dependencies initialized
info: 2024-10-22 08:45:19: TypeOrmModule dependencies initialized
info: 2024-10-22 08:45:19: TypeOrmModule dependencies initialized
info: 2024-10-22 08:45:19: TypeOrmModule dependencies initialized
info: 2024-10-22 08:45:19: TypeOrmModule dependencies initialized
info: 2024-10-22 08:45:19: UserModule dependencies initialized
info: 2024-10-22 08:45:19: ArticleModule dependencies initialized
info: 2024-10-22 08:45:19: MusicModule dependencies initialized
info: 2024-10-22 08:45:19: ImgModule dependencies initialized
info: 2024-10-22 08:45:19: AppController {/}:
info: 2024-10-22 08:45:19: Mapped {/, GET} route
info: 2024-10-22 08:45:19: Mapped {/auth, GET} route
info: 2024-10-22 08:45:19: Mapped {/encrypt, GET} route
info: 2024-10-22 08:45:19: Mapped {/decrypt, GET} route
info: 2024-10-22 08:45:19: UserController {/user}:
info: 2024-10-22 08:45:19: Mapped {/user/register, POST} route
info: 2024-10-22 08:45:19: Mapped {/user/login, POST} route
info: 2024-10-22 08:45:19: Mapped {/user/:id, GET} route
info: 2024-10-22 08:45:19: ArticleController {/article}:
info: 2024-10-22 08:45:19: Mapped {/article, POST} route
info: 2024-10-22 08:45:19: Mapped {/article, GET} route
info: 2024-10-22 08:45:19: Mapped {/article/:id, GET} route
info: 2024-10-22 08:45:19: Mapped {/article/pid/:pid, GET} route
info: 2024-10-22 08:45:19: Mapped {/article/:id, PATCH} route
info: 2024-10-22 08:45:19: Mapped {/article/updateOrder, POST} route
info: 2024-10-22 08:45:19: Mapped {/article/:id, DELETE} route
info: 2024-10-22 08:45:19: ImgController {/img}:
info: 2024-10-22 08:45:19: Mapped {/img, POST} route
info: 2024-10-22 08:45:19: Mapped {/img, POST} route
info: 2024-10-22 08:45:19: Mapped {/img, GET} route
info: 2024-10-22 08:45:19: Mapped {/img/:id, GET} route
info: 2024-10-22 08:45:19: Mapped {/img/:id, PATCH} route
info: 2024-10-22 08:45:19: Mapped {/img/:id, DELETE} route
info: 2024-10-22 08:45:19: MusicController {/music}:
info: 2024-10-22 08:45:19: Mapped {/music/:id, GET} route
info: 2024-10-22 08:45:19: Mapped {/music, GET} route
info: 2024-10-22 08:45:19: Mapped {/music, POST} route
info: 2024-10-22 08:45:19: Mapped {/music/bulk, POST} route
info: 2024-10-22 08:45:19: Mapped {/music/:id, PATCH} route
info: 2024-10-22 08:45:19: Mapped {/music/:id, PUT} route
info: 2024-10-22 08:45:19: Mapped {/music/:id, DELETE} route
info: 2024-10-22 08:45:19: Nest application successfully started
info: 2024-10-22 08:48:20: [INFO] method=GET ip=218.250.72.67======
info: 2024-10-22 08:48:20: [INFO] method=GET ip=218.250.72.67 耗时=177ms======
info: 2024-10-22 08:49:20: [INFO] method=PATCH ip=172.183.108.34======
info: 2024-10-22 08:49:21: [INFO] method=PATCH ip=172.183.108.34 耗时=252ms======
info: 2024-10-22 08:49:21: [INFO] method=PATCH ip=172.183.108.34======
info: 2024-10-22 08:49:21: [INFO] method=PATCH ip=172.183.108.34 耗时=208ms======
info: 2024-10-22 08:49:37: [INFO] method=GET ip=1.36.156.68======
info: 2024-10-22 08:49:38: [INFO] method=GET ip=1.36.156.68 耗时=97ms======
info: 2024-10-22 08:53:20: 上传日志
