info: 2024-10-22 04:50:35: Starting Nest application...
info: 2024-10-22 04:50:35: TypeOrmModule dependencies initialized
info: 2024-10-22 04:50:35: MulterModule dependencies initialized
info: 2024-10-22 04:50:35: JwtModule dependencies initialized
info: 2024-10-22 04:50:35: WinstonModule dependencies initialized
info: 2024-10-22 04:50:35: TasksModule dependencies initialized
info: 2024-10-22 04:50:35: DiscoveryModule dependencies initialized
info: 2024-10-22 04:50:35: AppModule dependencies initialized
info: 2024-10-22 04:50:35: ScheduleModule dependencies initialized
info: 2024-10-22 04:50:36: TypeOrmCoreModule dependencies initialized
info: 2024-10-22 04:50:36: TypeOrmModule dependencies initialized
info: 2024-10-22 04:50:36: TypeOrmModule dependencies initialized
info: 2024-10-22 04:50:36: TypeOrmModule dependencies initialized
info: 2024-10-22 04:50:36: TypeOrmModule dependencies initialized
info: 2024-10-22 04:50:36: UserModule dependencies initialized
info: 2024-10-22 04:50:36: ArticleModule dependencies initialized
info: 2024-10-22 04:50:36: MusicModule dependencies initialized
info: 2024-10-22 04:50:36: ImgModule dependencies initialized
info: 2024-10-22 04:50:36: AppController {/}:
info: 2024-10-22 04:50:36: Mapped {/, GET} route
info: 2024-10-22 04:50:36: Mapped {/auth, GET} route
info: 2024-10-22 04:50:36: Mapped {/encrypt, GET} route
info: 2024-10-22 04:50:36: Mapped {/decrypt, GET} route
info: 2024-10-22 04:50:36: UserController {/user}:
info: 2024-10-22 04:50:36: Mapped {/user/register, POST} route
info: 2024-10-22 04:50:36: Mapped {/user/login, POST} route
info: 2024-10-22 04:50:36: Mapped {/user/:id, GET} route
info: 2024-10-22 04:50:36: ArticleController {/article}:
info: 2024-10-22 04:50:36: Mapped {/article, POST} route
info: 2024-10-22 04:50:36: Mapped {/article, GET} route
info: 2024-10-22 04:50:36: Mapped {/article/:id, GET} route
info: 2024-10-22 04:50:36: Mapped {/article/pid/:pid, GET} route
info: 2024-10-22 04:50:36: Mapped {/article/:id, PATCH} route
info: 2024-10-22 04:50:36: Mapped {/article/updateOrder, POST} route
info: 2024-10-22 04:50:36: Mapped {/article/:id, DELETE} route
info: 2024-10-22 04:50:36: ImgController {/img}:
info: 2024-10-22 04:50:36: Mapped {/img, POST} route
info: 2024-10-22 04:50:36: Mapped {/img, POST} route
info: 2024-10-22 04:50:36: Mapped {/img, GET} route
info: 2024-10-22 04:50:36: Mapped {/img/:id, GET} route
info: 2024-10-22 04:50:36: Mapped {/img/:id, PATCH} route
info: 2024-10-22 04:50:36: Mapped {/img/:id, DELETE} route
info: 2024-10-22 04:50:36: MusicController {/music}:
info: 2024-10-22 04:50:36: Mapped {/music/:id, GET} route
info: 2024-10-22 04:50:36: Mapped {/music, GET} route
info: 2024-10-22 04:50:36: Mapped {/music, POST} route
info: 2024-10-22 04:50:36: Mapped {/music/bulk, POST} route
info: 2024-10-22 04:50:36: Mapped {/music/:id, PATCH} route
info: 2024-10-22 04:50:36: Mapped {/music/:id, PUT} route
info: 2024-10-22 04:50:36: Mapped {/music/:id, DELETE} route
info: 2024-10-22 04:50:36: Nest application successfully started
info: 2024-10-22 04:50:36: [INFO] method=GET ip=52.234.36.4======
info: 2024-10-22 04:50:36: [INFO] method=GET ip=52.234.36.4 耗时=41ms======
info: 2024-10-22 04:53:45: [INFO] method=GET ip=20.55.86.182======
info: 2024-10-22 04:53:45: [INFO] method=GET ip=20.55.86.182 耗时=243ms======
info: 2024-10-22 04:54:38: [INFO] method=GET ip=1.36.156.68======
info: 2024-10-22 04:54:38: [INFO] method=GET ip=1.36.156.68 耗时=253ms======
info: 2024-10-22 04:59:38: [INFO] method=GET ip=1.36.156.68======
info: 2024-10-22 04:59:38: [INFO] method=GET ip=1.36.156.68 耗时=82ms======
info: 2024-10-22 05:04:37: 上传日志
info: 2024-10-22 05:04:37: [INFO] method=GET ip=1.36.156.68======
info: 2024-10-22 05:04:37: [INFO] method=GET ip=1.36.156.68 耗时=78ms======
info: 2024-10-22 05:09:37: "上传成功"
info: 2024-10-22 05:09:37: {"content":{"name":"info-2024-10-22 05:04:37.log","path":"2024-10-22/info-2024-10-22 05:04:37.log","sha":"401a2c1d7631007a842b783bf8265abf3649fd70","size":3669,"url":"https://api.github.com/repos/ndzy01/logs/contents/2024-10-22/info-2024-10-22%2005:04:37.log?ref=main","html_url":"https://github.com/ndzy01/logs/blob/main/2024-10-22/info-2024-10-22%2005:04:37.log","git_url":"https://api.github.com/repos/ndzy01/logs/git/blobs/401a2c1d7631007a842b783bf8265abf3649fd70","download_url":"https://raw.githubusercontent.com/ndzy01/logs/main/2024-10-22/info-2024-10-22%2005%3A04%3A37.log","type":"file","_links":{"self":"https://api.github.com/repos/ndzy01/logs/contents/2024-10-22/info-2024-10-22%2005:04:37.log?ref=main","git":"https://api.github.com/repos/ndzy01/logs/git/blobs/401a2c1d7631007a842b783bf8265abf3649fd70","html":"https://github.com/ndzy01/logs/blob/main/2024-10-22/info-2024-10-22%2005:04:37.log"}},"commit":{"sha":"01416f7f6987429028a8a88d3e026d16fae79ee1","node_id":"C_kwDOM4qzi9oAKDAxNDE2ZjdmNjk4NzQyOTAyOGE4YTg4ZDNlMDI2ZDE2ZmFlNzllZTE","url":"https://api.github.com/repos/ndzy01/logs/git/commits/01416f7f6987429028a8a88d3e026d16fae79ee1","html_url":"https://github.com/ndzy01/logs/commit/01416f7f6987429028a8a88d3e026d16fae79ee1","author":{"name":"ndzy01","email":"46743100+ndzy01@users.noreply.github.com","date":"2024-10-22T05:04:37Z"},"committer":{"name":"ndzy01","email":"46743100+ndzy01@users.noreply.github.com","date":"2024-10-22T05:04:37Z"},"tree":{"sha":"f185572437d9d8f577303869a976ff30a5e15b1f","url":"https://api.github.com/repos/ndzy01/logs/git/trees/f185572437d9d8f577303869a976ff30a5e15b1f"},"message":"更新日志 2024-10-22 05:04:37","parents":[{"sha":"bd8701674f298dd3f5be0ea0db941380f3530103","url":"https://api.github.com/repos/ndzy01/logs/git/commits/bd8701674f298dd3f5be0ea0db941380f3530103","html_url":"https://github.com/ndzy01/logs/commit/bd8701674f298dd3f5be0ea0db941380f3530103"}],"verification":{"verified":false,"reason":"unsigned","signature":null,"payload":null}}}
info: 2024-10-22 05:09:37: [INFO] method=GET ip=1.36.156.68======
info: 2024-10-22 05:09:37: [INFO] method=GET ip=1.36.156.68 耗时=60ms======
info: 2024-10-22 05:12:55: 上传日志
