info: 2024-10-22 08:49:23: Starting Nest application...
info: 2024-10-22 08:49:23: TypeOrmModule dependencies initialized
info: 2024-10-22 08:49:23: MulterModule dependencies initialized
info: 2024-10-22 08:49:23: JwtModule dependencies initialized
info: 2024-10-22 08:49:23: WinstonModule dependencies initialized
info: 2024-10-22 08:49:23: TasksModule dependencies initialized
info: 2024-10-22 08:49:23: DiscoveryModule dependencies initialized
info: 2024-10-22 08:49:23: AppModule dependencies initialized
info: 2024-10-22 08:49:23: ScheduleModule dependencies initialized
info: 2024-10-22 08:49:23: TypeOrmCoreModule dependencies initialized
info: 2024-10-22 08:49:23: TypeOrmModule dependencies initialized
info: 2024-10-22 08:49:23: TypeOrmModule dependencies initialized
info: 2024-10-22 08:49:23: TypeOrmModule dependencies initialized
info: 2024-10-22 08:49:23: TypeOrmModule dependencies initialized
info: 2024-10-22 08:49:23: UserModule dependencies initialized
info: 2024-10-22 08:49:23: ArticleModule dependencies initialized
info: 2024-10-22 08:49:23: MusicModule dependencies initialized
info: 2024-10-22 08:49:23: ImgModule dependencies initialized
info: 2024-10-22 08:49:23: AppController {/}:
info: 2024-10-22 08:49:23: Mapped {/, GET} route
info: 2024-10-22 08:49:23: Mapped {/auth, GET} route
info: 2024-10-22 08:49:23: Mapped {/encrypt, GET} route
info: 2024-10-22 08:49:23: Mapped {/decrypt, GET} route
info: 2024-10-22 08:49:23: UserController {/user}:
info: 2024-10-22 08:49:23: Mapped {/user/register, POST} route
info: 2024-10-22 08:49:23: Mapped {/user/login, POST} route
info: 2024-10-22 08:49:23: Mapped {/user/:id, GET} route
info: 2024-10-22 08:49:23: ArticleController {/article}:
info: 2024-10-22 08:49:23: Mapped {/article, POST} route
info: 2024-10-22 08:49:23: Mapped {/article, GET} route
info: 2024-10-22 08:49:23: Mapped {/article/:id, GET} route
info: 2024-10-22 08:49:23: Mapped {/article/pid/:pid, GET} route
info: 2024-10-22 08:49:23: Mapped {/article/:id, PATCH} route
info: 2024-10-22 08:49:23: Mapped {/article/updateOrder, POST} route
info: 2024-10-22 08:49:23: Mapped {/article/:id, DELETE} route
info: 2024-10-22 08:49:23: ImgController {/img}:
info: 2024-10-22 08:49:23: Mapped {/img, POST} route
info: 2024-10-22 08:49:23: Mapped {/img, POST} route
info: 2024-10-22 08:49:23: Mapped {/img, GET} route
info: 2024-10-22 08:49:23: Mapped {/img/:id, GET} route
info: 2024-10-22 08:49:23: Mapped {/img/:id, PATCH} route
info: 2024-10-22 08:49:23: Mapped {/img/:id, DELETE} route
info: 2024-10-22 08:49:23: MusicController {/music}:
info: 2024-10-22 08:49:23: Mapped {/music/:id, GET} route
info: 2024-10-22 08:49:23: Mapped {/music, GET} route
info: 2024-10-22 08:49:23: Mapped {/music, POST} route
info: 2024-10-22 08:49:23: Mapped {/music/bulk, POST} route
info: 2024-10-22 08:49:23: Mapped {/music/:id, PATCH} route
info: 2024-10-22 08:49:23: Mapped {/music/:id, PUT} route
info: 2024-10-22 08:49:23: Mapped {/music/:id, DELETE} route
info: 2024-10-22 08:49:23: Nest application successfully started
info: 2024-10-22 08:58:54: 上传日志
info: 2024-10-22 08:58:54: [INFO] method=PATCH ip=172.190.232.180======
info: 2024-10-22 08:58:55: [INFO] method=PATCH ip=172.190.232.180 耗时=351ms======
info: 2024-10-22 08:58:55: "上传成功"
info: 2024-10-22 08:58:55: {"content":{"name":"info-2024-10-22 08:58:54.log","path":"2024-10-22/info-2024-10-22 08:58:54.log","sha":"63e041e9df03b50c63ab0f4ac7e708b227f44c7c","size":3089,"url":"https://api.github.com/repos/ndzy01/logs/contents/2024-10-22/info-2024-10-22%2008:58:54.log?ref=main","html_url":"https://github.com/ndzy01/logs/blob/main/2024-10-22/info-2024-10-22%2008:58:54.log","git_url":"https://api.github.com/repos/ndzy01/logs/git/blobs/63e041e9df03b50c63ab0f4ac7e708b227f44c7c","download_url":"https://raw.githubusercontent.com/ndzy01/logs/main/2024-10-22/info-2024-10-22%2008%3A58%3A54.log","type":"file","_links":{"self":"https://api.github.com/repos/ndzy01/logs/contents/2024-10-22/info-2024-10-22%2008:58:54.log?ref=main","git":"https://api.github.com/repos/ndzy01/logs/git/blobs/63e041e9df03b50c63ab0f4ac7e708b227f44c7c","html":"https://github.com/ndzy01/logs/blob/main/2024-10-22/info-2024-10-22%2008:58:54.log"}},"commit":{"sha":"c9b9c71cfde6289255d48aeb269cacd2bff30325","node_id":"C_kwDOM4qzi9oAKGM5YjljNzFjZmRlNjI4OTI1NWQ0OGFlYjI2OWNhY2QyYmZmMzAzMjU","url":"https://api.github.com/repos/ndzy01/logs/git/commits/c9b9c71cfde6289255d48aeb269cacd2bff30325","html_url":"https://github.com/ndzy01/logs/commit/c9b9c71cfde6289255d48aeb269cacd2bff30325","author":{"name":"ndzy01","email":"46743100+ndzy01@users.noreply.github.com","date":"2024-10-22T08:58:55Z"},"committer":{"name":"ndzy01","email":"46743100+ndzy01@users.noreply.github.com","date":"2024-10-22T08:58:55Z"},"tree":{"sha":"28c8a6e8cfa1459f08741538eb9c2427cfbe6994","url":"https://api.github.com/repos/ndzy01/logs/git/trees/28c8a6e8cfa1459f08741538eb9c2427cfbe6994"},"message":"更新日志 2024-10-22 08:58:54","parents":[{"sha":"733dc27bc27ebbaaf87f2164db3e8c2317eb30f2","url":"https://api.github.com/repos/ndzy01/logs/git/commits/733dc27bc27ebbaaf87f2164db3e8c2317eb30f2","html_url":"https://github.com/ndzy01/logs/commit/733dc27bc27ebbaaf87f2164db3e8c2317eb30f2"}],"verification":{"verified":false,"reason":"unsigned","signature":null,"payload":null}}}
info: 2024-10-22 08:58:55: [INFO] method=PATCH ip=172.190.232.180======
info: 2024-10-22 08:58:55: [INFO] method=PATCH ip=172.190.232.180 耗时=224ms======
info: 2024-10-22 08:59:37: [INFO] method=GET ip=1.36.156.68======
info: 2024-10-22 08:59:38: [INFO] method=GET ip=1.36.156.68 耗时=50ms======
info: 2024-10-22 09:03:20: 上传日志
