info: 2024-10-22 09:54:26: Starting Nest application...
info: 2024-10-22 09:54:26: TypeOrmModule dependencies initialized
info: 2024-10-22 09:54:26: MulterModule dependencies initialized
info: 2024-10-22 09:54:26: JwtModule dependencies initialized
info: 2024-10-22 09:54:26: WinstonModule dependencies initialized
info: 2024-10-22 09:54:26: TasksModule dependencies initialized
info: 2024-10-22 09:54:26: DiscoveryModule dependencies initialized
info: 2024-10-22 09:54:26: AppModule dependencies initialized
info: 2024-10-22 09:54:26: ScheduleModule dependencies initialized
info: 2024-10-22 09:54:32: TypeOrmCoreModule dependencies initialized
info: 2024-10-22 09:54:32: TypeOrmModule dependencies initialized
info: 2024-10-22 09:54:32: TypeOrmModule dependencies initialized
info: 2024-10-22 09:54:32: TypeOrmModule dependencies initialized
info: 2024-10-22 09:54:32: UserModule dependencies initialized
info: 2024-10-22 09:54:32: ArticleModule dependencies initialized
info: 2024-10-22 09:54:32: ImgModule dependencies initialized
info: 2024-10-22 09:54:32: AppController {/}:
info: 2024-10-22 09:54:32: Mapped {/, GET} route
info: 2024-10-22 09:54:32: Mapped {/auth, GET} route
info: 2024-10-22 09:54:32: Mapped {/encrypt, GET} route
info: 2024-10-22 09:54:32: Mapped {/decrypt, GET} route
info: 2024-10-22 09:54:32: UserController {/user}:
info: 2024-10-22 09:54:32: Mapped {/user/register, POST} route
info: 2024-10-22 09:54:32: Mapped {/user/login, POST} route
info: 2024-10-22 09:54:32: Mapped {/user/:id, GET} route
info: 2024-10-22 09:54:32: ArticleController {/article}:
info: 2024-10-22 09:54:32: Mapped {/article, POST} route
info: 2024-10-22 09:54:32: Mapped {/article, GET} route
info: 2024-10-22 09:54:32: Mapped {/article/:id, GET} route
info: 2024-10-22 09:54:32: Mapped {/article/pid/:pid, GET} route
info: 2024-10-22 09:54:32: Mapped {/article/:id, PATCH} route
info: 2024-10-22 09:54:32: Mapped {/article/updateOrder, POST} route
info: 2024-10-22 09:54:32: Mapped {/article/:id, DELETE} route
info: 2024-10-22 09:54:32: ImgController {/img}:
info: 2024-10-22 09:54:32: Mapped {/img, POST} route
info: 2024-10-22 09:54:32: Mapped {/img, POST} route
info: 2024-10-22 09:54:32: Mapped {/img, GET} route
info: 2024-10-22 09:54:32: Mapped {/img/:id, GET} route
info: 2024-10-22 09:54:32: Mapped {/img/:id, PATCH} route
info: 2024-10-22 09:54:32: Mapped {/img/:id, DELETE} route
info: 2024-10-22 09:54:32: Nest application successfully started
info: 2024-10-22 09:54:45: [INFO] method=GET ip=::1======
info: 2024-10-22 09:54:45: [INFO] method=GET ip=::1 耗时=3ms======
info: 2024-10-22 09:55:21: Starting Nest application...
info: 2024-10-22 09:55:21: TypeOrmModule dependencies initialized
info: 2024-10-22 09:55:21: MulterModule dependencies initialized
info: 2024-10-22 09:55:21: JwtModule dependencies initialized
info: 2024-10-22 09:55:21: WinstonModule dependencies initialized
info: 2024-10-22 09:55:21: TasksModule dependencies initialized
info: 2024-10-22 09:55:21: DiscoveryModule dependencies initialized
info: 2024-10-22 09:55:21: AppModule dependencies initialized
info: 2024-10-22 09:55:21: ScheduleModule dependencies initialized
info: 2024-10-22 09:55:27: Starting Nest application...
info: 2024-10-22 09:55:27: TypeOrmModule dependencies initialized
info: 2024-10-22 09:55:27: MulterModule dependencies initialized
info: 2024-10-22 09:55:27: JwtModule dependencies initialized
info: 2024-10-22 09:55:27: WinstonModule dependencies initialized
info: 2024-10-22 09:55:27: TasksModule dependencies initialized
info: 2024-10-22 09:55:27: DiscoveryModule dependencies initialized
info: 2024-10-22 09:55:27: AppModule dependencies initialized
info: 2024-10-22 09:55:27: ScheduleModule dependencies initialized
info: 2024-10-22 09:55:33: TypeOrmCoreModule dependencies initialized
info: 2024-10-22 09:55:33: TypeOrmModule dependencies initialized
info: 2024-10-22 09:55:33: TypeOrmModule dependencies initialized
info: 2024-10-22 09:55:33: TypeOrmModule dependencies initialized
info: 2024-10-22 09:55:33: UserModule dependencies initialized
info: 2024-10-22 09:55:33: ArticleModule dependencies initialized
info: 2024-10-22 09:55:33: ImgModule dependencies initialized
info: 2024-10-22 09:55:33: AppController {/}:
info: 2024-10-22 09:55:33: Mapped {/, GET} route
info: 2024-10-22 09:55:33: Mapped {/auth, GET} route
info: 2024-10-22 09:55:33: Mapped {/encrypt, GET} route
info: 2024-10-22 09:55:33: Mapped {/decrypt, GET} route
info: 2024-10-22 09:55:33: UserController {/user}:
info: 2024-10-22 09:55:33: Mapped {/user/register, POST} route
info: 2024-10-22 09:55:33: Mapped {/user/login, POST} route
info: 2024-10-22 09:55:33: Mapped {/user/:id, GET} route
info: 2024-10-22 09:55:33: ArticleController {/article}:
info: 2024-10-22 09:55:33: Mapped {/article, POST} route
info: 2024-10-22 09:55:33: Mapped {/article, GET} route
info: 2024-10-22 09:55:33: Mapped {/article/:id, GET} route
info: 2024-10-22 09:55:33: Mapped {/article/pid/:pid, GET} route
info: 2024-10-22 09:55:33: Mapped {/article/:id, PATCH} route
info: 2024-10-22 09:55:33: Mapped {/article/updateOrder, POST} route
info: 2024-10-22 09:55:33: Mapped {/article/:id, DELETE} route
info: 2024-10-22 09:55:33: ImgController {/img}:
info: 2024-10-22 09:55:33: Mapped {/img, POST} route
info: 2024-10-22 09:55:33: Mapped {/img, POST} route
info: 2024-10-22 09:55:33: Mapped {/img, GET} route
info: 2024-10-22 09:55:33: Mapped {/img/:id, GET} route
info: 2024-10-22 09:55:33: Mapped {/img/:id, PATCH} route
info: 2024-10-22 09:55:33: Mapped {/img/:id, DELETE} route
info: 2024-10-22 09:55:33: Nest application successfully started
info: 2024-10-22 09:55:55: Starting Nest application...
info: 2024-10-22 09:55:55: TypeOrmModule dependencies initialized
info: 2024-10-22 09:55:55: MulterModule dependencies initialized
info: 2024-10-22 09:55:55: JwtModule dependencies initialized
info: 2024-10-22 09:55:55: WinstonModule dependencies initialized
info: 2024-10-22 09:55:55: TasksModule dependencies initialized
info: 2024-10-22 09:55:55: DiscoveryModule dependencies initialized
info: 2024-10-22 09:55:55: AppModule dependencies initialized
info: 2024-10-22 09:55:55: ScheduleModule dependencies initialized
info: 2024-10-22 09:56:01: TypeOrmCoreModule dependencies initialized
info: 2024-10-22 09:56:01: TypeOrmModule dependencies initialized
info: 2024-10-22 09:56:01: TypeOrmModule dependencies initialized
info: 2024-10-22 09:56:01: TypeOrmModule dependencies initialized
info: 2024-10-22 09:56:01: TypeOrmModule dependencies initialized
info: 2024-10-22 09:56:01: UserModule dependencies initialized
info: 2024-10-22 09:56:01: ArticleModule dependencies initialized
info: 2024-10-22 09:56:01: MusicModule dependencies initialized
info: 2024-10-22 09:56:01: ImgModule dependencies initialized
info: 2024-10-22 09:56:01: AppController {/}:
info: 2024-10-22 09:56:01: Mapped {/, GET} route
info: 2024-10-22 09:56:01: Mapped {/auth, GET} route
info: 2024-10-22 09:56:01: Mapped {/encrypt, GET} route
info: 2024-10-22 09:56:01: Mapped {/decrypt, GET} route
info: 2024-10-22 09:56:01: UserController {/user}:
info: 2024-10-22 09:56:01: Mapped {/user/register, POST} route
info: 2024-10-22 09:56:01: Mapped {/user/login, POST} route
info: 2024-10-22 09:56:01: Mapped {/user/:id, GET} route
info: 2024-10-22 09:56:01: ArticleController {/article}:
info: 2024-10-22 09:56:01: Mapped {/article, POST} route
info: 2024-10-22 09:56:01: Mapped {/article, GET} route
info: 2024-10-22 09:56:01: Mapped {/article/:id, GET} route
info: 2024-10-22 09:56:01: Mapped {/article/pid/:pid, GET} route
info: 2024-10-22 09:56:01: Mapped {/article/:id, PATCH} route
info: 2024-10-22 09:56:01: Mapped {/article/updateOrder, POST} route
info: 2024-10-22 09:56:01: Mapped {/article/:id, DELETE} route
info: 2024-10-22 09:56:01: ImgController {/img}:
info: 2024-10-22 09:56:01: Mapped {/img, POST} route
info: 2024-10-22 09:56:01: Mapped {/img, POST} route
info: 2024-10-22 09:56:01: Mapped {/img, GET} route
info: 2024-10-22 09:56:01: Mapped {/img/:id, GET} route
info: 2024-10-22 09:56:01: Mapped {/img/:id, PATCH} route
info: 2024-10-22 09:56:01: Mapped {/img/:id, DELETE} route
info: 2024-10-22 09:56:01: MusicController {/music}:
info: 2024-10-22 09:56:01: Mapped {/music/:id, GET} route
info: 2024-10-22 09:56:01: Mapped {/music, GET} route
info: 2024-10-22 09:56:01: Mapped {/music, POST} route
info: 2024-10-22 09:56:01: Mapped {/music/bulk, POST} route
info: 2024-10-22 09:56:01: Mapped {/music/:id, PATCH} route
info: 2024-10-22 09:56:01: Mapped {/music/:id, PUT} route
info: 2024-10-22 09:56:01: Mapped {/music/:id, DELETE} route
info: 2024-10-22 09:56:01: Nest application successfully started
info: 2024-10-22 09:56:15: [INFO] method=GET ip=::1======
info: 2024-10-22 09:56:17: [INFO] method=GET ip=::1 耗时=2555ms======
info: 2024-10-22 10:17:29: Starting Nest application...
info: 2024-10-22 10:17:29: TypeOrmModule dependencies initialized
info: 2024-10-22 10:17:29: MulterModule dependencies initialized
info: 2024-10-22 10:17:29: JwtModule dependencies initialized
info: 2024-10-22 10:17:29: WinstonModule dependencies initialized
info: 2024-10-22 10:17:29: TasksModule dependencies initialized
info: 2024-10-22 10:17:29: DiscoveryModule dependencies initialized
info: 2024-10-22 10:17:29: AppModule dependencies initialized
info: 2024-10-22 10:17:29: ScheduleModule dependencies initialized
info: 2024-10-22 10:17:34: TypeOrmCoreModule dependencies initialized
info: 2024-10-22 10:17:34: TypeOrmModule dependencies initialized
info: 2024-10-22 10:17:34: TypeOrmModule dependencies initialized
info: 2024-10-22 10:17:34: TypeOrmModule dependencies initialized
info: 2024-10-22 10:17:34: TypeOrmModule dependencies initialized
info: 2024-10-22 10:17:34: UserModule dependencies initialized
info: 2024-10-22 10:17:34: ArticleModule dependencies initialized
info: 2024-10-22 10:17:34: MusicModule dependencies initialized
info: 2024-10-22 10:17:34: ImgModule dependencies initialized
info: 2024-10-22 10:17:34: AppController {/}:
info: 2024-10-22 10:17:34: Mapped {/, GET} route
info: 2024-10-22 10:17:34: Mapped {/auth, GET} route
info: 2024-10-22 10:17:34: Mapped {/encrypt, GET} route
info: 2024-10-22 10:17:34: Mapped {/decrypt, GET} route
info: 2024-10-22 10:17:34: UserController {/user}:
info: 2024-10-22 10:17:34: Mapped {/user/register, POST} route
info: 2024-10-22 10:17:34: Mapped {/user/login, POST} route
info: 2024-10-22 10:17:34: Mapped {/user/:id, GET} route
info: 2024-10-22 10:17:34: ArticleController {/article}:
info: 2024-10-22 10:17:34: Mapped {/article, POST} route
info: 2024-10-22 10:17:34: Mapped {/article, GET} route
info: 2024-10-22 10:17:34: Mapped {/article/:id, GET} route
info: 2024-10-22 10:17:34: Mapped {/article/pid/:pid, GET} route
info: 2024-10-22 10:17:34: Mapped {/article/:id, PATCH} route
info: 2024-10-22 10:17:34: Mapped {/article/updateOrder, POST} route
info: 2024-10-22 10:17:34: Mapped {/article/:id, DELETE} route
info: 2024-10-22 10:17:34: ImgController {/img}:
info: 2024-10-22 10:17:34: Mapped {/img, POST} route
info: 2024-10-22 10:17:34: Mapped {/img, POST} route
info: 2024-10-22 10:17:34: Mapped {/img, GET} route
info: 2024-10-22 10:17:34: Mapped {/img/:id, GET} route
info: 2024-10-22 10:17:34: Mapped {/img/:id, PATCH} route
info: 2024-10-22 10:17:34: Mapped {/img/:id, DELETE} route
info: 2024-10-22 10:17:34: MusicController {/music}:
info: 2024-10-22 10:17:34: Mapped {/music/:id, GET} route
info: 2024-10-22 10:17:34: Mapped {/music, GET} route
info: 2024-10-22 10:17:34: Mapped {/music, POST} route
info: 2024-10-22 10:17:34: Mapped {/music/bulk, POST} route
info: 2024-10-22 10:17:34: Mapped {/music/:id, PATCH} route
info: 2024-10-22 10:17:34: Mapped {/music/:id, PUT} route
info: 2024-10-22 10:17:34: Mapped {/music/:id, DELETE} route
info: 2024-10-22 10:17:34: Nest application successfully started
info: 2024-10-22 10:18:03: [INFO] method=GET ip=::1======
info: 2024-10-22 10:18:06: [INFO] method=GET ip=::1 耗时=2894ms======
info: 2024-10-22 10:20:00: 上传日志
info: 2024-10-22 10:20:01: "上传成功"
info: 2024-10-22 10:20:01: {"content":{"name":"info-2024-10-22 10:20:00.log","path":"2024-10-22/info-2024-10-22 10:20:00.log","sha":"53c6a7d000a852aa945ec8839f3d519341c743f9","size":12021,"url":"https://api.github.com/repos/ndzy01/logs/contents/2024-10-22/info-2024-10-22%2010:20:00.log?ref=main","html_url":"https://github.com/ndzy01/logs/blob/main/2024-10-22/info-2024-10-22%2010:20:00.log","git_url":"https://api.github.com/repos/ndzy01/logs/git/blobs/53c6a7d000a852aa945ec8839f3d519341c743f9","download_url":"https://raw.githubusercontent.com/ndzy01/logs/main/2024-10-22/info-2024-10-22%2010%3A20%3A00.log","type":"file","_links":{"self":"https://api.github.com/repos/ndzy01/logs/contents/2024-10-22/info-2024-10-22%2010:20:00.log?ref=main","git":"https://api.github.com/repos/ndzy01/logs/git/blobs/53c6a7d000a852aa945ec8839f3d519341c743f9","html":"https://github.com/ndzy01/logs/blob/main/2024-10-22/info-2024-10-22%2010:20:00.log"}},"commit":{"sha":"5f581f9b27837d8a8a9fc69e885a080a367dcaf4","node_id":"C_kwDOM4qzi9oAKDVmNTgxZjliMjc4MzdkOGE4YTlmYzY5ZTg4NWEwODBhMzY3ZGNhZjQ","url":"https://api.github.com/repos/ndzy01/logs/git/commits/5f581f9b27837d8a8a9fc69e885a080a367dcaf4","html_url":"https://github.com/ndzy01/logs/commit/5f581f9b27837d8a8a9fc69e885a080a367dcaf4","author":{"name":"ndzy01","email":"46743100+ndzy01@users.noreply.github.com","date":"2024-10-22T02:20:00Z"},"committer":{"name":"ndzy01","email":"46743100+ndzy01@users.noreply.github.com","date":"2024-10-22T02:20:00Z"},"tree":{"sha":"2295818ca9c5627986f5c73aa5cbcce35b91773e","url":"https://api.github.com/repos/ndzy01/logs/git/trees/2295818ca9c5627986f5c73aa5cbcce35b91773e"},"message":"更新日志 2024-10-22 10:20:00","parents":[{"sha":"90e860e306f4a76ae9544d8c45a206fce86547f7","url":"https://api.github.com/repos/ndzy01/logs/git/commits/90e860e306f4a76ae9544d8c45a206fce86547f7","html_url":"https://github.com/ndzy01/logs/commit/90e860e306f4a76ae9544d8c45a206fce86547f7"}],"verification":{"verified":false,"reason":"unsigned","signature":null,"payload":null}}}
info: 2024-10-22 10:24:51: Starting Nest application...
info: 2024-10-22 10:24:51: TypeOrmModule dependencies initialized
info: 2024-10-22 10:24:51: MulterModule dependencies initialized
info: 2024-10-22 10:24:51: JwtModule dependencies initialized
info: 2024-10-22 10:24:51: WinstonModule dependencies initialized
info: 2024-10-22 10:24:51: TasksModule dependencies initialized
info: 2024-10-22 10:24:51: DiscoveryModule dependencies initialized
info: 2024-10-22 10:24:51: AppModule dependencies initialized
info: 2024-10-22 10:24:51: ScheduleModule dependencies initialized
info: 2024-10-22 10:24:57: TypeOrmCoreModule dependencies initialized
info: 2024-10-22 10:24:57: TypeOrmModule dependencies initialized
info: 2024-10-22 10:24:57: TypeOrmModule dependencies initialized
info: 2024-10-22 10:24:57: TypeOrmModule dependencies initialized
info: 2024-10-22 10:24:57: TypeOrmModule dependencies initialized
info: 2024-10-22 10:24:57: UserModule dependencies initialized
info: 2024-10-22 10:24:57: ArticleModule dependencies initialized
info: 2024-10-22 10:24:57: MusicModule dependencies initialized
info: 2024-10-22 10:24:57: ImgModule dependencies initialized
info: 2024-10-22 10:24:57: AppController {/}:
info: 2024-10-22 10:24:57: Mapped {/, GET} route
info: 2024-10-22 10:24:57: Mapped {/auth, GET} route
info: 2024-10-22 10:24:57: Mapped {/encrypt, GET} route
info: 2024-10-22 10:24:57: Mapped {/decrypt, GET} route
info: 2024-10-22 10:24:57: UserController {/user}:
info: 2024-10-22 10:24:57: Mapped {/user/register, POST} route
info: 2024-10-22 10:24:57: Mapped {/user/login, POST} route
info: 2024-10-22 10:24:57: Mapped {/user/:id, GET} route
info: 2024-10-22 10:24:57: ArticleController {/article}:
info: 2024-10-22 10:24:57: Mapped {/article, POST} route
info: 2024-10-22 10:24:57: Mapped {/article, GET} route
info: 2024-10-22 10:24:57: Mapped {/article/:id, GET} route
info: 2024-10-22 10:24:57: Mapped {/article/pid/:pid, GET} route
info: 2024-10-22 10:24:57: Mapped {/article/:id, PATCH} route
info: 2024-10-22 10:24:57: Mapped {/article/updateOrder, POST} route
info: 2024-10-22 10:24:57: Mapped {/article/:id, DELETE} route
info: 2024-10-22 10:24:57: ImgController {/img}:
info: 2024-10-22 10:24:57: Mapped {/img, POST} route
info: 2024-10-22 10:24:57: Mapped {/img, POST} route
info: 2024-10-22 10:24:57: Mapped {/img, GET} route
info: 2024-10-22 10:24:57: Mapped {/img/:id, GET} route
info: 2024-10-22 10:24:57: Mapped {/img/:id, PATCH} route
info: 2024-10-22 10:24:57: Mapped {/img/:id, DELETE} route
info: 2024-10-22 10:24:57: MusicController {/music}:
info: 2024-10-22 10:24:57: Mapped {/music/:id, GET} route
info: 2024-10-22 10:24:57: Mapped {/music, GET} route
info: 2024-10-22 10:24:57: Mapped {/music, POST} route
info: 2024-10-22 10:24:57: Mapped {/music/bulk, POST} route
info: 2024-10-22 10:24:57: Mapped {/music/:id, PATCH} route
info: 2024-10-22 10:24:57: Mapped {/music/:id, PUT} route
info: 2024-10-22 10:24:57: Mapped {/music/:id, DELETE} route
info: 2024-10-22 10:24:57: Nest application successfully started
info: 2024-10-22 10:25:10: [INFO] method=PATCH ip=::1======
info: 2024-10-22 10:25:14: [INFO] method=PATCH ip=::1 耗时=3544ms======
info: 2024-10-22 10:25:20: [INFO] method=PATCH ip=::1======
info: 2024-10-22 10:25:22: [INFO] method=PATCH ip=::1 耗时=1518ms======
info: 2024-10-22 10:30:00: 上传日志
info: 2024-10-22 10:30:01: "上传成功"
info: 2024-10-22 10:30:01: {"content":{"name":"info-2024-10-22 10:30:00.log","path":"2024-10-22/info-2024-10-22 10:30:00.log","sha":"ee85e16aa3276a8223e441352efda3813a80512c","size":17461,"url":"https://api.github.com/repos/ndzy01/logs/contents/2024-10-22/info-2024-10-22%2010:30:00.log?ref=main","html_url":"https://github.com/ndzy01/logs/blob/main/2024-10-22/info-2024-10-22%2010:30:00.log","git_url":"https://api.github.com/repos/ndzy01/logs/git/blobs/ee85e16aa3276a8223e441352efda3813a80512c","download_url":"https://raw.githubusercontent.com/ndzy01/logs/main/2024-10-22/info-2024-10-22%2010%3A30%3A00.log","type":"file","_links":{"self":"https://api.github.com/repos/ndzy01/logs/contents/2024-10-22/info-2024-10-22%2010:30:00.log?ref=main","git":"https://api.github.com/repos/ndzy01/logs/git/blobs/ee85e16aa3276a8223e441352efda3813a80512c","html":"https://github.com/ndzy01/logs/blob/main/2024-10-22/info-2024-10-22%2010:30:00.log"}},"commit":{"sha":"35b94873b15da0bd1febcc76e60afe23b9a948cb","node_id":"C_kwDOM4qzi9oAKDM1Yjk0ODczYjE1ZGEwYmQxZmViY2M3NmU2MGFmZTIzYjlhOTQ4Y2I","url":"https://api.github.com/repos/ndzy01/logs/git/commits/35b94873b15da0bd1febcc76e60afe23b9a948cb","html_url":"https://github.com/ndzy01/logs/commit/35b94873b15da0bd1febcc76e60afe23b9a948cb","author":{"name":"ndzy01","email":"46743100+ndzy01@users.noreply.github.com","date":"2024-10-22T02:30:00Z"},"committer":{"name":"ndzy01","email":"46743100+ndzy01@users.noreply.github.com","date":"2024-10-22T02:30:00Z"},"tree":{"sha":"19dd62ff940c7a3e6d6853f05a0f398fc81d9938","url":"https://api.github.com/repos/ndzy01/logs/git/trees/19dd62ff940c7a3e6d6853f05a0f398fc81d9938"},"message":"更新日志 2024-10-22 10:30:00","parents":[{"sha":"b4ef9b241472cc16026b581db15a69e96aac38e1","url":"https://api.github.com/repos/ndzy01/logs/git/commits/b4ef9b241472cc16026b581db15a69e96aac38e1","html_url":"https://github.com/ndzy01/logs/commit/b4ef9b241472cc16026b581db15a69e96aac38e1"}],"verification":{"verified":false,"reason":"unsigned","signature":null,"payload":null}}}
info: 2024-10-22 10:54:45: Starting Nest application...
info: 2024-10-22 10:54:45: TypeOrmModule dependencies initialized
info: 2024-10-22 10:54:45: MulterModule dependencies initialized
info: 2024-10-22 10:54:45: JwtModule dependencies initialized
info: 2024-10-22 10:54:45: WinstonModule dependencies initialized
info: 2024-10-22 10:54:45: TasksModule dependencies initialized
info: 2024-10-22 10:54:45: DiscoveryModule dependencies initialized
info: 2024-10-22 10:54:45: AppModule dependencies initialized
info: 2024-10-22 10:54:45: ScheduleModule dependencies initialized
info: 2024-10-22 10:54:50: TypeOrmCoreModule dependencies initialized
info: 2024-10-22 10:54:50: TypeOrmModule dependencies initialized
info: 2024-10-22 10:54:50: TypeOrmModule dependencies initialized
info: 2024-10-22 10:54:50: TypeOrmModule dependencies initialized
info: 2024-10-22 10:54:50: TypeOrmModule dependencies initialized
info: 2024-10-22 10:54:50: UserModule dependencies initialized
info: 2024-10-22 10:54:50: ArticleModule dependencies initialized
info: 2024-10-22 10:54:50: MusicModule dependencies initialized
info: 2024-10-22 10:54:50: ImgModule dependencies initialized
info: 2024-10-22 10:54:50: AppController {/}:
info: 2024-10-22 10:54:50: Mapped {/, GET} route
info: 2024-10-22 10:54:50: Mapped {/auth, GET} route
info: 2024-10-22 10:54:50: Mapped {/encrypt, GET} route
info: 2024-10-22 10:54:50: Mapped {/decrypt, GET} route
info: 2024-10-22 10:54:50: UserController {/user}:
info: 2024-10-22 10:54:50: Mapped {/user/register, POST} route
info: 2024-10-22 10:54:50: Mapped {/user/login, POST} route
info: 2024-10-22 10:54:50: Mapped {/user/:id, GET} route
info: 2024-10-22 10:54:50: ArticleController {/article}:
info: 2024-10-22 10:54:50: Mapped {/article, POST} route
info: 2024-10-22 10:54:50: Mapped {/article, GET} route
info: 2024-10-22 10:54:50: Mapped {/article/:id, GET} route
info: 2024-10-22 10:54:50: Mapped {/article/pid/:pid, GET} route
info: 2024-10-22 10:54:50: Mapped {/article/:id, PATCH} route
info: 2024-10-22 10:54:50: Mapped {/article/updateOrder, POST} route
info: 2024-10-22 10:54:50: Mapped {/article/:id, DELETE} route
info: 2024-10-22 10:54:50: ImgController {/img}:
info: 2024-10-22 10:54:50: Mapped {/img, POST} route
info: 2024-10-22 10:54:50: Mapped {/img, POST} route
info: 2024-10-22 10:54:50: Mapped {/img, GET} route
info: 2024-10-22 10:54:50: Mapped {/img/:id, GET} route
info: 2024-10-22 10:54:50: Mapped {/img/:id, PATCH} route
info: 2024-10-22 10:54:50: Mapped {/img/:id, DELETE} route
info: 2024-10-22 10:54:50: MusicController {/music}:
info: 2024-10-22 10:54:50: Mapped {/music/:id, GET} route
info: 2024-10-22 10:54:50: Mapped {/music, GET} route
info: 2024-10-22 10:54:50: Mapped {/music, POST} route
info: 2024-10-22 10:54:50: Mapped {/music/bulk, POST} route
info: 2024-10-22 10:54:50: Mapped {/music/:id, PATCH} route
info: 2024-10-22 10:54:50: Mapped {/music/:id, PUT} route
info: 2024-10-22 10:54:50: Mapped {/music/:id, DELETE} route
info: 2024-10-22 10:54:50: Nest application successfully started
info: 2024-10-22 10:54:54: [INFO] method=POST ip=::1======
info: 2024-10-22 10:54:55: [INFO] method=POST ip=::1======
info: 2024-10-22 10:54:56: [INFO] method=POST ip=::1======
info: 2024-10-22 10:54:56: [INFO] method=POST ip=::1======
info: 2024-10-22 10:54:56: [INFO] method=POST ip=::1======
info: 2024-10-22 10:54:56: [INFO] method=POST ip=::1======
info: 2024-10-22 10:54:57: [INFO] method=POST ip=::1======
info: 2024-10-22 10:54:57: [INFO] method=POST ip=::1======
info: 2024-10-22 10:54:57: [INFO] method=POST ip=::1======
info: 2024-10-22 10:55:00: [INFO] method=POST ip=::1======
info: 2024-10-22 10:55:01: [INFO] method=POST ip=::1======
info: 2024-10-22 10:55:16: [INFO] method=POST ip=::1======
info: 2024-10-22 10:55:19: [INFO] method=POST ip=::1 耗时=2433ms======
info: 2024-10-22 10:55:19: [INFO] method=POST ip=::1======
info: 2024-10-22 10:55:21: [INFO] method=POST ip=::1 耗时=1085ms======
info: 2024-10-22 10:55:21: [INFO] method=POST ip=::1======
info: 2024-10-22 10:55:22: [INFO] method=POST ip=::1 耗时=967ms======
info: 2024-10-22 10:55:23: [INFO] method=POST ip=::1======
info: 2024-10-22 10:55:24: [INFO] method=POST ip=::1 耗时=966ms======
info: 2024-10-22 10:55:24: [INFO] method=POST ip=::1======
info: 2024-10-22 10:55:25: [INFO] method=POST ip=::1 耗时=1010ms======
info: 2024-10-22 10:55:26: [INFO] method=POST ip=::1======
info: 2024-10-22 10:55:27: [INFO] method=POST ip=::1 耗时=1015ms======
info: 2024-10-22 10:55:27: [INFO] method=POST ip=::1======
info: 2024-10-22 10:55:28: [INFO] method=POST ip=::1 耗时=960ms======
info: 2024-10-22 10:55:29: [INFO] method=POST ip=::1======
info: 2024-10-22 10:55:30: [INFO] method=POST ip=::1 耗时=1021ms======
info: 2024-10-22 10:55:31: [INFO] method=POST ip=::1======
info: 2024-10-22 10:55:32: [INFO] method=POST ip=::1 耗时=1136ms======
info: 2024-10-22 10:55:32: [INFO] method=POST ip=::1======
info: 2024-10-22 10:55:33: [INFO] method=POST ip=::1 耗时=1010ms======
info: 2024-10-22 10:55:34: [INFO] method=POST ip=::1======
info: 2024-10-22 10:55:35: [INFO] method=POST ip=::1 耗时=1037ms======
info: 2024-10-22 10:55:36: [INFO] method=POST ip=::1======
info: 2024-10-22 10:55:37: [INFO] method=POST ip=::1 耗时=1026ms======
info: 2024-10-22 10:55:37: [INFO] method=POST ip=::1======
info: 2024-10-22 10:55:38: [INFO] method=POST ip=::1 耗时=965ms======
info: 2024-10-22 10:55:39: [INFO] method=POST ip=::1======
info: 2024-10-22 10:55:40: [INFO] method=POST ip=::1 耗时=1130ms======
info: 2024-10-22 10:55:40: [INFO] method=POST ip=::1======
info: 2024-10-22 10:55:41: [INFO] method=POST ip=::1 耗时=936ms======
info: 2024-10-22 10:55:42: [INFO] method=POST ip=::1======
info: 2024-10-22 10:55:43: [INFO] method=POST ip=::1 耗时=979ms======
info: 2024-10-22 10:55:43: [INFO] method=POST ip=::1======
info: 2024-10-22 10:55:45: [INFO] method=POST ip=::1 耗时=1062ms======
info: 2024-10-22 10:55:45: [INFO] method=POST ip=::1======
info: 2024-10-22 10:55:46: [INFO] method=POST ip=::1 耗时=968ms======
info: 2024-10-22 10:55:47: [INFO] method=POST ip=::1======
info: 2024-10-22 10:55:48: [INFO] method=POST ip=::1 耗时=962ms======
info: 2024-10-22 10:55:48: [INFO] method=POST ip=::1======
info: 2024-10-22 10:55:49: [INFO] method=POST ip=::1 耗时=969ms======
info: 2024-10-22 11:00:00: 上传日志
info: 2024-10-22 11:00:01: "上传成功"
info: 2024-10-22 11:00:01: {"content":{"name":"info-2024-10-22 11:00:00.log","path":"2024-10-22/info-2024-10-22 11:00:00.log","sha":"a0e6701236a2e652727172c805aa5a4826f8e866","size":25913,"url":"https://api.github.com/repos/ndzy01/logs/contents/2024-10-22/info-2024-10-22%2011:00:00.log?ref=main","html_url":"https://github.com/ndzy01/logs/blob/main/2024-10-22/info-2024-10-22%2011:00:00.log","git_url":"https://api.github.com/repos/ndzy01/logs/git/blobs/a0e6701236a2e652727172c805aa5a4826f8e866","download_url":"https://raw.githubusercontent.com/ndzy01/logs/main/2024-10-22/info-2024-10-22%2011%3A00%3A00.log","type":"file","_links":{"self":"https://api.github.com/repos/ndzy01/logs/contents/2024-10-22/info-2024-10-22%2011:00:00.log?ref=main","git":"https://api.github.com/repos/ndzy01/logs/git/blobs/a0e6701236a2e652727172c805aa5a4826f8e866","html":"https://github.com/ndzy01/logs/blob/main/2024-10-22/info-2024-10-22%2011:00:00.log"}},"commit":{"sha":"4e3ae4487c387e38bec98ad6406281c0440d0709","node_id":"C_kwDOM4qzi9oAKDRlM2FlNDQ4N2MzODdlMzhiZWM5OGFkNjQwNjI4MWMwNDQwZDA3MDk","url":"https://api.github.com/repos/ndzy01/logs/git/commits/4e3ae4487c387e38bec98ad6406281c0440d0709","html_url":"https://github.com/ndzy01/logs/commit/4e3ae4487c387e38bec98ad6406281c0440d0709","author":{"name":"ndzy01","email":"46743100+ndzy01@users.noreply.github.com","date":"2024-10-22T03:00:00Z"},"committer":{"name":"ndzy01","email":"46743100+ndzy01@users.noreply.github.com","date":"2024-10-22T03:00:00Z"},"tree":{"sha":"ac75b20d90f93fe2392c5a322a34e984afb7c055","url":"https://api.github.com/repos/ndzy01/logs/git/trees/ac75b20d90f93fe2392c5a322a34e984afb7c055"},"message":"更新日志 2024-10-22 11:00:00","parents":[{"sha":"35b94873b15da0bd1febcc76e60afe23b9a948cb","url":"https://api.github.com/repos/ndzy01/logs/git/commits/35b94873b15da0bd1febcc76e60afe23b9a948cb","html_url":"https://github.com/ndzy01/logs/commit/35b94873b15da0bd1febcc76e60afe23b9a948cb"}],"verification":{"verified":false,"reason":"unsigned","signature":null,"payload":null}}}
info: 2024-10-22 11:07:58: [INFO] method=POST ip=::1======
info: 2024-10-22 11:08:01: [INFO] method=POST ip=::1 耗时=3040ms======
info: 2024-10-22 11:08:02: [INFO] method=POST ip=::1======
info: 2024-10-22 11:08:03: [INFO] method=POST ip=::1 耗时=937ms======
info: 2024-10-22 11:08:03: [INFO] method=POST ip=::1======
info: 2024-10-22 11:08:04: [INFO] method=POST ip=::1 耗时=1006ms======
info: 2024-10-22 11:08:05: [INFO] method=POST ip=::1======
info: 2024-10-22 11:08:06: [INFO] method=POST ip=::1 耗时=963ms======
info: 2024-10-22 11:08:06: [INFO] method=POST ip=::1======
info: 2024-10-22 11:08:07: [INFO] method=POST ip=::1 耗时=1020ms======
info: 2024-10-22 11:08:08: [INFO] method=POST ip=::1======
info: 2024-10-22 11:08:09: [INFO] method=POST ip=::1 耗时=1012ms======
info: 2024-10-22 11:08:09: [INFO] method=POST ip=::1======
info: 2024-10-22 11:08:10: [INFO] method=POST ip=::1 耗时=1011ms======
info: 2024-10-22 11:08:11: [INFO] method=POST ip=::1======
info: 2024-10-22 11:08:12: [INFO] method=POST ip=::1 耗时=974ms======
info: 2024-10-22 11:08:12: [INFO] method=POST ip=::1======
info: 2024-10-22 11:08:13: [INFO] method=POST ip=::1 耗时=1003ms======
info: 2024-10-22 11:08:13: [INFO] method=POST ip=::1======
info: 2024-10-22 11:08:14: [INFO] method=POST ip=::1 耗时=1009ms======
info: 2024-10-22 11:08:15: [INFO] method=POST ip=::1======
info: 2024-10-22 11:08:16: [INFO] method=POST ip=::1 耗时=1023ms======
info: 2024-10-22 11:08:16: [INFO] method=POST ip=::1======
info: 2024-10-22 11:08:17: [INFO] method=POST ip=::1 耗时=997ms======
info: 2024-10-22 11:08:18: [INFO] method=POST ip=::1======
info: 2024-10-22 11:08:19: [INFO] method=POST ip=::1 耗时=970ms======
info: 2024-10-22 11:08:19: [INFO] method=POST ip=::1======
info: 2024-10-22 11:08:20: [INFO] method=POST ip=::1 耗时=981ms======
info: 2024-10-22 11:08:21: [INFO] method=POST ip=::1======
info: 2024-10-22 11:08:22: [INFO] method=POST ip=::1 耗时=964ms======
info: 2024-10-22 11:08:22: [INFO] method=POST ip=::1======
info: 2024-10-22 11:08:23: [INFO] method=POST ip=::1 耗时=983ms======
info: 2024-10-22 11:08:23: [INFO] method=POST ip=::1======
info: 2024-10-22 11:08:24: [INFO] method=POST ip=::1 耗时=1020ms======
info: 2024-10-22 11:08:25: [INFO] method=POST ip=::1======
info: 2024-10-22 11:08:26: [INFO] method=POST ip=::1 耗时=926ms======
info: 2024-10-22 11:08:26: [INFO] method=POST ip=::1======
info: 2024-10-22 11:08:27: [INFO] method=POST ip=::1 耗时=975ms======
info: 2024-10-22 11:08:28: [INFO] method=POST ip=::1======
info: 2024-10-22 11:08:29: [INFO] method=POST ip=::1 耗时=1006ms======
info: 2024-10-22 11:08:29: [INFO] method=POST ip=::1======
info: 2024-10-22 11:08:30: [INFO] method=POST ip=::1 耗时=974ms======
info: 2024-10-22 11:08:31: [INFO] method=POST ip=::1======
info: 2024-10-22 11:08:32: [INFO] method=POST ip=::1 耗时=1018ms======
info: 2024-10-22 11:08:32: [INFO] method=POST ip=::1======
info: 2024-10-22 11:08:33: [INFO] method=POST ip=::1 耗时=1008ms======
info: 2024-10-22 11:08:34: [INFO] method=POST ip=::1======
info: 2024-10-22 11:08:34: [INFO] method=POST ip=::1 耗时=974ms======
info: 2024-10-22 11:08:35: [INFO] method=POST ip=::1======
info: 2024-10-22 11:08:36: [INFO] method=POST ip=::1 耗时=972ms======
info: 2024-10-22 11:08:36: [INFO] method=POST ip=::1======
info: 2024-10-22 11:08:37: [INFO] method=POST ip=::1 耗时=939ms======
info: 2024-10-22 11:08:38: [INFO] method=POST ip=::1======
info: 2024-10-22 11:08:39: [INFO] method=POST ip=::1 耗时=1017ms======
info: 2024-10-22 11:08:39: [INFO] method=POST ip=::1======
info: 2024-10-22 11:08:40: [INFO] method=POST ip=::1 耗时=969ms======
info: 2024-10-22 11:08:40: [INFO] method=POST ip=::1======
info: 2024-10-22 11:08:41: [INFO] method=POST ip=::1 耗时=1009ms======
info: 2024-10-22 11:08:42: [INFO] method=POST ip=::1======
info: 2024-10-22 11:08:43: [INFO] method=POST ip=::1 耗时=968ms======
info: 2024-10-22 11:08:48: [INFO] method=POST ip=::1======
info: 2024-10-22 11:08:49: [INFO] method=POST ip=::1 耗时=1007ms======
info: 2024-10-22 11:09:04: [INFO] method=POST ip=::1======
info: 2024-10-22 11:09:07: [INFO] method=POST ip=::1 耗时=2619ms======
info: 2024-10-22 11:10:00: 上传日志
info: 2024-10-22 11:10:01: "上传成功"
info: 2024-10-22 11:10:01: {"content":{"name":"info-2024-10-22 11:10:00.log","path":"2024-10-22/info-2024-10-22 11:10:00.log","sha":"232a3165046df6ba28e3d933881cb74218a44c2e","size":32244,"url":"https://api.github.com/repos/ndzy01/logs/contents/2024-10-22/info-2024-10-22%2011:10:00.log?ref=main","html_url":"https://github.com/ndzy01/logs/blob/main/2024-10-22/info-2024-10-22%2011:10:00.log","git_url":"https://api.github.com/repos/ndzy01/logs/git/blobs/232a3165046df6ba28e3d933881cb74218a44c2e","download_url":"https://raw.githubusercontent.com/ndzy01/logs/main/2024-10-22/info-2024-10-22%2011%3A10%3A00.log","type":"file","_links":{"self":"https://api.github.com/repos/ndzy01/logs/contents/2024-10-22/info-2024-10-22%2011:10:00.log?ref=main","git":"https://api.github.com/repos/ndzy01/logs/git/blobs/232a3165046df6ba28e3d933881cb74218a44c2e","html":"https://github.com/ndzy01/logs/blob/main/2024-10-22/info-2024-10-22%2011:10:00.log"}},"commit":{"sha":"b30b786ed94a680f9184be944a02eff6cb966405","node_id":"C_kwDOM4qzi9oAKGIzMGI3ODZlZDk0YTY4MGY5MTg0YmU5NDRhMDJlZmY2Y2I5NjY0MDU","url":"https://api.github.com/repos/ndzy01/logs/git/commits/b30b786ed94a680f9184be944a02eff6cb966405","html_url":"https://github.com/ndzy01/logs/commit/b30b786ed94a680f9184be944a02eff6cb966405","author":{"name":"ndzy01","email":"46743100+ndzy01@users.noreply.github.com","date":"2024-10-22T03:10:01Z"},"committer":{"name":"ndzy01","email":"46743100+ndzy01@users.noreply.github.com","date":"2024-10-22T03:10:01Z"},"tree":{"sha":"13f18219600a7ac37f97b690405777cc6764b6e5","url":"https://api.github.com/repos/ndzy01/logs/git/trees/13f18219600a7ac37f97b690405777cc6764b6e5"},"message":"更新日志 2024-10-22 11:10:00","parents":[{"sha":"4e3ae4487c387e38bec98ad6406281c0440d0709","url":"https://api.github.com/repos/ndzy01/logs/git/commits/4e3ae4487c387e38bec98ad6406281c0440d0709","html_url":"https://github.com/ndzy01/logs/commit/4e3ae4487c387e38bec98ad6406281c0440d0709"}],"verification":{"verified":false,"reason":"unsigned","signature":null,"payload":null}}}
info: 2024-10-22 11:11:13: [INFO] method=POST ip=::1======
info: 2024-10-22 11:11:17: [INFO] method=POST ip=::1 耗时=3754ms======
info: 2024-10-22 11:11:18: [INFO] method=POST ip=::1======
info: 2024-10-22 11:11:19: [INFO] method=POST ip=::1 耗时=1077ms======
info: 2024-10-22 11:13:17: [INFO] method=POST ip=::1======
info: 2024-10-22 11:13:21: [INFO] method=POST ip=::1 耗时=3611ms======
info: 2024-10-22 11:13:24: [INFO] method=POST ip=::1======
info: 2024-10-22 11:13:25: [INFO] method=POST ip=::1 耗时=1080ms======
info: 2024-10-22 11:13:27: [INFO] method=POST ip=::1======
info: 2024-10-22 11:13:28: [INFO] method=POST ip=::1 耗时=1086ms======
info: 2024-10-22 11:15:31: [INFO] method=PATCH ip=::1======
info: 2024-10-22 11:15:34: [INFO] method=PATCH ip=::1 耗时=3662ms======
info: 2024-10-22 11:15:39: [INFO] method=PATCH ip=::1======
info: 2024-10-22 11:15:41: [INFO] method=PATCH ip=::1 耗时=1490ms======
info: 2024-10-22 11:17:31: [INFO] method=POST ip=::1======
info: 2024-10-22 11:17:34: [INFO] method=POST ip=::1 耗时=2839ms======
info: 2024-10-22 11:17:36: [INFO] method=POST ip=::1======
info: 2024-10-22 11:17:37: [INFO] method=POST ip=::1 耗时=981ms======
info: 2024-10-22 11:17:38: [INFO] method=POST ip=::1======
info: 2024-10-22 11:17:39: [INFO] method=POST ip=::1 耗时=1030ms======
info: 2024-10-22 11:20:00: 上传日志
