info: 2024-09-30 02:48:32: Starting Nest application...
info: 2024-09-30 02:48:32: TypeOrmModule dependencies initialized
info: 2024-09-30 02:48:32: MulterModule dependencies initialized
info: 2024-09-30 02:48:32: JwtModule dependencies initialized
info: 2024-09-30 02:48:32: WinstonModule dependencies initialized
info: 2024-09-30 02:48:32: TasksModule dependencies initialized
info: 2024-09-30 02:48:32: DiscoveryModule dependencies initialized
info: 2024-09-30 02:48:32: AppModule dependencies initialized
info: 2024-09-30 02:48:32: ScheduleModule dependencies initialized
info: 2024-09-30 02:48:32: TypeOrmCoreModule dependencies initialized
info: 2024-09-30 02:48:32: TypeOrmModule dependencies initialized
info: 2024-09-30 02:48:32: TypeOrmModule dependencies initialized
info: 2024-09-30 02:48:32: TypeOrmModule dependencies initialized
info: 2024-09-30 02:48:32: UserModule dependencies initialized
info: 2024-09-30 02:48:32: ArticleModule dependencies initialized
info: 2024-09-30 02:48:32: ImgModule dependencies initialized
info: 2024-09-30 02:48:32: AppController {/}:
info: 2024-09-30 02:48:32: Mapped {/, GET} route
info: 2024-09-30 02:48:32: Mapped {/encrypt, GET} route
info: 2024-09-30 02:48:32: Mapped {/decrypt, GET} route
info: 2024-09-30 02:48:32: UserController {/user}:
info: 2024-09-30 02:48:32: Mapped {/user/register, POST} route
info: 2024-09-30 02:48:32: Mapped {/user/login, POST} route
info: 2024-09-30 02:48:32: Mapped {/user/:id, GET} route
info: 2024-09-30 02:48:32: ArticleController {/article}:
info: 2024-09-30 02:48:32: Mapped {/article, POST} route
info: 2024-09-30 02:48:32: Mapped {/article, GET} route
info: 2024-09-30 02:48:32: Mapped {/article/:id, GET} route
info: 2024-09-30 02:48:32: Mapped {/article/pid/:pid, GET} route
info: 2024-09-30 02:48:32: Mapped {/article/:id, PATCH} route
info: 2024-09-30 02:48:32: Mapped {/article/updateOrder, POST} route
info: 2024-09-30 02:48:32: Mapped {/article/:id, DELETE} route
info: 2024-09-30 02:48:32: ImgController {/img}:
info: 2024-09-30 02:48:32: Mapped {/img, POST} route
info: 2024-09-30 02:48:32: Mapped {/img, POST} route
info: 2024-09-30 02:48:32: Mapped {/img, GET} route
info: 2024-09-30 02:48:32: Mapped {/img/:id, GET} route
info: 2024-09-30 02:48:32: Mapped {/img/:id, PATCH} route
info: 2024-09-30 02:48:32: Mapped {/img/:id, DELETE} route
info: 2024-09-30 02:48:32: Nest application successfully started
info: 2024-09-30 02:48:32: [INFO] method=GET ip=209.38.146.217======
info: 2024-09-30 02:48:32: 上传日志
info: 2024-09-30 02:48:33: 找到的最后一个有效日志文件: /tmp/logs/info-2024-09-30.log 尝试次数: 0
info: 2024-09-30 02:48:33: 没有找到任何有效日志文件
info: 2024-09-30 02:48:33: [INFO] method=GET ip=209.38.146.217 耗时=83ms======
info: 2024-09-30 02:48:33: [INFO] method=GET ip=209.38.146.217======
info: 2024-09-30 02:48:33: 上传日志
info: 2024-09-30 02:48:33: 找到的最后一个有效日志文件: /tmp/logs/info-2024-09-30.log 尝试次数: 0
info: 2024-09-30 02:48:33: 没有找到任何有效日志文件
info: 2024-09-30 02:48:33: [INFO] method=GET ip=209.38.146.217 耗时=53ms======
info: 2024-09-30 02:49:30: Starting Nest application...
info: 2024-09-30 02:49:30: TypeOrmModule dependencies initialized
info: 2024-09-30 02:49:30: MulterModule dependencies initialized
info: 2024-09-30 02:49:30: JwtModule dependencies initialized
info: 2024-09-30 02:49:30: WinstonModule dependencies initialized
info: 2024-09-30 02:49:30: TasksModule dependencies initialized
info: 2024-09-30 02:49:30: DiscoveryModule dependencies initialized
info: 2024-09-30 02:49:30: AppModule dependencies initialized
info: 2024-09-30 02:49:30: ScheduleModule dependencies initialized
info: 2024-09-30 02:49:30: TypeOrmCoreModule dependencies initialized
info: 2024-09-30 02:49:30: TypeOrmModule dependencies initialized
info: 2024-09-30 02:49:30: TypeOrmModule dependencies initialized
info: 2024-09-30 02:49:30: TypeOrmModule dependencies initialized
info: 2024-09-30 02:49:30: UserModule dependencies initialized
info: 2024-09-30 02:49:30: ArticleModule dependencies initialized
info: 2024-09-30 02:49:30: ImgModule dependencies initialized
info: 2024-09-30 02:49:31: AppController {/}:
info: 2024-09-30 02:49:31: Mapped {/, GET} route
info: 2024-09-30 02:49:31: Mapped {/encrypt, GET} route
info: 2024-09-30 02:49:31: Mapped {/decrypt, GET} route
info: 2024-09-30 02:49:31: UserController {/user}:
info: 2024-09-30 02:49:31: Mapped {/user/register, POST} route
info: 2024-09-30 02:49:31: Mapped {/user/login, POST} route
info: 2024-09-30 02:49:31: Mapped {/user/:id, GET} route
info: 2024-09-30 02:49:31: ArticleController {/article}:
info: 2024-09-30 02:49:31: Mapped {/article, POST} route
info: 2024-09-30 02:49:31: Mapped {/article, GET} route
info: 2024-09-30 02:49:31: Mapped {/article/:id, GET} route
info: 2024-09-30 02:49:31: Mapped {/article/pid/:pid, GET} route
info: 2024-09-30 02:49:31: Mapped {/article/:id, PATCH} route
info: 2024-09-30 02:49:31: Mapped {/article/updateOrder, POST} route
info: 2024-09-30 02:49:31: Mapped {/article/:id, DELETE} route
info: 2024-09-30 02:49:31: ImgController {/img}:
info: 2024-09-30 02:49:31: Mapped {/img, POST} route
info: 2024-09-30 02:49:31: Mapped {/img, POST} route
info: 2024-09-30 02:49:31: Mapped {/img, GET} route
info: 2024-09-30 02:49:31: Mapped {/img/:id, GET} route
info: 2024-09-30 02:49:31: Mapped {/img/:id, PATCH} route
info: 2024-09-30 02:49:31: Mapped {/img/:id, DELETE} route
info: 2024-09-30 02:49:31: Nest application successfully started
info: 2024-09-30 02:49:31: [INFO] method=GET ip=64.23.146.19======
info: 2024-09-30 02:49:31: 上传日志
info: 2024-09-30 02:49:31: 找到的最后一个有效日志文件: /tmp/logs/info-2024-09-30.log 尝试次数: 0
info: 2024-09-30 02:49:31: 没有找到任何有效日志文件
info: 2024-09-30 02:49:31: [INFO] method=GET ip=64.23.146.19 耗时=62ms======
info: 2024-09-30 03:00:13: 上传日志
info: 2024-09-30 03:00:13: 上传成功
info: 2024-09-30 03:00:13: {"content":{"name":"info-2024-09-30 02:49:31.log","path":"ndzy-s/2024-09-30/info-2024-09-30 02:49:31.log","sha":"32451d181f8fee417f8ae19b7db6e8e3da91b40d","size":5617,"url":"https://api.github.com/repos/ndzy01/logs/contents/ndzy-s/2024-09-30/info-2024-09-30%2002:49:31.log?ref=main","html_url":"https://github.com/ndzy01/logs/blob/main/ndzy-s/2024-09-30/info-2024-09-30%2002:49:31.log","git_url":"https://api.github.com/repos/ndzy01/logs/git/blobs/32451d181f8fee417f8ae19b7db6e8e3da91b40d","download_url":"https://raw.githubusercontent.com/ndzy01/logs/main/ndzy-s/2024-09-30/info-2024-09-30%2002%3A49%3A31.log","type":"file","_links":{"self":"https://api.github.com/repos/ndzy01/logs/contents/ndzy-s/2024-09-30/info-2024-09-30%2002:49:31.log?ref=main","git":"https://api.github.com/repos/ndzy01/logs/git/blobs/32451d181f8fee417f8ae19b7db6e8e3da91b40d","html":"https://github.com/ndzy01/logs/blob/main/ndzy-s/2024-09-30/info-2024-09-30%2002:49:31.log"}},"commit":{"sha":"df94d1c53b358dc0aeaab628a2c16540b47cafb9","node_id":"C_kwDOM4qzi9oAKGRmOTRkMWM1M2IzNThkYzBhZWFhYjYyOGEyYzE2NTQwYjQ3Y2FmYjk","url":"https://api.github.com/repos/ndzy01/logs/git/commits/df94d1c53b358dc0aeaab628a2c16540b47cafb9","html_url":"https://github.com/ndzy01/logs/commit/df94d1c53b358dc0aeaab628a2c16540b47cafb9","author":{"name":"ndzy01","email":"46743100+ndzy01@users.noreply.github.com","date":"2024-09-30T02:49:31Z"},"committer":{"name":"ndzy01","email":"46743100+ndzy01@users.noreply.github.com","date":"2024-09-30T02:49:31Z"},"tree":{"sha":"5042cdc164de972b567132e529f14bfd1d66e357","url":"https://api.github.com/repos/ndzy01/logs/git/trees/5042cdc164de972b567132e529f14bfd1d66e357"},"message":"ndzy-s 更新日志 2024-09-30 02:49:31","parents":[{"sha":"c67d62416b9a4bddd636776a3db7a5bce488f2a5","url":"https://api.github.com/repos/ndzy01/logs/git/commits/c67d62416b9a4bddd636776a3db7a5bce488f2a5","html_url":"https://github.com/ndzy01/logs/commit/c67d62416b9a4bddd636776a3db7a5bce488f2a5"}],"verification":{"verified":false,"reason":"unsigned","signature":null,"payload":null}}}
info: 2024-09-30 03:00:17: "上传成功"
info: 2024-09-30 03:00:17: {"content":{"name":"info-2024-09-30 03:00:13.log","path":"2024-09-30/info-2024-09-30 03:00:13.log","sha":"25e9d6bfc3434d46c9c1e4efd3b3abd496cd450a","size":5954,"url":"https://api.github.com/repos/ndzy01/logs/contents/2024-09-30/info-2024-09-30%2003:00:13.log?ref=main","html_url":"https://github.com/ndzy01/logs/blob/main/2024-09-30/info-2024-09-30%2003:00:13.log","git_url":"https://api.github.com/repos/ndzy01/logs/git/blobs/25e9d6bfc3434d46c9c1e4efd3b3abd496cd450a","download_url":"https://raw.githubusercontent.com/ndzy01/logs/main/2024-09-30/info-2024-09-30%2003%3A00%3A13.log","type":"file","_links":{"self":"https://api.github.com/repos/ndzy01/logs/contents/2024-09-30/info-2024-09-30%2003:00:13.log?ref=main","git":"https://api.github.com/repos/ndzy01/logs/git/blobs/25e9d6bfc3434d46c9c1e4efd3b3abd496cd450a","html":"https://github.com/ndzy01/logs/blob/main/2024-09-30/info-2024-09-30%2003:00:13.log"}},"commit":{"sha":"efb2b9f129b230c07a6580f8d7455ea81eb0d945","node_id":"C_kwDOM4qzi9oAKGVmYjJiOWYxMjliMjMwYzA3YTY1ODBmOGQ3NDU1ZWE4MWViMGQ5NDU","url":"https://api.github.com/repos/ndzy01/logs/git/commits/efb2b9f129b230c07a6580f8d7455ea81eb0d945","html_url":"https://github.com/ndzy01/logs/commit/efb2b9f129b230c07a6580f8d7455ea81eb0d945","author":{"name":"ndzy01","email":"46743100+ndzy01@users.noreply.github.com","date":"2024-09-30T03:00:16Z"},"committer":{"name":"ndzy01","email":"46743100+ndzy01@users.noreply.github.com","date":"2024-09-30T03:00:16Z"},"tree":{"sha":"f43c58d4686bfeee1730d197f6d4ab18bfd8fa97","url":"https://api.github.com/repos/ndzy01/logs/git/trees/f43c58d4686bfeee1730d197f6d4ab18bfd8fa97"},"message":"更新日志 2024-09-30 03:00:13","parents":[{"sha":"c6ecb437f05d74103ae1e2cba2d53118be9fe765","url":"https://api.github.com/repos/ndzy01/logs/git/commits/c6ecb437f05d74103ae1e2cba2d53118be9fe765","html_url":"https://github.com/ndzy01/logs/commit/c6ecb437f05d74103ae1e2cba2d53118be9fe765"}],"verification":{"verified":false,"reason":"unsigned","signature":null,"payload":null}}}
info: 2024-09-30 03:00:17: [INFO] method=POST ip=1.36.156.68======
info: 2024-09-30 03:00:17: 上传日志
info: 2024-09-30 03:00:17: 找到的最后一个有效日志文件: /tmp/logs/info-2024-09-30.log 尝试次数: 0
info: 2024-09-30 03:00:17: 没有找到任何有效日志文件
info: 2024-09-30 03:00:17: 上传成功
info: 2024-09-30 03:00:17: {"content":{"name":"info-2024-09-30 03:00:17.log","path":"ndzy-s/2024-09-30/info-2024-09-30 03:00:17.log","sha":"be4a32c78813fa90f5818d792b88c27816dc8e86","size":10165,"url":"https://api.github.com/repos/ndzy01/logs/contents/ndzy-s/2024-09-30/info-2024-09-30%2003:00:17.log?ref=main","html_url":"https://github.com/ndzy01/logs/blob/main/ndzy-s/2024-09-30/info-2024-09-30%2003:00:17.log","git_url":"https://api.github.com/repos/ndzy01/logs/git/blobs/be4a32c78813fa90f5818d792b88c27816dc8e86","download_url":"https://raw.githubusercontent.com/ndzy01/logs/main/ndzy-s/2024-09-30/info-2024-09-30%2003%3A00%3A17.log","type":"file","_links":{"self":"https://api.github.com/repos/ndzy01/logs/contents/ndzy-s/2024-09-30/info-2024-09-30%2003:00:17.log?ref=main","git":"https://api.github.com/repos/ndzy01/logs/git/blobs/be4a32c78813fa90f5818d792b88c27816dc8e86","html":"https://github.com/ndzy01/logs/blob/main/ndzy-s/2024-09-30/info-2024-09-30%2003:00:17.log"}},"commit":{"sha":"8a81bc2e7be9a20032ae9f14f27d38dfb63ead27","node_id":"C_kwDOM4qzi9oAKDhhODFiYzJlN2JlOWEyMDAzMmFlOWYxNGYyN2QzOGRmYjYzZWFkMjc","url":"https://api.github.com/repos/ndzy01/logs/git/commits/8a81bc2e7be9a20032ae9f14f27d38dfb63ead27","html_url":"https://github.com/ndzy01/logs/commit/8a81bc2e7be9a20032ae9f14f27d38dfb63ead27","author":{"name":"ndzy01","email":"46743100+ndzy01@users.noreply.github.com","date":"2024-09-30T03:00:17Z"},"committer":{"name":"ndzy01","email":"46743100+ndzy01@users.noreply.github.com","date":"2024-09-30T03:00:17Z"},"tree":{"sha":"615cc77d3c67dc20e9d0cb5e88868155889011f4","url":"https://api.github.com/repos/ndzy01/logs/git/trees/615cc77d3c67dc20e9d0cb5e88868155889011f4"},"message":"ndzy-s 更新日志 2024-09-30 03:00:17","parents":[{"sha":"efb2b9f129b230c07a6580f8d7455ea81eb0d945","url":"https://api.github.com/repos/ndzy01/logs/git/commits/efb2b9f129b230c07a6580f8d7455ea81eb0d945","html_url":"https://github.com/ndzy01/logs/commit/efb2b9f129b230c07a6580f8d7455ea81eb0d945"}],"verification":{"verified":false,"reason":"unsigned","signature":null,"payload":null}}}
info: 2024-09-30 03:00:17: [INFO] method=POST ip=1.36.156.68 耗时=732ms======
info: 2024-09-30 03:00:20: [INFO] method=GET ip=1.36.156.68======
info: 2024-09-30 03:00:20: 上传日志
info: 2024-09-30 03:00:20: 找到的最后一个有效日志文件: /tmp/logs/info-2024-09-30.log 尝试次数: 0
info: 2024-09-30 03:00:20: 没有找到任何有效日志文件
info: 2024-09-30 03:00:20: [INFO] method=GET ip=1.36.156.68 耗时=516ms======
info: 2024-09-30 03:02:43: 上传成功
info: 2024-09-30 03:02:43: {"content":{"name":"info-2024-09-30 03:00:20.log","path":"ndzy-s/2024-09-30/info-2024-09-30 03:00:20.log","sha":"6916a2d3c7b0b662e0b62083ded9abf342aec8d0","size":12726,"url":"https://api.github.com/repos/ndzy01/logs/contents/ndzy-s/2024-09-30/info-2024-09-30%2003:00:20.log?ref=main","html_url":"https://github.com/ndzy01/logs/blob/main/ndzy-s/2024-09-30/info-2024-09-30%2003:00:20.log","git_url":"https://api.github.com/repos/ndzy01/logs/git/blobs/6916a2d3c7b0b662e0b62083ded9abf342aec8d0","download_url":"https://raw.githubusercontent.com/ndzy01/logs/main/ndzy-s/2024-09-30/info-2024-09-30%2003%3A00%3A20.log","type":"file","_links":{"self":"https://api.github.com/repos/ndzy01/logs/contents/ndzy-s/2024-09-30/info-2024-09-30%2003:00:20.log?ref=main","git":"https://api.github.com/repos/ndzy01/logs/git/blobs/6916a2d3c7b0b662e0b62083ded9abf342aec8d0","html":"https://github.com/ndzy01/logs/blob/main/ndzy-s/2024-09-30/info-2024-09-30%2003:00:20.log"}},"commit":{"sha":"c1a2a850aac3826f6e8452bdabec5be11599ce27","node_id":"C_kwDOM4qzi9oAKGMxYTJhODUwYWFjMzgyNmY2ZTg0NTJiZGFiZWM1YmUxMTU5OWNlMjc","url":"https://api.github.com/repos/ndzy01/logs/git/commits/c1a2a850aac3826f6e8452bdabec5be11599ce27","html_url":"https://github.com/ndzy01/logs/commit/c1a2a850aac3826f6e8452bdabec5be11599ce27","author":{"name":"ndzy01","email":"46743100+ndzy01@users.noreply.github.com","date":"2024-09-30T03:00:20Z"},"committer":{"name":"ndzy01","email":"46743100+ndzy01@users.noreply.github.com","date":"2024-09-30T03:00:20Z"},"tree":{"sha":"ed2000b5ba811325943334b8dba980ba33804e51","url":"https://api.github.com/repos/ndzy01/logs/git/trees/ed2000b5ba811325943334b8dba980ba33804e51"},"message":"ndzy-s 更新日志 2024-09-30 03:00:20","parents":[{"sha":"8a81bc2e7be9a20032ae9f14f27d38dfb63ead27","url":"https://api.github.com/repos/ndzy01/logs/git/commits/8a81bc2e7be9a20032ae9f14f27d38dfb63ead27","html_url":"https://github.com/ndzy01/logs/commit/8a81bc2e7be9a20032ae9f14f27d38dfb63ead27"}],"verification":{"verified":false,"reason":"unsigned","signature":null,"payload":null}}}
info: 2024-09-30 03:02:44: [INFO] method=GET ip=1.36.156.68======
info: 2024-09-30 03:02:44: 上传日志
info: 2024-09-30 03:02:44: 找到的最后一个有效日志文件: /tmp/logs/info-2024-09-30.log 尝试次数: 0
info: 2024-09-30 03:02:44: 没有找到任何有效日志文件
info: 2024-09-30 03:02:44: [INFO] method=GET ip=1.36.156.68 耗时=319ms======
info: 2024-09-30 03:05:54: 上传成功
info: 2024-09-30 03:05:54: {"content":{"name":"info-2024-09-30 03:02:44.log","path":"ndzy-s/2024-09-30/info-2024-09-30 03:02:44.log","sha":"004f01ffade4b553828b1eb790b95c231bdefe69","size":15219,"url":"https://api.github.com/repos/ndzy01/logs/contents/ndzy-s/2024-09-30/info-2024-09-30%2003:02:44.log?ref=main","html_url":"https://github.com/ndzy01/logs/blob/main/ndzy-s/2024-09-30/info-2024-09-30%2003:02:44.log","git_url":"https://api.github.com/repos/ndzy01/logs/git/blobs/004f01ffade4b553828b1eb790b95c231bdefe69","download_url":"https://raw.githubusercontent.com/ndzy01/logs/main/ndzy-s/2024-09-30/info-2024-09-30%2003%3A02%3A44.log","type":"file","_links":{"self":"https://api.github.com/repos/ndzy01/logs/contents/ndzy-s/2024-09-30/info-2024-09-30%2003:02:44.log?ref=main","git":"https://api.github.com/repos/ndzy01/logs/git/blobs/004f01ffade4b553828b1eb790b95c231bdefe69","html":"https://github.com/ndzy01/logs/blob/main/ndzy-s/2024-09-30/info-2024-09-30%2003:02:44.log"}},"commit":{"sha":"de77869d5a98cea3df0b5745830df9f2eb79e958","node_id":"C_kwDOM4qzi9oAKGRlNzc4NjlkNWE5OGNlYTNkZjBiNTc0NTgzMGRmOWYyZWI3OWU5NTg","url":"https://api.github.com/repos/ndzy01/logs/git/commits/de77869d5a98cea3df0b5745830df9f2eb79e958","html_url":"https://github.com/ndzy01/logs/commit/de77869d5a98cea3df0b5745830df9f2eb79e958","author":{"name":"ndzy01","email":"46743100+ndzy01@users.noreply.github.com","date":"2024-09-30T03:02:44Z"},"committer":{"name":"ndzy01","email":"46743100+ndzy01@users.noreply.github.com","date":"2024-09-30T03:02:44Z"},"tree":{"sha":"6537e4408726c36c2cfb636215f0ae77d1423824","url":"https://api.github.com/repos/ndzy01/logs/git/trees/6537e4408726c36c2cfb636215f0ae77d1423824"},"message":"ndzy-s 更新日志 2024-09-30 03:02:44","parents":[{"sha":"2f9386a62f609a7311d63e39f4bb232c3dc07159","url":"https://api.github.com/repos/ndzy01/logs/git/commits/2f9386a62f609a7311d63e39f4bb232c3dc07159","html_url":"https://github.com/ndzy01/logs/commit/2f9386a62f609a7311d63e39f4bb232c3dc07159"}],"verification":{"verified":false,"reason":"unsigned","signature":null,"payload":null}}}
info: 2024-09-30 03:05:54: [INFO] method=GET ip=1.36.156.68======
info: 2024-09-30 03:05:54: 上传日志
info: 2024-09-30 03:05:54: 找到的最后一个有效日志文件: /tmp/logs/info-2024-09-30.log 尝试次数: 0
info: 2024-09-30 03:05:54: 没有找到任何有效日志文件
info: 2024-09-30 03:05:54: [INFO] method=GET ip=1.36.156.68 耗时=191ms======
info: 2024-09-30 03:05:55: 上传成功
info: 2024-09-30 03:05:55: {"content":{"name":"info-2024-09-30 03:05:54.log","path":"ndzy-s/2024-09-30/info-2024-09-30 03:05:54.log","sha":"ff82135c48f9048a8c21286dc023168fde214a98","size":17712,"url":"https://api.github.com/repos/ndzy01/logs/contents/ndzy-s/2024-09-30/info-2024-09-30%2003:05:54.log?ref=main","html_url":"https://github.com/ndzy01/logs/blob/main/ndzy-s/2024-09-30/info-2024-09-30%2003:05:54.log","git_url":"https://api.github.com/repos/ndzy01/logs/git/blobs/ff82135c48f9048a8c21286dc023168fde214a98","download_url":"https://raw.githubusercontent.com/ndzy01/logs/main/ndzy-s/2024-09-30/info-2024-09-30%2003%3A05%3A54.log","type":"file","_links":{"self":"https://api.github.com/repos/ndzy01/logs/contents/ndzy-s/2024-09-30/info-2024-09-30%2003:05:54.log?ref=main","git":"https://api.github.com/repos/ndzy01/logs/git/blobs/ff82135c48f9048a8c21286dc023168fde214a98","html":"https://github.com/ndzy01/logs/blob/main/ndzy-s/2024-09-30/info-2024-09-30%2003:05:54.log"}},"commit":{"sha":"df02f6ae28097bd5bed25b0d6e74bdf106dccec4","node_id":"C_kwDOM4qzi9oAKGRmMDJmNmFlMjgwOTdiZDViZWQyNWIwZDZlNzRiZGYxMDZkY2NlYzQ","url":"https://api.github.com/repos/ndzy01/logs/git/commits/df02f6ae28097bd5bed25b0d6e74bdf106dccec4","html_url":"https://github.com/ndzy01/logs/commit/df02f6ae28097bd5bed25b0d6e74bdf106dccec4","author":{"name":"ndzy01","email":"46743100+ndzy01@users.noreply.github.com","date":"2024-09-30T03:05:54Z"},"committer":{"name":"ndzy01","email":"46743100+ndzy01@users.noreply.github.com","date":"2024-09-30T03:05:54Z"},"tree":{"sha":"925dfb5008f85eef8325325c75439e5440746462","url":"https://api.github.com/repos/ndzy01/logs/git/trees/925dfb5008f85eef8325325c75439e5440746462"},"message":"ndzy-s 更新日志 2024-09-30 03:05:54","parents":[{"sha":"12e5873dd01c37d495ad23ad54fb78353f166694","url":"https://api.github.com/repos/ndzy01/logs/git/commits/12e5873dd01c37d495ad23ad54fb78353f166694","html_url":"https://github.com/ndzy01/logs/commit/12e5873dd01c37d495ad23ad54fb78353f166694"}],"verification":{"verified":false,"reason":"unsigned","signature":null,"payload":null}}}
info: 2024-09-30 03:05:55: [INFO] method=GET ip=1.36.156.68======
info: 2024-09-30 03:05:55: 上传日志
info: 2024-09-30 03:05:55: 找到的最后一个有效日志文件: /tmp/logs/info-2024-09-30.log 尝试次数: 0
info: 2024-09-30 03:05:55: 没有找到任何有效日志文件
info: 2024-09-30 03:05:55: [INFO] method=GET ip=1.36.156.68 耗时=255ms======
info: 2024-09-30 03:06:19: 上传成功
info: 2024-09-30 03:06:19: {"content":{"name":"info-2024-09-30 03:05:55.log","path":"ndzy-s/2024-09-30/info-2024-09-30 03:05:55.log","sha":"310f63903db087e379d82770eecc71c1b93342a4","size":20205,"url":"https://api.github.com/repos/ndzy01/logs/contents/ndzy-s/2024-09-30/info-2024-09-30%2003:05:55.log?ref=main","html_url":"https://github.com/ndzy01/logs/blob/main/ndzy-s/2024-09-30/info-2024-09-30%2003:05:55.log","git_url":"https://api.github.com/repos/ndzy01/logs/git/blobs/310f63903db087e379d82770eecc71c1b93342a4","download_url":"https://raw.githubusercontent.com/ndzy01/logs/main/ndzy-s/2024-09-30/info-2024-09-30%2003%3A05%3A55.log","type":"file","_links":{"self":"https://api.github.com/repos/ndzy01/logs/contents/ndzy-s/2024-09-30/info-2024-09-30%2003:05:55.log?ref=main","git":"https://api.github.com/repos/ndzy01/logs/git/blobs/310f63903db087e379d82770eecc71c1b93342a4","html":"https://github.com/ndzy01/logs/blob/main/ndzy-s/2024-09-30/info-2024-09-30%2003:05:55.log"}},"commit":{"sha":"ecc471c8db78c129d97c133a8d30942aee3542b8","node_id":"C_kwDOM4qzi9oAKGVjYzQ3MWM4ZGI3OGMxMjlkOTdjMTMzYThkMzA5NDJhZWUzNTQyYjg","url":"https://api.github.com/repos/ndzy01/logs/git/commits/ecc471c8db78c129d97c133a8d30942aee3542b8","html_url":"https://github.com/ndzy01/logs/commit/ecc471c8db78c129d97c133a8d30942aee3542b8","author":{"name":"ndzy01","email":"46743100+ndzy01@users.noreply.github.com","date":"2024-09-30T03:05:55Z"},"committer":{"name":"ndzy01","email":"46743100+ndzy01@users.noreply.github.com","date":"2024-09-30T03:05:55Z"},"tree":{"sha":"874d68de376ab8c50b68627cad86642f9b8e9269","url":"https://api.github.com/repos/ndzy01/logs/git/trees/874d68de376ab8c50b68627cad86642f9b8e9269"},"message":"ndzy-s 更新日志 2024-09-30 03:05:55","parents":[{"sha":"df02f6ae28097bd5bed25b0d6e74bdf106dccec4","url":"https://api.github.com/repos/ndzy01/logs/git/commits/df02f6ae28097bd5bed25b0d6e74bdf106dccec4","html_url":"https://github.com/ndzy01/logs/commit/df02f6ae28097bd5bed25b0d6e74bdf106dccec4"}],"verification":{"verified":false,"reason":"unsigned","signature":null,"payload":null}}}
info: 2024-09-30 03:06:20: [INFO] method=GET ip=1.36.156.68======
info: 2024-09-30 03:06:20: 上传日志
info: 2024-09-30 03:06:20: 找到的最后一个有效日志文件: /tmp/logs/info-2024-09-30.log 尝试次数: 0
info: 2024-09-30 03:06:20: 没有找到任何有效日志文件
info: 2024-09-30 03:06:20: [INFO] method=GET ip=1.36.156.68 耗时=310ms======
info: 2024-09-30 03:06:55: 上传成功
info: 2024-09-30 03:06:55: {"content":{"name":"info-2024-09-30 03:06:20.log","path":"ndzy-s/2024-09-30/info-2024-09-30 03:06:20.log","sha":"be1356b16a7f711d4c95703507855c4da59363fd","size":22698,"url":"https://api.github.com/repos/ndzy01/logs/contents/ndzy-s/2024-09-30/info-2024-09-30%2003:06:20.log?ref=main","html_url":"https://github.com/ndzy01/logs/blob/main/ndzy-s/2024-09-30/info-2024-09-30%2003:06:20.log","git_url":"https://api.github.com/repos/ndzy01/logs/git/blobs/be1356b16a7f711d4c95703507855c4da59363fd","download_url":"https://raw.githubusercontent.com/ndzy01/logs/main/ndzy-s/2024-09-30/info-2024-09-30%2003%3A06%3A20.log","type":"file","_links":{"self":"https://api.github.com/repos/ndzy01/logs/contents/ndzy-s/2024-09-30/info-2024-09-30%2003:06:20.log?ref=main","git":"https://api.github.com/repos/ndzy01/logs/git/blobs/be1356b16a7f711d4c95703507855c4da59363fd","html":"https://github.com/ndzy01/logs/blob/main/ndzy-s/2024-09-30/info-2024-09-30%2003:06:20.log"}},"commit":{"sha":"df8ae484faec54c967b6a7707c50a1c3cab0dad6","node_id":"C_kwDOM4qzi9oAKGRmOGFlNDg0ZmFlYzU0Yzk2N2I2YTc3MDdjNTBhMWMzY2FiMGRhZDY","url":"https://api.github.com/repos/ndzy01/logs/git/commits/df8ae484faec54c967b6a7707c50a1c3cab0dad6","html_url":"https://github.com/ndzy01/logs/commit/df8ae484faec54c967b6a7707c50a1c3cab0dad6","author":{"name":"ndzy01","email":"46743100+ndzy01@users.noreply.github.com","date":"2024-09-30T03:06:20Z"},"committer":{"name":"ndzy01","email":"46743100+ndzy01@users.noreply.github.com","date":"2024-09-30T03:06:20Z"},"tree":{"sha":"1f240cfd38cc26e2e4a82938798d39c675016367","url":"https://api.github.com/repos/ndzy01/logs/git/trees/1f240cfd38cc26e2e4a82938798d39c675016367"},"message":"ndzy-s 更新日志 2024-09-30 03:06:20","parents":[{"sha":"ecc471c8db78c129d97c133a8d30942aee3542b8","url":"https://api.github.com/repos/ndzy01/logs/git/commits/ecc471c8db78c129d97c133a8d30942aee3542b8","html_url":"https://github.com/ndzy01/logs/commit/ecc471c8db78c129d97c133a8d30942aee3542b8"}],"verification":{"verified":false,"reason":"unsigned","signature":null,"payload":null}}}
info: 2024-09-30 03:07:04: [INFO] method=POST ip=1.36.156.68======
info: 2024-09-30 03:07:04: 上传日志
info: 2024-09-30 03:07:04: 找到的最后一个有效日志文件: /tmp/logs/info-2024-09-30.log 尝试次数: 0
info: 2024-09-30 03:07:04: 没有找到任何有效日志文件
info: 2024-09-30 03:07:04: [INFO] method=POST ip=1.36.156.68 耗时=135ms======
info: 2024-09-30 03:07:05: 上传成功
info: 2024-09-30 03:07:05: {"content":{"name":"info-2024-09-30 03:07:04.log","path":"ndzy-s/2024-09-30/info-2024-09-30 03:07:04.log","sha":"fd3db433b106279af13a0b8185e48f56f5cecd93","size":25192,"url":"https://api.github.com/repos/ndzy01/logs/contents/ndzy-s/2024-09-30/info-2024-09-30%2003:07:04.log?ref=main","html_url":"https://github.com/ndzy01/logs/blob/main/ndzy-s/2024-09-30/info-2024-09-30%2003:07:04.log","git_url":"https://api.github.com/repos/ndzy01/logs/git/blobs/fd3db433b106279af13a0b8185e48f56f5cecd93","download_url":"https://raw.githubusercontent.com/ndzy01/logs/main/ndzy-s/2024-09-30/info-2024-09-30%2003%3A07%3A04.log","type":"file","_links":{"self":"https://api.github.com/repos/ndzy01/logs/contents/ndzy-s/2024-09-30/info-2024-09-30%2003:07:04.log?ref=main","git":"https://api.github.com/repos/ndzy01/logs/git/blobs/fd3db433b106279af13a0b8185e48f56f5cecd93","html":"https://github.com/ndzy01/logs/blob/main/ndzy-s/2024-09-30/info-2024-09-30%2003:07:04.log"}},"commit":{"sha":"11dd87b4c9eb9b5f088e4722fa0b5e9bb364251e","node_id":"C_kwDOM4qzi9oAKDExZGQ4N2I0YzllYjliNWYwODhlNDcyMmZhMGI1ZTliYjM2NDI1MWU","url":"https://api.github.com/repos/ndzy01/logs/git/commits/11dd87b4c9eb9b5f088e4722fa0b5e9bb364251e","html_url":"https://github.com/ndzy01/logs/commit/11dd87b4c9eb9b5f088e4722fa0b5e9bb364251e","author":{"name":"ndzy01","email":"46743100+ndzy01@users.noreply.github.com","date":"2024-09-30T03:07:04Z"},"committer":{"name":"ndzy01","email":"46743100+ndzy01@users.noreply.github.com","date":"2024-09-30T03:07:04Z"},"tree":{"sha":"cbb866804ed7313650171ac5a66de9f4e7cdcda6","url":"https://api.github.com/repos/ndzy01/logs/git/trees/cbb866804ed7313650171ac5a66de9f4e7cdcda6"},"message":"ndzy-s 更新日志 2024-09-30 03:07:04","parents":[{"sha":"df8ae484faec54c967b6a7707c50a1c3cab0dad6","url":"https://api.github.com/repos/ndzy01/logs/git/commits/df8ae484faec54c967b6a7707c50a1c3cab0dad6","html_url":"https://github.com/ndzy01/logs/commit/df8ae484faec54c967b6a7707c50a1c3cab0dad6"}],"verification":{"verified":false,"reason":"unsigned","signature":null,"payload":null}}}
info: 2024-09-30 03:07:05: [INFO] method=GET ip=1.36.156.68======
info: 2024-09-30 03:07:05: 上传日志
info: 2024-09-30 03:07:05: 找到的最后一个有效日志文件: /tmp/logs/info-2024-09-30.log 尝试次数: 0
info: 2024-09-30 03:07:05: 没有找到任何有效日志文件
info: 2024-09-30 03:07:05: [INFO] method=GET ip=1.36.156.68 耗时=272ms======
info: 2024-09-30 03:07:06: 上传成功
info: 2024-09-30 03:07:06: {"content":{"name":"info-2024-09-30 03:07:05.log","path":"ndzy-s/2024-09-30/info-2024-09-30 03:07:05.log","sha":"b7c72bcde9c11b9c4511183a6b10e19b23e74ba1","size":27686,"url":"https://api.github.com/repos/ndzy01/logs/contents/ndzy-s/2024-09-30/info-2024-09-30%2003:07:05.log?ref=main","html_url":"https://github.com/ndzy01/logs/blob/main/ndzy-s/2024-09-30/info-2024-09-30%2003:07:05.log","git_url":"https://api.github.com/repos/ndzy01/logs/git/blobs/b7c72bcde9c11b9c4511183a6b10e19b23e74ba1","download_url":"https://raw.githubusercontent.com/ndzy01/logs/main/ndzy-s/2024-09-30/info-2024-09-30%2003%3A07%3A05.log","type":"file","_links":{"self":"https://api.github.com/repos/ndzy01/logs/contents/ndzy-s/2024-09-30/info-2024-09-30%2003:07:05.log?ref=main","git":"https://api.github.com/repos/ndzy01/logs/git/blobs/b7c72bcde9c11b9c4511183a6b10e19b23e74ba1","html":"https://github.com/ndzy01/logs/blob/main/ndzy-s/2024-09-30/info-2024-09-30%2003:07:05.log"}},"commit":{"sha":"c33f6050a625697680f6e1e282e38b96314c50e9","node_id":"C_kwDOM4qzi9oAKGMzM2Y2MDUwYTYyNTY5NzY4MGY2ZTFlMjgyZTM4Yjk2MzE0YzUwZTk","url":"https://api.github.com/repos/ndzy01/logs/git/commits/c33f6050a625697680f6e1e282e38b96314c50e9","html_url":"https://github.com/ndzy01/logs/commit/c33f6050a625697680f6e1e282e38b96314c50e9","author":{"name":"ndzy01","email":"46743100+ndzy01@users.noreply.github.com","date":"2024-09-30T03:07:05Z"},"committer":{"name":"ndzy01","email":"46743100+ndzy01@users.noreply.github.com","date":"2024-09-30T03:07:05Z"},"tree":{"sha":"1fbe7aaa553dcd9a9ffb299fbfc1decc5d1cc154","url":"https://api.github.com/repos/ndzy01/logs/git/trees/1fbe7aaa553dcd9a9ffb299fbfc1decc5d1cc154"},"message":"ndzy-s 更新日志 2024-09-30 03:07:05","parents":[{"sha":"11dd87b4c9eb9b5f088e4722fa0b5e9bb364251e","url":"https://api.github.com/repos/ndzy01/logs/git/commits/11dd87b4c9eb9b5f088e4722fa0b5e9bb364251e","html_url":"https://github.com/ndzy01/logs/commit/11dd87b4c9eb9b5f088e4722fa0b5e9bb364251e"}],"verification":{"verified":false,"reason":"unsigned","signature":null,"payload":null}}}
info: 2024-09-30 03:07:06: [INFO] method=GET ip=1.36.156.68======
info: 2024-09-30 03:07:06: 上传日志
info: 2024-09-30 03:07:06: 找到的最后一个有效日志文件: /tmp/logs/info-2024-09-30.log 尝试次数: 0
info: 2024-09-30 03:07:06: 没有找到任何有效日志文件
info: 2024-09-30 03:07:06: [INFO] method=GET ip=1.36.156.68 耗时=116ms======
info: 2024-09-30 03:07:54: 上传成功
info: 2024-09-30 03:07:54: {"content":{"name":"info-2024-09-30 03:07:06.log","path":"ndzy-s/2024-09-30/info-2024-09-30 03:07:06.log","sha":"3450b39a3faa6fa2efa4d6ea92cdbb1492d7534f","size":30113,"url":"https://api.github.com/repos/ndzy01/logs/contents/ndzy-s/2024-09-30/info-2024-09-30%2003:07:06.log?ref=main","html_url":"https://github.com/ndzy01/logs/blob/main/ndzy-s/2024-09-30/info-2024-09-30%2003:07:06.log","git_url":"https://api.github.com/repos/ndzy01/logs/git/blobs/3450b39a3faa6fa2efa4d6ea92cdbb1492d7534f","download_url":"https://raw.githubusercontent.com/ndzy01/logs/main/ndzy-s/2024-09-30/info-2024-09-30%2003%3A07%3A06.log","type":"file","_links":{"self":"https://api.github.com/repos/ndzy01/logs/contents/ndzy-s/2024-09-30/info-2024-09-30%2003:07:06.log?ref=main","git":"https://api.github.com/repos/ndzy01/logs/git/blobs/3450b39a3faa6fa2efa4d6ea92cdbb1492d7534f","html":"https://github.com/ndzy01/logs/blob/main/ndzy-s/2024-09-30/info-2024-09-30%2003:07:06.log"}},"commit":{"sha":"d417a401901e585d0d1f50e7a54a50c0404b2805","node_id":"C_kwDOM4qzi9oAKGQ0MTdhNDAxOTAxZTU4NWQwZDFmNTBlN2E1NGE1MGMwNDA0YjI4MDU","url":"https://api.github.com/repos/ndzy01/logs/git/commits/d417a401901e585d0d1f50e7a54a50c0404b2805","html_url":"https://github.com/ndzy01/logs/commit/d417a401901e585d0d1f50e7a54a50c0404b2805","author":{"name":"ndzy01","email":"46743100+ndzy01@users.noreply.github.com","date":"2024-09-30T03:07:06Z"},"committer":{"name":"ndzy01","email":"46743100+ndzy01@users.noreply.github.com","date":"2024-09-30T03:07:06Z"},"tree":{"sha":"fca048dd6865b7f1c39b54abf19c938f19e252e2","url":"https://api.github.com/repos/ndzy01/logs/git/trees/fca048dd6865b7f1c39b54abf19c938f19e252e2"},"message":"ndzy-s 更新日志 2024-09-30 03:07:06","parents":[{"sha":"c33f6050a625697680f6e1e282e38b96314c50e9","url":"https://api.github.com/repos/ndzy01/logs/git/commits/c33f6050a625697680f6e1e282e38b96314c50e9","html_url":"https://github.com/ndzy01/logs/commit/c33f6050a625697680f6e1e282e38b96314c50e9"}],"verification":{"verified":false,"reason":"unsigned","signature":null,"payload":null}}}
info: 2024-09-30 03:10:00: 上传日志
info: 2024-09-30 03:10:00: [INFO] method=GET ip=1.36.156.68======
info: 2024-09-30 03:10:00: 上传日志
info: 2024-09-30 03:10:00: 找到的最后一个有效日志文件: /tmp/logs/info-2024-09-30.log 尝试次数: 0
info: 2024-09-30 03:10:00: 没有找到任何有效日志文件
info: 2024-09-30 03:10:00: "上传失败"
info: 2024-09-30 03:10:00: {}
info: 2024-09-30 03:10:00: 上传成功
info: 2024-09-30 03:10:00: {"content":{"name":"info-2024-09-30 03:10:00.log","path":"ndzy-s/2024-09-30/info-2024-09-30 03:10:00.log","sha":"eeb2062c8c3766c619dc01907b163369f6b6229d","size":32712,"url":"https://api.github.com/repos/ndzy01/logs/contents/ndzy-s/2024-09-30/info-2024-09-30%2003:10:00.log?ref=main","html_url":"https://github.com/ndzy01/logs/blob/main/ndzy-s/2024-09-30/info-2024-09-30%2003:10:00.log","git_url":"https://api.github.com/repos/ndzy01/logs/git/blobs/eeb2062c8c3766c619dc01907b163369f6b6229d","download_url":"https://raw.githubusercontent.com/ndzy01/logs/main/ndzy-s/2024-09-30/info-2024-09-30%2003%3A10%3A00.log","type":"file","_links":{"self":"https://api.github.com/repos/ndzy01/logs/contents/ndzy-s/2024-09-30/info-2024-09-30%2003:10:00.log?ref=main","git":"https://api.github.com/repos/ndzy01/logs/git/blobs/eeb2062c8c3766c619dc01907b163369f6b6229d","html":"https://github.com/ndzy01/logs/blob/main/ndzy-s/2024-09-30/info-2024-09-30%2003:10:00.log"}},"commit":{"sha":"5c5f051d1ddbc254c4a37b7dc3e4312bbb9e9613","node_id":"C_kwDOM4qzi9oAKDVjNWYwNTFkMWRkYmMyNTRjNGEzN2I3ZGMzZTQzMTJiYmI5ZTk2MTM","url":"https://api.github.com/repos/ndzy01/logs/git/commits/5c5f051d1ddbc254c4a37b7dc3e4312bbb9e9613","html_url":"https://github.com/ndzy01/logs/commit/5c5f051d1ddbc254c4a37b7dc3e4312bbb9e9613","author":{"name":"ndzy01","email":"46743100+ndzy01@users.noreply.github.com","date":"2024-09-30T03:10:00Z"},"committer":{"name":"ndzy01","email":"46743100+ndzy01@users.noreply.github.com","date":"2024-09-30T03:10:00Z"},"tree":{"sha":"8f6a54cea503f9ad13de778f89c60cac0d621721","url":"https://api.github.com/repos/ndzy01/logs/git/trees/8f6a54cea503f9ad13de778f89c60cac0d621721"},"message":"ndzy-s 更新日志 2024-09-30 03:10:00","parents":[{"sha":"d417a401901e585d0d1f50e7a54a50c0404b2805","url":"https://api.github.com/repos/ndzy01/logs/git/commits/d417a401901e585d0d1f50e7a54a50c0404b2805","html_url":"https://github.com/ndzy01/logs/commit/d417a401901e585d0d1f50e7a54a50c0404b2805"}],"verification":{"verified":false,"reason":"unsigned","signature":null,"payload":null}}}
info: 2024-09-30 03:10:00: [INFO] method=GET ip=1.36.156.68 耗时=511ms======
info: 2024-09-30 03:12:53: [INFO] method=GET ip=1.36.156.68======
info: 2024-09-30 03:12:53: 上传日志
info: 2024-09-30 03:12:53: 找到的最后一个有效日志文件: /tmp/logs/info-2024-09-30.log 尝试次数: 0
info: 2024-09-30 03:12:53: 没有找到任何有效日志文件
info: 2024-09-30 03:12:54: [INFO] method=GET ip=1.36.156.68 耗时=304ms======
info: 2024-09-30 03:12:54: 上传成功
info: 2024-09-30 03:12:54: {"content":{"name":"info-2024-09-30 03:12:53.log","path":"ndzy-s/2024-09-30/info-2024-09-30 03:12:53.log","sha":"8ddd656afcc15ff92a4211c3a6002c28bfc74794","size":35277,"url":"https://api.github.com/repos/ndzy01/logs/contents/ndzy-s/2024-09-30/info-2024-09-30%2003:12:53.log?ref=main","html_url":"https://github.com/ndzy01/logs/blob/main/ndzy-s/2024-09-30/info-2024-09-30%2003:12:53.log","git_url":"https://api.github.com/repos/ndzy01/logs/git/blobs/8ddd656afcc15ff92a4211c3a6002c28bfc74794","download_url":"https://raw.githubusercontent.com/ndzy01/logs/main/ndzy-s/2024-09-30/info-2024-09-30%2003%3A12%3A53.log","type":"file","_links":{"self":"https://api.github.com/repos/ndzy01/logs/contents/ndzy-s/2024-09-30/info-2024-09-30%2003:12:53.log?ref=main","git":"https://api.github.com/repos/ndzy01/logs/git/blobs/8ddd656afcc15ff92a4211c3a6002c28bfc74794","html":"https://github.com/ndzy01/logs/blob/main/ndzy-s/2024-09-30/info-2024-09-30%2003:12:53.log"}},"commit":{"sha":"5a068f97ce6c0e9f4dfe708d0b5c6e22a8c8802a","node_id":"C_kwDOM4qzi9oAKDVhMDY4Zjk3Y2U2YzBlOWY0ZGZlNzA4ZDBiNWM2ZTIyYThjODgwMmE","url":"https://api.github.com/repos/ndzy01/logs/git/commits/5a068f97ce6c0e9f4dfe708d0b5c6e22a8c8802a","html_url":"https://github.com/ndzy01/logs/commit/5a068f97ce6c0e9f4dfe708d0b5c6e22a8c8802a","author":{"name":"ndzy01","email":"46743100+ndzy01@users.noreply.github.com","date":"2024-09-30T03:12:54Z"},"committer":{"name":"ndzy01","email":"46743100+ndzy01@users.noreply.github.com","date":"2024-09-30T03:12:54Z"},"tree":{"sha":"18e07b01bffa4750864e7bfafcb5a5c5db0facff","url":"https://api.github.com/repos/ndzy01/logs/git/trees/18e07b01bffa4750864e7bfafcb5a5c5db0facff"},"message":"ndzy-s 更新日志 2024-09-30 03:12:53","parents":[{"sha":"499537a3505a75f0e3285901b1d70e0ce0f86468","url":"https://api.github.com/repos/ndzy01/logs/git/commits/499537a3505a75f0e3285901b1d70e0ce0f86468","html_url":"https://github.com/ndzy01/logs/commit/499537a3505a75f0e3285901b1d70e0ce0f86468"}],"verification":{"verified":false,"reason":"unsigned","signature":null,"payload":null}}}
info: 2024-09-30 03:12:54: [INFO] method=GET ip=1.36.156.68======
info: 2024-09-30 03:12:54: 上传日志
info: 2024-09-30 03:12:54: 找到的最后一个有效日志文件: /tmp/logs/info-2024-09-30.log 尝试次数: 0
info: 2024-09-30 03:12:54: 没有找到任何有效日志文件
info: 2024-09-30 03:12:54: [INFO] method=GET ip=1.36.156.68 耗时=125ms======
info: 2024-09-30 03:12:54: [INFO] method=GET ip=1.36.156.68======
info: 2024-09-30 03:12:54: 上传日志
info: 2024-09-30 03:12:54: 找到的最后一个有效日志文件: /tmp/logs/info-2024-09-30.log 尝试次数: 0
info: 2024-09-30 03:12:54: 没有找到任何有效日志文件
info: 2024-09-30 03:12:54: 上传成功
info: 2024-09-30 03:12:54: {"content":{"name":"info-2024-09-30 03:12:54.log","path":"ndzy-s/2024-09-30/info-2024-09-30 03:12:54.log","sha":"14a15f291610d188dd6484e86cd7b8cd9d912e12","size":37704,"url":"https://api.github.com/repos/ndzy01/logs/contents/ndzy-s/2024-09-30/info-2024-09-30%2003:12:54.log?ref=main","html_url":"https://github.com/ndzy01/logs/blob/main/ndzy-s/2024-09-30/info-2024-09-30%2003:12:54.log","git_url":"https://api.github.com/repos/ndzy01/logs/git/blobs/14a15f291610d188dd6484e86cd7b8cd9d912e12","download_url":"https://raw.githubusercontent.com/ndzy01/logs/main/ndzy-s/2024-09-30/info-2024-09-30%2003%3A12%3A54.log","type":"file","_links":{"self":"https://api.github.com/repos/ndzy01/logs/contents/ndzy-s/2024-09-30/info-2024-09-30%2003:12:54.log?ref=main","git":"https://api.github.com/repos/ndzy01/logs/git/blobs/14a15f291610d188dd6484e86cd7b8cd9d912e12","html":"https://github.com/ndzy01/logs/blob/main/ndzy-s/2024-09-30/info-2024-09-30%2003:12:54.log"}},"commit":{"sha":"6eb5c47a701045db45bd63553ee70508d38bc5db","node_id":"C_kwDOM4qzi9oAKDZlYjVjNDdhNzAxMDQ1ZGI0NWJkNjM1NTNlZTcwNTA4ZDM4YmM1ZGI","url":"https://api.github.com/repos/ndzy01/logs/git/commits/6eb5c47a701045db45bd63553ee70508d38bc5db","html_url":"https://github.com/ndzy01/logs/commit/6eb5c47a701045db45bd63553ee70508d38bc5db","author":{"name":"ndzy01","email":"46743100+ndzy01@users.noreply.github.com","date":"2024-09-30T03:12:54Z"},"committer":{"name":"ndzy01","email":"46743100+ndzy01@users.noreply.github.com","date":"2024-09-30T03:12:54Z"},"tree":{"sha":"e12926409fb29bd14d414f2f3c6082ef3b7cc482","url":"https://api.github.com/repos/ndzy01/logs/git/trees/e12926409fb29bd14d414f2f3c6082ef3b7cc482"},"message":"ndzy-s 更新日志 2024-09-30 03:12:54","parents":[{"sha":"5a068f97ce6c0e9f4dfe708d0b5c6e22a8c8802a","url":"https://api.github.com/repos/ndzy01/logs/git/commits/5a068f97ce6c0e9f4dfe708d0b5c6e22a8c8802a","html_url":"https://github.com/ndzy01/logs/commit/5a068f97ce6c0e9f4dfe708d0b5c6e22a8c8802a"}],"verification":{"verified":false,"reason":"unsigned","signature":null,"payload":null}}}
info: 2024-09-30 03:12:55: [INFO] method=GET ip=1.36.156.68 耗时=109ms======
info: 2024-09-30 03:13:00: Starting Nest application...
info: 2024-09-30 03:13:00: TypeOrmModule dependencies initialized
info: 2024-09-30 03:13:00: MulterModule dependencies initialized
info: 2024-09-30 03:13:00: JwtModule dependencies initialized
info: 2024-09-30 03:13:00: WinstonModule dependencies initialized
info: 2024-09-30 03:13:00: TasksModule dependencies initialized
info: 2024-09-30 03:13:00: DiscoveryModule dependencies initialized
info: 2024-09-30 03:13:00: AppModule dependencies initialized
info: 2024-09-30 03:13:00: ScheduleModule dependencies initialized
info: 2024-09-30 03:13:00: TypeOrmCoreModule dependencies initialized
info: 2024-09-30 03:13:00: TypeOrmModule dependencies initialized
info: 2024-09-30 03:13:00: TypeOrmModule dependencies initialized
info: 2024-09-30 03:13:00: TypeOrmModule dependencies initialized
info: 2024-09-30 03:13:00: UserModule dependencies initialized
info: 2024-09-30 03:13:00: ArticleModule dependencies initialized
info: 2024-09-30 03:13:00: ImgModule dependencies initialized
info: 2024-09-30 03:13:00: AppController {/}:
info: 2024-09-30 03:13:00: Mapped {/, GET} route
info: 2024-09-30 03:13:00: Mapped {/encrypt, GET} route
info: 2024-09-30 03:13:00: Mapped {/decrypt, GET} route
info: 2024-09-30 03:13:00: UserController {/user}:
info: 2024-09-30 03:13:00: Mapped {/user/register, POST} route
info: 2024-09-30 03:13:00: Mapped {/user/login, POST} route
info: 2024-09-30 03:13:00: Mapped {/user/:id, GET} route
info: 2024-09-30 03:13:00: ArticleController {/article}:
info: 2024-09-30 03:13:00: Mapped {/article, POST} route
info: 2024-09-30 03:13:00: Mapped {/article, GET} route
info: 2024-09-30 03:13:00: Mapped {/article/:id, GET} route
info: 2024-09-30 03:13:00: Mapped {/article/pid/:pid, GET} route
info: 2024-09-30 03:13:00: Mapped {/article/:id, PATCH} route
info: 2024-09-30 03:13:00: Mapped {/article/updateOrder, POST} route
info: 2024-09-30 03:13:00: Mapped {/article/:id, DELETE} route
info: 2024-09-30 03:13:00: ImgController {/img}:
info: 2024-09-30 03:13:00: Mapped {/img, POST} route
info: 2024-09-30 03:13:00: Mapped {/img, POST} route
info: 2024-09-30 03:13:00: Mapped {/img, GET} route
info: 2024-09-30 03:13:00: Mapped {/img/:id, GET} route
info: 2024-09-30 03:13:00: Mapped {/img/:id, PATCH} route
info: 2024-09-30 03:13:00: Mapped {/img/:id, DELETE} route
info: 2024-09-30 03:13:00: Nest application successfully started
info: 2024-09-30 03:13:00: [INFO] method=GET ip=1.36.156.68======
info: 2024-09-30 03:13:00: 上传日志
info: 2024-09-30 03:13:00: 找到的最后一个有效日志文件: /tmp/logs/info-2024-09-30.log 尝试次数: 0
info: 2024-09-30 03:13:00: 没有找到任何有效日志文件
info: 2024-09-30 03:13:01: [INFO] method=GET ip=1.36.156.68 耗时=338ms======
info: 2024-09-30 03:13:01: 上传成功
info: 2024-09-30 03:13:01: {"content":{"name":"info-2024-09-30 03:13:00.log","path":"ndzy-s/2024-09-30/info-2024-09-30 03:13:00.log","sha":"9dd62256acc286f705921031179c64f06e53b381","size":43033,"url":"https://api.github.com/repos/ndzy01/logs/contents/ndzy-s/2024-09-30/info-2024-09-30%2003:13:00.log?ref=main","html_url":"https://github.com/ndzy01/logs/blob/main/ndzy-s/2024-09-30/info-2024-09-30%2003:13:00.log","git_url":"https://api.github.com/repos/ndzy01/logs/git/blobs/9dd62256acc286f705921031179c64f06e53b381","download_url":"https://raw.githubusercontent.com/ndzy01/logs/main/ndzy-s/2024-09-30/info-2024-09-30%2003%3A13%3A00.log","type":"file","_links":{"self":"https://api.github.com/repos/ndzy01/logs/contents/ndzy-s/2024-09-30/info-2024-09-30%2003:13:00.log?ref=main","git":"https://api.github.com/repos/ndzy01/logs/git/blobs/9dd62256acc286f705921031179c64f06e53b381","html":"https://github.com/ndzy01/logs/blob/main/ndzy-s/2024-09-30/info-2024-09-30%2003:13:00.log"}},"commit":{"sha":"02809f902dfa3651bdf63ec467fe9b9272853f8e","node_id":"C_kwDOM4qzi9oAKDAyODA5ZjkwMmRmYTM2NTFiZGY2M2VjNDY3ZmU5YjkyNzI4NTNmOGU","url":"https://api.github.com/repos/ndzy01/logs/git/commits/02809f902dfa3651bdf63ec467fe9b9272853f8e","html_url":"https://github.com/ndzy01/logs/commit/02809f902dfa3651bdf63ec467fe9b9272853f8e","author":{"name":"ndzy01","email":"46743100+ndzy01@users.noreply.github.com","date":"2024-09-30T03:13:01Z"},"committer":{"name":"ndzy01","email":"46743100+ndzy01@users.noreply.github.com","date":"2024-09-30T03:13:01Z"},"tree":{"sha":"806f652c361f85078b517808d7bf8e10dab73db2","url":"https://api.github.com/repos/ndzy01/logs/git/trees/806f652c361f85078b517808d7bf8e10dab73db2"},"message":"ndzy-s 更新日志 2024-09-30 03:13:00","parents":[{"sha":"6eb5c47a701045db45bd63553ee70508d38bc5db","url":"https://api.github.com/repos/ndzy01/logs/git/commits/6eb5c47a701045db45bd63553ee70508d38bc5db","html_url":"https://github.com/ndzy01/logs/commit/6eb5c47a701045db45bd63553ee70508d38bc5db"}],"verification":{"verified":false,"reason":"unsigned","signature":null,"payload":null}}}
info: 2024-09-30 03:13:01: [INFO] method=GET ip=1.36.156.68======
info: 2024-09-30 03:13:01: 上传日志
info: 2024-09-30 03:13:01: 找到的最后一个有效日志文件: /tmp/logs/info-2024-09-30.log 尝试次数: 0
info: 2024-09-30 03:13:01: 没有找到任何有效日志文件
info: 2024-09-30 03:13:01: [INFO] method=GET ip=1.36.156.68 耗时=159ms======
info: 2024-09-30 03:14:02: 上传成功
info: 2024-09-30 03:14:02: {"content":{"name":"info-2024-09-30 03:13:01.log","path":"ndzy-s/2024-09-30/info-2024-09-30 03:13:01.log","sha":"cce5c577b764dc283de205db1ca25404f22a3a94","size":45460,"url":"https://api.github.com/repos/ndzy01/logs/contents/ndzy-s/2024-09-30/info-2024-09-30%2003:13:01.log?ref=main","html_url":"https://github.com/ndzy01/logs/blob/main/ndzy-s/2024-09-30/info-2024-09-30%2003:13:01.log","git_url":"https://api.github.com/repos/ndzy01/logs/git/blobs/cce5c577b764dc283de205db1ca25404f22a3a94","download_url":"https://raw.githubusercontent.com/ndzy01/logs/main/ndzy-s/2024-09-30/info-2024-09-30%2003%3A13%3A01.log","type":"file","_links":{"self":"https://api.github.com/repos/ndzy01/logs/contents/ndzy-s/2024-09-30/info-2024-09-30%2003:13:01.log?ref=main","git":"https://api.github.com/repos/ndzy01/logs/git/blobs/cce5c577b764dc283de205db1ca25404f22a3a94","html":"https://github.com/ndzy01/logs/blob/main/ndzy-s/2024-09-30/info-2024-09-30%2003:13:01.log"}},"commit":{"sha":"be58f6b7b92f6e760f96eba05094923c5382c606","node_id":"C_kwDOM4qzi9oAKGJlNThmNmI3YjkyZjZlNzYwZjk2ZWJhMDUwOTQ5MjNjNTM4MmM2MDY","url":"https://api.github.com/repos/ndzy01/logs/git/commits/be58f6b7b92f6e760f96eba05094923c5382c606","html_url":"https://github.com/ndzy01/logs/commit/be58f6b7b92f6e760f96eba05094923c5382c606","author":{"name":"ndzy01","email":"46743100+ndzy01@users.noreply.github.com","date":"2024-09-30T03:13:01Z"},"committer":{"name":"ndzy01","email":"46743100+ndzy01@users.noreply.github.com","date":"2024-09-30T03:13:01Z"},"tree":{"sha":"c1ff0f7756c2aadf0594664a227e29f2ee89ed53","url":"https://api.github.com/repos/ndzy01/logs/git/trees/c1ff0f7756c2aadf0594664a227e29f2ee89ed53"},"message":"ndzy-s 更新日志 2024-09-30 03:13:01","parents":[{"sha":"02809f902dfa3651bdf63ec467fe9b9272853f8e","url":"https://api.github.com/repos/ndzy01/logs/git/commits/02809f902dfa3651bdf63ec467fe9b9272853f8e","html_url":"https://github.com/ndzy01/logs/commit/02809f902dfa3651bdf63ec467fe9b9272853f8e"}],"verification":{"verified":false,"reason":"unsigned","signature":null,"payload":null}}}
info: 2024-09-30 03:14:02: [INFO] method=GET ip=1.36.156.68======
info: 2024-09-30 03:14:02: 上传日志
info: 2024-09-30 03:14:02: 找到的最后一个有效日志文件: /tmp/logs/info-2024-09-30.log 尝试次数: 0
info: 2024-09-30 03:14:02: 没有找到任何有效日志文件
info: 2024-09-30 03:14:02: [INFO] method=GET ip=1.36.156.68 耗时=310ms======
info: 2024-09-30 03:14:03: 上传成功
info: 2024-09-30 03:14:03: {"content":{"name":"info-2024-09-30 03:14:02.log","path":"ndzy-s/2024-09-30/info-2024-09-30 03:14:02.log","sha":"ee02cb31d75ef9fe76a9d6ef0e2e5c7d735f87cc","size":48019,"url":"https://api.github.com/repos/ndzy01/logs/contents/ndzy-s/2024-09-30/info-2024-09-30%2003:14:02.log?ref=main","html_url":"https://github.com/ndzy01/logs/blob/main/ndzy-s/2024-09-30/info-2024-09-30%2003:14:02.log","git_url":"https://api.github.com/repos/ndzy01/logs/git/blobs/ee02cb31d75ef9fe76a9d6ef0e2e5c7d735f87cc","download_url":"https://raw.githubusercontent.com/ndzy01/logs/main/ndzy-s/2024-09-30/info-2024-09-30%2003%3A14%3A02.log","type":"file","_links":{"self":"https://api.github.com/repos/ndzy01/logs/contents/ndzy-s/2024-09-30/info-2024-09-30%2003:14:02.log?ref=main","git":"https://api.github.com/repos/ndzy01/logs/git/blobs/ee02cb31d75ef9fe76a9d6ef0e2e5c7d735f87cc","html":"https://github.com/ndzy01/logs/blob/main/ndzy-s/2024-09-30/info-2024-09-30%2003:14:02.log"}},"commit":{"sha":"f2cbea2b75870041a3c9a412bbdcb7ffadf67418","node_id":"C_kwDOM4qzi9oAKGYyY2JlYTJiNzU4NzAwNDFhM2M5YTQxMmJiZGNiN2ZmYWRmNjc0MTg","url":"https://api.github.com/repos/ndzy01/logs/git/commits/f2cbea2b75870041a3c9a412bbdcb7ffadf67418","html_url":"https://github.com/ndzy01/logs/commit/f2cbea2b75870041a3c9a412bbdcb7ffadf67418","author":{"name":"ndzy01","email":"46743100+ndzy01@users.noreply.github.com","date":"2024-09-30T03:14:02Z"},"committer":{"name":"ndzy01","email":"46743100+ndzy01@users.noreply.github.com","date":"2024-09-30T03:14:02Z"},"tree":{"sha":"1c1b60084621360419749cac7ab53f0c3c431c9e","url":"https://api.github.com/repos/ndzy01/logs/git/trees/1c1b60084621360419749cac7ab53f0c3c431c9e"},"message":"ndzy-s 更新日志 2024-09-30 03:14:02","parents":[{"sha":"be58f6b7b92f6e760f96eba05094923c5382c606","url":"https://api.github.com/repos/ndzy01/logs/git/commits/be58f6b7b92f6e760f96eba05094923c5382c606","html_url":"https://github.com/ndzy01/logs/commit/be58f6b7b92f6e760f96eba05094923c5382c606"}],"verification":{"verified":false,"reason":"unsigned","signature":null,"payload":null}}}
info: 2024-09-30 03:14:03: [INFO] method=GET ip=1.36.156.68======
info: 2024-09-30 03:14:03: 上传日志
info: 2024-09-30 03:14:03: 找到的最后一个有效日志文件: /tmp/logs/info-2024-09-30.log 尝试次数: 0
info: 2024-09-30 03:14:03: 没有找到任何有效日志文件
info: 2024-09-30 03:14:03: [INFO] method=GET ip=1.36.156.68 耗时=132ms======
info: 2024-09-30 03:14:31: 上传成功
info: 2024-09-30 03:14:31: {"content":{"name":"info-2024-09-30 03:14:03.log","path":"ndzy-s/2024-09-30/info-2024-09-30 03:14:03.log","sha":"80d5ea758f6f6db43df26100d242f0ae4096473f","size":50446,"url":"https://api.github.com/repos/ndzy01/logs/contents/ndzy-s/2024-09-30/info-2024-09-30%2003:14:03.log?ref=main","html_url":"https://github.com/ndzy01/logs/blob/main/ndzy-s/2024-09-30/info-2024-09-30%2003:14:03.log","git_url":"https://api.github.com/repos/ndzy01/logs/git/blobs/80d5ea758f6f6db43df26100d242f0ae4096473f","download_url":"https://raw.githubusercontent.com/ndzy01/logs/main/ndzy-s/2024-09-30/info-2024-09-30%2003%3A14%3A03.log","type":"file","_links":{"self":"https://api.github.com/repos/ndzy01/logs/contents/ndzy-s/2024-09-30/info-2024-09-30%2003:14:03.log?ref=main","git":"https://api.github.com/repos/ndzy01/logs/git/blobs/80d5ea758f6f6db43df26100d242f0ae4096473f","html":"https://github.com/ndzy01/logs/blob/main/ndzy-s/2024-09-30/info-2024-09-30%2003:14:03.log"}},"commit":{"sha":"e17195a65e0b2e3d2c4a0805e870ddc6568e3b8a","node_id":"C_kwDOM4qzi9oAKGUxNzE5NWE2NWUwYjJlM2QyYzRhMDgwNWU4NzBkZGM2NTY4ZTNiOGE","url":"https://api.github.com/repos/ndzy01/logs/git/commits/e17195a65e0b2e3d2c4a0805e870ddc6568e3b8a","html_url":"https://github.com/ndzy01/logs/commit/e17195a65e0b2e3d2c4a0805e870ddc6568e3b8a","author":{"name":"ndzy01","email":"46743100+ndzy01@users.noreply.github.com","date":"2024-09-30T03:14:03Z"},"committer":{"name":"ndzy01","email":"46743100+ndzy01@users.noreply.github.com","date":"2024-09-30T03:14:03Z"},"tree":{"sha":"31ad6298917f9e63451ad742f64e548a5c6b7655","url":"https://api.github.com/repos/ndzy01/logs/git/trees/31ad6298917f9e63451ad742f64e548a5c6b7655"},"message":"ndzy-s 更新日志 2024-09-30 03:14:03","parents":[{"sha":"f2cbea2b75870041a3c9a412bbdcb7ffadf67418","url":"https://api.github.com/repos/ndzy01/logs/git/commits/f2cbea2b75870041a3c9a412bbdcb7ffadf67418","html_url":"https://github.com/ndzy01/logs/commit/f2cbea2b75870041a3c9a412bbdcb7ffadf67418"}],"verification":{"verified":false,"reason":"unsigned","signature":null,"payload":null}}}
info: 2024-09-30 03:14:31: [INFO] method=GET ip=1.36.156.68======
info: 2024-09-30 03:14:31: 上传日志
info: 2024-09-30 03:14:31: 找到的最后一个有效日志文件: /tmp/logs/info-2024-09-30.log 尝试次数: 0
info: 2024-09-30 03:14:31: 没有找到任何有效日志文件
info: 2024-09-30 03:14:32: [INFO] method=GET ip=1.36.156.68 耗时=391ms======
info: 2024-09-30 03:14:32: 上传成功
info: 2024-09-30 03:14:32: {"content":{"name":"info-2024-09-30 03:14:31.log","path":"ndzy-s/2024-09-30/info-2024-09-30 03:14:31.log","sha":"e0f035e54aad4eab89822d66f68b281e10be5ad0","size":53005,"url":"https://api.github.com/repos/ndzy01/logs/contents/ndzy-s/2024-09-30/info-2024-09-30%2003:14:31.log?ref=main","html_url":"https://github.com/ndzy01/logs/blob/main/ndzy-s/2024-09-30/info-2024-09-30%2003:14:31.log","git_url":"https://api.github.com/repos/ndzy01/logs/git/blobs/e0f035e54aad4eab89822d66f68b281e10be5ad0","download_url":"https://raw.githubusercontent.com/ndzy01/logs/main/ndzy-s/2024-09-30/info-2024-09-30%2003%3A14%3A31.log","type":"file","_links":{"self":"https://api.github.com/repos/ndzy01/logs/contents/ndzy-s/2024-09-30/info-2024-09-30%2003:14:31.log?ref=main","git":"https://api.github.com/repos/ndzy01/logs/git/blobs/e0f035e54aad4eab89822d66f68b281e10be5ad0","html":"https://github.com/ndzy01/logs/blob/main/ndzy-s/2024-09-30/info-2024-09-30%2003:14:31.log"}},"commit":{"sha":"a1a6a953a0a1817698e886f4cbb8c8cc91edad03","node_id":"C_kwDOM4qzi9oAKGExYTZhOTUzYTBhMTgxNzY5OGU4ODZmNGNiYjhjOGNjOTFlZGFkMDM","url":"https://api.github.com/repos/ndzy01/logs/git/commits/a1a6a953a0a1817698e886f4cbb8c8cc91edad03","html_url":"https://github.com/ndzy01/logs/commit/a1a6a953a0a1817698e886f4cbb8c8cc91edad03","author":{"name":"ndzy01","email":"46743100+ndzy01@users.noreply.github.com","date":"2024-09-30T03:14:32Z"},"committer":{"name":"ndzy01","email":"46743100+ndzy01@users.noreply.github.com","date":"2024-09-30T03:14:32Z"},"tree":{"sha":"e03f4fee66437778058a87f6094eff84019ab669","url":"https://api.github.com/repos/ndzy01/logs/git/trees/e03f4fee66437778058a87f6094eff84019ab669"},"message":"ndzy-s 更新日志 2024-09-30 03:14:31","parents":[{"sha":"e17195a65e0b2e3d2c4a0805e870ddc6568e3b8a","url":"https://api.github.com/repos/ndzy01/logs/git/commits/e17195a65e0b2e3d2c4a0805e870ddc6568e3b8a","html_url":"https://github.com/ndzy01/logs/commit/e17195a65e0b2e3d2c4a0805e870ddc6568e3b8a"}],"verification":{"verified":false,"reason":"unsigned","signature":null,"payload":null}}}
info: 2024-09-30 03:14:32: [INFO] method=GET ip=1.36.156.68======
info: 2024-09-30 03:14:32: 上传日志
info: 2024-09-30 03:14:32: 找到的最后一个有效日志文件: /tmp/logs/info-2024-09-30.log 尝试次数: 0
info: 2024-09-30 03:14:32: 没有找到任何有效日志文件
info: 2024-09-30 03:14:32: [INFO] method=GET ip=1.36.156.68 耗时=123ms======
info: 2024-09-30 03:14:50: 上传成功
info: 2024-09-30 03:14:50: {"content":{"name":"info-2024-09-30 03:14:32.log","path":"ndzy-s/2024-09-30/info-2024-09-30 03:14:32.log","sha":"426035531009c12c7071cc587406ccc143d76ae1","size":55498,"url":"https://api.github.com/repos/ndzy01/logs/contents/ndzy-s/2024-09-30/info-2024-09-30%2003:14:32.log?ref=main","html_url":"https://github.com/ndzy01/logs/blob/main/ndzy-s/2024-09-30/info-2024-09-30%2003:14:32.log","git_url":"https://api.github.com/repos/ndzy01/logs/git/blobs/426035531009c12c7071cc587406ccc143d76ae1","download_url":"https://raw.githubusercontent.com/ndzy01/logs/main/ndzy-s/2024-09-30/info-2024-09-30%2003%3A14%3A32.log","type":"file","_links":{"self":"https://api.github.com/repos/ndzy01/logs/contents/ndzy-s/2024-09-30/info-2024-09-30%2003:14:32.log?ref=main","git":"https://api.github.com/repos/ndzy01/logs/git/blobs/426035531009c12c7071cc587406ccc143d76ae1","html":"https://github.com/ndzy01/logs/blob/main/ndzy-s/2024-09-30/info-2024-09-30%2003:14:32.log"}},"commit":{"sha":"66c0dcfa8b64e6bee72b7bc124e78142f2804a0c","node_id":"C_kwDOM4qzi9oAKDY2YzBkY2ZhOGI2NGU2YmVlNzJiN2JjMTI0ZTc4MTQyZjI4MDRhMGM","url":"https://api.github.com/repos/ndzy01/logs/git/commits/66c0dcfa8b64e6bee72b7bc124e78142f2804a0c","html_url":"https://github.com/ndzy01/logs/commit/66c0dcfa8b64e6bee72b7bc124e78142f2804a0c","author":{"name":"ndzy01","email":"46743100+ndzy01@users.noreply.github.com","date":"2024-09-30T03:14:32Z"},"committer":{"name":"ndzy01","email":"46743100+ndzy01@users.noreply.github.com","date":"2024-09-30T03:14:32Z"},"tree":{"sha":"64d271bfd8aef65372569e2a63b8176c6bdad360","url":"https://api.github.com/repos/ndzy01/logs/git/trees/64d271bfd8aef65372569e2a63b8176c6bdad360"},"message":"ndzy-s 更新日志 2024-09-30 03:14:32","parents":[{"sha":"a1a6a953a0a1817698e886f4cbb8c8cc91edad03","url":"https://api.github.com/repos/ndzy01/logs/git/commits/a1a6a953a0a1817698e886f4cbb8c8cc91edad03","html_url":"https://github.com/ndzy01/logs/commit/a1a6a953a0a1817698e886f4cbb8c8cc91edad03"}],"verification":{"verified":false,"reason":"unsigned","signature":null,"payload":null}}}
info: 2024-09-30 03:14:50: [INFO] method=GET ip=1.36.156.68======
info: 2024-09-30 03:14:50: 上传日志
info: 2024-09-30 03:14:50: 找到的最后一个有效日志文件: /tmp/logs/info-2024-09-30.log 尝试次数: 0
info: 2024-09-30 03:14:50: 没有找到任何有效日志文件
info: 2024-09-30 03:14:51: [INFO] method=GET ip=1.36.156.68 耗时=432ms======
info: 2024-09-30 03:14:51: 上传成功
info: 2024-09-30 03:14:51: {"content":{"name":"info-2024-09-30 03:14:50.log","path":"ndzy-s/2024-09-30/info-2024-09-30 03:14:50.log","sha":"16d9365ea79512366c9d7567525c446de61e2be0","size":57991,"url":"https://api.github.com/repos/ndzy01/logs/contents/ndzy-s/2024-09-30/info-2024-09-30%2003:14:50.log?ref=main","html_url":"https://github.com/ndzy01/logs/blob/main/ndzy-s/2024-09-30/info-2024-09-30%2003:14:50.log","git_url":"https://api.github.com/repos/ndzy01/logs/git/blobs/16d9365ea79512366c9d7567525c446de61e2be0","download_url":"https://raw.githubusercontent.com/ndzy01/logs/main/ndzy-s/2024-09-30/info-2024-09-30%2003%3A14%3A50.log","type":"file","_links":{"self":"https://api.github.com/repos/ndzy01/logs/contents/ndzy-s/2024-09-30/info-2024-09-30%2003:14:50.log?ref=main","git":"https://api.github.com/repos/ndzy01/logs/git/blobs/16d9365ea79512366c9d7567525c446de61e2be0","html":"https://github.com/ndzy01/logs/blob/main/ndzy-s/2024-09-30/info-2024-09-30%2003:14:50.log"}},"commit":{"sha":"83fb7f64003224c3ad164c2bf7b9a09b9e9a69d6","node_id":"C_kwDOM4qzi9oAKDgzZmI3ZjY0MDAzMjI0YzNhZDE2NGMyYmY3YjlhMDliOWU5YTY5ZDY","url":"https://api.github.com/repos/ndzy01/logs/git/commits/83fb7f64003224c3ad164c2bf7b9a09b9e9a69d6","html_url":"https://github.com/ndzy01/logs/commit/83fb7f64003224c3ad164c2bf7b9a09b9e9a69d6","author":{"name":"ndzy01","email":"46743100+ndzy01@users.noreply.github.com","date":"2024-09-30T03:14:51Z"},"committer":{"name":"ndzy01","email":"46743100+ndzy01@users.noreply.github.com","date":"2024-09-30T03:14:51Z"},"tree":{"sha":"1d1c342be162a9f69545aca2c547da463f0f7f07","url":"https://api.github.com/repos/ndzy01/logs/git/trees/1d1c342be162a9f69545aca2c547da463f0f7f07"},"message":"ndzy-s 更新日志 2024-09-30 03:14:50","parents":[{"sha":"66c0dcfa8b64e6bee72b7bc124e78142f2804a0c","url":"https://api.github.com/repos/ndzy01/logs/git/commits/66c0dcfa8b64e6bee72b7bc124e78142f2804a0c","html_url":"https://github.com/ndzy01/logs/commit/66c0dcfa8b64e6bee72b7bc124e78142f2804a0c"}],"verification":{"verified":false,"reason":"unsigned","signature":null,"payload":null}}}
info: 2024-09-30 03:14:51: [INFO] method=GET ip=1.36.156.68======
info: 2024-09-30 03:14:51: 上传日志
info: 2024-09-30 03:14:51: 找到的最后一个有效日志文件: /tmp/logs/info-2024-09-30.log 尝试次数: 0
info: 2024-09-30 03:14:51: 没有找到任何有效日志文件
info: 2024-09-30 03:14:51: [INFO] method=GET ip=1.36.156.68 耗时=119ms======
info: 2024-09-30 03:15:21: 上传成功
info: 2024-09-30 03:15:21: {"content":{"name":"info-2024-09-30 03:14:51.log","path":"ndzy-s/2024-09-30/info-2024-09-30 03:14:51.log","sha":"d2ec141d1210b0bb364ddaf947a5667a7e31999c","size":60418,"url":"https://api.github.com/repos/ndzy01/logs/contents/ndzy-s/2024-09-30/info-2024-09-30%2003:14:51.log?ref=main","html_url":"https://github.com/ndzy01/logs/blob/main/ndzy-s/2024-09-30/info-2024-09-30%2003:14:51.log","git_url":"https://api.github.com/repos/ndzy01/logs/git/blobs/d2ec141d1210b0bb364ddaf947a5667a7e31999c","download_url":"https://raw.githubusercontent.com/ndzy01/logs/main/ndzy-s/2024-09-30/info-2024-09-30%2003%3A14%3A51.log","type":"file","_links":{"self":"https://api.github.com/repos/ndzy01/logs/contents/ndzy-s/2024-09-30/info-2024-09-30%2003:14:51.log?ref=main","git":"https://api.github.com/repos/ndzy01/logs/git/blobs/d2ec141d1210b0bb364ddaf947a5667a7e31999c","html":"https://github.com/ndzy01/logs/blob/main/ndzy-s/2024-09-30/info-2024-09-30%2003:14:51.log"}},"commit":{"sha":"08bacc58c386b58a8039f8c93861c6aa7c3859b7","node_id":"C_kwDOM4qzi9oAKDA4YmFjYzU4YzM4NmI1OGE4MDM5ZjhjOTM4NjFjNmFhN2MzODU5Yjc","url":"https://api.github.com/repos/ndzy01/logs/git/commits/08bacc58c386b58a8039f8c93861c6aa7c3859b7","html_url":"https://github.com/ndzy01/logs/commit/08bacc58c386b58a8039f8c93861c6aa7c3859b7","author":{"name":"ndzy01","email":"46743100+ndzy01@users.noreply.github.com","date":"2024-09-30T03:14:51Z"},"committer":{"name":"ndzy01","email":"46743100+ndzy01@users.noreply.github.com","date":"2024-09-30T03:14:51Z"},"tree":{"sha":"75364275bbd24af720b8cea606df43114e90e7ad","url":"https://api.github.com/repos/ndzy01/logs/git/trees/75364275bbd24af720b8cea606df43114e90e7ad"},"message":"ndzy-s 更新日志 2024-09-30 03:14:51","parents":[{"sha":"83fb7f64003224c3ad164c2bf7b9a09b9e9a69d6","url":"https://api.github.com/repos/ndzy01/logs/git/commits/83fb7f64003224c3ad164c2bf7b9a09b9e9a69d6","html_url":"https://github.com/ndzy01/logs/commit/83fb7f64003224c3ad164c2bf7b9a09b9e9a69d6"}],"verification":{"verified":false,"reason":"unsigned","signature":null,"payload":null}}}
info: 2024-09-30 03:16:00: [INFO] method=GET ip=1.36.156.68======
info: 2024-09-30 03:16:00: 上传日志
info: 2024-09-30 03:16:00: 找到的最后一个有效日志文件: /tmp/logs/info-2024-09-30.log 尝试次数: 0
info: 2024-09-30 03:16:00: 没有找到任何有效日志文件
info: 2024-09-30 03:16:00: [INFO] method=GET ip=1.36.156.68 耗时=204ms======
info: 2024-09-30 03:16:00: 上传成功
info: 2024-09-30 03:16:00: {"content":{"name":"info-2024-09-30 03:16:00.log","path":"ndzy-s/2024-09-30/info-2024-09-30 03:16:00.log","sha":"c66cc44f59652a18802e6437fbc7fa288531656a","size":62977,"url":"https://api.github.com/repos/ndzy01/logs/contents/ndzy-s/2024-09-30/info-2024-09-30%2003:16:00.log?ref=main","html_url":"https://github.com/ndzy01/logs/blob/main/ndzy-s/2024-09-30/info-2024-09-30%2003:16:00.log","git_url":"https://api.github.com/repos/ndzy01/logs/git/blobs/c66cc44f59652a18802e6437fbc7fa288531656a","download_url":"https://raw.githubusercontent.com/ndzy01/logs/main/ndzy-s/2024-09-30/info-2024-09-30%2003%3A16%3A00.log","type":"file","_links":{"self":"https://api.github.com/repos/ndzy01/logs/contents/ndzy-s/2024-09-30/info-2024-09-30%2003:16:00.log?ref=main","git":"https://api.github.com/repos/ndzy01/logs/git/blobs/c66cc44f59652a18802e6437fbc7fa288531656a","html":"https://github.com/ndzy01/logs/blob/main/ndzy-s/2024-09-30/info-2024-09-30%2003:16:00.log"}},"commit":{"sha":"9e033c90b5ec63800cb11fb298ba7aa8b3bbd607","node_id":"C_kwDOM4qzi9oAKDllMDMzYzkwYjVlYzYzODAwY2IxMWZiMjk4YmE3YWE4YjNiYmQ2MDc","url":"https://api.github.com/repos/ndzy01/logs/git/commits/9e033c90b5ec63800cb11fb298ba7aa8b3bbd607","html_url":"https://github.com/ndzy01/logs/commit/9e033c90b5ec63800cb11fb298ba7aa8b3bbd607","author":{"name":"ndzy01","email":"46743100+ndzy01@users.noreply.github.com","date":"2024-09-30T03:16:00Z"},"committer":{"name":"ndzy01","email":"46743100+ndzy01@users.noreply.github.com","date":"2024-09-30T03:16:00Z"},"tree":{"sha":"0ba060a3a5ab94c422f05727f6177f379ccf94c0","url":"https://api.github.com/repos/ndzy01/logs/git/trees/0ba060a3a5ab94c422f05727f6177f379ccf94c0"},"message":"ndzy-s 更新日志 2024-09-30 03:16:00","parents":[{"sha":"3f679b2df37f9eb591eb69d65921e983ee00d8d7","url":"https://api.github.com/repos/ndzy01/logs/git/commits/3f679b2df37f9eb591eb69d65921e983ee00d8d7","html_url":"https://github.com/ndzy01/logs/commit/3f679b2df37f9eb591eb69d65921e983ee00d8d7"}],"verification":{"verified":false,"reason":"unsigned","signature":null,"payload":null}}}
info: 2024-09-30 03:16:00: [INFO] method=GET ip=1.36.156.68======
info: 2024-09-30 03:16:00: 上传日志
info: 2024-09-30 03:16:00: 找到的最后一个有效日志文件: /tmp/logs/info-2024-09-30.log 尝试次数: 0
info: 2024-09-30 03:16:00: 没有找到任何有效日志文件
info: 2024-09-30 03:16:01: [INFO] method=GET ip=1.36.156.68 耗时=170ms======
info: 2024-09-30 03:16:06: Starting Nest application...
info: 2024-09-30 03:16:06: TypeOrmModule dependencies initialized
info: 2024-09-30 03:16:06: MulterModule dependencies initialized
info: 2024-09-30 03:16:06: JwtModule dependencies initialized
info: 2024-09-30 03:16:06: WinstonModule dependencies initialized
info: 2024-09-30 03:16:06: TasksModule dependencies initialized
info: 2024-09-30 03:16:06: DiscoveryModule dependencies initialized
info: 2024-09-30 03:16:06: AppModule dependencies initialized
info: 2024-09-30 03:16:06: ScheduleModule dependencies initialized
info: 2024-09-30 03:16:07: TypeOrmCoreModule dependencies initialized
info: 2024-09-30 03:16:07: TypeOrmModule dependencies initialized
info: 2024-09-30 03:16:07: TypeOrmModule dependencies initialized
info: 2024-09-30 03:16:07: TypeOrmModule dependencies initialized
info: 2024-09-30 03:16:07: UserModule dependencies initialized
info: 2024-09-30 03:16:07: ArticleModule dependencies initialized
info: 2024-09-30 03:16:07: ImgModule dependencies initialized
info: 2024-09-30 03:16:07: AppController {/}:
info: 2024-09-30 03:16:07: Mapped {/, GET} route
info: 2024-09-30 03:16:07: Mapped {/encrypt, GET} route
info: 2024-09-30 03:16:07: Mapped {/decrypt, GET} route
info: 2024-09-30 03:16:07: UserController {/user}:
info: 2024-09-30 03:16:07: Mapped {/user/register, POST} route
info: 2024-09-30 03:16:07: Mapped {/user/login, POST} route
info: 2024-09-30 03:16:07: Mapped {/user/:id, GET} route
info: 2024-09-30 03:16:07: ArticleController {/article}:
info: 2024-09-30 03:16:07: Mapped {/article, POST} route
info: 2024-09-30 03:16:07: Mapped {/article, GET} route
info: 2024-09-30 03:16:07: Mapped {/article/:id, GET} route
info: 2024-09-30 03:16:07: Mapped {/article/pid/:pid, GET} route
info: 2024-09-30 03:16:07: Mapped {/article/:id, PATCH} route
info: 2024-09-30 03:16:07: Mapped {/article/updateOrder, POST} route
info: 2024-09-30 03:16:07: Mapped {/article/:id, DELETE} route
info: 2024-09-30 03:16:07: ImgController {/img}:
info: 2024-09-30 03:16:07: Mapped {/img, POST} route
info: 2024-09-30 03:16:07: Mapped {/img, POST} route
info: 2024-09-30 03:16:07: Mapped {/img, GET} route
info: 2024-09-30 03:16:07: Mapped {/img/:id, GET} route
info: 2024-09-30 03:16:07: Mapped {/img/:id, PATCH} route
info: 2024-09-30 03:16:07: Mapped {/img/:id, DELETE} route
info: 2024-09-30 03:16:07: Nest application successfully started
info: 2024-09-30 03:16:07: [INFO] method=GET ip=1.36.156.68======
info: 2024-09-30 03:16:07: 上传日志
info: 2024-09-30 03:16:07: 找到的最后一个有效日志文件: /tmp/logs/info-2024-09-30.log 尝试次数: 0
info: 2024-09-30 03:16:07: 没有找到任何有效日志文件
info: 2024-09-30 03:16:07: [INFO] method=GET ip=1.36.156.68 耗时=158ms======
info: 2024-09-30 03:16:33: 上传成功
info: 2024-09-30 03:16:33: {"content":{"name":"info-2024-09-30 03:16:07.log","path":"ndzy-s/2024-09-30/info-2024-09-30 03:16:07.log","sha":"760713d44a74aaa14d76c10393c175f62e335a79","size":68240,"url":"https://api.github.com/repos/ndzy01/logs/contents/ndzy-s/2024-09-30/info-2024-09-30%2003:16:07.log?ref=main","html_url":"https://github.com/ndzy01/logs/blob/main/ndzy-s/2024-09-30/info-2024-09-30%2003:16:07.log","git_url":"https://api.github.com/repos/ndzy01/logs/git/blobs/760713d44a74aaa14d76c10393c175f62e335a79","download_url":"https://raw.githubusercontent.com/ndzy01/logs/main/ndzy-s/2024-09-30/info-2024-09-30%2003%3A16%3A07.log","type":"file","_links":{"self":"https://api.github.com/repos/ndzy01/logs/contents/ndzy-s/2024-09-30/info-2024-09-30%2003:16:07.log?ref=main","git":"https://api.github.com/repos/ndzy01/logs/git/blobs/760713d44a74aaa14d76c10393c175f62e335a79","html":"https://github.com/ndzy01/logs/blob/main/ndzy-s/2024-09-30/info-2024-09-30%2003:16:07.log"}},"commit":{"sha":"4ced4d6369069e39a140866917025d45896af125","node_id":"C_kwDOM4qzi9oAKDRjZWQ0ZDYzNjkwNjllMzlhMTQwODY2OTE3MDI1ZDQ1ODk2YWYxMjU","url":"https://api.github.com/repos/ndzy01/logs/git/commits/4ced4d6369069e39a140866917025d45896af125","html_url":"https://github.com/ndzy01/logs/commit/4ced4d6369069e39a140866917025d45896af125","author":{"name":"ndzy01","email":"46743100+ndzy01@users.noreply.github.com","date":"2024-09-30T03:16:07Z"},"committer":{"name":"ndzy01","email":"46743100+ndzy01@users.noreply.github.com","date":"2024-09-30T03:16:07Z"},"tree":{"sha":"008396c1d1a3116ad5ca8305b7d2c6782fedb3a2","url":"https://api.github.com/repos/ndzy01/logs/git/trees/008396c1d1a3116ad5ca8305b7d2c6782fedb3a2"},"message":"ndzy-s 更新日志 2024-09-30 03:16:07","parents":[{"sha":"9e033c90b5ec63800cb11fb298ba7aa8b3bbd607","url":"https://api.github.com/repos/ndzy01/logs/git/commits/9e033c90b5ec63800cb11fb298ba7aa8b3bbd607","html_url":"https://github.com/ndzy01/logs/commit/9e033c90b5ec63800cb11fb298ba7aa8b3bbd607"}],"verification":{"verified":false,"reason":"unsigned","signature":null,"payload":null}}}
info: 2024-09-30 03:16:34: [INFO] method=POST ip=1.36.156.68======
info: 2024-09-30 03:16:34: 上传日志
info: 2024-09-30 03:16:34: 找到的最后一个有效日志文件: /tmp/logs/info-2024-09-30.log 尝试次数: 0
info: 2024-09-30 03:16:34: 没有找到任何有效日志文件
info: 2024-09-30 03:16:34: [INFO] method=POST ip=1.36.156.68 耗时=376ms======
info: 2024-09-30 03:16:34: 上传成功
info: 2024-09-30 03:16:34: {"content":{"name":"info-2024-09-30 03:16:34.log","path":"ndzy-s/2024-09-30/info-2024-09-30 03:16:34.log","sha":"c19b3041216ca0e5c0899a9247fb7c8bc676184e","size":70734,"url":"https://api.github.com/repos/ndzy01/logs/contents/ndzy-s/2024-09-30/info-2024-09-30%2003:16:34.log?ref=main","html_url":"https://github.com/ndzy01/logs/blob/main/ndzy-s/2024-09-30/info-2024-09-30%2003:16:34.log","git_url":"https://api.github.com/repos/ndzy01/logs/git/blobs/c19b3041216ca0e5c0899a9247fb7c8bc676184e","download_url":"https://raw.githubusercontent.com/ndzy01/logs/main/ndzy-s/2024-09-30/info-2024-09-30%2003%3A16%3A34.log","type":"file","_links":{"self":"https://api.github.com/repos/ndzy01/logs/contents/ndzy-s/2024-09-30/info-2024-09-30%2003:16:34.log?ref=main","git":"https://api.github.com/repos/ndzy01/logs/git/blobs/c19b3041216ca0e5c0899a9247fb7c8bc676184e","html":"https://github.com/ndzy01/logs/blob/main/ndzy-s/2024-09-30/info-2024-09-30%2003:16:34.log"}},"commit":{"sha":"31139ebf860c81eb84063955b75ee450a82df425","node_id":"C_kwDOM4qzi9oAKDMxMTM5ZWJmODYwYzgxZWI4NDA2Mzk1NWI3NWVlNDUwYTgyZGY0MjU","url":"https://api.github.com/repos/ndzy01/logs/git/commits/31139ebf860c81eb84063955b75ee450a82df425","html_url":"https://github.com/ndzy01/logs/commit/31139ebf860c81eb84063955b75ee450a82df425","author":{"name":"ndzy01","email":"46743100+ndzy01@users.noreply.github.com","date":"2024-09-30T03:16:34Z"},"committer":{"name":"ndzy01","email":"46743100+ndzy01@users.noreply.github.com","date":"2024-09-30T03:16:34Z"},"tree":{"sha":"36a82fad6385f71cf38ae0120cd7ab7495503483","url":"https://api.github.com/repos/ndzy01/logs/git/trees/36a82fad6385f71cf38ae0120cd7ab7495503483"},"message":"ndzy-s 更新日志 2024-09-30 03:16:34","parents":[{"sha":"4ced4d6369069e39a140866917025d45896af125","url":"https://api.github.com/repos/ndzy01/logs/git/commits/4ced4d6369069e39a140866917025d45896af125","html_url":"https://github.com/ndzy01/logs/commit/4ced4d6369069e39a140866917025d45896af125"}],"verification":{"verified":false,"reason":"unsigned","signature":null,"payload":null}}}
info: 2024-09-30 03:16:35: [INFO] method=GET ip=1.36.156.68======
info: 2024-09-30 03:16:35: 上传日志
info: 2024-09-30 03:16:35: 找到的最后一个有效日志文件: /tmp/logs/info-2024-09-30.log 尝试次数: 0
info: 2024-09-30 03:16:35: 没有找到任何有效日志文件
info: 2024-09-30 03:16:35: [INFO] method=GET ip=1.36.156.68 耗时=307ms======
info: 2024-09-30 03:16:35: 上传成功
info: 2024-09-30 03:16:35: {"content":{"name":"info-2024-09-30 03:16:35.log","path":"ndzy-s/2024-09-30/info-2024-09-30 03:16:35.log","sha":"caaa270d795b531a900374162d99961f853d22c0","size":73228,"url":"https://api.github.com/repos/ndzy01/logs/contents/ndzy-s/2024-09-30/info-2024-09-30%2003:16:35.log?ref=main","html_url":"https://github.com/ndzy01/logs/blob/main/ndzy-s/2024-09-30/info-2024-09-30%2003:16:35.log","git_url":"https://api.github.com/repos/ndzy01/logs/git/blobs/caaa270d795b531a900374162d99961f853d22c0","download_url":"https://raw.githubusercontent.com/ndzy01/logs/main/ndzy-s/2024-09-30/info-2024-09-30%2003%3A16%3A35.log","type":"file","_links":{"self":"https://api.github.com/repos/ndzy01/logs/contents/ndzy-s/2024-09-30/info-2024-09-30%2003:16:35.log?ref=main","git":"https://api.github.com/repos/ndzy01/logs/git/blobs/caaa270d795b531a900374162d99961f853d22c0","html":"https://github.com/ndzy01/logs/blob/main/ndzy-s/2024-09-30/info-2024-09-30%2003:16:35.log"}},"commit":{"sha":"069bbd65401c8ec0bbc294d2b537697a00fd3bf9","node_id":"C_kwDOM4qzi9oAKDA2OWJiZDY1NDAxYzhlYzBiYmMyOTRkMmI1Mzc2OTdhMDBmZDNiZjk","url":"https://api.github.com/repos/ndzy01/logs/git/commits/069bbd65401c8ec0bbc294d2b537697a00fd3bf9","html_url":"https://github.com/ndzy01/logs/commit/069bbd65401c8ec0bbc294d2b537697a00fd3bf9","author":{"name":"ndzy01","email":"46743100+ndzy01@users.noreply.github.com","date":"2024-09-30T03:16:35Z"},"committer":{"name":"ndzy01","email":"46743100+ndzy01@users.noreply.github.com","date":"2024-09-30T03:16:35Z"},"tree":{"sha":"8b3de7c65607ed7f88f347d238af361059bf2dc4","url":"https://api.github.com/repos/ndzy01/logs/git/trees/8b3de7c65607ed7f88f347d238af361059bf2dc4"},"message":"ndzy-s 更新日志 2024-09-30 03:16:35","parents":[{"sha":"31139ebf860c81eb84063955b75ee450a82df425","url":"https://api.github.com/repos/ndzy01/logs/git/commits/31139ebf860c81eb84063955b75ee450a82df425","html_url":"https://github.com/ndzy01/logs/commit/31139ebf860c81eb84063955b75ee450a82df425"}],"verification":{"verified":false,"reason":"unsigned","signature":null,"payload":null}}}
info: 2024-09-30 03:16:35: [INFO] method=GET ip=1.36.156.68======
info: 2024-09-30 03:16:35: 上传日志
info: 2024-09-30 03:16:35: 找到的最后一个有效日志文件: /tmp/logs/info-2024-09-30.log 尝试次数: 0
info: 2024-09-30 03:16:35: 没有找到任何有效日志文件
info: 2024-09-30 03:16:35: [INFO] method=GET ip=1.36.156.68 耗时=116ms======
info: 2024-09-30 03:17:29: Starting Nest application...
info: 2024-09-30 03:17:29: TypeOrmModule dependencies initialized
info: 2024-09-30 03:17:29: MulterModule dependencies initialized
info: 2024-09-30 03:17:29: JwtModule dependencies initialized
info: 2024-09-30 03:17:29: WinstonModule dependencies initialized
info: 2024-09-30 03:17:29: TasksModule dependencies initialized
info: 2024-09-30 03:17:29: DiscoveryModule dependencies initialized
info: 2024-09-30 03:17:29: AppModule dependencies initialized
info: 2024-09-30 03:17:29: ScheduleModule dependencies initialized
info: 2024-09-30 03:17:29: TypeOrmCoreModule dependencies initialized
info: 2024-09-30 03:17:29: TypeOrmModule dependencies initialized
info: 2024-09-30 03:17:29: TypeOrmModule dependencies initialized
info: 2024-09-30 03:17:29: TypeOrmModule dependencies initialized
info: 2024-09-30 03:17:29: UserModule dependencies initialized
info: 2024-09-30 03:17:29: ArticleModule dependencies initialized
info: 2024-09-30 03:17:29: ImgModule dependencies initialized
info: 2024-09-30 03:17:29: AppController {/}:
info: 2024-09-30 03:17:29: Mapped {/, GET} route
info: 2024-09-30 03:17:29: Mapped {/encrypt, GET} route
info: 2024-09-30 03:17:29: Mapped {/decrypt, GET} route
info: 2024-09-30 03:17:29: UserController {/user}:
info: 2024-09-30 03:17:29: Mapped {/user/register, POST} route
info: 2024-09-30 03:17:29: Mapped {/user/login, POST} route
info: 2024-09-30 03:17:29: Mapped {/user/:id, GET} route
info: 2024-09-30 03:17:29: ArticleController {/article}:
info: 2024-09-30 03:17:29: Mapped {/article, POST} route
info: 2024-09-30 03:17:29: Mapped {/article, GET} route
info: 2024-09-30 03:17:29: Mapped {/article/:id, GET} route
info: 2024-09-30 03:17:29: Mapped {/article/pid/:pid, GET} route
info: 2024-09-30 03:17:29: Mapped {/article/:id, PATCH} route
info: 2024-09-30 03:17:29: Mapped {/article/updateOrder, POST} route
info: 2024-09-30 03:17:29: Mapped {/article/:id, DELETE} route
info: 2024-09-30 03:17:29: ImgController {/img}:
info: 2024-09-30 03:17:29: Mapped {/img, POST} route
info: 2024-09-30 03:17:29: Mapped {/img, POST} route
info: 2024-09-30 03:17:29: Mapped {/img, GET} route
info: 2024-09-30 03:17:29: Mapped {/img/:id, GET} route
info: 2024-09-30 03:17:29: Mapped {/img/:id, PATCH} route
info: 2024-09-30 03:17:29: Mapped {/img/:id, DELETE} route
info: 2024-09-30 03:17:29: Nest application successfully started
info: 2024-09-30 03:17:29: [INFO] method=GET ip=1.36.156.68======
info: 2024-09-30 03:17:29: 上传日志
info: 2024-09-30 03:17:29: 找到的最后一个有效日志文件: /tmp/logs/info-2024-09-30.log 尝试次数: 0
info: 2024-09-30 03:17:29: 没有找到任何有效日志文件
info: 2024-09-30 03:17:30: [INFO] method=GET ip=1.36.156.68 耗时=200ms======
info: 2024-09-30 03:17:30: 上传成功
info: 2024-09-30 03:17:30: {"content":{"name":"info-2024-09-30 03:17:29.log","path":"ndzy-s/2024-09-30/info-2024-09-30 03:17:29.log","sha":"d3661cba1f125c43dfb43c58693e8265251687b3","size":78491,"url":"https://api.github.com/repos/ndzy01/logs/contents/ndzy-s/2024-09-30/info-2024-09-30%2003:17:29.log?ref=main","html_url":"https://github.com/ndzy01/logs/blob/main/ndzy-s/2024-09-30/info-2024-09-30%2003:17:29.log","git_url":"https://api.github.com/repos/ndzy01/logs/git/blobs/d3661cba1f125c43dfb43c58693e8265251687b3","download_url":"https://raw.githubusercontent.com/ndzy01/logs/main/ndzy-s/2024-09-30/info-2024-09-30%2003%3A17%3A29.log","type":"file","_links":{"self":"https://api.github.com/repos/ndzy01/logs/contents/ndzy-s/2024-09-30/info-2024-09-30%2003:17:29.log?ref=main","git":"https://api.github.com/repos/ndzy01/logs/git/blobs/d3661cba1f125c43dfb43c58693e8265251687b3","html":"https://github.com/ndzy01/logs/blob/main/ndzy-s/2024-09-30/info-2024-09-30%2003:17:29.log"}},"commit":{"sha":"24b9cc1879aa6d66e5c7c9d28bfae2840ef9c56c","node_id":"C_kwDOM4qzi9oAKDI0YjljYzE4NzlhYTZkNjZlNWM3YzlkMjhiZmFlMjg0MGVmOWM1NmM","url":"https://api.github.com/repos/ndzy01/logs/git/commits/24b9cc1879aa6d66e5c7c9d28bfae2840ef9c56c","html_url":"https://github.com/ndzy01/logs/commit/24b9cc1879aa6d66e5c7c9d28bfae2840ef9c56c","author":{"name":"ndzy01","email":"46743100+ndzy01@users.noreply.github.com","date":"2024-09-30T03:17:30Z"},"committer":{"name":"ndzy01","email":"46743100+ndzy01@users.noreply.github.com","date":"2024-09-30T03:17:30Z"},"tree":{"sha":"a0f308be1efab397ac0c0887e6fc0ae7745371cd","url":"https://api.github.com/repos/ndzy01/logs/git/trees/a0f308be1efab397ac0c0887e6fc0ae7745371cd"},"message":"ndzy-s 更新日志 2024-09-30 03:17:29","parents":[{"sha":"653a40116ea235cd0e74cb0bedad41c0d6aa5a54","url":"https://api.github.com/repos/ndzy01/logs/git/commits/653a40116ea235cd0e74cb0bedad41c0d6aa5a54","html_url":"https://github.com/ndzy01/logs/commit/653a40116ea235cd0e74cb0bedad41c0d6aa5a54"}],"verification":{"verified":false,"reason":"unsigned","signature":null,"payload":null}}}
info: 2024-09-30 03:17:30: [INFO] method=GET ip=1.36.156.68======
info: 2024-09-30 03:17:30: 上传日志
info: 2024-09-30 03:17:30: 找到的最后一个有效日志文件: /tmp/logs/info-2024-09-30.log 尝试次数: 0
info: 2024-09-30 03:17:31: 没有找到任何有效日志文件
info: 2024-09-30 03:17:31: [INFO] method=GET ip=1.36.156.68 耗时=307ms======
info: 2024-09-30 03:17:33: 上传成功
info: 2024-09-30 03:17:33: {"content":{"name":"info-2024-09-30 03:17:31.log","path":"ndzy-s/2024-09-30/info-2024-09-30 03:17:31.log","sha":"ae5f0284dd35fedbe8ccceb152d135d882191992","size":80984,"url":"https://api.github.com/repos/ndzy01/logs/contents/ndzy-s/2024-09-30/info-2024-09-30%2003:17:31.log?ref=main","html_url":"https://github.com/ndzy01/logs/blob/main/ndzy-s/2024-09-30/info-2024-09-30%2003:17:31.log","git_url":"https://api.github.com/repos/ndzy01/logs/git/blobs/ae5f0284dd35fedbe8ccceb152d135d882191992","download_url":"https://raw.githubusercontent.com/ndzy01/logs/main/ndzy-s/2024-09-30/info-2024-09-30%2003%3A17%3A31.log","type":"file","_links":{"self":"https://api.github.com/repos/ndzy01/logs/contents/ndzy-s/2024-09-30/info-2024-09-30%2003:17:31.log?ref=main","git":"https://api.github.com/repos/ndzy01/logs/git/blobs/ae5f0284dd35fedbe8ccceb152d135d882191992","html":"https://github.com/ndzy01/logs/blob/main/ndzy-s/2024-09-30/info-2024-09-30%2003:17:31.log"}},"commit":{"sha":"deb19ac123d8bd8e687c72a21eafe71071c406c0","node_id":"C_kwDOM4qzi9oAKGRlYjE5YWMxMjNkOGJkOGU2ODdjNzJhMjFlYWZlNzEwNzFjNDA2YzA","url":"https://api.github.com/repos/ndzy01/logs/git/commits/deb19ac123d8bd8e687c72a21eafe71071c406c0","html_url":"https://github.com/ndzy01/logs/commit/deb19ac123d8bd8e687c72a21eafe71071c406c0","author":{"name":"ndzy01","email":"46743100+ndzy01@users.noreply.github.com","date":"2024-09-30T03:17:31Z"},"committer":{"name":"ndzy01","email":"46743100+ndzy01@users.noreply.github.com","date":"2024-09-30T03:17:31Z"},"tree":{"sha":"3ebbe7d72a8aa5ab4c74fc5774eb63520a475eec","url":"https://api.github.com/repos/ndzy01/logs/git/trees/3ebbe7d72a8aa5ab4c74fc5774eb63520a475eec"},"message":"ndzy-s 更新日志 2024-09-30 03:17:31","parents":[{"sha":"24b9cc1879aa6d66e5c7c9d28bfae2840ef9c56c","url":"https://api.github.com/repos/ndzy01/logs/git/commits/24b9cc1879aa6d66e5c7c9d28bfae2840ef9c56c","html_url":"https://github.com/ndzy01/logs/commit/24b9cc1879aa6d66e5c7c9d28bfae2840ef9c56c"}],"verification":{"verified":false,"reason":"unsigned","signature":null,"payload":null}}}
info: 2024-09-30 03:17:34: [INFO] method=GET ip=1.36.156.68======
info: 2024-09-30 03:17:34: 上传日志
info: 2024-09-30 03:17:34: 找到的最后一个有效日志文件: /tmp/logs/info-2024-09-30.log 尝试次数: 0
info: 2024-09-30 03:17:34: 没有找到任何有效日志文件
info: 2024-09-30 03:17:34: [INFO] method=GET ip=1.36.156.68 耗时=137ms======
info: 2024-09-30 03:17:34: [INFO] method=GET ip=1.36.156.68======
info: 2024-09-30 03:17:34: 上传日志
info: 2024-09-30 03:17:34: 找到的最后一个有效日志文件: /tmp/logs/info-2024-09-30.log 尝试次数: 0
info: 2024-09-30 03:17:34: 没有找到任何有效日志文件
info: 2024-09-30 03:17:34: [INFO] method=GET ip=1.36.156.68 耗时=159ms======
info: 2024-09-30 03:17:34: 上传成功
info: 2024-09-30 03:18:06: Starting Nest application...
warn: 2024-09-30 03:18:06: The module "TypeOrmModule" is taking 30.62ms to serialize, this may be caused by larger objects statically assigned to the module. More details: https://github.com/nestjs/nest/issues/12738
info: 2024-09-30 03:18:06: TypeOrmModule dependencies initialized
info: 2024-09-30 03:18:06: MulterModule dependencies initialized
info: 2024-09-30 03:18:06: JwtModule dependencies initialized
info: 2024-09-30 03:18:06: WinstonModule dependencies initialized
info: 2024-09-30 03:18:06: TasksModule dependencies initialized
info: 2024-09-30 03:18:06: DiscoveryModule dependencies initialized
info: 2024-09-30 03:18:06: AppModule dependencies initialized
info: 2024-09-30 03:18:06: ScheduleModule dependencies initialized
info: 2024-09-30 03:18:06: TypeOrmCoreModule dependencies initialized
info: 2024-09-30 03:18:06: TypeOrmModule dependencies initialized
info: 2024-09-30 03:18:06: TypeOrmModule dependencies initialized
info: 2024-09-30 03:18:06: TypeOrmModule dependencies initialized
info: 2024-09-30 03:18:06: UserModule dependencies initialized
info: 2024-09-30 03:18:06: ArticleModule dependencies initialized
info: 2024-09-30 03:18:06: ImgModule dependencies initialized
info: 2024-09-30 03:18:06: AppController {/}:
info: 2024-09-30 03:18:06: Mapped {/, GET} route
info: 2024-09-30 03:18:06: Mapped {/encrypt, GET} route
info: 2024-09-30 03:18:06: Mapped {/decrypt, GET} route
info: 2024-09-30 03:18:06: UserController {/user}:
info: 2024-09-30 03:18:06: Mapped {/user/register, POST} route
info: 2024-09-30 03:18:06: Mapped {/user/login, POST} route
info: 2024-09-30 03:18:06: Mapped {/user/:id, GET} route
info: 2024-09-30 03:18:06: ArticleController {/article}:
info: 2024-09-30 03:18:06: Mapped {/article, POST} route
info: 2024-09-30 03:18:06: Mapped {/article, GET} route
info: 2024-09-30 03:18:06: Mapped {/article/:id, GET} route
info: 2024-09-30 03:18:06: Mapped {/article/pid/:pid, GET} route
info: 2024-09-30 03:18:06: Mapped {/article/:id, PATCH} route
info: 2024-09-30 03:18:06: Mapped {/article/updateOrder, POST} route
info: 2024-09-30 03:18:06: Mapped {/article/:id, DELETE} route
info: 2024-09-30 03:18:06: ImgController {/img}:
info: 2024-09-30 03:18:06: Mapped {/img, POST} route
info: 2024-09-30 03:18:06: Mapped {/img, POST} route
info: 2024-09-30 03:18:06: Mapped {/img, GET} route
info: 2024-09-30 03:18:06: Mapped {/img/:id, GET} route
info: 2024-09-30 03:18:06: Mapped {/img/:id, PATCH} route
info: 2024-09-30 03:18:06: Mapped {/img/:id, DELETE} route
info: 2024-09-30 03:18:06: Nest application successfully started
info: 2024-09-30 03:18:07: [INFO] method=PATCH ip=1.36.156.68======
info: 2024-09-30 03:18:07: 上传日志
info: 2024-09-30 03:18:07: 找到的最后一个有效日志文件: /tmp/logs/info-2024-09-30.log 尝试次数: 0
info: 2024-09-30 03:18:07: 没有找到任何有效日志文件
info: 2024-09-30 03:18:07: [INFO] method=PATCH ip=1.36.156.68 耗时=244ms======
info: 2024-09-30 03:18:08: 上传成功
info: 2024-09-30 03:18:08: {"content":{"name":"info-2024-09-30 03:18:07.log","path":"ndzy-s/2024-09-30/info-2024-09-30 03:18:07.log","sha":"990ccf29870be5f0409aa41178f6eae2b2eef997","size":86868,"url":"https://api.github.com/repos/ndzy01/logs/contents/ndzy-s/2024-09-30/info-2024-09-30%2003:18:07.log?ref=main","html_url":"https://github.com/ndzy01/logs/blob/main/ndzy-s/2024-09-30/info-2024-09-30%2003:18:07.log","git_url":"https://api.github.com/repos/ndzy01/logs/git/blobs/990ccf29870be5f0409aa41178f6eae2b2eef997","download_url":"https://raw.githubusercontent.com/ndzy01/logs/main/ndzy-s/2024-09-30/info-2024-09-30%2003%3A18%3A07.log","type":"file","_links":{"self":"https://api.github.com/repos/ndzy01/logs/contents/ndzy-s/2024-09-30/info-2024-09-30%2003:18:07.log?ref=main","git":"https://api.github.com/repos/ndzy01/logs/git/blobs/990ccf29870be5f0409aa41178f6eae2b2eef997","html":"https://github.com/ndzy01/logs/blob/main/ndzy-s/2024-09-30/info-2024-09-30%2003:18:07.log"}},"commit":{"sha":"8d9bab3f64773a634ea31304cb278608b3545d8b","node_id":"C_kwDOM4qzi9oAKDhkOWJhYjNmNjQ3NzNhNjM0ZWEzMTMwNGNiMjc4NjA4YjM1NDVkOGI","url":"https://api.github.com/repos/ndzy01/logs/git/commits/8d9bab3f64773a634ea31304cb278608b3545d8b","html_url":"https://github.com/ndzy01/logs/commit/8d9bab3f64773a634ea31304cb278608b3545d8b","author":{"name":"ndzy01","email":"46743100+ndzy01@users.noreply.github.com","date":"2024-09-30T03:18:07Z"},"committer":{"name":"ndzy01","email":"46743100+ndzy01@users.noreply.github.com","date":"2024-09-30T03:18:07Z"},"tree":{"sha":"c956ae2ed92e0257d798bce1019b6dbbe99ca1e9","url":"https://api.github.com/repos/ndzy01/logs/git/trees/c956ae2ed92e0257d798bce1019b6dbbe99ca1e9"},"message":"ndzy-s 更新日志 2024-09-30 03:18:07","parents":[{"sha":"fb030d262173d58b89a0a2ae6f6aa1309d55e729","url":"https://api.github.com/repos/ndzy01/logs/git/commits/fb030d262173d58b89a0a2ae6f6aa1309d55e729","html_url":"https://github.com/ndzy01/logs/commit/fb030d262173d58b89a0a2ae6f6aa1309d55e729"}],"verification":{"verified":false,"reason":"unsigned","signature":null,"payload":null}}}
info: 2024-09-30 03:18:08: [INFO] method=GET ip=1.36.156.68======
info: 2024-09-30 03:18:08: 上传日志
info: 2024-09-30 03:18:08: 找到的最后一个有效日志文件: /tmp/logs/info-2024-09-30.log 尝试次数: 0
info: 2024-09-30 03:18:08: 没有找到任何有效日志文件
info: 2024-09-30 03:18:08: [INFO] method=GET ip=1.36.156.68 耗时=151ms======
info: 2024-09-30 03:18:08: 上传成功
info: 2024-09-30 03:18:08: {"content":{"name":"info-2024-09-30 03:18:08.log","path":"ndzy-s/2024-09-30/info-2024-09-30 03:18:08.log","sha":"f95ff5c3787835dfea487f9c2a2a6763f8d6ea7f","size":89297,"url":"https://api.github.com/repos/ndzy01/logs/contents/ndzy-s/2024-09-30/info-2024-09-30%2003:18:08.log?ref=main","html_url":"https://github.com/ndzy01/logs/blob/main/ndzy-s/2024-09-30/info-2024-09-30%2003:18:08.log","git_url":"https://api.github.com/repos/ndzy01/logs/git/blobs/f95ff5c3787835dfea487f9c2a2a6763f8d6ea7f","download_url":"https://raw.githubusercontent.com/ndzy01/logs/main/ndzy-s/2024-09-30/info-2024-09-30%2003%3A18%3A08.log","type":"file","_links":{"self":"https://api.github.com/repos/ndzy01/logs/contents/ndzy-s/2024-09-30/info-2024-09-30%2003:18:08.log?ref=main","git":"https://api.github.com/repos/ndzy01/logs/git/blobs/f95ff5c3787835dfea487f9c2a2a6763f8d6ea7f","html":"https://github.com/ndzy01/logs/blob/main/ndzy-s/2024-09-30/info-2024-09-30%2003:18:08.log"}},"commit":{"sha":"a4d27c77f7976c7b0a0b4485e2f1f90a3f464ed2","node_id":"C_kwDOM4qzi9oAKGE0ZDI3Yzc3Zjc5NzZjN2IwYTBiNDQ4NWUyZjFmOTBhM2Y0NjRlZDI","url":"https://api.github.com/repos/ndzy01/logs/git/commits/a4d27c77f7976c7b0a0b4485e2f1f90a3f464ed2","html_url":"https://github.com/ndzy01/logs/commit/a4d27c77f7976c7b0a0b4485e2f1f90a3f464ed2","author":{"name":"ndzy01","email":"46743100+ndzy01@users.noreply.github.com","date":"2024-09-30T03:18:08Z"},"committer":{"name":"ndzy01","email":"46743100+ndzy01@users.noreply.github.com","date":"2024-09-30T03:18:08Z"},"tree":{"sha":"ed228d401b10e05fc27bbd25c788f46f5e2ef0f4","url":"https://api.github.com/repos/ndzy01/logs/git/trees/ed228d401b10e05fc27bbd25c788f46f5e2ef0f4"},"message":"ndzy-s 更新日志 2024-09-30 03:18:08","parents":[{"sha":"8d9bab3f64773a634ea31304cb278608b3545d8b","url":"https://api.github.com/repos/ndzy01/logs/git/commits/8d9bab3f64773a634ea31304cb278608b3545d8b","html_url":"https://github.com/ndzy01/logs/commit/8d9bab3f64773a634ea31304cb278608b3545d8b"}],"verification":{"verified":false,"reason":"unsigned","signature":null,"payload":null}}}
info: 2024-09-30 03:18:09: [INFO] method=GET ip=1.36.156.68======
info: 2024-09-30 03:18:09: 上传日志
info: 2024-09-30 03:18:09: 找到的最后一个有效日志文件: /tmp/logs/info-2024-09-30.log 尝试次数: 0
info: 2024-09-30 03:18:09: 没有找到任何有效日志文件
info: 2024-09-30 03:18:09: 上传成功
info: 2024-09-30 03:18:09: {"content":{"name":"info-2024-09-30 03:18:09.log","path":"ndzy-s/2024-09-30/info-2024-09-30 03:18:09.log","sha":"3903c4415200c02eca3b2fb451c89ef4639b08c8","size":91856,"url":"https://api.github.com/repos/ndzy01/logs/contents/ndzy-s/2024-09-30/info-2024-09-30%2003:18:09.log?ref=main","html_url":"https://github.com/ndzy01/logs/blob/main/ndzy-s/2024-09-30/info-2024-09-30%2003:18:09.log","git_url":"https://api.github.com/repos/ndzy01/logs/git/blobs/3903c4415200c02eca3b2fb451c89ef4639b08c8","download_url":"https://raw.githubusercontent.com/ndzy01/logs/main/ndzy-s/2024-09-30/info-2024-09-30%2003%3A18%3A09.log","type":"file","_links":{"self":"https://api.github.com/repos/ndzy01/logs/contents/ndzy-s/2024-09-30/info-2024-09-30%2003:18:09.log?ref=main","git":"https://api.github.com/repos/ndzy01/logs/git/blobs/3903c4415200c02eca3b2fb451c89ef4639b08c8","html":"https://github.com/ndzy01/logs/blob/main/ndzy-s/2024-09-30/info-2024-09-30%2003:18:09.log"}},"commit":{"sha":"c5e062992a71e2e7acf4a69042003189d7650c52","node_id":"C_kwDOM4qzi9oAKGM1ZTA2Mjk5MmE3MWUyZTdhY2Y0YTY5MDQyMDAzMTg5ZDc2NTBjNTI","url":"https://api.github.com/repos/ndzy01/logs/git/commits/c5e062992a71e2e7acf4a69042003189d7650c52","html_url":"https://github.com/ndzy01/logs/commit/c5e062992a71e2e7acf4a69042003189d7650c52","author":{"name":"ndzy01","email":"46743100+ndzy01@users.noreply.github.com","date":"2024-09-30T03:18:09Z"},"committer":{"name":"ndzy01","email":"46743100+ndzy01@users.noreply.github.com","date":"2024-09-30T03:18:09Z"},"tree":{"sha":"fb7d28e168cb8adb2ebdee223b4aaf6b642f4d82","url":"https://api.github.com/repos/ndzy01/logs/git/trees/fb7d28e168cb8adb2ebdee223b4aaf6b642f4d82"},"message":"ndzy-s 更新日志 2024-09-30 03:18:09","parents":[{"sha":"a4d27c77f7976c7b0a0b4485e2f1f90a3f464ed2","url":"https://api.github.com/repos/ndzy01/logs/git/commits/a4d27c77f7976c7b0a0b4485e2f1f90a3f464ed2","html_url":"https://github.com/ndzy01/logs/commit/a4d27c77f7976c7b0a0b4485e2f1f90a3f464ed2"}],"verification":{"verified":false,"reason":"unsigned","signature":null,"payload":null}}}
info: 2024-09-30 03:18:09: [INFO] method=GET ip=1.36.156.68 耗时=601ms======
info: 2024-09-30 03:18:10: [INFO] method=GET ip=1.36.156.68======
info: 2024-09-30 03:18:10: 上传日志
info: 2024-09-30 03:18:10: 找到的最后一个有效日志文件: /tmp/logs/info-2024-09-30.log 尝试次数: 0
info: 2024-09-30 03:18:10: 没有找到任何有效日志文件
info: 2024-09-30 03:18:10: [INFO] method=GET ip=1.36.156.68 耗时=126ms======
info: 2024-09-30 03:18:28: 上传成功
info: 2024-09-30 03:18:28: {"content":{"name":"info-2024-09-30 03:18:10.log","path":"ndzy-s/2024-09-30/info-2024-09-30 03:18:10.log","sha":"5441b35001961f5ab0957590c4112846415d5b0b","size":94349,"url":"https://api.github.com/repos/ndzy01/logs/contents/ndzy-s/2024-09-30/info-2024-09-30%2003:18:10.log?ref=main","html_url":"https://github.com/ndzy01/logs/blob/main/ndzy-s/2024-09-30/info-2024-09-30%2003:18:10.log","git_url":"https://api.github.com/repos/ndzy01/logs/git/blobs/5441b35001961f5ab0957590c4112846415d5b0b","download_url":"https://raw.githubusercontent.com/ndzy01/logs/main/ndzy-s/2024-09-30/info-2024-09-30%2003%3A18%3A10.log","type":"file","_links":{"self":"https://api.github.com/repos/ndzy01/logs/contents/ndzy-s/2024-09-30/info-2024-09-30%2003:18:10.log?ref=main","git":"https://api.github.com/repos/ndzy01/logs/git/blobs/5441b35001961f5ab0957590c4112846415d5b0b","html":"https://github.com/ndzy01/logs/blob/main/ndzy-s/2024-09-30/info-2024-09-30%2003:18:10.log"}},"commit":{"sha":"f4e9ee8fb713ad00b655fbbaf1a8ad27d691e797","node_id":"C_kwDOM4qzi9oAKGY0ZTllZThmYjcxM2FkMDBiNjU1ZmJiYWYxYThhZDI3ZDY5MWU3OTc","url":"https://api.github.com/repos/ndzy01/logs/git/commits/f4e9ee8fb713ad00b655fbbaf1a8ad27d691e797","html_url":"https://github.com/ndzy01/logs/commit/f4e9ee8fb713ad00b655fbbaf1a8ad27d691e797","author":{"name":"ndzy01","email":"46743100+ndzy01@users.noreply.github.com","date":"2024-09-30T03:18:10Z"},"committer":{"name":"ndzy01","email":"46743100+ndzy01@users.noreply.github.com","date":"2024-09-30T03:18:10Z"},"tree":{"sha":"35257994890a06b5b86d0c29a47b8a502366f566","url":"https://api.github.com/repos/ndzy01/logs/git/trees/35257994890a06b5b86d0c29a47b8a502366f566"},"message":"ndzy-s 更新日志 2024-09-30 03:18:10","parents":[{"sha":"c5e062992a71e2e7acf4a69042003189d7650c52","url":"https://api.github.com/repos/ndzy01/logs/git/commits/c5e062992a71e2e7acf4a69042003189d7650c52","html_url":"https://github.com/ndzy01/logs/commit/c5e062992a71e2e7acf4a69042003189d7650c52"}],"verification":{"verified":false,"reason":"unsigned","signature":null,"payload":null}}}
info: 2024-09-30 03:18:28: [INFO] method=GET ip=1.36.156.68======
info: 2024-09-30 03:18:28: 上传日志
info: 2024-09-30 03:18:28: 找到的最后一个有效日志文件: /tmp/logs/info-2024-09-30.log 尝试次数: 0
info: 2024-09-30 03:18:28: 没有找到任何有效日志文件
info: 2024-09-30 03:18:28: [INFO] method=GET ip=1.36.156.68 耗时=167ms======
info: 2024-09-30 03:18:28: [INFO] method=GET ip=1.36.156.68======
info: 2024-09-30 03:18:28: 上传日志
info: 2024-09-30 03:18:28: 找到的最后一个有效日志文件: /tmp/logs/info-2024-09-30.log 尝试次数: 0
info: 2024-09-30 03:18:28: 没有找到任何有效日志文件
info: 2024-09-30 03:18:28: 上传成功
info: 2024-09-30 03:18:28: {"content":{"name":"info-2024-09-30 03:18:28.log","path":"ndzy-s/2024-09-30/info-2024-09-30 03:18:28.log","sha":"bb010781a41939d43182e3aeee590ec1231b5fa5","size":96842,"url":"https://api.github.com/repos/ndzy01/logs/contents/ndzy-s/2024-09-30/info-2024-09-30%2003:18:28.log?ref=main","html_url":"https://github.com/ndzy01/logs/blob/main/ndzy-s/2024-09-30/info-2024-09-30%2003:18:28.log","git_url":"https://api.github.com/repos/ndzy01/logs/git/blobs/bb010781a41939d43182e3aeee590ec1231b5fa5","download_url":"https://raw.githubusercontent.com/ndzy01/logs/main/ndzy-s/2024-09-30/info-2024-09-30%2003%3A18%3A28.log","type":"file","_links":{"self":"https://api.github.com/repos/ndzy01/logs/contents/ndzy-s/2024-09-30/info-2024-09-30%2003:18:28.log?ref=main","git":"https://api.github.com/repos/ndzy01/logs/git/blobs/bb010781a41939d43182e3aeee590ec1231b5fa5","html":"https://github.com/ndzy01/logs/blob/main/ndzy-s/2024-09-30/info-2024-09-30%2003:18:28.log"}},"commit":{"sha":"77fe442ddfe345e7b9d35b2108bdcfbd1ad11231","node_id":"C_kwDOM4qzi9oAKDc3ZmU0NDJkZGZlMzQ1ZTdiOWQzNWIyMTA4YmRjZmJkMWFkMTEyMzE","url":"https://api.github.com/repos/ndzy01/logs/git/commits/77fe442ddfe345e7b9d35b2108bdcfbd1ad11231","html_url":"https://github.com/ndzy01/logs/commit/77fe442ddfe345e7b9d35b2108bdcfbd1ad11231","author":{"name":"ndzy01","email":"46743100+ndzy01@users.noreply.github.com","date":"2024-09-30T03:18:28Z"},"committer":{"name":"ndzy01","email":"46743100+ndzy01@users.noreply.github.com","date":"2024-09-30T03:18:28Z"},"tree":{"sha":"6954a2f562297533b7082a773186d3fa8019f06f","url":"https://api.github.com/repos/ndzy01/logs/git/trees/6954a2f562297533b7082a773186d3fa8019f06f"},"message":"ndzy-s 更新日志 2024-09-30 03:18:28","parents":[{"sha":"2dfc8d8911973b6f986977feba287c30beef346d","url":"https://api.github.com/repos/ndzy01/logs/git/commits/2dfc8d8911973b6f986977feba287c30beef346d","html_url":"https://github.com/ndzy01/logs/commit/2dfc8d8911973b6f986977feba287c30beef346d"}],"verification":{"verified":false,"reason":"unsigned","signature":null,"payload":null}}}
info: 2024-09-30 03:18:29: [INFO] method=GET ip=1.36.156.68 耗时=140ms======
info: 2024-09-30 03:18:34: Starting Nest application...
info: 2024-09-30 03:18:34: TypeOrmModule dependencies initialized
info: 2024-09-30 03:18:34: MulterModule dependencies initialized
info: 2024-09-30 03:18:34: JwtModule dependencies initialized
info: 2024-09-30 03:18:34: WinstonModule dependencies initialized
info: 2024-09-30 03:18:34: TasksModule dependencies initialized
info: 2024-09-30 03:18:34: DiscoveryModule dependencies initialized
info: 2024-09-30 03:18:34: AppModule dependencies initialized
info: 2024-09-30 03:18:34: ScheduleModule dependencies initialized
info: 2024-09-30 03:18:34: TypeOrmCoreModule dependencies initialized
info: 2024-09-30 03:18:34: TypeOrmModule dependencies initialized
info: 2024-09-30 03:18:34: TypeOrmModule dependencies initialized
info: 2024-09-30 03:18:34: TypeOrmModule dependencies initialized
info: 2024-09-30 03:18:34: UserModule dependencies initialized
info: 2024-09-30 03:18:34: ArticleModule dependencies initialized
info: 2024-09-30 03:18:34: ImgModule dependencies initialized
info: 2024-09-30 03:18:35: AppController {/}:
info: 2024-09-30 03:18:35: Mapped {/, GET} route
info: 2024-09-30 03:18:35: Mapped {/encrypt, GET} route
info: 2024-09-30 03:18:35: Mapped {/decrypt, GET} route
info: 2024-09-30 03:18:35: UserController {/user}:
info: 2024-09-30 03:18:35: Mapped {/user/register, POST} route
info: 2024-09-30 03:18:35: Mapped {/user/login, POST} route
info: 2024-09-30 03:18:35: Mapped {/user/:id, GET} route
info: 2024-09-30 03:18:35: ArticleController {/article}:
info: 2024-09-30 03:18:35: Mapped {/article, POST} route
info: 2024-09-30 03:18:35: Mapped {/article, GET} route
info: 2024-09-30 03:18:35: Mapped {/article/:id, GET} route
info: 2024-09-30 03:18:35: Mapped {/article/pid/:pid, GET} route
info: 2024-09-30 03:18:35: Mapped {/article/:id, PATCH} route
info: 2024-09-30 03:18:35: Mapped {/article/updateOrder, POST} route
info: 2024-09-30 03:18:35: Mapped {/article/:id, DELETE} route
info: 2024-09-30 03:18:35: ImgController {/img}:
info: 2024-09-30 03:18:35: Mapped {/img, POST} route
info: 2024-09-30 03:18:35: Mapped {/img, POST} route
info: 2024-09-30 03:18:35: Mapped {/img, GET} route
info: 2024-09-30 03:18:35: Mapped {/img/:id, GET} route
info: 2024-09-30 03:18:35: Mapped {/img/:id, PATCH} route
info: 2024-09-30 03:18:35: Mapped {/img/:id, DELETE} route
info: 2024-09-30 03:18:35: Nest application successfully started
info: 2024-09-30 03:18:35: [INFO] method=GET ip=1.36.156.68======
