info: 2024-09-30 03:07:08: Starting Nest application...
info: 2024-09-30 03:07:08: TypeOrmModule dependencies initialized
info: 2024-09-30 03:07:08: MulterModule dependencies initialized
info: 2024-09-30 03:07:08: JwtModule dependencies initialized
info: 2024-09-30 03:07:08: WinstonModule dependencies initialized
info: 2024-09-30 03:07:08: TasksModule dependencies initialized
info: 2024-09-30 03:07:08: DiscoveryModule dependencies initialized
info: 2024-09-30 03:07:08: AppModule dependencies initialized
info: 2024-09-30 03:07:08: ScheduleModule dependencies initialized
info: 2024-09-30 03:07:09: TypeOrmCoreModule dependencies initialized
info: 2024-09-30 03:07:09: TypeOrmModule dependencies initialized
info: 2024-09-30 03:07:09: TypeOrmModule dependencies initialized
info: 2024-09-30 03:07:09: TypeOrmModule dependencies initialized
info: 2024-09-30 03:07:09: UserModule dependencies initialized
info: 2024-09-30 03:07:09: ArticleModule dependencies initialized
info: 2024-09-30 03:07:09: ImgModule dependencies initialized
info: 2024-09-30 03:07:09: AppController {/}:
info: 2024-09-30 03:07:09: Mapped {/, GET} route
info: 2024-09-30 03:07:09: Mapped {/encrypt, GET} route
info: 2024-09-30 03:07:09: Mapped {/decrypt, GET} route
info: 2024-09-30 03:07:09: UserController {/user}:
info: 2024-09-30 03:07:09: Mapped {/user/register, POST} route
info: 2024-09-30 03:07:09: Mapped {/user/login, POST} route
info: 2024-09-30 03:07:09: Mapped {/user/:id, GET} route
info: 2024-09-30 03:07:09: ArticleController {/article}:
info: 2024-09-30 03:07:09: Mapped {/article, POST} route
info: 2024-09-30 03:07:09: Mapped {/article, GET} route
info: 2024-09-30 03:07:09: Mapped {/article/:id, GET} route
info: 2024-09-30 03:07:09: Mapped {/article/pid/:pid, GET} route
info: 2024-09-30 03:07:09: Mapped {/article/:id, PATCH} route
info: 2024-09-30 03:07:09: Mapped {/article/updateOrder, POST} route
info: 2024-09-30 03:07:09: Mapped {/article/:id, DELETE} route
info: 2024-09-30 03:07:09: ImgController {/img}:
info: 2024-09-30 03:07:09: Mapped {/img, POST} route
info: 2024-09-30 03:07:09: Mapped {/img, POST} route
info: 2024-09-30 03:07:09: Mapped {/img, GET} route
info: 2024-09-30 03:07:09: Mapped {/img/:id, GET} route
info: 2024-09-30 03:07:09: Mapped {/img/:id, PATCH} route
info: 2024-09-30 03:07:09: Mapped {/img/:id, DELETE} route
info: 2024-09-30 03:07:09: Nest application successfully started
info: 2024-09-30 03:11:23: 上传日志
info: 2024-09-30 03:11:23: [INFO] method=GET ip=1.36.156.68======
info: 2024-09-30 03:11:23: 上传日志
info: 2024-09-30 03:11:23: 找到的最后一个有效日志文件: /tmp/logs/info-2024-09-30.log 尝试次数: 0
info: 2024-09-30 03:11:23: 没有找到任何有效日志文件
info: 2024-09-30 03:11:24: [INFO] method=GET ip=1.36.156.68 耗时=357ms======
info: 2024-09-30 03:11:24: "上传成功"
info: 2024-09-30 03:12:58: Starting Nest application...
info: 2024-09-30 03:12:58: TypeOrmModule dependencies initialized
info: 2024-09-30 03:12:58: MulterModule dependencies initialized
info: 2024-09-30 03:12:58: JwtModule dependencies initialized
info: 2024-09-30 03:12:58: WinstonModule dependencies initialized
info: 2024-09-30 03:12:58: TasksModule dependencies initialized
info: 2024-09-30 03:12:58: DiscoveryModule dependencies initialized
info: 2024-09-30 03:12:58: AppModule dependencies initialized
info: 2024-09-30 03:12:58: ScheduleModule dependencies initialized
info: 2024-09-30 03:12:58: TypeOrmCoreModule dependencies initialized
info: 2024-09-30 03:12:58: TypeOrmModule dependencies initialized
info: 2024-09-30 03:12:58: TypeOrmModule dependencies initialized
info: 2024-09-30 03:12:58: TypeOrmModule dependencies initialized
info: 2024-09-30 03:12:58: UserModule dependencies initialized
info: 2024-09-30 03:12:58: ArticleModule dependencies initialized
info: 2024-09-30 03:12:58: ImgModule dependencies initialized
info: 2024-09-30 03:12:58: AppController {/}:
info: 2024-09-30 03:12:58: Mapped {/, GET} route
info: 2024-09-30 03:12:58: Mapped {/encrypt, GET} route
info: 2024-09-30 03:12:58: Mapped {/decrypt, GET} route
info: 2024-09-30 03:12:58: UserController {/user}:
info: 2024-09-30 03:12:58: Mapped {/user/register, POST} route
info: 2024-09-30 03:12:58: Mapped {/user/login, POST} route
info: 2024-09-30 03:12:58: Mapped {/user/:id, GET} route
info: 2024-09-30 03:12:58: ArticleController {/article}:
info: 2024-09-30 03:12:58: Mapped {/article, POST} route
info: 2024-09-30 03:12:58: Mapped {/article, GET} route
info: 2024-09-30 03:12:58: Mapped {/article/:id, GET} route
info: 2024-09-30 03:12:58: Mapped {/article/pid/:pid, GET} route
info: 2024-09-30 03:12:58: Mapped {/article/:id, PATCH} route
info: 2024-09-30 03:12:58: Mapped {/article/updateOrder, POST} route
info: 2024-09-30 03:12:58: Mapped {/article/:id, DELETE} route
info: 2024-09-30 03:12:58: ImgController {/img}:
info: 2024-09-30 03:12:58: Mapped {/img, POST} route
info: 2024-09-30 03:12:58: Mapped {/img, POST} route
info: 2024-09-30 03:12:58: Mapped {/img, GET} route
info: 2024-09-30 03:12:58: Mapped {/img/:id, GET} route
info: 2024-09-30 03:12:58: Mapped {/img/:id, PATCH} route
info: 2024-09-30 03:12:58: Mapped {/img/:id, DELETE} route
info: 2024-09-30 03:12:58: Nest application successfully started
info: 2024-09-30 03:15:22: [INFO] method=GET ip=1.36.156.68======
info: 2024-09-30 03:15:22: 上传日志
info: 2024-09-30 03:15:22: 找到的最后一个有效日志文件: /tmp/logs/info-2024-09-30.log 尝试次数: 0
info: 2024-09-30 03:15:22: 没有找到任何有效日志文件
info: 2024-09-30 03:15:22: [INFO] method=GET ip=1.36.156.68 耗时=237ms======
info: 2024-09-30 03:15:42: 上传成功
info: 2024-09-30 03:15:42: {"content":{"name":"info-2024-09-30 03:15:22.log","path":"ndzy-s/2024-09-30/info-2024-09-30 03:15:22.log","sha":"e1768477f68ac9cd56421c4d9fe668795a68a2a5","size":5325,"url":"https://api.github.com/repos/ndzy01/logs/contents/ndzy-s/2024-09-30/info-2024-09-30%2003:15:22.log?ref=main","html_url":"https://github.com/ndzy01/logs/blob/main/ndzy-s/2024-09-30/info-2024-09-30%2003:15:22.log","git_url":"https://api.github.com/repos/ndzy01/logs/git/blobs/e1768477f68ac9cd56421c4d9fe668795a68a2a5","download_url":"https://raw.githubusercontent.com/ndzy01/logs/main/ndzy-s/2024-09-30/info-2024-09-30%2003%3A15%3A22.log","type":"file","_links":{"self":"https://api.github.com/repos/ndzy01/logs/contents/ndzy-s/2024-09-30/info-2024-09-30%2003:15:22.log?ref=main","git":"https://api.github.com/repos/ndzy01/logs/git/blobs/e1768477f68ac9cd56421c4d9fe668795a68a2a5","html":"https://github.com/ndzy01/logs/blob/main/ndzy-s/2024-09-30/info-2024-09-30%2003:15:22.log"}},"commit":{"sha":"e5f1a2e28278334269c0af58d654d348cb5e8b25","node_id":"C_kwDOM4qzi9oAKGU1ZjFhMmUyODI3ODMzNDI2OWMwYWY1OGQ2NTRkMzQ4Y2I1ZThiMjU","url":"https://api.github.com/repos/ndzy01/logs/git/commits/e5f1a2e28278334269c0af58d654d348cb5e8b25","html_url":"https://github.com/ndzy01/logs/commit/e5f1a2e28278334269c0af58d654d348cb5e8b25","author":{"name":"ndzy01","email":"46743100+ndzy01@users.noreply.github.com","date":"2024-09-30T03:15:22Z"},"committer":{"name":"ndzy01","email":"46743100+ndzy01@users.noreply.github.com","date":"2024-09-30T03:15:22Z"},"tree":{"sha":"1f7c6f96d9f76b2e47f8002bab0e49e5cf7b51a5","url":"https://api.github.com/repos/ndzy01/logs/git/trees/1f7c6f96d9f76b2e47f8002bab0e49e5cf7b51a5"},"message":"ndzy-s 更新日志 2024-09-30 03:15:22","parents":[{"sha":"08bacc58c386b58a8039f8c93861c6aa7c3859b7","url":"https://api.github.com/repos/ndzy01/logs/git/commits/08bacc58c386b58a8039f8c93861c6aa7c3859b7","html_url":"https://github.com/ndzy01/logs/commit/08bacc58c386b58a8039f8c93861c6aa7c3859b7"}],"verification":{"verified":false,"reason":"unsigned","signature":null,"payload":null}}}
info: 2024-09-30 03:15:42: [INFO] method=GET ip=1.36.156.68======
info: 2024-09-30 03:15:42: 上传日志
info: 2024-09-30 03:15:43: 找到的最后一个有效日志文件: /tmp/logs/info-2024-09-30.log 尝试次数: 0
info: 2024-09-30 03:15:43: 没有找到任何有效日志文件
info: 2024-09-30 03:15:43: [INFO] method=GET ip=1.36.156.68 耗时=354ms======
info: 2024-09-30 03:15:59: 上传成功
info: 2024-09-30 03:15:59: {"content":{"name":"info-2024-09-30 03:15:43.log","path":"ndzy-s/2024-09-30/info-2024-09-30 03:15:43.log","sha":"22d4c63a55a3f7097bb220fc43cc3382c9f5af68","size":5662,"url":"https://api.github.com/repos/ndzy01/logs/contents/ndzy-s/2024-09-30/info-2024-09-30%2003:15:43.log?ref=main","html_url":"https://github.com/ndzy01/logs/blob/main/ndzy-s/2024-09-30/info-2024-09-30%2003:15:43.log","git_url":"https://api.github.com/repos/ndzy01/logs/git/blobs/22d4c63a55a3f7097bb220fc43cc3382c9f5af68","download_url":"https://raw.githubusercontent.com/ndzy01/logs/main/ndzy-s/2024-09-30/info-2024-09-30%2003%3A15%3A43.log","type":"file","_links":{"self":"https://api.github.com/repos/ndzy01/logs/contents/ndzy-s/2024-09-30/info-2024-09-30%2003:15:43.log?ref=main","git":"https://api.github.com/repos/ndzy01/logs/git/blobs/22d4c63a55a3f7097bb220fc43cc3382c9f5af68","html":"https://github.com/ndzy01/logs/blob/main/ndzy-s/2024-09-30/info-2024-09-30%2003:15:43.log"}},"commit":{"sha":"3f679b2df37f9eb591eb69d65921e983ee00d8d7","node_id":"C_kwDOM4qzi9oAKDNmNjc5YjJkZjM3ZjllYjU5MWViNjlkNjU5MjFlOTgzZWUwMGQ4ZDc","url":"https://api.github.com/repos/ndzy01/logs/git/commits/3f679b2df37f9eb591eb69d65921e983ee00d8d7","html_url":"https://github.com/ndzy01/logs/commit/3f679b2df37f9eb591eb69d65921e983ee00d8d7","author":{"name":"ndzy01","email":"46743100+ndzy01@users.noreply.github.com","date":"2024-09-30T03:15:43Z"},"committer":{"name":"ndzy01","email":"46743100+ndzy01@users.noreply.github.com","date":"2024-09-30T03:15:43Z"},"tree":{"sha":"81e93676f42660f2331b5f3242c60c02dbd73596","url":"https://api.github.com/repos/ndzy01/logs/git/trees/81e93676f42660f2331b5f3242c60c02dbd73596"},"message":"ndzy-s 更新日志 2024-09-30 03:15:43","parents":[{"sha":"e5f1a2e28278334269c0af58d654d348cb5e8b25","url":"https://api.github.com/repos/ndzy01/logs/git/commits/e5f1a2e28278334269c0af58d654d348cb5e8b25","html_url":"https://github.com/ndzy01/logs/commit/e5f1a2e28278334269c0af58d654d348cb5e8b25"}],"verification":{"verified":false,"reason":"unsigned","signature":null,"payload":null}}}
info: 2024-09-30 03:17:24: [INFO] method=GET ip=1.36.156.68======
