info: 2024-09-30 02:48:32: Starting Nest application...
info: 2024-09-30 02:48:32: TypeOrmModule dependencies initialized
info: 2024-09-30 02:48:32: MulterModule dependencies initialized
info: 2024-09-30 02:48:32: JwtModule dependencies initialized
info: 2024-09-30 02:48:32: WinstonModule dependencies initialized
info: 2024-09-30 02:48:32: TasksModule dependencies initialized
info: 2024-09-30 02:48:32: DiscoveryModule dependencies initialized
info: 2024-09-30 02:48:32: AppModule dependencies initialized
info: 2024-09-30 02:48:32: ScheduleModule dependencies initialized
info: 2024-09-30 02:48:32: TypeOrmCoreModule dependencies initialized
info: 2024-09-30 02:48:32: TypeOrmModule dependencies initialized
info: 2024-09-30 02:48:32: TypeOrmModule dependencies initialized
info: 2024-09-30 02:48:32: TypeOrmModule dependencies initialized
info: 2024-09-30 02:48:32: UserModule dependencies initialized
info: 2024-09-30 02:48:32: ArticleModule dependencies initialized
info: 2024-09-30 02:48:32: ImgModule dependencies initialized
info: 2024-09-30 02:48:32: AppController {/}:
info: 2024-09-30 02:48:32: Mapped {/, GET} route
info: 2024-09-30 02:48:32: Mapped {/encrypt, GET} route
info: 2024-09-30 02:48:32: Mapped {/decrypt, GET} route
info: 2024-09-30 02:48:32: UserController {/user}:
info: 2024-09-30 02:48:32: Mapped {/user/register, POST} route
info: 2024-09-30 02:48:32: Mapped {/user/login, POST} route
info: 2024-09-30 02:48:32: Mapped {/user/:id, GET} route
info: 2024-09-30 02:48:32: ArticleController {/article}:
info: 2024-09-30 02:48:32: Mapped {/article, POST} route
info: 2024-09-30 02:48:32: Mapped {/article, GET} route
info: 2024-09-30 02:48:32: Mapped {/article/:id, GET} route
info: 2024-09-30 02:48:32: Mapped {/article/pid/:pid, GET} route
info: 2024-09-30 02:48:32: Mapped {/article/:id, PATCH} route
info: 2024-09-30 02:48:32: Mapped {/article/updateOrder, POST} route
info: 2024-09-30 02:48:32: Mapped {/article/:id, DELETE} route
info: 2024-09-30 02:48:32: ImgController {/img}:
info: 2024-09-30 02:48:32: Mapped {/img, POST} route
info: 2024-09-30 02:48:32: Mapped {/img, POST} route
info: 2024-09-30 02:48:32: Mapped {/img, GET} route
info: 2024-09-30 02:48:32: Mapped {/img/:id, GET} route
info: 2024-09-30 02:48:32: Mapped {/img/:id, PATCH} route
info: 2024-09-30 02:48:32: Mapped {/img/:id, DELETE} route
info: 2024-09-30 02:48:32: Nest application successfully started
info: 2024-09-30 02:48:32: [INFO] method=GET ip=209.38.146.217======
info: 2024-09-30 02:48:32: 上传日志
info: 2024-09-30 02:48:33: 找到的最后一个有效日志文件: /tmp/logs/info-2024-09-30.log 尝试次数: 0
info: 2024-09-30 02:48:33: 没有找到任何有效日志文件
info: 2024-09-30 02:48:33: [INFO] method=GET ip=209.38.146.217 耗时=83ms======
info: 2024-09-30 02:48:33: [INFO] method=GET ip=209.38.146.217======
info: 2024-09-30 02:48:33: 上传日志
info: 2024-09-30 02:48:33: 找到的最后一个有效日志文件: /tmp/logs/info-2024-09-30.log 尝试次数: 0
info: 2024-09-30 02:48:33: 没有找到任何有效日志文件
info: 2024-09-30 02:48:33: [INFO] method=GET ip=209.38.146.217 耗时=53ms======
info: 2024-09-30 02:49:30: Starting Nest application...
info: 2024-09-30 02:49:30: TypeOrmModule dependencies initialized
info: 2024-09-30 02:49:30: MulterModule dependencies initialized
info: 2024-09-30 02:49:30: JwtModule dependencies initialized
info: 2024-09-30 02:49:30: WinstonModule dependencies initialized
info: 2024-09-30 02:49:30: TasksModule dependencies initialized
info: 2024-09-30 02:49:30: DiscoveryModule dependencies initialized
info: 2024-09-30 02:49:30: AppModule dependencies initialized
info: 2024-09-30 02:49:30: ScheduleModule dependencies initialized
info: 2024-09-30 02:49:30: TypeOrmCoreModule dependencies initialized
info: 2024-09-30 02:49:30: TypeOrmModule dependencies initialized
info: 2024-09-30 02:49:30: TypeOrmModule dependencies initialized
info: 2024-09-30 02:49:30: TypeOrmModule dependencies initialized
info: 2024-09-30 02:49:30: UserModule dependencies initialized
info: 2024-09-30 02:49:30: ArticleModule dependencies initialized
info: 2024-09-30 02:49:30: ImgModule dependencies initialized
info: 2024-09-30 02:49:31: AppController {/}:
info: 2024-09-30 02:49:31: Mapped {/, GET} route
info: 2024-09-30 02:49:31: Mapped {/encrypt, GET} route
info: 2024-09-30 02:49:31: Mapped {/decrypt, GET} route
info: 2024-09-30 02:49:31: UserController {/user}:
info: 2024-09-30 02:49:31: Mapped {/user/register, POST} route
info: 2024-09-30 02:49:31: Mapped {/user/login, POST} route
info: 2024-09-30 02:49:31: Mapped {/user/:id, GET} route
info: 2024-09-30 02:49:31: ArticleController {/article}:
info: 2024-09-30 02:49:31: Mapped {/article, POST} route
info: 2024-09-30 02:49:31: Mapped {/article, GET} route
info: 2024-09-30 02:49:31: Mapped {/article/:id, GET} route
info: 2024-09-30 02:49:31: Mapped {/article/pid/:pid, GET} route
info: 2024-09-30 02:49:31: Mapped {/article/:id, PATCH} route
info: 2024-09-30 02:49:31: Mapped {/article/updateOrder, POST} route
info: 2024-09-30 02:49:31: Mapped {/article/:id, DELETE} route
info: 2024-09-30 02:49:31: ImgController {/img}:
info: 2024-09-30 02:49:31: Mapped {/img, POST} route
info: 2024-09-30 02:49:31: Mapped {/img, POST} route
info: 2024-09-30 02:49:31: Mapped {/img, GET} route
info: 2024-09-30 02:49:31: Mapped {/img/:id, GET} route
info: 2024-09-30 02:49:31: Mapped {/img/:id, PATCH} route
info: 2024-09-30 02:49:31: Mapped {/img/:id, DELETE} route
info: 2024-09-30 02:49:31: Nest application successfully started
info: 2024-09-30 02:49:31: [INFO] method=GET ip=64.23.146.19======
