info: 2024-09-30 02:48:32: Starting Nest application...
info: 2024-09-30 02:48:32: TypeOrmModule dependencies initialized
info: 2024-09-30 02:48:32: MulterModule dependencies initialized
info: 2024-09-30 02:48:32: JwtModule dependencies initialized
info: 2024-09-30 02:48:32: WinstonModule dependencies initialized
info: 2024-09-30 02:48:32: TasksModule dependencies initialized
info: 2024-09-30 02:48:32: DiscoveryModule dependencies initialized
info: 2024-09-30 02:48:32: AppModule dependencies initialized
info: 2024-09-30 02:48:32: ScheduleModule dependencies initialized
info: 2024-09-30 02:48:32: TypeOrmCoreModule dependencies initialized
info: 2024-09-30 02:48:32: TypeOrmModule dependencies initialized
info: 2024-09-30 02:48:32: TypeOrmModule dependencies initialized
info: 2024-09-30 02:48:32: TypeOrmModule dependencies initialized
info: 2024-09-30 02:48:32: UserModule dependencies initialized
info: 2024-09-30 02:48:32: ArticleModule dependencies initialized
info: 2024-09-30 02:48:32: ImgModule dependencies initialized
info: 2024-09-30 02:48:32: AppController {/}:
info: 2024-09-30 02:48:32: Mapped {/, GET} route
info: 2024-09-30 02:48:32: Mapped {/encrypt, GET} route
info: 2024-09-30 02:48:32: Mapped {/decrypt, GET} route
info: 2024-09-30 02:48:32: UserController {/user}:
info: 2024-09-30 02:48:32: Mapped {/user/register, POST} route
info: 2024-09-30 02:48:32: Mapped {/user/login, POST} route
info: 2024-09-30 02:48:32: Mapped {/user/:id, GET} route
info: 2024-09-30 02:48:32: ArticleController {/article}:
info: 2024-09-30 02:48:32: Mapped {/article, POST} route
info: 2024-09-30 02:48:32: Mapped {/article, GET} route
info: 2024-09-30 02:48:32: Mapped {/article/:id, GET} route
info: 2024-09-30 02:48:32: Mapped {/article/pid/:pid, GET} route
info: 2024-09-30 02:48:32: Mapped {/article/:id, PATCH} route
info: 2024-09-30 02:48:32: Mapped {/article/updateOrder, POST} route
info: 2024-09-30 02:48:32: Mapped {/article/:id, DELETE} route
info: 2024-09-30 02:48:32: ImgController {/img}:
info: 2024-09-30 02:48:32: Mapped {/img, POST} route
info: 2024-09-30 02:48:32: Mapped {/img, POST} route
info: 2024-09-30 02:48:32: Mapped {/img, GET} route
info: 2024-09-30 02:48:32: Mapped {/img/:id, GET} route
info: 2024-09-30 02:48:32: Mapped {/img/:id, PATCH} route
info: 2024-09-30 02:48:32: Mapped {/img/:id, DELETE} route
info: 2024-09-30 02:48:32: Nest application successfully started
info: 2024-09-30 02:48:32: [INFO] method=GET ip=209.38.146.217======
info: 2024-09-30 02:48:32: 上传日志
info: 2024-09-30 02:48:33: 找到的最后一个有效日志文件: /tmp/logs/info-2024-09-30.log 尝试次数: 0
info: 2024-09-30 02:48:33: 没有找到任何有效日志文件
info: 2024-09-30 02:48:33: [INFO] method=GET ip=209.38.146.217 耗时=83ms======
info: 2024-09-30 02:48:33: [INFO] method=GET ip=209.38.146.217======
info: 2024-09-30 02:48:33: 上传日志
info: 2024-09-30 02:48:33: 找到的最后一个有效日志文件: /tmp/logs/info-2024-09-30.log 尝试次数: 0
info: 2024-09-30 02:48:33: 没有找到任何有效日志文件
info: 2024-09-30 02:48:33: [INFO] method=GET ip=209.38.146.217 耗时=53ms======
info: 2024-09-30 02:49:30: Starting Nest application...
info: 2024-09-30 02:49:30: TypeOrmModule dependencies initialized
info: 2024-09-30 02:49:30: MulterModule dependencies initialized
info: 2024-09-30 02:49:30: JwtModule dependencies initialized
info: 2024-09-30 02:49:30: WinstonModule dependencies initialized
info: 2024-09-30 02:49:30: TasksModule dependencies initialized
info: 2024-09-30 02:49:30: DiscoveryModule dependencies initialized
info: 2024-09-30 02:49:30: AppModule dependencies initialized
info: 2024-09-30 02:49:30: ScheduleModule dependencies initialized
info: 2024-09-30 02:49:30: TypeOrmCoreModule dependencies initialized
info: 2024-09-30 02:49:30: TypeOrmModule dependencies initialized
info: 2024-09-30 02:49:30: TypeOrmModule dependencies initialized
info: 2024-09-30 02:49:30: TypeOrmModule dependencies initialized
info: 2024-09-30 02:49:30: UserModule dependencies initialized
info: 2024-09-30 02:49:30: ArticleModule dependencies initialized
info: 2024-09-30 02:49:30: ImgModule dependencies initialized
info: 2024-09-30 02:49:31: AppController {/}:
info: 2024-09-30 02:49:31: Mapped {/, GET} route
info: 2024-09-30 02:49:31: Mapped {/encrypt, GET} route
info: 2024-09-30 02:49:31: Mapped {/decrypt, GET} route
info: 2024-09-30 02:49:31: UserController {/user}:
info: 2024-09-30 02:49:31: Mapped {/user/register, POST} route
info: 2024-09-30 02:49:31: Mapped {/user/login, POST} route
info: 2024-09-30 02:49:31: Mapped {/user/:id, GET} route
info: 2024-09-30 02:49:31: ArticleController {/article}:
info: 2024-09-30 02:49:31: Mapped {/article, POST} route
info: 2024-09-30 02:49:31: Mapped {/article, GET} route
info: 2024-09-30 02:49:31: Mapped {/article/:id, GET} route
info: 2024-09-30 02:49:31: Mapped {/article/pid/:pid, GET} route
info: 2024-09-30 02:49:31: Mapped {/article/:id, PATCH} route
info: 2024-09-30 02:49:31: Mapped {/article/updateOrder, POST} route
info: 2024-09-30 02:49:31: Mapped {/article/:id, DELETE} route
info: 2024-09-30 02:49:31: ImgController {/img}:
info: 2024-09-30 02:49:31: Mapped {/img, POST} route
info: 2024-09-30 02:49:31: Mapped {/img, POST} route
info: 2024-09-30 02:49:31: Mapped {/img, GET} route
info: 2024-09-30 02:49:31: Mapped {/img/:id, GET} route
info: 2024-09-30 02:49:31: Mapped {/img/:id, PATCH} route
info: 2024-09-30 02:49:31: Mapped {/img/:id, DELETE} route
info: 2024-09-30 02:49:31: Nest application successfully started
info: 2024-09-30 02:49:31: [INFO] method=GET ip=64.23.146.19======
info: 2024-09-30 02:49:31: 上传日志
info: 2024-09-30 02:49:31: 找到的最后一个有效日志文件: /tmp/logs/info-2024-09-30.log 尝试次数: 0
info: 2024-09-30 02:49:31: 没有找到任何有效日志文件
info: 2024-09-30 02:49:31: [INFO] method=GET ip=64.23.146.19 耗时=62ms======
info: 2024-09-30 03:00:13: 上传日志
info: 2024-09-30 03:00:13: 上传成功
info: 2024-09-30 03:00:13: {"content":{"name":"info-2024-09-30 02:49:31.log","path":"ndzy-s/2024-09-30/info-2024-09-30 02:49:31.log","sha":"32451d181f8fee417f8ae19b7db6e8e3da91b40d","size":5617,"url":"https://api.github.com/repos/ndzy01/logs/contents/ndzy-s/2024-09-30/info-2024-09-30%2002:49:31.log?ref=main","html_url":"https://github.com/ndzy01/logs/blob/main/ndzy-s/2024-09-30/info-2024-09-30%2002:49:31.log","git_url":"https://api.github.com/repos/ndzy01/logs/git/blobs/32451d181f8fee417f8ae19b7db6e8e3da91b40d","download_url":"https://raw.githubusercontent.com/ndzy01/logs/main/ndzy-s/2024-09-30/info-2024-09-30%2002%3A49%3A31.log","type":"file","_links":{"self":"https://api.github.com/repos/ndzy01/logs/contents/ndzy-s/2024-09-30/info-2024-09-30%2002:49:31.log?ref=main","git":"https://api.github.com/repos/ndzy01/logs/git/blobs/32451d181f8fee417f8ae19b7db6e8e3da91b40d","html":"https://github.com/ndzy01/logs/blob/main/ndzy-s/2024-09-30/info-2024-09-30%2002:49:31.log"}},"commit":{"sha":"df94d1c53b358dc0aeaab628a2c16540b47cafb9","node_id":"C_kwDOM4qzi9oAKGRmOTRkMWM1M2IzNThkYzBhZWFhYjYyOGEyYzE2NTQwYjQ3Y2FmYjk","url":"https://api.github.com/repos/ndzy01/logs/git/commits/df94d1c53b358dc0aeaab628a2c16540b47cafb9","html_url":"https://github.com/ndzy01/logs/commit/df94d1c53b358dc0aeaab628a2c16540b47cafb9","author":{"name":"ndzy01","email":"46743100+ndzy01@users.noreply.github.com","date":"2024-09-30T02:49:31Z"},"committer":{"name":"ndzy01","email":"46743100+ndzy01@users.noreply.github.com","date":"2024-09-30T02:49:31Z"},"tree":{"sha":"5042cdc164de972b567132e529f14bfd1d66e357","url":"https://api.github.com/repos/ndzy01/logs/git/trees/5042cdc164de972b567132e529f14bfd1d66e357"},"message":"ndzy-s 更新日志 2024-09-30 02:49:31","parents":[{"sha":"c67d62416b9a4bddd636776a3db7a5bce488f2a5","url":"https://api.github.com/repos/ndzy01/logs/git/commits/c67d62416b9a4bddd636776a3db7a5bce488f2a5","html_url":"https://github.com/ndzy01/logs/commit/c67d62416b9a4bddd636776a3db7a5bce488f2a5"}],"verification":{"verified":false,"reason":"unsigned","signature":null,"payload":null}}}
info: 2024-09-30 03:00:17: "上传成功"
info: 2024-09-30 03:00:17: {"content":{"name":"info-2024-09-30 03:00:13.log","path":"2024-09-30/info-2024-09-30 03:00:13.log","sha":"25e9d6bfc3434d46c9c1e4efd3b3abd496cd450a","size":5954,"url":"https://api.github.com/repos/ndzy01/logs/contents/2024-09-30/info-2024-09-30%2003:00:13.log?ref=main","html_url":"https://github.com/ndzy01/logs/blob/main/2024-09-30/info-2024-09-30%2003:00:13.log","git_url":"https://api.github.com/repos/ndzy01/logs/git/blobs/25e9d6bfc3434d46c9c1e4efd3b3abd496cd450a","download_url":"https://raw.githubusercontent.com/ndzy01/logs/main/2024-09-30/info-2024-09-30%2003%3A00%3A13.log","type":"file","_links":{"self":"https://api.github.com/repos/ndzy01/logs/contents/2024-09-30/info-2024-09-30%2003:00:13.log?ref=main","git":"https://api.github.com/repos/ndzy01/logs/git/blobs/25e9d6bfc3434d46c9c1e4efd3b3abd496cd450a","html":"https://github.com/ndzy01/logs/blob/main/2024-09-30/info-2024-09-30%2003:00:13.log"}},"commit":{"sha":"efb2b9f129b230c07a6580f8d7455ea81eb0d945","node_id":"C_kwDOM4qzi9oAKGVmYjJiOWYxMjliMjMwYzA3YTY1ODBmOGQ3NDU1ZWE4MWViMGQ5NDU","url":"https://api.github.com/repos/ndzy01/logs/git/commits/efb2b9f129b230c07a6580f8d7455ea81eb0d945","html_url":"https://github.com/ndzy01/logs/commit/efb2b9f129b230c07a6580f8d7455ea81eb0d945","author":{"name":"ndzy01","email":"46743100+ndzy01@users.noreply.github.com","date":"2024-09-30T03:00:16Z"},"committer":{"name":"ndzy01","email":"46743100+ndzy01@users.noreply.github.com","date":"2024-09-30T03:00:16Z"},"tree":{"sha":"f43c58d4686bfeee1730d197f6d4ab18bfd8fa97","url":"https://api.github.com/repos/ndzy01/logs/git/trees/f43c58d4686bfeee1730d197f6d4ab18bfd8fa97"},"message":"更新日志 2024-09-30 03:00:13","parents":[{"sha":"c6ecb437f05d74103ae1e2cba2d53118be9fe765","url":"https://api.github.com/repos/ndzy01/logs/git/commits/c6ecb437f05d74103ae1e2cba2d53118be9fe765","html_url":"https://github.com/ndzy01/logs/commit/c6ecb437f05d74103ae1e2cba2d53118be9fe765"}],"verification":{"verified":false,"reason":"unsigned","signature":null,"payload":null}}}
info: 2024-09-30 03:00:17: [INFO] method=POST ip=1.36.156.68======
info: 2024-09-30 03:00:17: 上传日志
info: 2024-09-30 03:00:17: 找到的最后一个有效日志文件: /tmp/logs/info-2024-09-30.log 尝试次数: 0
info: 2024-09-30 03:00:17: 没有找到任何有效日志文件
info: 2024-09-30 03:00:17: 上传成功
info: 2024-09-30 03:00:17: {"content":{"name":"info-2024-09-30 03:00:17.log","path":"ndzy-s/2024-09-30/info-2024-09-30 03:00:17.log","sha":"be4a32c78813fa90f5818d792b88c27816dc8e86","size":10165,"url":"https://api.github.com/repos/ndzy01/logs/contents/ndzy-s/2024-09-30/info-2024-09-30%2003:00:17.log?ref=main","html_url":"https://github.com/ndzy01/logs/blob/main/ndzy-s/2024-09-30/info-2024-09-30%2003:00:17.log","git_url":"https://api.github.com/repos/ndzy01/logs/git/blobs/be4a32c78813fa90f5818d792b88c27816dc8e86","download_url":"https://raw.githubusercontent.com/ndzy01/logs/main/ndzy-s/2024-09-30/info-2024-09-30%2003%3A00%3A17.log","type":"file","_links":{"self":"https://api.github.com/repos/ndzy01/logs/contents/ndzy-s/2024-09-30/info-2024-09-30%2003:00:17.log?ref=main","git":"https://api.github.com/repos/ndzy01/logs/git/blobs/be4a32c78813fa90f5818d792b88c27816dc8e86","html":"https://github.com/ndzy01/logs/blob/main/ndzy-s/2024-09-30/info-2024-09-30%2003:00:17.log"}},"commit":{"sha":"8a81bc2e7be9a20032ae9f14f27d38dfb63ead27","node_id":"C_kwDOM4qzi9oAKDhhODFiYzJlN2JlOWEyMDAzMmFlOWYxNGYyN2QzOGRmYjYzZWFkMjc","url":"https://api.github.com/repos/ndzy01/logs/git/commits/8a81bc2e7be9a20032ae9f14f27d38dfb63ead27","html_url":"https://github.com/ndzy01/logs/commit/8a81bc2e7be9a20032ae9f14f27d38dfb63ead27","author":{"name":"ndzy01","email":"46743100+ndzy01@users.noreply.github.com","date":"2024-09-30T03:00:17Z"},"committer":{"name":"ndzy01","email":"46743100+ndzy01@users.noreply.github.com","date":"2024-09-30T03:00:17Z"},"tree":{"sha":"615cc77d3c67dc20e9d0cb5e88868155889011f4","url":"https://api.github.com/repos/ndzy01/logs/git/trees/615cc77d3c67dc20e9d0cb5e88868155889011f4"},"message":"ndzy-s 更新日志 2024-09-30 03:00:17","parents":[{"sha":"efb2b9f129b230c07a6580f8d7455ea81eb0d945","url":"https://api.github.com/repos/ndzy01/logs/git/commits/efb2b9f129b230c07a6580f8d7455ea81eb0d945","html_url":"https://github.com/ndzy01/logs/commit/efb2b9f129b230c07a6580f8d7455ea81eb0d945"}],"verification":{"verified":false,"reason":"unsigned","signature":null,"payload":null}}}
info: 2024-09-30 03:00:17: [INFO] method=POST ip=1.36.156.68 耗时=732ms======
info: 2024-09-30 03:00:20: [INFO] method=GET ip=1.36.156.68======
info: 2024-09-30 03:00:20: 上传日志
info: 2024-09-30 03:00:20: 找到的最后一个有效日志文件: /tmp/logs/info-2024-09-30.log 尝试次数: 0
info: 2024-09-30 03:00:20: 没有找到任何有效日志文件
info: 2024-09-30 03:00:20: [INFO] method=GET ip=1.36.156.68 耗时=516ms======
info: 2024-09-30 03:02:43: 上传成功
info: 2024-09-30 03:02:43: {"content":{"name":"info-2024-09-30 03:00:20.log","path":"ndzy-s/2024-09-30/info-2024-09-30 03:00:20.log","sha":"6916a2d3c7b0b662e0b62083ded9abf342aec8d0","size":12726,"url":"https://api.github.com/repos/ndzy01/logs/contents/ndzy-s/2024-09-30/info-2024-09-30%2003:00:20.log?ref=main","html_url":"https://github.com/ndzy01/logs/blob/main/ndzy-s/2024-09-30/info-2024-09-30%2003:00:20.log","git_url":"https://api.github.com/repos/ndzy01/logs/git/blobs/6916a2d3c7b0b662e0b62083ded9abf342aec8d0","download_url":"https://raw.githubusercontent.com/ndzy01/logs/main/ndzy-s/2024-09-30/info-2024-09-30%2003%3A00%3A20.log","type":"file","_links":{"self":"https://api.github.com/repos/ndzy01/logs/contents/ndzy-s/2024-09-30/info-2024-09-30%2003:00:20.log?ref=main","git":"https://api.github.com/repos/ndzy01/logs/git/blobs/6916a2d3c7b0b662e0b62083ded9abf342aec8d0","html":"https://github.com/ndzy01/logs/blob/main/ndzy-s/2024-09-30/info-2024-09-30%2003:00:20.log"}},"commit":{"sha":"c1a2a850aac3826f6e8452bdabec5be11599ce27","node_id":"C_kwDOM4qzi9oAKGMxYTJhODUwYWFjMzgyNmY2ZTg0NTJiZGFiZWM1YmUxMTU5OWNlMjc","url":"https://api.github.com/repos/ndzy01/logs/git/commits/c1a2a850aac3826f6e8452bdabec5be11599ce27","html_url":"https://github.com/ndzy01/logs/commit/c1a2a850aac3826f6e8452bdabec5be11599ce27","author":{"name":"ndzy01","email":"46743100+ndzy01@users.noreply.github.com","date":"2024-09-30T03:00:20Z"},"committer":{"name":"ndzy01","email":"46743100+ndzy01@users.noreply.github.com","date":"2024-09-30T03:00:20Z"},"tree":{"sha":"ed2000b5ba811325943334b8dba980ba33804e51","url":"https://api.github.com/repos/ndzy01/logs/git/trees/ed2000b5ba811325943334b8dba980ba33804e51"},"message":"ndzy-s 更新日志 2024-09-30 03:00:20","parents":[{"sha":"8a81bc2e7be9a20032ae9f14f27d38dfb63ead27","url":"https://api.github.com/repos/ndzy01/logs/git/commits/8a81bc2e7be9a20032ae9f14f27d38dfb63ead27","html_url":"https://github.com/ndzy01/logs/commit/8a81bc2e7be9a20032ae9f14f27d38dfb63ead27"}],"verification":{"verified":false,"reason":"unsigned","signature":null,"payload":null}}}
info: 2024-09-30 03:02:44: [INFO] method=GET ip=1.36.156.68======
info: 2024-09-30 03:02:44: 上传日志
info: 2024-09-30 03:02:44: 找到的最后一个有效日志文件: /tmp/logs/info-2024-09-30.log 尝试次数: 0
info: 2024-09-30 03:02:44: 没有找到任何有效日志文件
info: 2024-09-30 03:02:44: [INFO] method=GET ip=1.36.156.68 耗时=319ms======
info: 2024-09-30 03:05:54: 上传成功
info: 2024-09-30 03:05:54: {"content":{"name":"info-2024-09-30 03:02:44.log","path":"ndzy-s/2024-09-30/info-2024-09-30 03:02:44.log","sha":"004f01ffade4b553828b1eb790b95c231bdefe69","size":15219,"url":"https://api.github.com/repos/ndzy01/logs/contents/ndzy-s/2024-09-30/info-2024-09-30%2003:02:44.log?ref=main","html_url":"https://github.com/ndzy01/logs/blob/main/ndzy-s/2024-09-30/info-2024-09-30%2003:02:44.log","git_url":"https://api.github.com/repos/ndzy01/logs/git/blobs/004f01ffade4b553828b1eb790b95c231bdefe69","download_url":"https://raw.githubusercontent.com/ndzy01/logs/main/ndzy-s/2024-09-30/info-2024-09-30%2003%3A02%3A44.log","type":"file","_links":{"self":"https://api.github.com/repos/ndzy01/logs/contents/ndzy-s/2024-09-30/info-2024-09-30%2003:02:44.log?ref=main","git":"https://api.github.com/repos/ndzy01/logs/git/blobs/004f01ffade4b553828b1eb790b95c231bdefe69","html":"https://github.com/ndzy01/logs/blob/main/ndzy-s/2024-09-30/info-2024-09-30%2003:02:44.log"}},"commit":{"sha":"de77869d5a98cea3df0b5745830df9f2eb79e958","node_id":"C_kwDOM4qzi9oAKGRlNzc4NjlkNWE5OGNlYTNkZjBiNTc0NTgzMGRmOWYyZWI3OWU5NTg","url":"https://api.github.com/repos/ndzy01/logs/git/commits/de77869d5a98cea3df0b5745830df9f2eb79e958","html_url":"https://github.com/ndzy01/logs/commit/de77869d5a98cea3df0b5745830df9f2eb79e958","author":{"name":"ndzy01","email":"46743100+ndzy01@users.noreply.github.com","date":"2024-09-30T03:02:44Z"},"committer":{"name":"ndzy01","email":"46743100+ndzy01@users.noreply.github.com","date":"2024-09-30T03:02:44Z"},"tree":{"sha":"6537e4408726c36c2cfb636215f0ae77d1423824","url":"https://api.github.com/repos/ndzy01/logs/git/trees/6537e4408726c36c2cfb636215f0ae77d1423824"},"message":"ndzy-s 更新日志 2024-09-30 03:02:44","parents":[{"sha":"2f9386a62f609a7311d63e39f4bb232c3dc07159","url":"https://api.github.com/repos/ndzy01/logs/git/commits/2f9386a62f609a7311d63e39f4bb232c3dc07159","html_url":"https://github.com/ndzy01/logs/commit/2f9386a62f609a7311d63e39f4bb232c3dc07159"}],"verification":{"verified":false,"reason":"unsigned","signature":null,"payload":null}}}
info: 2024-09-30 03:05:54: [INFO] method=GET ip=1.36.156.68======
info: 2024-09-30 03:05:54: 上传日志
info: 2024-09-30 03:05:54: 找到的最后一个有效日志文件: /tmp/logs/info-2024-09-30.log 尝试次数: 0
info: 2024-09-30 03:05:54: 没有找到任何有效日志文件
info: 2024-09-30 03:05:54: [INFO] method=GET ip=1.36.156.68 耗时=191ms======
info: 2024-09-30 03:05:55: 上传成功
info: 2024-09-30 03:05:55: {"content":{"name":"info-2024-09-30 03:05:54.log","path":"ndzy-s/2024-09-30/info-2024-09-30 03:05:54.log","sha":"ff82135c48f9048a8c21286dc023168fde214a98","size":17712,"url":"https://api.github.com/repos/ndzy01/logs/contents/ndzy-s/2024-09-30/info-2024-09-30%2003:05:54.log?ref=main","html_url":"https://github.com/ndzy01/logs/blob/main/ndzy-s/2024-09-30/info-2024-09-30%2003:05:54.log","git_url":"https://api.github.com/repos/ndzy01/logs/git/blobs/ff82135c48f9048a8c21286dc023168fde214a98","download_url":"https://raw.githubusercontent.com/ndzy01/logs/main/ndzy-s/2024-09-30/info-2024-09-30%2003%3A05%3A54.log","type":"file","_links":{"self":"https://api.github.com/repos/ndzy01/logs/contents/ndzy-s/2024-09-30/info-2024-09-30%2003:05:54.log?ref=main","git":"https://api.github.com/repos/ndzy01/logs/git/blobs/ff82135c48f9048a8c21286dc023168fde214a98","html":"https://github.com/ndzy01/logs/blob/main/ndzy-s/2024-09-30/info-2024-09-30%2003:05:54.log"}},"commit":{"sha":"df02f6ae28097bd5bed25b0d6e74bdf106dccec4","node_id":"C_kwDOM4qzi9oAKGRmMDJmNmFlMjgwOTdiZDViZWQyNWIwZDZlNzRiZGYxMDZkY2NlYzQ","url":"https://api.github.com/repos/ndzy01/logs/git/commits/df02f6ae28097bd5bed25b0d6e74bdf106dccec4","html_url":"https://github.com/ndzy01/logs/commit/df02f6ae28097bd5bed25b0d6e74bdf106dccec4","author":{"name":"ndzy01","email":"46743100+ndzy01@users.noreply.github.com","date":"2024-09-30T03:05:54Z"},"committer":{"name":"ndzy01","email":"46743100+ndzy01@users.noreply.github.com","date":"2024-09-30T03:05:54Z"},"tree":{"sha":"925dfb5008f85eef8325325c75439e5440746462","url":"https://api.github.com/repos/ndzy01/logs/git/trees/925dfb5008f85eef8325325c75439e5440746462"},"message":"ndzy-s 更新日志 2024-09-30 03:05:54","parents":[{"sha":"12e5873dd01c37d495ad23ad54fb78353f166694","url":"https://api.github.com/repos/ndzy01/logs/git/commits/12e5873dd01c37d495ad23ad54fb78353f166694","html_url":"https://github.com/ndzy01/logs/commit/12e5873dd01c37d495ad23ad54fb78353f166694"}],"verification":{"verified":false,"reason":"unsigned","signature":null,"payload":null}}}
info: 2024-09-30 03:05:55: [INFO] method=GET ip=1.36.156.68======
info: 2024-09-30 03:05:55: 上传日志
info: 2024-09-30 03:05:55: 找到的最后一个有效日志文件: /tmp/logs/info-2024-09-30.log 尝试次数: 0
info: 2024-09-30 03:05:55: 没有找到任何有效日志文件
info: 2024-09-30 03:05:55: [INFO] method=GET ip=1.36.156.68 耗时=255ms======
info: 2024-09-30 03:06:19: 上传成功
info: 2024-09-30 03:06:19: {"content":{"name":"info-2024-09-30 03:05:55.log","path":"ndzy-s/2024-09-30/info-2024-09-30 03:05:55.log","sha":"310f63903db087e379d82770eecc71c1b93342a4","size":20205,"url":"https://api.github.com/repos/ndzy01/logs/contents/ndzy-s/2024-09-30/info-2024-09-30%2003:05:55.log?ref=main","html_url":"https://github.com/ndzy01/logs/blob/main/ndzy-s/2024-09-30/info-2024-09-30%2003:05:55.log","git_url":"https://api.github.com/repos/ndzy01/logs/git/blobs/310f63903db087e379d82770eecc71c1b93342a4","download_url":"https://raw.githubusercontent.com/ndzy01/logs/main/ndzy-s/2024-09-30/info-2024-09-30%2003%3A05%3A55.log","type":"file","_links":{"self":"https://api.github.com/repos/ndzy01/logs/contents/ndzy-s/2024-09-30/info-2024-09-30%2003:05:55.log?ref=main","git":"https://api.github.com/repos/ndzy01/logs/git/blobs/310f63903db087e379d82770eecc71c1b93342a4","html":"https://github.com/ndzy01/logs/blob/main/ndzy-s/2024-09-30/info-2024-09-30%2003:05:55.log"}},"commit":{"sha":"ecc471c8db78c129d97c133a8d30942aee3542b8","node_id":"C_kwDOM4qzi9oAKGVjYzQ3MWM4ZGI3OGMxMjlkOTdjMTMzYThkMzA5NDJhZWUzNTQyYjg","url":"https://api.github.com/repos/ndzy01/logs/git/commits/ecc471c8db78c129d97c133a8d30942aee3542b8","html_url":"https://github.com/ndzy01/logs/commit/ecc471c8db78c129d97c133a8d30942aee3542b8","author":{"name":"ndzy01","email":"46743100+ndzy01@users.noreply.github.com","date":"2024-09-30T03:05:55Z"},"committer":{"name":"ndzy01","email":"46743100+ndzy01@users.noreply.github.com","date":"2024-09-30T03:05:55Z"},"tree":{"sha":"874d68de376ab8c50b68627cad86642f9b8e9269","url":"https://api.github.com/repos/ndzy01/logs/git/trees/874d68de376ab8c50b68627cad86642f9b8e9269"},"message":"ndzy-s 更新日志 2024-09-30 03:05:55","parents":[{"sha":"df02f6ae28097bd5bed25b0d6e74bdf106dccec4","url":"https://api.github.com/repos/ndzy01/logs/git/commits/df02f6ae28097bd5bed25b0d6e74bdf106dccec4","html_url":"https://github.com/ndzy01/logs/commit/df02f6ae28097bd5bed25b0d6e74bdf106dccec4"}],"verification":{"verified":false,"reason":"unsigned","signature":null,"payload":null}}}
info: 2024-09-30 03:06:20: [INFO] method=GET ip=1.36.156.68======
info: 2024-09-30 03:06:20: 上传日志
info: 2024-09-30 03:06:20: 找到的最后一个有效日志文件: /tmp/logs/info-2024-09-30.log 尝试次数: 0
info: 2024-09-30 03:06:20: 没有找到任何有效日志文件
info: 2024-09-30 03:06:20: [INFO] method=GET ip=1.36.156.68 耗时=310ms======
info: 2024-09-30 03:06:55: 上传成功
info: 2024-09-30 03:06:55: {"content":{"name":"info-2024-09-30 03:06:20.log","path":"ndzy-s/2024-09-30/info-2024-09-30 03:06:20.log","sha":"be1356b16a7f711d4c95703507855c4da59363fd","size":22698,"url":"https://api.github.com/repos/ndzy01/logs/contents/ndzy-s/2024-09-30/info-2024-09-30%2003:06:20.log?ref=main","html_url":"https://github.com/ndzy01/logs/blob/main/ndzy-s/2024-09-30/info-2024-09-30%2003:06:20.log","git_url":"https://api.github.com/repos/ndzy01/logs/git/blobs/be1356b16a7f711d4c95703507855c4da59363fd","download_url":"https://raw.githubusercontent.com/ndzy01/logs/main/ndzy-s/2024-09-30/info-2024-09-30%2003%3A06%3A20.log","type":"file","_links":{"self":"https://api.github.com/repos/ndzy01/logs/contents/ndzy-s/2024-09-30/info-2024-09-30%2003:06:20.log?ref=main","git":"https://api.github.com/repos/ndzy01/logs/git/blobs/be1356b16a7f711d4c95703507855c4da59363fd","html":"https://github.com/ndzy01/logs/blob/main/ndzy-s/2024-09-30/info-2024-09-30%2003:06:20.log"}},"commit":{"sha":"df8ae484faec54c967b6a7707c50a1c3cab0dad6","node_id":"C_kwDOM4qzi9oAKGRmOGFlNDg0ZmFlYzU0Yzk2N2I2YTc3MDdjNTBhMWMzY2FiMGRhZDY","url":"https://api.github.com/repos/ndzy01/logs/git/commits/df8ae484faec54c967b6a7707c50a1c3cab0dad6","html_url":"https://github.com/ndzy01/logs/commit/df8ae484faec54c967b6a7707c50a1c3cab0dad6","author":{"name":"ndzy01","email":"46743100+ndzy01@users.noreply.github.com","date":"2024-09-30T03:06:20Z"},"committer":{"name":"ndzy01","email":"46743100+ndzy01@users.noreply.github.com","date":"2024-09-30T03:06:20Z"},"tree":{"sha":"1f240cfd38cc26e2e4a82938798d39c675016367","url":"https://api.github.com/repos/ndzy01/logs/git/trees/1f240cfd38cc26e2e4a82938798d39c675016367"},"message":"ndzy-s 更新日志 2024-09-30 03:06:20","parents":[{"sha":"ecc471c8db78c129d97c133a8d30942aee3542b8","url":"https://api.github.com/repos/ndzy01/logs/git/commits/ecc471c8db78c129d97c133a8d30942aee3542b8","html_url":"https://github.com/ndzy01/logs/commit/ecc471c8db78c129d97c133a8d30942aee3542b8"}],"verification":{"verified":false,"reason":"unsigned","signature":null,"payload":null}}}
info: 2024-09-30 03:07:04: [INFO] method=POST ip=1.36.156.68======
info: 2024-09-30 03:07:04: 上传日志
info: 2024-09-30 03:07:04: 找到的最后一个有效日志文件: /tmp/logs/info-2024-09-30.log 尝试次数: 0
info: 2024-09-30 03:07:04: 没有找到任何有效日志文件
info: 2024-09-30 03:07:04: [INFO] method=POST ip=1.36.156.68 耗时=135ms======
info: 2024-09-30 03:07:05: 上传成功
info: 2024-09-30 03:07:05: {"content":{"name":"info-2024-09-30 03:07:04.log","path":"ndzy-s/2024-09-30/info-2024-09-30 03:07:04.log","sha":"fd3db433b106279af13a0b8185e48f56f5cecd93","size":25192,"url":"https://api.github.com/repos/ndzy01/logs/contents/ndzy-s/2024-09-30/info-2024-09-30%2003:07:04.log?ref=main","html_url":"https://github.com/ndzy01/logs/blob/main/ndzy-s/2024-09-30/info-2024-09-30%2003:07:04.log","git_url":"https://api.github.com/repos/ndzy01/logs/git/blobs/fd3db433b106279af13a0b8185e48f56f5cecd93","download_url":"https://raw.githubusercontent.com/ndzy01/logs/main/ndzy-s/2024-09-30/info-2024-09-30%2003%3A07%3A04.log","type":"file","_links":{"self":"https://api.github.com/repos/ndzy01/logs/contents/ndzy-s/2024-09-30/info-2024-09-30%2003:07:04.log?ref=main","git":"https://api.github.com/repos/ndzy01/logs/git/blobs/fd3db433b106279af13a0b8185e48f56f5cecd93","html":"https://github.com/ndzy01/logs/blob/main/ndzy-s/2024-09-30/info-2024-09-30%2003:07:04.log"}},"commit":{"sha":"11dd87b4c9eb9b5f088e4722fa0b5e9bb364251e","node_id":"C_kwDOM4qzi9oAKDExZGQ4N2I0YzllYjliNWYwODhlNDcyMmZhMGI1ZTliYjM2NDI1MWU","url":"https://api.github.com/repos/ndzy01/logs/git/commits/11dd87b4c9eb9b5f088e4722fa0b5e9bb364251e","html_url":"https://github.com/ndzy01/logs/commit/11dd87b4c9eb9b5f088e4722fa0b5e9bb364251e","author":{"name":"ndzy01","email":"46743100+ndzy01@users.noreply.github.com","date":"2024-09-30T03:07:04Z"},"committer":{"name":"ndzy01","email":"46743100+ndzy01@users.noreply.github.com","date":"2024-09-30T03:07:04Z"},"tree":{"sha":"cbb866804ed7313650171ac5a66de9f4e7cdcda6","url":"https://api.github.com/repos/ndzy01/logs/git/trees/cbb866804ed7313650171ac5a66de9f4e7cdcda6"},"message":"ndzy-s 更新日志 2024-09-30 03:07:04","parents":[{"sha":"df8ae484faec54c967b6a7707c50a1c3cab0dad6","url":"https://api.github.com/repos/ndzy01/logs/git/commits/df8ae484faec54c967b6a7707c50a1c3cab0dad6","html_url":"https://github.com/ndzy01/logs/commit/df8ae484faec54c967b6a7707c50a1c3cab0dad6"}],"verification":{"verified":false,"reason":"unsigned","signature":null,"payload":null}}}
info: 2024-09-30 03:07:05: [INFO] method=GET ip=1.36.156.68======
info: 2024-09-30 03:07:05: 上传日志
info: 2024-09-30 03:07:05: 找到的最后一个有效日志文件: /tmp/logs/info-2024-09-30.log 尝试次数: 0
info: 2024-09-30 03:07:05: 没有找到任何有效日志文件
info: 2024-09-30 03:07:05: [INFO] method=GET ip=1.36.156.68 耗时=272ms======
info: 2024-09-30 03:07:06: 上传成功
info: 2024-09-30 03:07:06: {"content":{"name":"info-2024-09-30 03:07:05.log","path":"ndzy-s/2024-09-30/info-2024-09-30 03:07:05.log","sha":"b7c72bcde9c11b9c4511183a6b10e19b23e74ba1","size":27686,"url":"https://api.github.com/repos/ndzy01/logs/contents/ndzy-s/2024-09-30/info-2024-09-30%2003:07:05.log?ref=main","html_url":"https://github.com/ndzy01/logs/blob/main/ndzy-s/2024-09-30/info-2024-09-30%2003:07:05.log","git_url":"https://api.github.com/repos/ndzy01/logs/git/blobs/b7c72bcde9c11b9c4511183a6b10e19b23e74ba1","download_url":"https://raw.githubusercontent.com/ndzy01/logs/main/ndzy-s/2024-09-30/info-2024-09-30%2003%3A07%3A05.log","type":"file","_links":{"self":"https://api.github.com/repos/ndzy01/logs/contents/ndzy-s/2024-09-30/info-2024-09-30%2003:07:05.log?ref=main","git":"https://api.github.com/repos/ndzy01/logs/git/blobs/b7c72bcde9c11b9c4511183a6b10e19b23e74ba1","html":"https://github.com/ndzy01/logs/blob/main/ndzy-s/2024-09-30/info-2024-09-30%2003:07:05.log"}},"commit":{"sha":"c33f6050a625697680f6e1e282e38b96314c50e9","node_id":"C_kwDOM4qzi9oAKGMzM2Y2MDUwYTYyNTY5NzY4MGY2ZTFlMjgyZTM4Yjk2MzE0YzUwZTk","url":"https://api.github.com/repos/ndzy01/logs/git/commits/c33f6050a625697680f6e1e282e38b96314c50e9","html_url":"https://github.com/ndzy01/logs/commit/c33f6050a625697680f6e1e282e38b96314c50e9","author":{"name":"ndzy01","email":"46743100+ndzy01@users.noreply.github.com","date":"2024-09-30T03:07:05Z"},"committer":{"name":"ndzy01","email":"46743100+ndzy01@users.noreply.github.com","date":"2024-09-30T03:07:05Z"},"tree":{"sha":"1fbe7aaa553dcd9a9ffb299fbfc1decc5d1cc154","url":"https://api.github.com/repos/ndzy01/logs/git/trees/1fbe7aaa553dcd9a9ffb299fbfc1decc5d1cc154"},"message":"ndzy-s 更新日志 2024-09-30 03:07:05","parents":[{"sha":"11dd87b4c9eb9b5f088e4722fa0b5e9bb364251e","url":"https://api.github.com/repos/ndzy01/logs/git/commits/11dd87b4c9eb9b5f088e4722fa0b5e9bb364251e","html_url":"https://github.com/ndzy01/logs/commit/11dd87b4c9eb9b5f088e4722fa0b5e9bb364251e"}],"verification":{"verified":false,"reason":"unsigned","signature":null,"payload":null}}}
info: 2024-09-30 03:07:06: [INFO] method=GET ip=1.36.156.68======
info: 2024-09-30 03:07:06: 上传日志
info: 2024-09-30 03:07:06: 找到的最后一个有效日志文件: /tmp/logs/info-2024-09-30.log 尝试次数: 0
info: 2024-09-30 03:07:06: 没有找到任何有效日志文件
info: 2024-09-30 03:07:06: [INFO] method=GET ip=1.36.156.68 耗时=116ms======
info: 2024-09-30 03:07:54: 上传成功
info: 2024-09-30 03:07:54: {"content":{"name":"info-2024-09-30 03:07:06.log","path":"ndzy-s/2024-09-30/info-2024-09-30 03:07:06.log","sha":"3450b39a3faa6fa2efa4d6ea92cdbb1492d7534f","size":30113,"url":"https://api.github.com/repos/ndzy01/logs/contents/ndzy-s/2024-09-30/info-2024-09-30%2003:07:06.log?ref=main","html_url":"https://github.com/ndzy01/logs/blob/main/ndzy-s/2024-09-30/info-2024-09-30%2003:07:06.log","git_url":"https://api.github.com/repos/ndzy01/logs/git/blobs/3450b39a3faa6fa2efa4d6ea92cdbb1492d7534f","download_url":"https://raw.githubusercontent.com/ndzy01/logs/main/ndzy-s/2024-09-30/info-2024-09-30%2003%3A07%3A06.log","type":"file","_links":{"self":"https://api.github.com/repos/ndzy01/logs/contents/ndzy-s/2024-09-30/info-2024-09-30%2003:07:06.log?ref=main","git":"https://api.github.com/repos/ndzy01/logs/git/blobs/3450b39a3faa6fa2efa4d6ea92cdbb1492d7534f","html":"https://github.com/ndzy01/logs/blob/main/ndzy-s/2024-09-30/info-2024-09-30%2003:07:06.log"}},"commit":{"sha":"d417a401901e585d0d1f50e7a54a50c0404b2805","node_id":"C_kwDOM4qzi9oAKGQ0MTdhNDAxOTAxZTU4NWQwZDFmNTBlN2E1NGE1MGMwNDA0YjI4MDU","url":"https://api.github.com/repos/ndzy01/logs/git/commits/d417a401901e585d0d1f50e7a54a50c0404b2805","html_url":"https://github.com/ndzy01/logs/commit/d417a401901e585d0d1f50e7a54a50c0404b2805","author":{"name":"ndzy01","email":"46743100+ndzy01@users.noreply.github.com","date":"2024-09-30T03:07:06Z"},"committer":{"name":"ndzy01","email":"46743100+ndzy01@users.noreply.github.com","date":"2024-09-30T03:07:06Z"},"tree":{"sha":"fca048dd6865b7f1c39b54abf19c938f19e252e2","url":"https://api.github.com/repos/ndzy01/logs/git/trees/fca048dd6865b7f1c39b54abf19c938f19e252e2"},"message":"ndzy-s 更新日志 2024-09-30 03:07:06","parents":[{"sha":"c33f6050a625697680f6e1e282e38b96314c50e9","url":"https://api.github.com/repos/ndzy01/logs/git/commits/c33f6050a625697680f6e1e282e38b96314c50e9","html_url":"https://github.com/ndzy01/logs/commit/c33f6050a625697680f6e1e282e38b96314c50e9"}],"verification":{"verified":false,"reason":"unsigned","signature":null,"payload":null}}}
info: 2024-09-30 03:10:00: 上传日志
info: 2024-09-30 03:10:00: [INFO] method=GET ip=1.36.156.68======
info: 2024-09-30 03:10:00: 上传日志
info: 2024-09-30 03:10:00: 找到的最后一个有效日志文件: /tmp/logs/info-2024-09-30.log 尝试次数: 0
info: 2024-09-30 03:10:00: 没有找到任何有效日志文件
info: 2024-09-30 03:10:00: "上传失败"
info: 2024-09-30 03:10:00: {}
info: 2024-09-30 03:10:00: 上传成功
info: 2024-09-30 03:10:00: {"content":{"name":"info-2024-09-30 03:10:00.log","path":"ndzy-s/2024-09-30/info-2024-09-30 03:10:00.log","sha":"eeb2062c8c3766c619dc01907b163369f6b6229d","size":32712,"url":"https://api.github.com/repos/ndzy01/logs/contents/ndzy-s/2024-09-30/info-2024-09-30%2003:10:00.log?ref=main","html_url":"https://github.com/ndzy01/logs/blob/main/ndzy-s/2024-09-30/info-2024-09-30%2003:10:00.log","git_url":"https://api.github.com/repos/ndzy01/logs/git/blobs/eeb2062c8c3766c619dc01907b163369f6b6229d","download_url":"https://raw.githubusercontent.com/ndzy01/logs/main/ndzy-s/2024-09-30/info-2024-09-30%2003%3A10%3A00.log","type":"file","_links":{"self":"https://api.github.com/repos/ndzy01/logs/contents/ndzy-s/2024-09-30/info-2024-09-30%2003:10:00.log?ref=main","git":"https://api.github.com/repos/ndzy01/logs/git/blobs/eeb2062c8c3766c619dc01907b163369f6b6229d","html":"https://github.com/ndzy01/logs/blob/main/ndzy-s/2024-09-30/info-2024-09-30%2003:10:00.log"}},"commit":{"sha":"5c5f051d1ddbc254c4a37b7dc3e4312bbb9e9613","node_id":"C_kwDOM4qzi9oAKDVjNWYwNTFkMWRkYmMyNTRjNGEzN2I3ZGMzZTQzMTJiYmI5ZTk2MTM","url":"https://api.github.com/repos/ndzy01/logs/git/commits/5c5f051d1ddbc254c4a37b7dc3e4312bbb9e9613","html_url":"https://github.com/ndzy01/logs/commit/5c5f051d1ddbc254c4a37b7dc3e4312bbb9e9613","author":{"name":"ndzy01","email":"46743100+ndzy01@users.noreply.github.com","date":"2024-09-30T03:10:00Z"},"committer":{"name":"ndzy01","email":"46743100+ndzy01@users.noreply.github.com","date":"2024-09-30T03:10:00Z"},"tree":{"sha":"8f6a54cea503f9ad13de778f89c60cac0d621721","url":"https://api.github.com/repos/ndzy01/logs/git/trees/8f6a54cea503f9ad13de778f89c60cac0d621721"},"message":"ndzy-s 更新日志 2024-09-30 03:10:00","parents":[{"sha":"d417a401901e585d0d1f50e7a54a50c0404b2805","url":"https://api.github.com/repos/ndzy01/logs/git/commits/d417a401901e585d0d1f50e7a54a50c0404b2805","html_url":"https://github.com/ndzy01/logs/commit/d417a401901e585d0d1f50e7a54a50c0404b2805"}],"verification":{"verified":false,"reason":"unsigned","signature":null,"payload":null}}}
info: 2024-09-30 03:10:00: [INFO] method=GET ip=1.36.156.68 耗时=511ms======
info: 2024-09-30 03:12:53: [INFO] method=GET ip=1.36.156.68======
info: 2024-09-30 03:12:53: 上传日志
info: 2024-09-30 03:12:53: 找到的最后一个有效日志文件: /tmp/logs/info-2024-09-30.log 尝试次数: 0
info: 2024-09-30 03:12:53: 没有找到任何有效日志文件
info: 2024-09-30 03:12:54: [INFO] method=GET ip=1.36.156.68 耗时=304ms======
info: 2024-09-30 03:12:54: 上传成功
info: 2024-09-30 03:12:54: {"content":{"name":"info-2024-09-30 03:12:53.log","path":"ndzy-s/2024-09-30/info-2024-09-30 03:12:53.log","sha":"8ddd656afcc15ff92a4211c3a6002c28bfc74794","size":35277,"url":"https://api.github.com/repos/ndzy01/logs/contents/ndzy-s/2024-09-30/info-2024-09-30%2003:12:53.log?ref=main","html_url":"https://github.com/ndzy01/logs/blob/main/ndzy-s/2024-09-30/info-2024-09-30%2003:12:53.log","git_url":"https://api.github.com/repos/ndzy01/logs/git/blobs/8ddd656afcc15ff92a4211c3a6002c28bfc74794","download_url":"https://raw.githubusercontent.com/ndzy01/logs/main/ndzy-s/2024-09-30/info-2024-09-30%2003%3A12%3A53.log","type":"file","_links":{"self":"https://api.github.com/repos/ndzy01/logs/contents/ndzy-s/2024-09-30/info-2024-09-30%2003:12:53.log?ref=main","git":"https://api.github.com/repos/ndzy01/logs/git/blobs/8ddd656afcc15ff92a4211c3a6002c28bfc74794","html":"https://github.com/ndzy01/logs/blob/main/ndzy-s/2024-09-30/info-2024-09-30%2003:12:53.log"}},"commit":{"sha":"5a068f97ce6c0e9f4dfe708d0b5c6e22a8c8802a","node_id":"C_kwDOM4qzi9oAKDVhMDY4Zjk3Y2U2YzBlOWY0ZGZlNzA4ZDBiNWM2ZTIyYThjODgwMmE","url":"https://api.github.com/repos/ndzy01/logs/git/commits/5a068f97ce6c0e9f4dfe708d0b5c6e22a8c8802a","html_url":"https://github.com/ndzy01/logs/commit/5a068f97ce6c0e9f4dfe708d0b5c6e22a8c8802a","author":{"name":"ndzy01","email":"46743100+ndzy01@users.noreply.github.com","date":"2024-09-30T03:12:54Z"},"committer":{"name":"ndzy01","email":"46743100+ndzy01@users.noreply.github.com","date":"2024-09-30T03:12:54Z"},"tree":{"sha":"18e07b01bffa4750864e7bfafcb5a5c5db0facff","url":"https://api.github.com/repos/ndzy01/logs/git/trees/18e07b01bffa4750864e7bfafcb5a5c5db0facff"},"message":"ndzy-s 更新日志 2024-09-30 03:12:53","parents":[{"sha":"499537a3505a75f0e3285901b1d70e0ce0f86468","url":"https://api.github.com/repos/ndzy01/logs/git/commits/499537a3505a75f0e3285901b1d70e0ce0f86468","html_url":"https://github.com/ndzy01/logs/commit/499537a3505a75f0e3285901b1d70e0ce0f86468"}],"verification":{"verified":false,"reason":"unsigned","signature":null,"payload":null}}}
info: 2024-09-30 03:12:54: [INFO] method=GET ip=1.36.156.68======
info: 2024-09-30 03:12:54: 上传日志
info: 2024-09-30 03:12:54: 找到的最后一个有效日志文件: /tmp/logs/info-2024-09-30.log 尝试次数: 0
info: 2024-09-30 03:12:54: 没有找到任何有效日志文件
info: 2024-09-30 03:12:54: [INFO] method=GET ip=1.36.156.68 耗时=125ms======
info: 2024-09-30 03:12:54: [INFO] method=GET ip=1.36.156.68======
info: 2024-09-30 03:12:54: 上传日志
info: 2024-09-30 03:12:54: 找到的最后一个有效日志文件: /tmp/logs/info-2024-09-30.log 尝试次数: 0
info: 2024-09-30 03:12:54: 没有找到任何有效日志文件
info: 2024-09-30 03:12:54: 上传成功
info: 2024-09-30 03:12:54: {"content":{"name":"info-2024-09-30 03:12:54.log","path":"ndzy-s/2024-09-30/info-2024-09-30 03:12:54.log","sha":"14a15f291610d188dd6484e86cd7b8cd9d912e12","size":37704,"url":"https://api.github.com/repos/ndzy01/logs/contents/ndzy-s/2024-09-30/info-2024-09-30%2003:12:54.log?ref=main","html_url":"https://github.com/ndzy01/logs/blob/main/ndzy-s/2024-09-30/info-2024-09-30%2003:12:54.log","git_url":"https://api.github.com/repos/ndzy01/logs/git/blobs/14a15f291610d188dd6484e86cd7b8cd9d912e12","download_url":"https://raw.githubusercontent.com/ndzy01/logs/main/ndzy-s/2024-09-30/info-2024-09-30%2003%3A12%3A54.log","type":"file","_links":{"self":"https://api.github.com/repos/ndzy01/logs/contents/ndzy-s/2024-09-30/info-2024-09-30%2003:12:54.log?ref=main","git":"https://api.github.com/repos/ndzy01/logs/git/blobs/14a15f291610d188dd6484e86cd7b8cd9d912e12","html":"https://github.com/ndzy01/logs/blob/main/ndzy-s/2024-09-30/info-2024-09-30%2003:12:54.log"}},"commit":{"sha":"6eb5c47a701045db45bd63553ee70508d38bc5db","node_id":"C_kwDOM4qzi9oAKDZlYjVjNDdhNzAxMDQ1ZGI0NWJkNjM1NTNlZTcwNTA4ZDM4YmM1ZGI","url":"https://api.github.com/repos/ndzy01/logs/git/commits/6eb5c47a701045db45bd63553ee70508d38bc5db","html_url":"https://github.com/ndzy01/logs/commit/6eb5c47a701045db45bd63553ee70508d38bc5db","author":{"name":"ndzy01","email":"46743100+ndzy01@users.noreply.github.com","date":"2024-09-30T03:12:54Z"},"committer":{"name":"ndzy01","email":"46743100+ndzy01@users.noreply.github.com","date":"2024-09-30T03:12:54Z"},"tree":{"sha":"e12926409fb29bd14d414f2f3c6082ef3b7cc482","url":"https://api.github.com/repos/ndzy01/logs/git/trees/e12926409fb29bd14d414f2f3c6082ef3b7cc482"},"message":"ndzy-s 更新日志 2024-09-30 03:12:54","parents":[{"sha":"5a068f97ce6c0e9f4dfe708d0b5c6e22a8c8802a","url":"https://api.github.com/repos/ndzy01/logs/git/commits/5a068f97ce6c0e9f4dfe708d0b5c6e22a8c8802a","html_url":"https://github.com/ndzy01/logs/commit/5a068f97ce6c0e9f4dfe708d0b5c6e22a8c8802a"}],"verification":{"verified":false,"reason":"unsigned","signature":null,"payload":null}}}
info: 2024-09-30 03:12:55: [INFO] method=GET ip=1.36.156.68 耗时=109ms======
info: 2024-09-30 03:13:00: Starting Nest application...
info: 2024-09-30 03:13:00: TypeOrmModule dependencies initialized
info: 2024-09-30 03:13:00: MulterModule dependencies initialized
info: 2024-09-30 03:13:00: JwtModule dependencies initialized
info: 2024-09-30 03:13:00: WinstonModule dependencies initialized
info: 2024-09-30 03:13:00: TasksModule dependencies initialized
info: 2024-09-30 03:13:00: DiscoveryModule dependencies initialized
info: 2024-09-30 03:13:00: AppModule dependencies initialized
info: 2024-09-30 03:13:00: ScheduleModule dependencies initialized
info: 2024-09-30 03:13:00: TypeOrmCoreModule dependencies initialized
info: 2024-09-30 03:13:00: TypeOrmModule dependencies initialized
info: 2024-09-30 03:13:00: TypeOrmModule dependencies initialized
info: 2024-09-30 03:13:00: TypeOrmModule dependencies initialized
info: 2024-09-30 03:13:00: UserModule dependencies initialized
info: 2024-09-30 03:13:00: ArticleModule dependencies initialized
info: 2024-09-30 03:13:00: ImgModule dependencies initialized
info: 2024-09-30 03:13:00: AppController {/}:
info: 2024-09-30 03:13:00: Mapped {/, GET} route
info: 2024-09-30 03:13:00: Mapped {/encrypt, GET} route
info: 2024-09-30 03:13:00: Mapped {/decrypt, GET} route
info: 2024-09-30 03:13:00: UserController {/user}:
info: 2024-09-30 03:13:00: Mapped {/user/register, POST} route
info: 2024-09-30 03:13:00: Mapped {/user/login, POST} route
info: 2024-09-30 03:13:00: Mapped {/user/:id, GET} route
info: 2024-09-30 03:13:00: ArticleController {/article}:
info: 2024-09-30 03:13:00: Mapped {/article, POST} route
info: 2024-09-30 03:13:00: Mapped {/article, GET} route
info: 2024-09-30 03:13:00: Mapped {/article/:id, GET} route
info: 2024-09-30 03:13:00: Mapped {/article/pid/:pid, GET} route
info: 2024-09-30 03:13:00: Mapped {/article/:id, PATCH} route
info: 2024-09-30 03:13:00: Mapped {/article/updateOrder, POST} route
info: 2024-09-30 03:13:00: Mapped {/article/:id, DELETE} route
info: 2024-09-30 03:13:00: ImgController {/img}:
info: 2024-09-30 03:13:00: Mapped {/img, POST} route
info: 2024-09-30 03:13:00: Mapped {/img, POST} route
info: 2024-09-30 03:13:00: Mapped {/img, GET} route
info: 2024-09-30 03:13:00: Mapped {/img/:id, GET} route
info: 2024-09-30 03:13:00: Mapped {/img/:id, PATCH} route
info: 2024-09-30 03:13:00: Mapped {/img/:id, DELETE} route
info: 2024-09-30 03:13:00: Nest application successfully started
info: 2024-09-30 03:13:00: [INFO] method=GET ip=1.36.156.68======
info: 2024-09-30 03:13:00: 上传日志
info: 2024-09-30 03:13:00: 找到的最后一个有效日志文件: /tmp/logs/info-2024-09-30.log 尝试次数: 0
info: 2024-09-30 03:13:00: 没有找到任何有效日志文件
info: 2024-09-30 03:13:01: [INFO] method=GET ip=1.36.156.68 耗时=338ms======
info: 2024-09-30 03:13:01: 上传成功
info: 2024-09-30 03:13:01: {"content":{"name":"info-2024-09-30 03:13:00.log","path":"ndzy-s/2024-09-30/info-2024-09-30 03:13:00.log","sha":"9dd62256acc286f705921031179c64f06e53b381","size":43033,"url":"https://api.github.com/repos/ndzy01/logs/contents/ndzy-s/2024-09-30/info-2024-09-30%2003:13:00.log?ref=main","html_url":"https://github.com/ndzy01/logs/blob/main/ndzy-s/2024-09-30/info-2024-09-30%2003:13:00.log","git_url":"https://api.github.com/repos/ndzy01/logs/git/blobs/9dd62256acc286f705921031179c64f06e53b381","download_url":"https://raw.githubusercontent.com/ndzy01/logs/main/ndzy-s/2024-09-30/info-2024-09-30%2003%3A13%3A00.log","type":"file","_links":{"self":"https://api.github.com/repos/ndzy01/logs/contents/ndzy-s/2024-09-30/info-2024-09-30%2003:13:00.log?ref=main","git":"https://api.github.com/repos/ndzy01/logs/git/blobs/9dd62256acc286f705921031179c64f06e53b381","html":"https://github.com/ndzy01/logs/blob/main/ndzy-s/2024-09-30/info-2024-09-30%2003:13:00.log"}},"commit":{"sha":"02809f902dfa3651bdf63ec467fe9b9272853f8e","node_id":"C_kwDOM4qzi9oAKDAyODA5ZjkwMmRmYTM2NTFiZGY2M2VjNDY3ZmU5YjkyNzI4NTNmOGU","url":"https://api.github.com/repos/ndzy01/logs/git/commits/02809f902dfa3651bdf63ec467fe9b9272853f8e","html_url":"https://github.com/ndzy01/logs/commit/02809f902dfa3651bdf63ec467fe9b9272853f8e","author":{"name":"ndzy01","email":"46743100+ndzy01@users.noreply.github.com","date":"2024-09-30T03:13:01Z"},"committer":{"name":"ndzy01","email":"46743100+ndzy01@users.noreply.github.com","date":"2024-09-30T03:13:01Z"},"tree":{"sha":"806f652c361f85078b517808d7bf8e10dab73db2","url":"https://api.github.com/repos/ndzy01/logs/git/trees/806f652c361f85078b517808d7bf8e10dab73db2"},"message":"ndzy-s 更新日志 2024-09-30 03:13:00","parents":[{"sha":"6eb5c47a701045db45bd63553ee70508d38bc5db","url":"https://api.github.com/repos/ndzy01/logs/git/commits/6eb5c47a701045db45bd63553ee70508d38bc5db","html_url":"https://github.com/ndzy01/logs/commit/6eb5c47a701045db45bd63553ee70508d38bc5db"}],"verification":{"verified":false,"reason":"unsigned","signature":null,"payload":null}}}
info: 2024-09-30 03:13:01: [INFO] method=GET ip=1.36.156.68======
info: 2024-09-30 03:13:01: 上传日志
info: 2024-09-30 03:13:01: 找到的最后一个有效日志文件: /tmp/logs/info-2024-09-30.log 尝试次数: 0
info: 2024-09-30 03:13:01: 没有找到任何有效日志文件
info: 2024-09-30 03:13:01: [INFO] method=GET ip=1.36.156.68 耗时=159ms======
info: 2024-09-30 03:14:02: 上传成功
info: 2024-09-30 03:14:02: {"content":{"name":"info-2024-09-30 03:13:01.log","path":"ndzy-s/2024-09-30/info-2024-09-30 03:13:01.log","sha":"cce5c577b764dc283de205db1ca25404f22a3a94","size":45460,"url":"https://api.github.com/repos/ndzy01/logs/contents/ndzy-s/2024-09-30/info-2024-09-30%2003:13:01.log?ref=main","html_url":"https://github.com/ndzy01/logs/blob/main/ndzy-s/2024-09-30/info-2024-09-30%2003:13:01.log","git_url":"https://api.github.com/repos/ndzy01/logs/git/blobs/cce5c577b764dc283de205db1ca25404f22a3a94","download_url":"https://raw.githubusercontent.com/ndzy01/logs/main/ndzy-s/2024-09-30/info-2024-09-30%2003%3A13%3A01.log","type":"file","_links":{"self":"https://api.github.com/repos/ndzy01/logs/contents/ndzy-s/2024-09-30/info-2024-09-30%2003:13:01.log?ref=main","git":"https://api.github.com/repos/ndzy01/logs/git/blobs/cce5c577b764dc283de205db1ca25404f22a3a94","html":"https://github.com/ndzy01/logs/blob/main/ndzy-s/2024-09-30/info-2024-09-30%2003:13:01.log"}},"commit":{"sha":"be58f6b7b92f6e760f96eba05094923c5382c606","node_id":"C_kwDOM4qzi9oAKGJlNThmNmI3YjkyZjZlNzYwZjk2ZWJhMDUwOTQ5MjNjNTM4MmM2MDY","url":"https://api.github.com/repos/ndzy01/logs/git/commits/be58f6b7b92f6e760f96eba05094923c5382c606","html_url":"https://github.com/ndzy01/logs/commit/be58f6b7b92f6e760f96eba05094923c5382c606","author":{"name":"ndzy01","email":"46743100+ndzy01@users.noreply.github.com","date":"2024-09-30T03:13:01Z"},"committer":{"name":"ndzy01","email":"46743100+ndzy01@users.noreply.github.com","date":"2024-09-30T03:13:01Z"},"tree":{"sha":"c1ff0f7756c2aadf0594664a227e29f2ee89ed53","url":"https://api.github.com/repos/ndzy01/logs/git/trees/c1ff0f7756c2aadf0594664a227e29f2ee89ed53"},"message":"ndzy-s 更新日志 2024-09-30 03:13:01","parents":[{"sha":"02809f902dfa3651bdf63ec467fe9b9272853f8e","url":"https://api.github.com/repos/ndzy01/logs/git/commits/02809f902dfa3651bdf63ec467fe9b9272853f8e","html_url":"https://github.com/ndzy01/logs/commit/02809f902dfa3651bdf63ec467fe9b9272853f8e"}],"verification":{"verified":false,"reason":"unsigned","signature":null,"payload":null}}}
info: 2024-09-30 03:14:02: [INFO] method=GET ip=1.36.156.68======
