info: 2024-09-30 03:07:08: Starting Nest application...
info: 2024-09-30 03:07:08: TypeOrmModule dependencies initialized
info: 2024-09-30 03:07:08: MulterModule dependencies initialized
info: 2024-09-30 03:07:08: JwtModule dependencies initialized
info: 2024-09-30 03:07:08: WinstonModule dependencies initialized
info: 2024-09-30 03:07:08: TasksModule dependencies initialized
info: 2024-09-30 03:07:08: DiscoveryModule dependencies initialized
info: 2024-09-30 03:07:08: AppModule dependencies initialized
info: 2024-09-30 03:07:08: ScheduleModule dependencies initialized
info: 2024-09-30 03:07:09: TypeOrmCoreModule dependencies initialized
info: 2024-09-30 03:07:09: TypeOrmModule dependencies initialized
info: 2024-09-30 03:07:09: TypeOrmModule dependencies initialized
info: 2024-09-30 03:07:09: TypeOrmModule dependencies initialized
info: 2024-09-30 03:07:09: UserModule dependencies initialized
info: 2024-09-30 03:07:09: ArticleModule dependencies initialized
info: 2024-09-30 03:07:09: ImgModule dependencies initialized
info: 2024-09-30 03:07:09: AppController {/}:
info: 2024-09-30 03:07:09: Mapped {/, GET} route
info: 2024-09-30 03:07:09: Mapped {/encrypt, GET} route
info: 2024-09-30 03:07:09: Mapped {/decrypt, GET} route
info: 2024-09-30 03:07:09: UserController {/user}:
info: 2024-09-30 03:07:09: Mapped {/user/register, POST} route
info: 2024-09-30 03:07:09: Mapped {/user/login, POST} route
info: 2024-09-30 03:07:09: Mapped {/user/:id, GET} route
info: 2024-09-30 03:07:09: ArticleController {/article}:
info: 2024-09-30 03:07:09: Mapped {/article, POST} route
info: 2024-09-30 03:07:09: Mapped {/article, GET} route
info: 2024-09-30 03:07:09: Mapped {/article/:id, GET} route
info: 2024-09-30 03:07:09: Mapped {/article/pid/:pid, GET} route
info: 2024-09-30 03:07:09: Mapped {/article/:id, PATCH} route
info: 2024-09-30 03:07:09: Mapped {/article/updateOrder, POST} route
info: 2024-09-30 03:07:09: Mapped {/article/:id, DELETE} route
info: 2024-09-30 03:07:09: ImgController {/img}:
info: 2024-09-30 03:07:09: Mapped {/img, POST} route
info: 2024-09-30 03:07:09: Mapped {/img, POST} route
info: 2024-09-30 03:07:09: Mapped {/img, GET} route
info: 2024-09-30 03:07:09: Mapped {/img/:id, GET} route
info: 2024-09-30 03:07:09: Mapped {/img/:id, PATCH} route
info: 2024-09-30 03:07:09: Mapped {/img/:id, DELETE} route
info: 2024-09-30 03:07:09: Nest application successfully started
info: 2024-09-30 03:11:23: 上传日志
info: 2024-09-30 03:11:23: [INFO] method=GET ip=1.36.156.68======
info: 2024-09-30 03:11:23: 上传日志
info: 2024-09-30 03:11:23: 找到的最后一个有效日志文件: /tmp/logs/info-2024-09-30.log 尝试次数: 0
info: 2024-09-30 03:11:23: 没有找到任何有效日志文件
info: 2024-09-30 03:11:24: [INFO] method=GET ip=1.36.156.68 耗时=357ms======
info: 2024-09-30 03:11:24: "上传成功"
info: 2024-09-30 03:12:58: Starting Nest application...
info: 2024-09-30 03:12:58: TypeOrmModule dependencies initialized
info: 2024-09-30 03:12:58: MulterModule dependencies initialized
info: 2024-09-30 03:12:58: JwtModule dependencies initialized
info: 2024-09-30 03:12:58: WinstonModule dependencies initialized
info: 2024-09-30 03:12:58: TasksModule dependencies initialized
info: 2024-09-30 03:12:58: DiscoveryModule dependencies initialized
info: 2024-09-30 03:12:58: AppModule dependencies initialized
info: 2024-09-30 03:12:58: ScheduleModule dependencies initialized
info: 2024-09-30 03:12:58: TypeOrmCoreModule dependencies initialized
info: 2024-09-30 03:12:58: TypeOrmModule dependencies initialized
info: 2024-09-30 03:12:58: TypeOrmModule dependencies initialized
info: 2024-09-30 03:12:58: TypeOrmModule dependencies initialized
info: 2024-09-30 03:12:58: UserModule dependencies initialized
info: 2024-09-30 03:12:58: ArticleModule dependencies initialized
info: 2024-09-30 03:12:58: ImgModule dependencies initialized
info: 2024-09-30 03:12:58: AppController {/}:
info: 2024-09-30 03:12:58: Mapped {/, GET} route
info: 2024-09-30 03:12:58: Mapped {/encrypt, GET} route
info: 2024-09-30 03:12:58: Mapped {/decrypt, GET} route
info: 2024-09-30 03:12:58: UserController {/user}:
info: 2024-09-30 03:12:58: Mapped {/user/register, POST} route
info: 2024-09-30 03:12:58: Mapped {/user/login, POST} route
info: 2024-09-30 03:12:58: Mapped {/user/:id, GET} route
info: 2024-09-30 03:12:58: ArticleController {/article}:
info: 2024-09-30 03:12:58: Mapped {/article, POST} route
info: 2024-09-30 03:12:58: Mapped {/article, GET} route
info: 2024-09-30 03:12:58: Mapped {/article/:id, GET} route
info: 2024-09-30 03:12:58: Mapped {/article/pid/:pid, GET} route
info: 2024-09-30 03:12:58: Mapped {/article/:id, PATCH} route
info: 2024-09-30 03:12:58: Mapped {/article/updateOrder, POST} route
info: 2024-09-30 03:12:58: Mapped {/article/:id, DELETE} route
info: 2024-09-30 03:12:58: ImgController {/img}:
info: 2024-09-30 03:12:58: Mapped {/img, POST} route
info: 2024-09-30 03:12:58: Mapped {/img, POST} route
info: 2024-09-30 03:12:58: Mapped {/img, GET} route
info: 2024-09-30 03:12:58: Mapped {/img/:id, GET} route
info: 2024-09-30 03:12:58: Mapped {/img/:id, PATCH} route
info: 2024-09-30 03:12:58: Mapped {/img/:id, DELETE} route
info: 2024-09-30 03:12:58: Nest application successfully started
info: 2024-09-30 03:15:22: [INFO] method=GET ip=1.36.156.68======
info: 2024-09-30 03:15:22: 上传日志
info: 2024-09-30 03:15:22: 找到的最后一个有效日志文件: /tmp/logs/info-2024-09-30.log 尝试次数: 0
info: 2024-09-30 03:15:22: 没有找到任何有效日志文件
info: 2024-09-30 03:15:22: [INFO] method=GET ip=1.36.156.68 耗时=237ms======
info: 2024-09-30 03:15:42: 上传成功
