info: 2024-09-30 02:48:32: Starting Nest application...
info: 2024-09-30 02:48:32: TypeOrmModule dependencies initialized
info: 2024-09-30 02:48:32: MulterModule dependencies initialized
info: 2024-09-30 02:48:32: JwtModule dependencies initialized
info: 2024-09-30 02:48:32: WinstonModule dependencies initialized
info: 2024-09-30 02:48:32: TasksModule dependencies initialized
info: 2024-09-30 02:48:32: DiscoveryModule dependencies initialized
info: 2024-09-30 02:48:32: AppModule dependencies initialized
info: 2024-09-30 02:48:32: ScheduleModule dependencies initialized
info: 2024-09-30 02:48:32: TypeOrmCoreModule dependencies initialized
info: 2024-09-30 02:48:32: TypeOrmModule dependencies initialized
info: 2024-09-30 02:48:32: TypeOrmModule dependencies initialized
info: 2024-09-30 02:48:32: TypeOrmModule dependencies initialized
info: 2024-09-30 02:48:32: UserModule dependencies initialized
info: 2024-09-30 02:48:32: ArticleModule dependencies initialized
info: 2024-09-30 02:48:32: ImgModule dependencies initialized
info: 2024-09-30 02:48:32: AppController {/}:
info: 2024-09-30 02:48:32: Mapped {/, GET} route
info: 2024-09-30 02:48:32: Mapped {/encrypt, GET} route
info: 2024-09-30 02:48:32: Mapped {/decrypt, GET} route
info: 2024-09-30 02:48:32: UserController {/user}:
info: 2024-09-30 02:48:32: Mapped {/user/register, POST} route
info: 2024-09-30 02:48:32: Mapped {/user/login, POST} route
info: 2024-09-30 02:48:32: Mapped {/user/:id, GET} route
info: 2024-09-30 02:48:32: ArticleController {/article}:
info: 2024-09-30 02:48:32: Mapped {/article, POST} route
info: 2024-09-30 02:48:32: Mapped {/article, GET} route
info: 2024-09-30 02:48:32: Mapped {/article/:id, GET} route
info: 2024-09-30 02:48:32: Mapped {/article/pid/:pid, GET} route
info: 2024-09-30 02:48:32: Mapped {/article/:id, PATCH} route
info: 2024-09-30 02:48:32: Mapped {/article/updateOrder, POST} route
info: 2024-09-30 02:48:32: Mapped {/article/:id, DELETE} route
info: 2024-09-30 02:48:32: ImgController {/img}:
info: 2024-09-30 02:48:32: Mapped {/img, POST} route
info: 2024-09-30 02:48:32: Mapped {/img, POST} route
info: 2024-09-30 02:48:32: Mapped {/img, GET} route
info: 2024-09-30 02:48:32: Mapped {/img/:id, GET} route
info: 2024-09-30 02:48:32: Mapped {/img/:id, PATCH} route
info: 2024-09-30 02:48:32: Mapped {/img/:id, DELETE} route
info: 2024-09-30 02:48:32: Nest application successfully started
info: 2024-09-30 02:48:32: [INFO] method=GET ip=209.38.146.217======
info: 2024-09-30 02:48:32: 上传日志
info: 2024-09-30 02:48:33: 找到的最后一个有效日志文件: /tmp/logs/info-2024-09-30.log 尝试次数: 0
info: 2024-09-30 02:48:33: 没有找到任何有效日志文件
info: 2024-09-30 02:48:33: [INFO] method=GET ip=209.38.146.217 耗时=83ms======
info: 2024-09-30 02:48:33: [INFO] method=GET ip=209.38.146.217======
info: 2024-09-30 02:48:33: 上传日志
info: 2024-09-30 02:48:33: 找到的最后一个有效日志文件: /tmp/logs/info-2024-09-30.log 尝试次数: 0
info: 2024-09-30 02:48:33: 没有找到任何有效日志文件
info: 2024-09-30 02:48:33: [INFO] method=GET ip=209.38.146.217 耗时=53ms======
info: 2024-09-30 02:49:30: Starting Nest application...
info: 2024-09-30 02:49:30: TypeOrmModule dependencies initialized
info: 2024-09-30 02:49:30: MulterModule dependencies initialized
info: 2024-09-30 02:49:30: JwtModule dependencies initialized
info: 2024-09-30 02:49:30: WinstonModule dependencies initialized
info: 2024-09-30 02:49:30: TasksModule dependencies initialized
info: 2024-09-30 02:49:30: DiscoveryModule dependencies initialized
info: 2024-09-30 02:49:30: AppModule dependencies initialized
info: 2024-09-30 02:49:30: ScheduleModule dependencies initialized
info: 2024-09-30 02:49:30: TypeOrmCoreModule dependencies initialized
info: 2024-09-30 02:49:30: TypeOrmModule dependencies initialized
info: 2024-09-30 02:49:30: TypeOrmModule dependencies initialized
info: 2024-09-30 02:49:30: TypeOrmModule dependencies initialized
info: 2024-09-30 02:49:30: UserModule dependencies initialized
info: 2024-09-30 02:49:30: ArticleModule dependencies initialized
info: 2024-09-30 02:49:30: ImgModule dependencies initialized
info: 2024-09-30 02:49:31: AppController {/}:
info: 2024-09-30 02:49:31: Mapped {/, GET} route
info: 2024-09-30 02:49:31: Mapped {/encrypt, GET} route
info: 2024-09-30 02:49:31: Mapped {/decrypt, GET} route
info: 2024-09-30 02:49:31: UserController {/user}:
info: 2024-09-30 02:49:31: Mapped {/user/register, POST} route
info: 2024-09-30 02:49:31: Mapped {/user/login, POST} route
info: 2024-09-30 02:49:31: Mapped {/user/:id, GET} route
info: 2024-09-30 02:49:31: ArticleController {/article}:
info: 2024-09-30 02:49:31: Mapped {/article, POST} route
info: 2024-09-30 02:49:31: Mapped {/article, GET} route
info: 2024-09-30 02:49:31: Mapped {/article/:id, GET} route
info: 2024-09-30 02:49:31: Mapped {/article/pid/:pid, GET} route
info: 2024-09-30 02:49:31: Mapped {/article/:id, PATCH} route
info: 2024-09-30 02:49:31: Mapped {/article/updateOrder, POST} route
info: 2024-09-30 02:49:31: Mapped {/article/:id, DELETE} route
info: 2024-09-30 02:49:31: ImgController {/img}:
info: 2024-09-30 02:49:31: Mapped {/img, POST} route
info: 2024-09-30 02:49:31: Mapped {/img, POST} route
info: 2024-09-30 02:49:31: Mapped {/img, GET} route
info: 2024-09-30 02:49:31: Mapped {/img/:id, GET} route
info: 2024-09-30 02:49:31: Mapped {/img/:id, PATCH} route
info: 2024-09-30 02:49:31: Mapped {/img/:id, DELETE} route
info: 2024-09-30 02:49:31: Nest application successfully started
info: 2024-09-30 02:49:31: [INFO] method=GET ip=64.23.146.19======
info: 2024-09-30 02:49:31: 上传日志
info: 2024-09-30 02:49:31: 找到的最后一个有效日志文件: /tmp/logs/info-2024-09-30.log 尝试次数: 0
info: 2024-09-30 02:49:31: 没有找到任何有效日志文件
info: 2024-09-30 02:49:31: [INFO] method=GET ip=64.23.146.19 耗时=62ms======
info: 2024-09-30 03:00:13: 上传日志
info: 2024-09-30 03:00:13: 上传成功
info: 2024-09-30 03:00:13: {"content":{"name":"info-2024-09-30 02:49:31.log","path":"ndzy-s/2024-09-30/info-2024-09-30 02:49:31.log","sha":"32451d181f8fee417f8ae19b7db6e8e3da91b40d","size":5617,"url":"https://api.github.com/repos/ndzy01/logs/contents/ndzy-s/2024-09-30/info-2024-09-30%2002:49:31.log?ref=main","html_url":"https://github.com/ndzy01/logs/blob/main/ndzy-s/2024-09-30/info-2024-09-30%2002:49:31.log","git_url":"https://api.github.com/repos/ndzy01/logs/git/blobs/32451d181f8fee417f8ae19b7db6e8e3da91b40d","download_url":"https://raw.githubusercontent.com/ndzy01/logs/main/ndzy-s/2024-09-30/info-2024-09-30%2002%3A49%3A31.log","type":"file","_links":{"self":"https://api.github.com/repos/ndzy01/logs/contents/ndzy-s/2024-09-30/info-2024-09-30%2002:49:31.log?ref=main","git":"https://api.github.com/repos/ndzy01/logs/git/blobs/32451d181f8fee417f8ae19b7db6e8e3da91b40d","html":"https://github.com/ndzy01/logs/blob/main/ndzy-s/2024-09-30/info-2024-09-30%2002:49:31.log"}},"commit":{"sha":"df94d1c53b358dc0aeaab628a2c16540b47cafb9","node_id":"C_kwDOM4qzi9oAKGRmOTRkMWM1M2IzNThkYzBhZWFhYjYyOGEyYzE2NTQwYjQ3Y2FmYjk","url":"https://api.github.com/repos/ndzy01/logs/git/commits/df94d1c53b358dc0aeaab628a2c16540b47cafb9","html_url":"https://github.com/ndzy01/logs/commit/df94d1c53b358dc0aeaab628a2c16540b47cafb9","author":{"name":"ndzy01","email":"46743100+ndzy01@users.noreply.github.com","date":"2024-09-30T02:49:31Z"},"committer":{"name":"ndzy01","email":"46743100+ndzy01@users.noreply.github.com","date":"2024-09-30T02:49:31Z"},"tree":{"sha":"5042cdc164de972b567132e529f14bfd1d66e357","url":"https://api.github.com/repos/ndzy01/logs/git/trees/5042cdc164de972b567132e529f14bfd1d66e357"},"message":"ndzy-s 更新日志 2024-09-30 02:49:31","parents":[{"sha":"c67d62416b9a4bddd636776a3db7a5bce488f2a5","url":"https://api.github.com/repos/ndzy01/logs/git/commits/c67d62416b9a4bddd636776a3db7a5bce488f2a5","html_url":"https://github.com/ndzy01/logs/commit/c67d62416b9a4bddd636776a3db7a5bce488f2a5"}],"verification":{"verified":false,"reason":"unsigned","signature":null,"payload":null}}}
info: 2024-09-30 03:00:17: "上传成功"
info: 2024-09-30 03:00:17: {"content":{"name":"info-2024-09-30 03:00:13.log","path":"2024-09-30/info-2024-09-30 03:00:13.log","sha":"25e9d6bfc3434d46c9c1e4efd3b3abd496cd450a","size":5954,"url":"https://api.github.com/repos/ndzy01/logs/contents/2024-09-30/info-2024-09-30%2003:00:13.log?ref=main","html_url":"https://github.com/ndzy01/logs/blob/main/2024-09-30/info-2024-09-30%2003:00:13.log","git_url":"https://api.github.com/repos/ndzy01/logs/git/blobs/25e9d6bfc3434d46c9c1e4efd3b3abd496cd450a","download_url":"https://raw.githubusercontent.com/ndzy01/logs/main/2024-09-30/info-2024-09-30%2003%3A00%3A13.log","type":"file","_links":{"self":"https://api.github.com/repos/ndzy01/logs/contents/2024-09-30/info-2024-09-30%2003:00:13.log?ref=main","git":"https://api.github.com/repos/ndzy01/logs/git/blobs/25e9d6bfc3434d46c9c1e4efd3b3abd496cd450a","html":"https://github.com/ndzy01/logs/blob/main/2024-09-30/info-2024-09-30%2003:00:13.log"}},"commit":{"sha":"efb2b9f129b230c07a6580f8d7455ea81eb0d945","node_id":"C_kwDOM4qzi9oAKGVmYjJiOWYxMjliMjMwYzA3YTY1ODBmOGQ3NDU1ZWE4MWViMGQ5NDU","url":"https://api.github.com/repos/ndzy01/logs/git/commits/efb2b9f129b230c07a6580f8d7455ea81eb0d945","html_url":"https://github.com/ndzy01/logs/commit/efb2b9f129b230c07a6580f8d7455ea81eb0d945","author":{"name":"ndzy01","email":"46743100+ndzy01@users.noreply.github.com","date":"2024-09-30T03:00:16Z"},"committer":{"name":"ndzy01","email":"46743100+ndzy01@users.noreply.github.com","date":"2024-09-30T03:00:16Z"},"tree":{"sha":"f43c58d4686bfeee1730d197f6d4ab18bfd8fa97","url":"https://api.github.com/repos/ndzy01/logs/git/trees/f43c58d4686bfeee1730d197f6d4ab18bfd8fa97"},"message":"更新日志 2024-09-30 03:00:13","parents":[{"sha":"c6ecb437f05d74103ae1e2cba2d53118be9fe765","url":"https://api.github.com/repos/ndzy01/logs/git/commits/c6ecb437f05d74103ae1e2cba2d53118be9fe765","html_url":"https://github.com/ndzy01/logs/commit/c6ecb437f05d74103ae1e2cba2d53118be9fe765"}],"verification":{"verified":false,"reason":"unsigned","signature":null,"payload":null}}}
