info: 2024-09-29 08:49:54: Starting Nest application...
info: 2024-09-29 08:49:54: TypeOrmModule dependencies initialized
info: 2024-09-29 08:49:54: MulterModule dependencies initialized
info: 2024-09-29 08:49:54: JwtModule dependencies initialized
info: 2024-09-29 08:49:54: WinstonModule dependencies initialized
info: 2024-09-29 08:49:54: TasksModule dependencies initialized
info: 2024-09-29 08:49:54: DiscoveryModule dependencies initialized
info: 2024-09-29 08:49:54: AppModule dependencies initialized
info: 2024-09-29 08:49:54: ScheduleModule dependencies initialized
info: 2024-09-29 08:49:54: TypeOrmCoreModule dependencies initialized
info: 2024-09-29 08:49:54: TypeOrmModule dependencies initialized
info: 2024-09-29 08:49:54: TypeOrmModule dependencies initialized
info: 2024-09-29 08:49:54: TypeOrmModule dependencies initialized
info: 2024-09-29 08:49:54: UserModule dependencies initialized
info: 2024-09-29 08:49:54: ArticleModule dependencies initialized
info: 2024-09-29 08:49:54: ImgModule dependencies initialized
info: 2024-09-29 08:49:54: AppController {/}:
info: 2024-09-29 08:49:54: Mapped {/, GET} route
info: 2024-09-29 08:49:54: Mapped {/encrypt, GET} route
info: 2024-09-29 08:49:54: Mapped {/decrypt, GET} route
info: 2024-09-29 08:49:54: UserController {/user}:
info: 2024-09-29 08:49:54: Mapped {/user/register, POST} route
info: 2024-09-29 08:49:54: Mapped {/user/login, POST} route
info: 2024-09-29 08:49:54: Mapped {/user/:id, GET} route
info: 2024-09-29 08:49:54: ArticleController {/article}:
info: 2024-09-29 08:49:54: Mapped {/article, POST} route
info: 2024-09-29 08:49:54: Mapped {/article, GET} route
info: 2024-09-29 08:49:54: Mapped {/article/:id, GET} route
info: 2024-09-29 08:49:54: Mapped {/article/pid/:pid, GET} route
info: 2024-09-29 08:49:54: Mapped {/article/:id, PATCH} route
info: 2024-09-29 08:49:54: Mapped {/article/updateOrder, POST} route
info: 2024-09-29 08:49:54: Mapped {/article/:id, DELETE} route
info: 2024-09-29 08:49:54: ImgController {/img}:
info: 2024-09-29 08:49:54: Mapped {/img, POST} route
info: 2024-09-29 08:49:54: Mapped {/img, POST} route
info: 2024-09-29 08:49:54: Mapped {/img, GET} route
info: 2024-09-29 08:49:54: Mapped {/img/:id, GET} route
info: 2024-09-29 08:49:54: Mapped {/img/:id, PATCH} route
info: 2024-09-29 08:49:54: Mapped {/img/:id, DELETE} route
info: 2024-09-29 08:49:54: Nest application successfully started
info: 2024-09-29 08:49:55: [INFO] method=GET ip=143.110.155.98======
info: 2024-09-29 08:49:55: [INFO] method=GET ip=143.110.155.98 耗时=2ms======
info: 2024-09-29 08:49:55: [INFO] method=GET ip=143.110.155.98======
info: 2024-09-29 08:49:55: [INFO] method=GET ip=143.110.155.98 耗时=1ms======
info: 2024-09-29 08:49:56: [INFO] method=GET ip=143.110.155.98======
info: 2024-09-29 08:49:56: [INFO] method=GET ip=143.110.155.98 耗时=0ms======
info: 2024-09-29 08:49:56: [INFO] method=GET ip=143.110.155.98======
info: 2024-09-29 08:49:56: [INFO] method=GET ip=143.110.155.98 耗时=1ms======
info: 2024-09-29 08:51:34: 上传日志
