info: 2024-10-08 05:56:39: Starting Nest application...
info: 2024-10-08 05:56:39: TypeOrmModule dependencies initialized
info: 2024-10-08 05:56:39: MulterModule dependencies initialized
info: 2024-10-08 05:56:39: JwtModule dependencies initialized
info: 2024-10-08 05:56:39: WinstonModule dependencies initialized
info: 2024-10-08 05:56:39: TasksModule dependencies initialized
info: 2024-10-08 05:56:39: DiscoveryModule dependencies initialized
info: 2024-10-08 05:56:39: AppModule dependencies initialized
info: 2024-10-08 05:56:39: ScheduleModule dependencies initialized
info: 2024-10-08 05:56:40: TypeOrmCoreModule dependencies initialized
info: 2024-10-08 05:56:40: TypeOrmModule dependencies initialized
info: 2024-10-08 05:56:40: TypeOrmModule dependencies initialized
info: 2024-10-08 05:56:40: TypeOrmModule dependencies initialized
info: 2024-10-08 05:56:40: UserModule dependencies initialized
info: 2024-10-08 05:56:40: ArticleModule dependencies initialized
info: 2024-10-08 05:56:40: ImgModule dependencies initialized
info: 2024-10-08 05:56:40: AppController {/}:
info: 2024-10-08 05:56:40: Mapped {/, GET} route
info: 2024-10-08 05:56:40: Mapped {/auth, GET} route
info: 2024-10-08 05:56:40: Mapped {/encrypt, GET} route
info: 2024-10-08 05:56:40: Mapped {/decrypt, GET} route
info: 2024-10-08 05:56:40: UserController {/user}:
info: 2024-10-08 05:56:40: Mapped {/user/register, POST} route
info: 2024-10-08 05:56:40: Mapped {/user/login, POST} route
info: 2024-10-08 05:56:40: Mapped {/user/:id, GET} route
info: 2024-10-08 05:56:40: ArticleController {/article}:
info: 2024-10-08 05:56:40: Mapped {/article, POST} route
info: 2024-10-08 05:56:40: Mapped {/article, GET} route
info: 2024-10-08 05:56:40: Mapped {/article/:id, GET} route
info: 2024-10-08 05:56:40: Mapped {/article/pid/:pid, GET} route
info: 2024-10-08 05:56:40: Mapped {/article/:id, PATCH} route
info: 2024-10-08 05:56:40: Mapped {/article/updateOrder, POST} route
info: 2024-10-08 05:56:40: Mapped {/article/:id, DELETE} route
info: 2024-10-08 05:56:40: ImgController {/img}:
info: 2024-10-08 05:56:40: Mapped {/img, POST} route
info: 2024-10-08 05:56:40: Mapped {/img, POST} route
info: 2024-10-08 05:56:40: Mapped {/img, GET} route
info: 2024-10-08 05:56:40: Mapped {/img/:id, GET} route
info: 2024-10-08 05:56:40: Mapped {/img/:id, PATCH} route
info: 2024-10-08 05:56:40: Mapped {/img/:id, DELETE} route
info: 2024-10-08 05:56:40: Nest application successfully started
info: 2024-10-08 05:57:07: [INFO] method=GET ip=1.36.156.68======
info: 2024-10-08 05:57:07: [INFO] method=GET ip=1.36.156.68 耗时=39ms======
info: 2024-10-08 05:59:18: [INFO] method=GET ip=1.36.156.68======
info: 2024-10-08 05:59:18: [INFO] method=GET ip=1.36.156.68 耗时=24ms======
info: 2024-10-08 05:59:40: [INFO] method=GET ip=1.36.156.68======
info: 2024-10-08 05:59:40: [INFO] method=GET ip=1.36.156.68 耗时=0ms======
