info: 2024-10-08 06:35:44: Starting Nest application...
info: 2024-10-08 06:35:44: TypeOrmModule dependencies initialized
info: 2024-10-08 06:35:44: MulterModule dependencies initialized
info: 2024-10-08 06:35:44: JwtModule dependencies initialized
info: 2024-10-08 06:35:44: WinstonModule dependencies initialized
info: 2024-10-08 06:35:44: TasksModule dependencies initialized
info: 2024-10-08 06:35:44: DiscoveryModule dependencies initialized
info: 2024-10-08 06:35:44: AppModule dependencies initialized
info: 2024-10-08 06:35:44: ScheduleModule dependencies initialized
info: 2024-10-08 06:35:45: TypeOrmCoreModule dependencies initialized
info: 2024-10-08 06:35:45: TypeOrmModule dependencies initialized
info: 2024-10-08 06:35:45: TypeOrmModule dependencies initialized
info: 2024-10-08 06:35:45: TypeOrmModule dependencies initialized
info: 2024-10-08 06:35:45: UserModule dependencies initialized
info: 2024-10-08 06:35:45: ArticleModule dependencies initialized
info: 2024-10-08 06:35:45: ImgModule dependencies initialized
info: 2024-10-08 06:35:45: AppController {/}:
info: 2024-10-08 06:35:45: Mapped {/, GET} route
info: 2024-10-08 06:35:45: Mapped {/auth, GET} route
info: 2024-10-08 06:35:45: Mapped {/encrypt, GET} route
info: 2024-10-08 06:35:45: Mapped {/decrypt, GET} route
info: 2024-10-08 06:35:45: UserController {/user}:
info: 2024-10-08 06:35:45: Mapped {/user/register, POST} route
info: 2024-10-08 06:35:45: Mapped {/user/login, POST} route
info: 2024-10-08 06:35:45: Mapped {/user/:id, GET} route
info: 2024-10-08 06:35:45: ArticleController {/article}:
info: 2024-10-08 06:35:45: Mapped {/article, POST} route
info: 2024-10-08 06:35:45: Mapped {/article, GET} route
info: 2024-10-08 06:35:45: Mapped {/article/:id, GET} route
info: 2024-10-08 06:35:45: Mapped {/article/pid/:pid, GET} route
info: 2024-10-08 06:35:45: Mapped {/article/:id, PATCH} route
info: 2024-10-08 06:35:45: Mapped {/article/updateOrder, POST} route
info: 2024-10-08 06:35:45: Mapped {/article/:id, DELETE} route
info: 2024-10-08 06:35:45: ImgController {/img}:
info: 2024-10-08 06:35:45: Mapped {/img, POST} route
info: 2024-10-08 06:35:45: Mapped {/img, POST} route
info: 2024-10-08 06:35:45: Mapped {/img, GET} route
info: 2024-10-08 06:35:45: Mapped {/img/:id, GET} route
info: 2024-10-08 06:35:45: Mapped {/img/:id, PATCH} route
info: 2024-10-08 06:35:45: Mapped {/img/:id, DELETE} route
info: 2024-10-08 06:35:45: Nest application successfully started
info: 2024-10-08 06:46:16: 上传日志
