info: 2024-10-08 06:46:19: Starting Nest application...
info: 2024-10-08 06:46:19: TypeOrmModule dependencies initialized
info: 2024-10-08 06:46:19: MulterModule dependencies initialized
info: 2024-10-08 06:46:19: JwtModule dependencies initialized
info: 2024-10-08 06:46:19: WinstonModule dependencies initialized
info: 2024-10-08 06:46:19: TasksModule dependencies initialized
info: 2024-10-08 06:46:19: DiscoveryModule dependencies initialized
info: 2024-10-08 06:46:19: AppModule dependencies initialized
info: 2024-10-08 06:46:19: ScheduleModule dependencies initialized
info: 2024-10-08 06:46:20: TypeOrmCoreModule dependencies initialized
info: 2024-10-08 06:46:20: TypeOrmModule dependencies initialized
info: 2024-10-08 06:46:20: TypeOrmModule dependencies initialized
info: 2024-10-08 06:46:20: TypeOrmModule dependencies initialized
info: 2024-10-08 06:46:20: UserModule dependencies initialized
info: 2024-10-08 06:46:20: ArticleModule dependencies initialized
info: 2024-10-08 06:46:20: ImgModule dependencies initialized
info: 2024-10-08 06:46:20: AppController {/}:
info: 2024-10-08 06:46:20: Mapped {/, GET} route
info: 2024-10-08 06:46:20: Mapped {/auth, GET} route
info: 2024-10-08 06:46:20: Mapped {/encrypt, GET} route
info: 2024-10-08 06:46:20: Mapped {/decrypt, GET} route
info: 2024-10-08 06:46:20: UserController {/user}:
info: 2024-10-08 06:46:20: Mapped {/user/register, POST} route
info: 2024-10-08 06:46:20: Mapped {/user/login, POST} route
info: 2024-10-08 06:46:20: Mapped {/user/:id, GET} route
info: 2024-10-08 06:46:20: ArticleController {/article}:
info: 2024-10-08 06:46:20: Mapped {/article, POST} route
info: 2024-10-08 06:46:20: Mapped {/article, GET} route
info: 2024-10-08 06:46:20: Mapped {/article/:id, GET} route
info: 2024-10-08 06:46:20: Mapped {/article/pid/:pid, GET} route
info: 2024-10-08 06:46:20: Mapped {/article/:id, PATCH} route
info: 2024-10-08 06:46:20: Mapped {/article/updateOrder, POST} route
info: 2024-10-08 06:46:20: Mapped {/article/:id, DELETE} route
info: 2024-10-08 06:46:20: ImgController {/img}:
info: 2024-10-08 06:46:20: Mapped {/img, POST} route
info: 2024-10-08 06:46:20: Mapped {/img, POST} route
info: 2024-10-08 06:46:20: Mapped {/img, GET} route
info: 2024-10-08 06:46:20: Mapped {/img/:id, GET} route
info: 2024-10-08 06:46:20: Mapped {/img/:id, PATCH} route
info: 2024-10-08 06:46:20: Mapped {/img/:id, DELETE} route
info: 2024-10-08 06:46:20: Nest application successfully started
