info: 2024-10-08 00:24:02: Starting Nest application...
info: 2024-10-08 00:24:02: TypeOrmModule dependencies initialized
info: 2024-10-08 00:24:02: MulterModule dependencies initialized
info: 2024-10-08 00:24:02: JwtModule dependencies initialized
info: 2024-10-08 00:24:02: WinstonModule dependencies initialized
info: 2024-10-08 00:24:02: TasksModule dependencies initialized
info: 2024-10-08 00:24:02: DiscoveryModule dependencies initialized
info: 2024-10-08 00:24:02: AppModule dependencies initialized
info: 2024-10-08 00:24:02: ScheduleModule dependencies initialized
info: 2024-10-08 00:24:03: TypeOrmCoreModule dependencies initialized
info: 2024-10-08 00:24:03: TypeOrmModule dependencies initialized
info: 2024-10-08 00:24:03: TypeOrmModule dependencies initialized
info: 2024-10-08 00:24:03: TypeOrmModule dependencies initialized
info: 2024-10-08 00:24:03: UserModule dependencies initialized
info: 2024-10-08 00:24:03: ArticleModule dependencies initialized
info: 2024-10-08 00:24:03: ImgModule dependencies initialized
info: 2024-10-08 00:24:03: AppController {/}:
info: 2024-10-08 00:24:03: Mapped {/, GET} route
info: 2024-10-08 00:24:03: Mapped {/encrypt, GET} route
info: 2024-10-08 00:24:03: Mapped {/decrypt, GET} route
info: 2024-10-08 00:24:03: UserController {/user}:
info: 2024-10-08 00:24:03: Mapped {/user/register, POST} route
info: 2024-10-08 00:24:03: Mapped {/user/login, POST} route
info: 2024-10-08 00:24:03: Mapped {/user/:id, GET} route
info: 2024-10-08 00:24:03: ArticleController {/article}:
info: 2024-10-08 00:24:03: Mapped {/article, POST} route
info: 2024-10-08 00:24:03: Mapped {/article, GET} route
info: 2024-10-08 00:24:03: Mapped {/article/:id, GET} route
info: 2024-10-08 00:24:03: Mapped {/article/pid/:pid, GET} route
info: 2024-10-08 00:24:03: Mapped {/article/:id, PATCH} route
info: 2024-10-08 00:24:03: Mapped {/article/updateOrder, POST} route
info: 2024-10-08 00:24:03: Mapped {/article/:id, DELETE} route
info: 2024-10-08 00:24:03: ImgController {/img}:
info: 2024-10-08 00:24:03: Mapped {/img, POST} route
info: 2024-10-08 00:24:03: Mapped {/img, POST} route
info: 2024-10-08 00:24:03: Mapped {/img, GET} route
info: 2024-10-08 00:24:03: Mapped {/img/:id, GET} route
info: 2024-10-08 00:24:03: Mapped {/img/:id, PATCH} route
info: 2024-10-08 00:24:03: Mapped {/img/:id, DELETE} route
info: 2024-10-08 00:24:03: Nest application successfully started
info: 2024-10-08 00:25:12: [INFO] method=GET ip=1.36.156.68======
info: 2024-10-08 00:25:13: [INFO] method=GET ip=1.36.156.68 耗时=357ms======
info: 2024-10-08 00:25:13: [INFO] method=GET ip=1.36.156.68======
info: 2024-10-08 00:25:13: [INFO] method=GET ip=1.36.156.68 耗时=140ms======
info: 2024-10-08 00:26:21: [INFO] method=GET ip=1.36.156.68======
info: 2024-10-08 00:26:21: [INFO] method=GET ip=1.36.156.68 耗时=230ms======
info: 2024-10-08 00:28:04: [INFO] method=GET ip=1.36.156.68======
info: 2024-10-08 00:28:05: [INFO] method=GET ip=1.36.156.68 耗时=424ms======
info: 2024-10-08 00:28:05: [INFO] method=GET ip=1.36.156.68======
info: 2024-10-08 00:28:05: [INFO] method=GET ip=1.36.156.68 耗时=56ms======
info: 2024-10-08 00:31:00: 上传日志
