info: 2024-09-30 06:59:54: Starting Nest application...
info: 2024-09-30 06:59:55: TypeOrmModule dependencies initialized
info: 2024-09-30 06:59:55: MulterModule dependencies initialized
info: 2024-09-30 06:59:55: JwtModule dependencies initialized
info: 2024-09-30 06:59:55: WinstonModule dependencies initialized
info: 2024-09-30 06:59:55: TasksModule dependencies initialized
info: 2024-09-30 06:59:55: DiscoveryModule dependencies initialized
info: 2024-09-30 06:59:55: AppModule dependencies initialized
info: 2024-09-30 06:59:55: ScheduleModule dependencies initialized
info: 2024-09-30 06:59:55: TypeOrmCoreModule dependencies initialized
info: 2024-09-30 06:59:55: TypeOrmModule dependencies initialized
info: 2024-09-30 06:59:55: TypeOrmModule dependencies initialized
info: 2024-09-30 06:59:55: TypeOrmModule dependencies initialized
info: 2024-09-30 06:59:55: UserModule dependencies initialized
info: 2024-09-30 06:59:55: ArticleModule dependencies initialized
info: 2024-09-30 06:59:55: ImgModule dependencies initialized
info: 2024-09-30 06:59:55: AppController {/}:
info: 2024-09-30 06:59:55: Mapped {/, GET} route
info: 2024-09-30 06:59:55: Mapped {/encrypt, GET} route
info: 2024-09-30 06:59:55: Mapped {/decrypt, GET} route
info: 2024-09-30 06:59:55: UserController {/user}:
info: 2024-09-30 06:59:55: Mapped {/user/register, POST} route
info: 2024-09-30 06:59:55: Mapped {/user/login, POST} route
info: 2024-09-30 06:59:55: Mapped {/user/:id, GET} route
info: 2024-09-30 06:59:55: ArticleController {/article}:
info: 2024-09-30 06:59:55: Mapped {/article, POST} route
info: 2024-09-30 06:59:55: Mapped {/article, GET} route
info: 2024-09-30 06:59:55: Mapped {/article/:id, GET} route
info: 2024-09-30 06:59:55: Mapped {/article/pid/:pid, GET} route
info: 2024-09-30 06:59:55: Mapped {/article/:id, PATCH} route
info: 2024-09-30 06:59:55: Mapped {/article/updateOrder, POST} route
info: 2024-09-30 06:59:55: Mapped {/article/:id, DELETE} route
info: 2024-09-30 06:59:55: ImgController {/img}:
info: 2024-09-30 06:59:55: Mapped {/img, POST} route
info: 2024-09-30 06:59:55: Mapped {/img, POST} route
info: 2024-09-30 06:59:55: Mapped {/img, GET} route
info: 2024-09-30 06:59:55: Mapped {/img/:id, GET} route
info: 2024-09-30 06:59:55: Mapped {/img/:id, PATCH} route
info: 2024-09-30 06:59:55: Mapped {/img/:id, DELETE} route
info: 2024-09-30 06:59:55: Nest application successfully started
info: 2024-09-30 07:00:19: 上传日志
