info: 2024-09-30 10:02:01: Starting Nest application...
info: 2024-09-30 10:02:01: TypeOrmModule dependencies initialized
info: 2024-09-30 10:02:01: MulterModule dependencies initialized
info: 2024-09-30 10:02:01: JwtModule dependencies initialized
info: 2024-09-30 10:02:01: WinstonModule dependencies initialized
info: 2024-09-30 10:02:01: TasksModule dependencies initialized
info: 2024-09-30 10:02:01: DiscoveryModule dependencies initialized
info: 2024-09-30 10:02:01: AppModule dependencies initialized
info: 2024-09-30 10:02:01: ScheduleModule dependencies initialized
info: 2024-09-30 10:02:07: TypeOrmCoreModule dependencies initialized
info: 2024-09-30 10:02:07: TypeOrmModule dependencies initialized
info: 2024-09-30 10:02:07: TypeOrmModule dependencies initialized
info: 2024-09-30 10:02:07: TypeOrmModule dependencies initialized
info: 2024-09-30 10:02:07: UserModule dependencies initialized
info: 2024-09-30 10:02:07: ArticleModule dependencies initialized
info: 2024-09-30 10:02:07: ImgModule dependencies initialized
info: 2024-09-30 10:02:07: AppController {/}:
info: 2024-09-30 10:02:07: Mapped {/, GET} route
info: 2024-09-30 10:02:07: Mapped {/encrypt, GET} route
info: 2024-09-30 10:02:07: Mapped {/decrypt, GET} route
info: 2024-09-30 10:02:07: UserController {/user}:
info: 2024-09-30 10:02:07: Mapped {/user/register, POST} route
info: 2024-09-30 10:02:07: Mapped {/user/login, POST} route
info: 2024-09-30 10:02:07: Mapped {/user/:id, GET} route
info: 2024-09-30 10:02:07: ArticleController {/article}:
info: 2024-09-30 10:02:07: Mapped {/article, POST} route
info: 2024-09-30 10:02:07: Mapped {/article, GET} route
info: 2024-09-30 10:02:07: Mapped {/article/:id, GET} route
info: 2024-09-30 10:02:07: Mapped {/article/pid/:pid, GET} route
info: 2024-09-30 10:02:07: Mapped {/article/:id, PATCH} route
info: 2024-09-30 10:02:07: Mapped {/article/updateOrder, POST} route
info: 2024-09-30 10:02:07: Mapped {/article/:id, DELETE} route
info: 2024-09-30 10:02:07: ImgController {/img}:
info: 2024-09-30 10:02:07: Mapped {/img, POST} route
info: 2024-09-30 10:02:07: Mapped {/img, POST} route
info: 2024-09-30 10:02:07: Mapped {/img, GET} route
info: 2024-09-30 10:02:07: Mapped {/img/:id, GET} route
info: 2024-09-30 10:02:07: Mapped {/img/:id, PATCH} route
info: 2024-09-30 10:02:07: Mapped {/img/:id, DELETE} route
info: 2024-09-30 10:02:07: Nest application successfully started
info: 2024-09-30 10:02:20: [INFO] method=GET ip=::1======
info: 2024-09-30 10:02:20: [INFO] method=GET ip=::1 耗时=1ms======
info: 2024-09-30 10:05:03: Starting Nest application...
info: 2024-09-30 10:05:03: TypeOrmModule dependencies initialized
info: 2024-09-30 10:05:03: MulterModule dependencies initialized
info: 2024-09-30 10:05:03: JwtModule dependencies initialized
info: 2024-09-30 10:05:03: WinstonModule dependencies initialized
info: 2024-09-30 10:05:03: TasksModule dependencies initialized
info: 2024-09-30 10:05:03: DiscoveryModule dependencies initialized
info: 2024-09-30 10:05:03: AppModule dependencies initialized
info: 2024-09-30 10:05:03: ScheduleModule dependencies initialized
info: 2024-09-30 10:05:09: TypeOrmCoreModule dependencies initialized
info: 2024-09-30 10:05:09: TypeOrmModule dependencies initialized
info: 2024-09-30 10:05:09: TypeOrmModule dependencies initialized
info: 2024-09-30 10:05:09: TypeOrmModule dependencies initialized
info: 2024-09-30 10:05:09: UserModule dependencies initialized
info: 2024-09-30 10:05:09: ArticleModule dependencies initialized
info: 2024-09-30 10:05:09: ImgModule dependencies initialized
info: 2024-09-30 10:05:09: AppController {/}:
info: 2024-09-30 10:05:09: Mapped {/, GET} route
info: 2024-09-30 10:05:09: Mapped {/encrypt, GET} route
info: 2024-09-30 10:05:09: Mapped {/decrypt, GET} route
info: 2024-09-30 10:05:09: UserController {/user}:
info: 2024-09-30 10:05:09: Mapped {/user/register, POST} route
info: 2024-09-30 10:05:09: Mapped {/user/login, POST} route
info: 2024-09-30 10:05:09: Mapped {/user/:id, GET} route
info: 2024-09-30 10:05:09: ArticleController {/article}:
info: 2024-09-30 10:05:09: Mapped {/article, POST} route
info: 2024-09-30 10:05:09: Mapped {/article, GET} route
info: 2024-09-30 10:05:09: Mapped {/article/:id, GET} route
info: 2024-09-30 10:05:09: Mapped {/article/pid/:pid, GET} route
info: 2024-09-30 10:05:09: Mapped {/article/:id, PATCH} route
info: 2024-09-30 10:05:09: Mapped {/article/updateOrder, POST} route
info: 2024-09-30 10:05:09: Mapped {/article/:id, DELETE} route
info: 2024-09-30 10:05:09: ImgController {/img}:
info: 2024-09-30 10:05:09: Mapped {/img, POST} route
info: 2024-09-30 10:05:09: Mapped {/img, POST} route
info: 2024-09-30 10:05:09: Mapped {/img, GET} route
info: 2024-09-30 10:05:09: Mapped {/img/:id, GET} route
info: 2024-09-30 10:05:09: Mapped {/img/:id, PATCH} route
info: 2024-09-30 10:05:09: Mapped {/img/:id, DELETE} route
info: 2024-09-30 10:05:09: Nest application successfully started
info: 2024-09-30 10:06:38: Starting Nest application...
info: 2024-09-30 10:06:38: TypeOrmModule dependencies initialized
info: 2024-09-30 10:06:38: MulterModule dependencies initialized
info: 2024-09-30 10:06:38: JwtModule dependencies initialized
info: 2024-09-30 10:06:38: WinstonModule dependencies initialized
info: 2024-09-30 10:06:38: TasksModule dependencies initialized
info: 2024-09-30 10:06:38: DiscoveryModule dependencies initialized
info: 2024-09-30 10:06:38: AppModule dependencies initialized
info: 2024-09-30 10:06:38: ScheduleModule dependencies initialized
info: 2024-09-30 10:06:44: TypeOrmCoreModule dependencies initialized
info: 2024-09-30 10:06:44: TypeOrmModule dependencies initialized
info: 2024-09-30 10:06:44: TypeOrmModule dependencies initialized
info: 2024-09-30 10:06:44: TypeOrmModule dependencies initialized
info: 2024-09-30 10:06:44: UserModule dependencies initialized
info: 2024-09-30 10:06:44: ArticleModule dependencies initialized
info: 2024-09-30 10:06:44: ImgModule dependencies initialized
info: 2024-09-30 10:06:44: AppController {/}:
info: 2024-09-30 10:06:44: Mapped {/, GET} route
info: 2024-09-30 10:06:44: Mapped {/encrypt, GET} route
info: 2024-09-30 10:06:44: Mapped {/decrypt, GET} route
info: 2024-09-30 10:06:44: UserController {/user}:
info: 2024-09-30 10:06:44: Mapped {/user/register, POST} route
info: 2024-09-30 10:06:44: Mapped {/user/login, POST} route
info: 2024-09-30 10:06:44: Mapped {/user/:id, GET} route
info: 2024-09-30 10:06:44: ArticleController {/article}:
info: 2024-09-30 10:06:44: Mapped {/article, POST} route
info: 2024-09-30 10:06:44: Mapped {/article, GET} route
info: 2024-09-30 10:06:44: Mapped {/article/:id, GET} route
info: 2024-09-30 10:06:44: Mapped {/article/pid/:pid, GET} route
info: 2024-09-30 10:06:44: Mapped {/article/:id, PATCH} route
info: 2024-09-30 10:06:44: Mapped {/article/updateOrder, POST} route
info: 2024-09-30 10:06:44: Mapped {/article/:id, DELETE} route
info: 2024-09-30 10:06:44: ImgController {/img}:
info: 2024-09-30 10:06:44: Mapped {/img, POST} route
info: 2024-09-30 10:06:44: Mapped {/img, POST} route
info: 2024-09-30 10:06:44: Mapped {/img, GET} route
info: 2024-09-30 10:06:44: Mapped {/img/:id, GET} route
info: 2024-09-30 10:06:44: Mapped {/img/:id, PATCH} route
info: 2024-09-30 10:06:44: Mapped {/img/:id, DELETE} route
info: 2024-09-30 10:06:44: Nest application successfully started
info: 2024-09-30 10:06:45: Starting Nest application...
info: 2024-09-30 10:06:45: TypeOrmModule dependencies initialized
info: 2024-09-30 10:06:45: MulterModule dependencies initialized
info: 2024-09-30 10:06:45: JwtModule dependencies initialized
info: 2024-09-30 10:06:45: WinstonModule dependencies initialized
info: 2024-09-30 10:06:45: TasksModule dependencies initialized
info: 2024-09-30 10:06:45: DiscoveryModule dependencies initialized
info: 2024-09-30 10:06:45: AppModule dependencies initialized
info: 2024-09-30 10:06:45: ScheduleModule dependencies initialized
info: 2024-09-30 10:06:52: TypeOrmCoreModule dependencies initialized
info: 2024-09-30 10:06:52: TypeOrmModule dependencies initialized
info: 2024-09-30 10:06:52: TypeOrmModule dependencies initialized
info: 2024-09-30 10:06:52: TypeOrmModule dependencies initialized
info: 2024-09-30 10:06:52: UserModule dependencies initialized
info: 2024-09-30 10:06:52: ArticleModule dependencies initialized
info: 2024-09-30 10:06:52: ImgModule dependencies initialized
info: 2024-09-30 10:06:52: AppController {/}:
info: 2024-09-30 10:06:52: Mapped {/, GET} route
info: 2024-09-30 10:06:52: Mapped {/encrypt, GET} route
info: 2024-09-30 10:06:52: Mapped {/decrypt, GET} route
info: 2024-09-30 10:06:52: UserController {/user}:
info: 2024-09-30 10:06:52: Mapped {/user/register, POST} route
info: 2024-09-30 10:06:52: Mapped {/user/login, POST} route
info: 2024-09-30 10:06:52: Mapped {/user/:id, GET} route
info: 2024-09-30 10:06:52: ArticleController {/article}:
info: 2024-09-30 10:06:52: Mapped {/article, POST} route
info: 2024-09-30 10:06:52: Mapped {/article, GET} route
info: 2024-09-30 10:06:52: Mapped {/article/:id, GET} route
info: 2024-09-30 10:06:52: Mapped {/article/pid/:pid, GET} route
info: 2024-09-30 10:06:52: Mapped {/article/:id, PATCH} route
info: 2024-09-30 10:06:52: Mapped {/article/updateOrder, POST} route
info: 2024-09-30 10:06:52: Mapped {/article/:id, DELETE} route
info: 2024-09-30 10:06:52: ImgController {/img}:
info: 2024-09-30 10:06:52: Mapped {/img, POST} route
info: 2024-09-30 10:06:52: Mapped {/img, POST} route
info: 2024-09-30 10:06:52: Mapped {/img, GET} route
info: 2024-09-30 10:06:52: Mapped {/img/:id, GET} route
info: 2024-09-30 10:06:52: Mapped {/img/:id, PATCH} route
info: 2024-09-30 10:06:52: Mapped {/img/:id, DELETE} route
info: 2024-09-30 10:06:52: Nest application successfully started
info: 2024-09-30 10:07:00: Starting Nest application...
info: 2024-09-30 10:07:00: TypeOrmModule dependencies initialized
info: 2024-09-30 10:07:00: MulterModule dependencies initialized
info: 2024-09-30 10:07:00: JwtModule dependencies initialized
info: 2024-09-30 10:07:00: WinstonModule dependencies initialized
info: 2024-09-30 10:07:00: TasksModule dependencies initialized
info: 2024-09-30 10:07:00: DiscoveryModule dependencies initialized
info: 2024-09-30 10:07:00: AppModule dependencies initialized
info: 2024-09-30 10:07:00: ScheduleModule dependencies initialized
info: 2024-09-30 10:07:06: TypeOrmCoreModule dependencies initialized
info: 2024-09-30 10:07:06: TypeOrmModule dependencies initialized
info: 2024-09-30 10:07:06: TypeOrmModule dependencies initialized
info: 2024-09-30 10:07:06: TypeOrmModule dependencies initialized
info: 2024-09-30 10:07:06: UserModule dependencies initialized
info: 2024-09-30 10:07:06: ArticleModule dependencies initialized
info: 2024-09-30 10:07:06: ImgModule dependencies initialized
info: 2024-09-30 10:07:06: AppController {/}:
info: 2024-09-30 10:07:06: Mapped {/, GET} route
info: 2024-09-30 10:07:06: Mapped {/encrypt, GET} route
info: 2024-09-30 10:07:06: Mapped {/decrypt, GET} route
info: 2024-09-30 10:07:06: UserController {/user}:
info: 2024-09-30 10:07:06: Mapped {/user/register, POST} route
info: 2024-09-30 10:07:06: Mapped {/user/login, POST} route
info: 2024-09-30 10:07:06: Mapped {/user/:id, GET} route
info: 2024-09-30 10:07:06: ArticleController {/article}:
info: 2024-09-30 10:07:06: Mapped {/article, POST} route
info: 2024-09-30 10:07:06: Mapped {/article, GET} route
info: 2024-09-30 10:07:06: Mapped {/article/:id, GET} route
info: 2024-09-30 10:07:06: Mapped {/article/pid/:pid, GET} route
info: 2024-09-30 10:07:06: Mapped {/article/:id, PATCH} route
info: 2024-09-30 10:07:06: Mapped {/article/updateOrder, POST} route
info: 2024-09-30 10:07:06: Mapped {/article/:id, DELETE} route
info: 2024-09-30 10:07:06: ImgController {/img}:
info: 2024-09-30 10:07:06: Mapped {/img, POST} route
info: 2024-09-30 10:07:06: Mapped {/img, POST} route
info: 2024-09-30 10:07:06: Mapped {/img, GET} route
info: 2024-09-30 10:07:06: Mapped {/img/:id, GET} route
info: 2024-09-30 10:07:06: Mapped {/img/:id, PATCH} route
info: 2024-09-30 10:07:06: Mapped {/img/:id, DELETE} route
info: 2024-09-30 10:07:06: Nest application successfully started
info: 2024-09-30 10:08:12: Starting Nest application...
info: 2024-09-30 10:08:12: TypeOrmModule dependencies initialized
info: 2024-09-30 10:08:12: MulterModule dependencies initialized
info: 2024-09-30 10:08:12: JwtModule dependencies initialized
info: 2024-09-30 10:08:12: WinstonModule dependencies initialized
info: 2024-09-30 10:08:12: TasksModule dependencies initialized
info: 2024-09-30 10:08:12: DiscoveryModule dependencies initialized
info: 2024-09-30 10:08:12: AppModule dependencies initialized
info: 2024-09-30 10:08:12: ScheduleModule dependencies initialized
info: 2024-09-30 10:08:18: TypeOrmCoreModule dependencies initialized
info: 2024-09-30 10:08:18: TypeOrmModule dependencies initialized
info: 2024-09-30 10:08:18: TypeOrmModule dependencies initialized
info: 2024-09-30 10:08:18: TypeOrmModule dependencies initialized
info: 2024-09-30 10:08:18: UserModule dependencies initialized
info: 2024-09-30 10:08:18: ArticleModule dependencies initialized
info: 2024-09-30 10:08:18: ImgModule dependencies initialized
info: 2024-09-30 10:08:18: AppController {/}:
info: 2024-09-30 10:08:18: Mapped {/, GET} route
info: 2024-09-30 10:08:18: Mapped {/encrypt, GET} route
info: 2024-09-30 10:08:18: Mapped {/decrypt, GET} route
info: 2024-09-30 10:08:18: UserController {/user}:
info: 2024-09-30 10:08:18: Mapped {/user/register, POST} route
info: 2024-09-30 10:08:18: Mapped {/user/login, POST} route
info: 2024-09-30 10:08:18: Mapped {/user/:id, GET} route
info: 2024-09-30 10:08:18: ArticleController {/article}:
info: 2024-09-30 10:08:18: Mapped {/article, POST} route
info: 2024-09-30 10:08:18: Mapped {/article, GET} route
info: 2024-09-30 10:08:18: Mapped {/article/:id, GET} route
info: 2024-09-30 10:08:18: Mapped {/article/pid/:pid, GET} route
info: 2024-09-30 10:08:18: Mapped {/article/:id, PATCH} route
info: 2024-09-30 10:08:18: Mapped {/article/updateOrder, POST} route
info: 2024-09-30 10:08:18: Mapped {/article/:id, DELETE} route
info: 2024-09-30 10:08:18: ImgController {/img}:
info: 2024-09-30 10:08:18: Mapped {/img, POST} route
info: 2024-09-30 10:08:18: Mapped {/img, POST} route
info: 2024-09-30 10:08:18: Mapped {/img, GET} route
info: 2024-09-30 10:08:18: Mapped {/img/:id, GET} route
info: 2024-09-30 10:08:18: Mapped {/img/:id, PATCH} route
info: 2024-09-30 10:08:18: Mapped {/img/:id, DELETE} route
info: 2024-09-30 10:08:18: Nest application successfully started
info: 2024-09-30 10:08:28: Starting Nest application...
info: 2024-09-30 10:08:28: TypeOrmModule dependencies initialized
info: 2024-09-30 10:08:28: MulterModule dependencies initialized
info: 2024-09-30 10:08:28: JwtModule dependencies initialized
info: 2024-09-30 10:08:28: WinstonModule dependencies initialized
info: 2024-09-30 10:08:28: TasksModule dependencies initialized
info: 2024-09-30 10:08:28: DiscoveryModule dependencies initialized
info: 2024-09-30 10:08:28: AppModule dependencies initialized
info: 2024-09-30 10:08:28: ScheduleModule dependencies initialized
info: 2024-09-30 10:08:34: TypeOrmCoreModule dependencies initialized
info: 2024-09-30 10:08:34: TypeOrmModule dependencies initialized
info: 2024-09-30 10:08:34: TypeOrmModule dependencies initialized
info: 2024-09-30 10:08:34: TypeOrmModule dependencies initialized
info: 2024-09-30 10:08:34: UserModule dependencies initialized
info: 2024-09-30 10:08:34: ArticleModule dependencies initialized
info: 2024-09-30 10:08:34: ImgModule dependencies initialized
info: 2024-09-30 10:08:34: AppController {/}:
info: 2024-09-30 10:08:34: Mapped {/, GET} route
info: 2024-09-30 10:08:34: Mapped {/encrypt, GET} route
info: 2024-09-30 10:08:34: Mapped {/decrypt, GET} route
info: 2024-09-30 10:08:34: UserController {/user}:
info: 2024-09-30 10:08:34: Mapped {/user/register, POST} route
info: 2024-09-30 10:08:34: Mapped {/user/login, POST} route
info: 2024-09-30 10:08:34: Mapped {/user/:id, GET} route
info: 2024-09-30 10:08:34: ArticleController {/article}:
info: 2024-09-30 10:08:34: Mapped {/article, POST} route
info: 2024-09-30 10:08:34: Mapped {/article, GET} route
info: 2024-09-30 10:08:34: Mapped {/article/:id, GET} route
info: 2024-09-30 10:08:34: Mapped {/article/pid/:pid, GET} route
info: 2024-09-30 10:08:34: Mapped {/article/:id, PATCH} route
info: 2024-09-30 10:08:34: Mapped {/article/updateOrder, POST} route
info: 2024-09-30 10:08:34: Mapped {/article/:id, DELETE} route
info: 2024-09-30 10:08:34: ImgController {/img}:
info: 2024-09-30 10:08:34: Mapped {/img, POST} route
info: 2024-09-30 10:08:34: Mapped {/img, POST} route
info: 2024-09-30 10:08:34: Mapped {/img, GET} route
info: 2024-09-30 10:08:34: Mapped {/img/:id, GET} route
info: 2024-09-30 10:08:34: Mapped {/img/:id, PATCH} route
info: 2024-09-30 10:08:34: Mapped {/img/:id, DELETE} route
info: 2024-09-30 10:08:34: Nest application successfully started
info: 2024-09-30 10:08:37: Starting Nest application...
info: 2024-09-30 10:08:37: TypeOrmModule dependencies initialized
info: 2024-09-30 10:08:37: MulterModule dependencies initialized
info: 2024-09-30 10:08:37: JwtModule dependencies initialized
info: 2024-09-30 10:08:37: WinstonModule dependencies initialized
info: 2024-09-30 10:08:37: TasksModule dependencies initialized
info: 2024-09-30 10:08:37: DiscoveryModule dependencies initialized
info: 2024-09-30 10:08:37: AppModule dependencies initialized
info: 2024-09-30 10:08:37: ScheduleModule dependencies initialized
info: 2024-09-30 10:08:44: TypeOrmCoreModule dependencies initialized
info: 2024-09-30 10:08:44: TypeOrmModule dependencies initialized
info: 2024-09-30 10:08:44: TypeOrmModule dependencies initialized
info: 2024-09-30 10:08:44: TypeOrmModule dependencies initialized
info: 2024-09-30 10:08:44: UserModule dependencies initialized
info: 2024-09-30 10:08:44: ArticleModule dependencies initialized
info: 2024-09-30 10:08:44: ImgModule dependencies initialized
info: 2024-09-30 10:08:44: AppController {/}:
info: 2024-09-30 10:08:44: Mapped {/, GET} route
info: 2024-09-30 10:08:44: Mapped {/encrypt, GET} route
info: 2024-09-30 10:08:44: Mapped {/decrypt, GET} route
info: 2024-09-30 10:08:44: UserController {/user}:
info: 2024-09-30 10:08:44: Mapped {/user/register, POST} route
info: 2024-09-30 10:08:44: Mapped {/user/login, POST} route
info: 2024-09-30 10:08:44: Mapped {/user/:id, GET} route
info: 2024-09-30 10:08:44: ArticleController {/article}:
info: 2024-09-30 10:08:44: Mapped {/article, POST} route
info: 2024-09-30 10:08:44: Mapped {/article, GET} route
info: 2024-09-30 10:08:44: Mapped {/article/:id, GET} route
info: 2024-09-30 10:08:44: Mapped {/article/pid/:pid, GET} route
info: 2024-09-30 10:08:44: Mapped {/article/:id, PATCH} route
info: 2024-09-30 10:08:44: Mapped {/article/updateOrder, POST} route
info: 2024-09-30 10:08:44: Mapped {/article/:id, DELETE} route
info: 2024-09-30 10:08:44: ImgController {/img}:
info: 2024-09-30 10:08:44: Mapped {/img, POST} route
info: 2024-09-30 10:08:44: Mapped {/img, POST} route
info: 2024-09-30 10:08:44: Mapped {/img, GET} route
info: 2024-09-30 10:08:44: Mapped {/img/:id, GET} route
info: 2024-09-30 10:08:44: Mapped {/img/:id, PATCH} route
info: 2024-09-30 10:08:44: Mapped {/img/:id, DELETE} route
info: 2024-09-30 10:08:44: Nest application successfully started
info: 2024-09-30 10:10:00: 上传日志
