info: 2024-09-30 03:22:46: Starting Nest application...
info: 2024-09-30 03:22:46: TypeOrmModule dependencies initialized
info: 2024-09-30 03:22:46: MulterModule dependencies initialized
info: 2024-09-30 03:22:46: JwtModule dependencies initialized
info: 2024-09-30 03:22:46: WinstonModule dependencies initialized
info: 2024-09-30 03:22:46: TasksModule dependencies initialized
info: 2024-09-30 03:22:46: DiscoveryModule dependencies initialized
info: 2024-09-30 03:22:46: AppModule dependencies initialized
info: 2024-09-30 03:22:46: ScheduleModule dependencies initialized
info: 2024-09-30 03:22:46: TypeOrmCoreModule dependencies initialized
info: 2024-09-30 03:22:46: TypeOrmModule dependencies initialized
info: 2024-09-30 03:22:46: TypeOrmModule dependencies initialized
info: 2024-09-30 03:22:46: TypeOrmModule dependencies initialized
info: 2024-09-30 03:22:46: UserModule dependencies initialized
info: 2024-09-30 03:22:46: ArticleModule dependencies initialized
info: 2024-09-30 03:22:46: ImgModule dependencies initialized
info: 2024-09-30 03:22:46: AppController {/}:
info: 2024-09-30 03:22:46: Mapped {/, GET} route
info: 2024-09-30 03:22:46: Mapped {/encrypt, GET} route
info: 2024-09-30 03:22:46: Mapped {/decrypt, GET} route
info: 2024-09-30 03:22:46: UserController {/user}:
info: 2024-09-30 03:22:46: Mapped {/user/register, POST} route
info: 2024-09-30 03:22:46: Mapped {/user/login, POST} route
info: 2024-09-30 03:22:46: Mapped {/user/:id, GET} route
info: 2024-09-30 03:22:46: ArticleController {/article}:
info: 2024-09-30 03:22:46: Mapped {/article, POST} route
info: 2024-09-30 03:22:46: Mapped {/article, GET} route
info: 2024-09-30 03:22:46: Mapped {/article/:id, GET} route
info: 2024-09-30 03:22:46: Mapped {/article/pid/:pid, GET} route
info: 2024-09-30 03:22:46: Mapped {/article/:id, PATCH} route
info: 2024-09-30 03:22:46: Mapped {/article/updateOrder, POST} route
info: 2024-09-30 03:22:46: Mapped {/article/:id, DELETE} route
info: 2024-09-30 03:22:46: ImgController {/img}:
info: 2024-09-30 03:22:46: Mapped {/img, POST} route
info: 2024-09-30 03:22:46: Mapped {/img, POST} route
info: 2024-09-30 03:22:46: Mapped {/img, GET} route
info: 2024-09-30 03:22:46: Mapped {/img/:id, GET} route
info: 2024-09-30 03:22:46: Mapped {/img/:id, PATCH} route
info: 2024-09-30 03:22:46: Mapped {/img/:id, DELETE} route
info: 2024-09-30 03:22:46: Nest application successfully started
info: 2024-09-30 03:28:33: [INFO] method=GET ip=1.36.156.68======
info: 2024-09-30 03:28:33: [INFO] method=GET ip=1.36.156.68 耗时=463ms======
