info: 2024-10-07 06:44:59: Starting Nest application...
info: 2024-10-07 06:44:59: TypeOrmModule dependencies initialized
info: 2024-10-07 06:44:59: MulterModule dependencies initialized
info: 2024-10-07 06:44:59: JwtModule dependencies initialized
info: 2024-10-07 06:44:59: WinstonModule dependencies initialized
info: 2024-10-07 06:44:59: TasksModule dependencies initialized
info: 2024-10-07 06:44:59: DiscoveryModule dependencies initialized
info: 2024-10-07 06:44:59: AppModule dependencies initialized
info: 2024-10-07 06:44:59: ScheduleModule dependencies initialized
info: 2024-10-07 06:45:00: TypeOrmCoreModule dependencies initialized
info: 2024-10-07 06:45:00: TypeOrmModule dependencies initialized
info: 2024-10-07 06:45:00: TypeOrmModule dependencies initialized
info: 2024-10-07 06:45:00: TypeOrmModule dependencies initialized
info: 2024-10-07 06:45:00: UserModule dependencies initialized
info: 2024-10-07 06:45:00: ArticleModule dependencies initialized
info: 2024-10-07 06:45:00: ImgModule dependencies initialized
info: 2024-10-07 06:45:00: AppController {/}:
info: 2024-10-07 06:45:00: Mapped {/, GET} route
info: 2024-10-07 06:45:00: Mapped {/encrypt, GET} route
info: 2024-10-07 06:45:00: Mapped {/decrypt, GET} route
info: 2024-10-07 06:45:00: UserController {/user}:
info: 2024-10-07 06:45:00: Mapped {/user/register, POST} route
info: 2024-10-07 06:45:00: Mapped {/user/login, POST} route
info: 2024-10-07 06:45:00: Mapped {/user/:id, GET} route
info: 2024-10-07 06:45:00: ArticleController {/article}:
info: 2024-10-07 06:45:00: Mapped {/article, POST} route
info: 2024-10-07 06:45:00: Mapped {/article, GET} route
info: 2024-10-07 06:45:00: Mapped {/article/:id, GET} route
info: 2024-10-07 06:45:00: Mapped {/article/pid/:pid, GET} route
info: 2024-10-07 06:45:00: Mapped {/article/:id, PATCH} route
info: 2024-10-07 06:45:00: Mapped {/article/updateOrder, POST} route
info: 2024-10-07 06:45:00: Mapped {/article/:id, DELETE} route
info: 2024-10-07 06:45:00: ImgController {/img}:
info: 2024-10-07 06:45:00: Mapped {/img, POST} route
info: 2024-10-07 06:45:00: Mapped {/img, POST} route
info: 2024-10-07 06:45:00: Mapped {/img, GET} route
info: 2024-10-07 06:45:00: Mapped {/img/:id, GET} route
info: 2024-10-07 06:45:00: Mapped {/img/:id, PATCH} route
info: 2024-10-07 06:45:00: Mapped {/img/:id, DELETE} route
info: 2024-10-07 06:45:00: Nest application successfully started
info: 2024-10-07 06:57:04: 上传日志
info: 2024-10-07 06:57:45: "上传成功"
info: 2024-10-07 06:57:45: {"content":{"name":"info-2024-10-07 06:57:04.log","path":"2024-10-07/info-2024-10-07 06:57:04.log","sha":"d4fa58a2ad8c17c4d862224fe6dbca0e321ede3b","size":2447,"url":"https://api.github.com/repos/ndzy01/logs/contents/2024-10-07/info-2024-10-07%2006:57:04.log?ref=main","html_url":"https://github.com/ndzy01/logs/blob/main/2024-10-07/info-2024-10-07%2006:57:04.log","git_url":"https://api.github.com/repos/ndzy01/logs/git/blobs/d4fa58a2ad8c17c4d862224fe6dbca0e321ede3b","download_url":"https://raw.githubusercontent.com/ndzy01/logs/main/2024-10-07/info-2024-10-07%2006%3A57%3A04.log","type":"file","_links":{"self":"https://api.github.com/repos/ndzy01/logs/contents/2024-10-07/info-2024-10-07%2006:57:04.log?ref=main","git":"https://api.github.com/repos/ndzy01/logs/git/blobs/d4fa58a2ad8c17c4d862224fe6dbca0e321ede3b","html":"https://github.com/ndzy01/logs/blob/main/2024-10-07/info-2024-10-07%2006:57:04.log"}},"commit":{"sha":"08fc1ad465a008e20731914e528ac3baee753ee1","node_id":"C_kwDOM4qzi9oAKDA4ZmMxYWQ0NjVhMDA4ZTIwNzMxOTE0ZTUyOGFjM2JhZWU3NTNlZTE","url":"https://api.github.com/repos/ndzy01/logs/git/commits/08fc1ad465a008e20731914e528ac3baee753ee1","html_url":"https://github.com/ndzy01/logs/commit/08fc1ad465a008e20731914e528ac3baee753ee1","author":{"name":"ndzy01","email":"46743100+ndzy01@users.noreply.github.com","date":"2024-10-07T06:57:04Z"},"committer":{"name":"ndzy01","email":"46743100+ndzy01@users.noreply.github.com","date":"2024-10-07T06:57:04Z"},"tree":{"sha":"a935520bc589ecbca2720ea8967424596df52607","url":"https://api.github.com/repos/ndzy01/logs/git/trees/a935520bc589ecbca2720ea8967424596df52607"},"message":"更新日志 2024-10-07 06:57:04","parents":[{"sha":"e8d6b47b16d96646d109249e5ad8b585996f9435","url":"https://api.github.com/repos/ndzy01/logs/git/commits/e8d6b47b16d96646d109249e5ad8b585996f9435","html_url":"https://github.com/ndzy01/logs/commit/e8d6b47b16d96646d109249e5ad8b585996f9435"}],"verification":{"verified":false,"reason":"unsigned","signature":null,"payload":null}}}
