info: 2024-10-07 07:18:18: Starting Nest application...
info: 2024-10-07 07:18:18: TypeOrmModule dependencies initialized
info: 2024-10-07 07:18:18: MulterModule dependencies initialized
info: 2024-10-07 07:18:18: JwtModule dependencies initialized
info: 2024-10-07 07:18:18: WinstonModule dependencies initialized
info: 2024-10-07 07:18:18: TasksModule dependencies initialized
info: 2024-10-07 07:18:18: DiscoveryModule dependencies initialized
info: 2024-10-07 07:18:18: AppModule dependencies initialized
info: 2024-10-07 07:18:18: ScheduleModule dependencies initialized
info: 2024-10-07 07:18:18: TypeOrmCoreModule dependencies initialized
info: 2024-10-07 07:18:18: TypeOrmModule dependencies initialized
info: 2024-10-07 07:18:18: TypeOrmModule dependencies initialized
info: 2024-10-07 07:18:18: TypeOrmModule dependencies initialized
info: 2024-10-07 07:18:18: UserModule dependencies initialized
info: 2024-10-07 07:18:18: ArticleModule dependencies initialized
info: 2024-10-07 07:18:18: ImgModule dependencies initialized
info: 2024-10-07 07:18:18: AppController {/}:
info: 2024-10-07 07:18:18: Mapped {/, GET} route
info: 2024-10-07 07:18:18: Mapped {/encrypt, GET} route
info: 2024-10-07 07:18:18: Mapped {/decrypt, GET} route
info: 2024-10-07 07:18:18: UserController {/user}:
info: 2024-10-07 07:18:18: Mapped {/user/register, POST} route
info: 2024-10-07 07:18:18: Mapped {/user/login, POST} route
info: 2024-10-07 07:18:18: Mapped {/user/:id, GET} route
info: 2024-10-07 07:18:18: ArticleController {/article}:
info: 2024-10-07 07:18:18: Mapped {/article, POST} route
info: 2024-10-07 07:18:18: Mapped {/article, GET} route
info: 2024-10-07 07:18:18: Mapped {/article/:id, GET} route
info: 2024-10-07 07:18:18: Mapped {/article/pid/:pid, GET} route
info: 2024-10-07 07:18:18: Mapped {/article/:id, PATCH} route
info: 2024-10-07 07:18:18: Mapped {/article/updateOrder, POST} route
info: 2024-10-07 07:18:18: Mapped {/article/:id, DELETE} route
info: 2024-10-07 07:18:18: ImgController {/img}:
info: 2024-10-07 07:18:18: Mapped {/img, POST} route
info: 2024-10-07 07:18:18: Mapped {/img, POST} route
info: 2024-10-07 07:18:18: Mapped {/img, GET} route
info: 2024-10-07 07:18:18: Mapped {/img/:id, GET} route
info: 2024-10-07 07:18:18: Mapped {/img/:id, PATCH} route
info: 2024-10-07 07:18:18: Mapped {/img/:id, DELETE} route
info: 2024-10-07 07:18:18: Nest application successfully started
info: 2024-10-07 07:19:46: [INFO] method=GET ip=1.36.156.68======
info: 2024-10-07 07:19:46: [INFO] method=GET ip=1.36.156.68 耗时=3ms======
info: 2024-10-07 07:19:57: [INFO] method=GET ip=1.36.156.68======
info: 2024-10-07 07:19:57: [INFO] method=GET ip=1.36.156.68 耗时=1ms======
