info: 2024-10-07 06:17:32: Starting Nest application...
info: 2024-10-07 06:17:32: TypeOrmModule dependencies initialized
info: 2024-10-07 06:17:32: MulterModule dependencies initialized
info: 2024-10-07 06:17:32: JwtModule dependencies initialized
info: 2024-10-07 06:17:32: WinstonModule dependencies initialized
info: 2024-10-07 06:17:32: TasksModule dependencies initialized
info: 2024-10-07 06:17:32: DiscoveryModule dependencies initialized
info: 2024-10-07 06:17:32: AppModule dependencies initialized
info: 2024-10-07 06:17:32: ScheduleModule dependencies initialized
info: 2024-10-07 06:17:32: TypeOrmCoreModule dependencies initialized
info: 2024-10-07 06:17:32: TypeOrmModule dependencies initialized
info: 2024-10-07 06:17:32: TypeOrmModule dependencies initialized
info: 2024-10-07 06:17:32: TypeOrmModule dependencies initialized
info: 2024-10-07 06:17:32: UserModule dependencies initialized
info: 2024-10-07 06:17:32: ArticleModule dependencies initialized
info: 2024-10-07 06:17:32: ImgModule dependencies initialized
info: 2024-10-07 06:17:32: AppController {/}:
info: 2024-10-07 06:17:32: Mapped {/, GET} route
info: 2024-10-07 06:17:32: Mapped {/encrypt, GET} route
info: 2024-10-07 06:17:32: Mapped {/decrypt, GET} route
info: 2024-10-07 06:17:32: UserController {/user}:
info: 2024-10-07 06:17:32: Mapped {/user/register, POST} route
info: 2024-10-07 06:17:32: Mapped {/user/login, POST} route
info: 2024-10-07 06:17:32: Mapped {/user/:id, GET} route
info: 2024-10-07 06:17:32: ArticleController {/article}:
info: 2024-10-07 06:17:32: Mapped {/article, POST} route
info: 2024-10-07 06:17:32: Mapped {/article, GET} route
info: 2024-10-07 06:17:32: Mapped {/article/:id, GET} route
info: 2024-10-07 06:17:32: Mapped {/article/pid/:pid, GET} route
info: 2024-10-07 06:17:32: Mapped {/article/:id, PATCH} route
info: 2024-10-07 06:17:32: Mapped {/article/updateOrder, POST} route
info: 2024-10-07 06:17:32: Mapped {/article/:id, DELETE} route
info: 2024-10-07 06:17:32: ImgController {/img}:
info: 2024-10-07 06:17:32: Mapped {/img, POST} route
info: 2024-10-07 06:17:32: Mapped {/img, POST} route
info: 2024-10-07 06:17:32: Mapped {/img, GET} route
info: 2024-10-07 06:17:32: Mapped {/img/:id, GET} route
info: 2024-10-07 06:17:32: Mapped {/img/:id, PATCH} route
info: 2024-10-07 06:17:32: Mapped {/img/:id, DELETE} route
info: 2024-10-07 06:17:32: Nest application successfully started
info: 2024-10-07 06:18:56: [INFO] method=GET ip=1.36.156.68======
info: 2024-10-07 06:18:56: [INFO] method=GET ip=1.36.156.68 耗时=3ms======
info: 2024-10-07 06:19:47: [INFO] method=GET ip=1.36.156.68======
info: 2024-10-07 06:19:47: [INFO] method=GET ip=1.36.156.68 耗时=2ms======
info: 2024-10-07 06:20:30: 上传日志
