info: 2024-10-07 06:18:59: Starting Nest application...
info: 2024-10-07 06:18:59: TypeOrmModule dependencies initialized
info: 2024-10-07 06:18:59: MulterModule dependencies initialized
info: 2024-10-07 06:18:59: JwtModule dependencies initialized
info: 2024-10-07 06:18:59: WinstonModule dependencies initialized
info: 2024-10-07 06:18:59: TasksModule dependencies initialized
info: 2024-10-07 06:18:59: DiscoveryModule dependencies initialized
info: 2024-10-07 06:18:59: AppModule dependencies initialized
info: 2024-10-07 06:18:59: ScheduleModule dependencies initialized
info: 2024-10-07 06:18:59: TypeOrmCoreModule dependencies initialized
info: 2024-10-07 06:18:59: TypeOrmModule dependencies initialized
info: 2024-10-07 06:18:59: TypeOrmModule dependencies initialized
info: 2024-10-07 06:18:59: TypeOrmModule dependencies initialized
info: 2024-10-07 06:18:59: UserModule dependencies initialized
info: 2024-10-07 06:18:59: ArticleModule dependencies initialized
info: 2024-10-07 06:18:59: ImgModule dependencies initialized
info: 2024-10-07 06:18:59: AppController {/}:
info: 2024-10-07 06:18:59: Mapped {/, GET} route
info: 2024-10-07 06:18:59: Mapped {/encrypt, GET} route
info: 2024-10-07 06:18:59: Mapped {/decrypt, GET} route
info: 2024-10-07 06:18:59: UserController {/user}:
info: 2024-10-07 06:18:59: Mapped {/user/register, POST} route
info: 2024-10-07 06:18:59: Mapped {/user/login, POST} route
info: 2024-10-07 06:18:59: Mapped {/user/:id, GET} route
info: 2024-10-07 06:18:59: ArticleController {/article}:
info: 2024-10-07 06:18:59: Mapped {/article, POST} route
info: 2024-10-07 06:18:59: Mapped {/article, GET} route
info: 2024-10-07 06:18:59: Mapped {/article/:id, GET} route
info: 2024-10-07 06:18:59: Mapped {/article/pid/:pid, GET} route
info: 2024-10-07 06:18:59: Mapped {/article/:id, PATCH} route
info: 2024-10-07 06:18:59: Mapped {/article/updateOrder, POST} route
info: 2024-10-07 06:18:59: Mapped {/article/:id, DELETE} route
info: 2024-10-07 06:18:59: ImgController {/img}:
info: 2024-10-07 06:18:59: Mapped {/img, POST} route
info: 2024-10-07 06:18:59: Mapped {/img, POST} route
info: 2024-10-07 06:18:59: Mapped {/img, GET} route
info: 2024-10-07 06:18:59: Mapped {/img/:id, GET} route
info: 2024-10-07 06:18:59: Mapped {/img/:id, PATCH} route
info: 2024-10-07 06:18:59: Mapped {/img/:id, DELETE} route
info: 2024-10-07 06:18:59: Nest application successfully started
info: 2024-10-07 06:19:00: [INFO] method=GET ip=1.36.156.68======
info: 2024-10-07 06:19:00: [INFO] method=GET ip=1.36.156.68 耗时=2ms======
info: 2024-10-07 06:19:48: [INFO] method=GET ip=1.36.156.68======
info: 2024-10-07 06:19:48: [INFO] method=GET ip=1.36.156.68 耗时=1ms======
info: 2024-10-07 06:20:14: 上传日志
