info: 2024-10-07 07:09:01: Starting Nest application...
info: 2024-10-07 07:09:01: TypeOrmModule dependencies initialized
info: 2024-10-07 07:09:01: MulterModule dependencies initialized
info: 2024-10-07 07:09:01: JwtModule dependencies initialized
info: 2024-10-07 07:09:01: WinstonModule dependencies initialized
info: 2024-10-07 07:09:01: TasksModule dependencies initialized
info: 2024-10-07 07:09:01: DiscoveryModule dependencies initialized
info: 2024-10-07 07:09:01: AppModule dependencies initialized
info: 2024-10-07 07:09:01: ScheduleModule dependencies initialized
info: 2024-10-07 07:09:02: TypeOrmCoreModule dependencies initialized
info: 2024-10-07 07:09:02: TypeOrmModule dependencies initialized
info: 2024-10-07 07:09:02: TypeOrmModule dependencies initialized
info: 2024-10-07 07:09:02: TypeOrmModule dependencies initialized
info: 2024-10-07 07:09:02: UserModule dependencies initialized
info: 2024-10-07 07:09:02: ArticleModule dependencies initialized
info: 2024-10-07 07:09:02: ImgModule dependencies initialized
info: 2024-10-07 07:09:02: AppController {/}:
info: 2024-10-07 07:09:02: Mapped {/, GET} route
info: 2024-10-07 07:09:02: Mapped {/encrypt, GET} route
info: 2024-10-07 07:09:02: Mapped {/decrypt, GET} route
info: 2024-10-07 07:09:02: UserController {/user}:
info: 2024-10-07 07:09:02: Mapped {/user/register, POST} route
info: 2024-10-07 07:09:02: Mapped {/user/login, POST} route
info: 2024-10-07 07:09:02: Mapped {/user/:id, GET} route
info: 2024-10-07 07:09:02: ArticleController {/article}:
info: 2024-10-07 07:09:02: Mapped {/article, POST} route
info: 2024-10-07 07:09:02: Mapped {/article, GET} route
info: 2024-10-07 07:09:02: Mapped {/article/:id, GET} route
info: 2024-10-07 07:09:02: Mapped {/article/pid/:pid, GET} route
info: 2024-10-07 07:09:02: Mapped {/article/:id, PATCH} route
info: 2024-10-07 07:09:02: Mapped {/article/updateOrder, POST} route
info: 2024-10-07 07:09:02: Mapped {/article/:id, DELETE} route
info: 2024-10-07 07:09:02: ImgController {/img}:
info: 2024-10-07 07:09:02: Mapped {/img, POST} route
info: 2024-10-07 07:09:02: Mapped {/img, POST} route
info: 2024-10-07 07:09:02: Mapped {/img, GET} route
info: 2024-10-07 07:09:02: Mapped {/img/:id, GET} route
info: 2024-10-07 07:09:02: Mapped {/img/:id, PATCH} route
info: 2024-10-07 07:09:02: Mapped {/img/:id, DELETE} route
info: 2024-10-07 07:09:02: Nest application successfully started
info: 2024-10-07 07:16:09: 上传日志
info: 2024-10-07 07:18:15: "上传失败"
info: 2024-10-07 07:18:15: {}
info: 2024-10-07 07:22:36: 上传日志
