info: 2024-10-07 12:44:33: Starting Nest application...
info: 2024-10-07 12:44:33: TypeOrmModule dependencies initialized
info: 2024-10-07 12:44:33: MulterModule dependencies initialized
info: 2024-10-07 12:44:33: JwtModule dependencies initialized
info: 2024-10-07 12:44:33: WinstonModule dependencies initialized
info: 2024-10-07 12:44:33: TasksModule dependencies initialized
info: 2024-10-07 12:44:33: DiscoveryModule dependencies initialized
info: 2024-10-07 12:44:33: AppModule dependencies initialized
info: 2024-10-07 12:44:33: ScheduleModule dependencies initialized
info: 2024-10-07 12:44:34: TypeOrmCoreModule dependencies initialized
info: 2024-10-07 12:44:34: TypeOrmModule dependencies initialized
info: 2024-10-07 12:44:34: TypeOrmModule dependencies initialized
info: 2024-10-07 12:44:34: TypeOrmModule dependencies initialized
info: 2024-10-07 12:44:34: UserModule dependencies initialized
info: 2024-10-07 12:44:34: ArticleModule dependencies initialized
info: 2024-10-07 12:44:34: ImgModule dependencies initialized
info: 2024-10-07 12:44:34: AppController {/}:
info: 2024-10-07 12:44:34: Mapped {/, GET} route
info: 2024-10-07 12:44:34: Mapped {/encrypt, GET} route
info: 2024-10-07 12:44:34: Mapped {/decrypt, GET} route
info: 2024-10-07 12:44:34: UserController {/user}:
info: 2024-10-07 12:44:34: Mapped {/user/register, POST} route
info: 2024-10-07 12:44:34: Mapped {/user/login, POST} route
info: 2024-10-07 12:44:34: Mapped {/user/:id, GET} route
info: 2024-10-07 12:44:34: ArticleController {/article}:
info: 2024-10-07 12:44:34: Mapped {/article, POST} route
info: 2024-10-07 12:44:34: Mapped {/article, GET} route
info: 2024-10-07 12:44:34: Mapped {/article/:id, GET} route
info: 2024-10-07 12:44:34: Mapped {/article/pid/:pid, GET} route
info: 2024-10-07 12:44:34: Mapped {/article/:id, PATCH} route
info: 2024-10-07 12:44:34: Mapped {/article/updateOrder, POST} route
info: 2024-10-07 12:44:34: Mapped {/article/:id, DELETE} route
info: 2024-10-07 12:44:34: ImgController {/img}:
info: 2024-10-07 12:44:34: Mapped {/img, POST} route
info: 2024-10-07 12:44:34: Mapped {/img, POST} route
info: 2024-10-07 12:44:34: Mapped {/img, GET} route
info: 2024-10-07 12:44:34: Mapped {/img/:id, GET} route
info: 2024-10-07 12:44:34: Mapped {/img/:id, PATCH} route
info: 2024-10-07 12:44:34: Mapped {/img/:id, DELETE} route
info: 2024-10-07 12:44:34: Nest application successfully started
