info: 2024-10-07 12:22:21: Starting Nest application...
info: 2024-10-07 12:22:21: TypeOrmModule dependencies initialized
info: 2024-10-07 12:22:21: MulterModule dependencies initialized
info: 2024-10-07 12:22:21: JwtModule dependencies initialized
info: 2024-10-07 12:22:21: WinstonModule dependencies initialized
info: 2024-10-07 12:22:21: TasksModule dependencies initialized
info: 2024-10-07 12:22:21: DiscoveryModule dependencies initialized
info: 2024-10-07 12:22:21: AppModule dependencies initialized
info: 2024-10-07 12:22:21: ScheduleModule dependencies initialized
info: 2024-10-07 12:22:21: TypeOrmCoreModule dependencies initialized
info: 2024-10-07 12:22:21: TypeOrmModule dependencies initialized
info: 2024-10-07 12:22:21: TypeOrmModule dependencies initialized
info: 2024-10-07 12:22:21: TypeOrmModule dependencies initialized
info: 2024-10-07 12:22:21: UserModule dependencies initialized
info: 2024-10-07 12:22:21: ArticleModule dependencies initialized
info: 2024-10-07 12:22:21: ImgModule dependencies initialized
info: 2024-10-07 12:22:21: AppController {/}:
info: 2024-10-07 12:22:21: Mapped {/, GET} route
info: 2024-10-07 12:22:21: Mapped {/encrypt, GET} route
info: 2024-10-07 12:22:21: Mapped {/decrypt, GET} route
info: 2024-10-07 12:22:21: UserController {/user}:
info: 2024-10-07 12:22:21: Mapped {/user/register, POST} route
info: 2024-10-07 12:22:21: Mapped {/user/login, POST} route
info: 2024-10-07 12:22:21: Mapped {/user/:id, GET} route
info: 2024-10-07 12:22:21: ArticleController {/article}:
info: 2024-10-07 12:22:21: Mapped {/article, POST} route
info: 2024-10-07 12:22:21: Mapped {/article, GET} route
info: 2024-10-07 12:22:21: Mapped {/article/:id, GET} route
info: 2024-10-07 12:22:21: Mapped {/article/pid/:pid, GET} route
info: 2024-10-07 12:22:21: Mapped {/article/:id, PATCH} route
info: 2024-10-07 12:22:21: Mapped {/article/updateOrder, POST} route
info: 2024-10-07 12:22:21: Mapped {/article/:id, DELETE} route
info: 2024-10-07 12:22:21: ImgController {/img}:
info: 2024-10-07 12:22:21: Mapped {/img, POST} route
info: 2024-10-07 12:22:21: Mapped {/img, POST} route
info: 2024-10-07 12:22:21: Mapped {/img, GET} route
info: 2024-10-07 12:22:21: Mapped {/img/:id, GET} route
info: 2024-10-07 12:22:21: Mapped {/img/:id, PATCH} route
info: 2024-10-07 12:22:21: Mapped {/img/:id, DELETE} route
info: 2024-10-07 12:22:21: Nest application successfully started
info: 2024-10-07 12:35:47: 上传日志
