info: 2024-10-07 06:44:59: Starting Nest application...
info: 2024-10-07 06:44:59: TypeOrmModule dependencies initialized
info: 2024-10-07 06:44:59: MulterModule dependencies initialized
info: 2024-10-07 06:44:59: JwtModule dependencies initialized
info: 2024-10-07 06:44:59: WinstonModule dependencies initialized
info: 2024-10-07 06:44:59: TasksModule dependencies initialized
info: 2024-10-07 06:44:59: DiscoveryModule dependencies initialized
info: 2024-10-07 06:44:59: AppModule dependencies initialized
info: 2024-10-07 06:44:59: ScheduleModule dependencies initialized
info: 2024-10-07 06:45:00: TypeOrmCoreModule dependencies initialized
info: 2024-10-07 06:45:00: TypeOrmModule dependencies initialized
info: 2024-10-07 06:45:00: TypeOrmModule dependencies initialized
info: 2024-10-07 06:45:00: TypeOrmModule dependencies initialized
info: 2024-10-07 06:45:00: UserModule dependencies initialized
info: 2024-10-07 06:45:00: ArticleModule dependencies initialized
info: 2024-10-07 06:45:00: ImgModule dependencies initialized
info: 2024-10-07 06:45:00: AppController {/}:
info: 2024-10-07 06:45:00: Mapped {/, GET} route
info: 2024-10-07 06:45:00: Mapped {/encrypt, GET} route
info: 2024-10-07 06:45:00: Mapped {/decrypt, GET} route
info: 2024-10-07 06:45:00: UserController {/user}:
info: 2024-10-07 06:45:00: Mapped {/user/register, POST} route
info: 2024-10-07 06:45:00: Mapped {/user/login, POST} route
info: 2024-10-07 06:45:00: Mapped {/user/:id, GET} route
info: 2024-10-07 06:45:00: ArticleController {/article}:
info: 2024-10-07 06:45:00: Mapped {/article, POST} route
info: 2024-10-07 06:45:00: Mapped {/article, GET} route
info: 2024-10-07 06:45:00: Mapped {/article/:id, GET} route
info: 2024-10-07 06:45:00: Mapped {/article/pid/:pid, GET} route
info: 2024-10-07 06:45:00: Mapped {/article/:id, PATCH} route
info: 2024-10-07 06:45:00: Mapped {/article/updateOrder, POST} route
info: 2024-10-07 06:45:00: Mapped {/article/:id, DELETE} route
info: 2024-10-07 06:45:00: ImgController {/img}:
info: 2024-10-07 06:45:00: Mapped {/img, POST} route
info: 2024-10-07 06:45:00: Mapped {/img, POST} route
info: 2024-10-07 06:45:00: Mapped {/img, GET} route
info: 2024-10-07 06:45:00: Mapped {/img/:id, GET} route
info: 2024-10-07 06:45:00: Mapped {/img/:id, PATCH} route
info: 2024-10-07 06:45:00: Mapped {/img/:id, DELETE} route
info: 2024-10-07 06:45:00: Nest application successfully started
info: 2024-10-07 06:57:04: 上传日志
