info: 2024-10-22 12:41:56: Starting Nest application...
info: 2024-10-22 12:41:56: TypeOrmModule dependencies initialized
info: 2024-10-22 12:41:56: MulterModule dependencies initialized
info: 2024-10-22 12:41:56: JwtModule dependencies initialized
info: 2024-10-22 12:41:56: WinstonModule dependencies initialized
info: 2024-10-22 12:41:56: TasksModule dependencies initialized
info: 2024-10-22 12:41:56: DiscoveryModule dependencies initialized
info: 2024-10-22 12:41:56: AppModule dependencies initialized
info: 2024-10-22 12:41:56: ScheduleModule dependencies initialized
info: 2024-10-22 12:41:57: TypeOrmCoreModule dependencies initialized
info: 2024-10-22 12:41:57: TypeOrmModule dependencies initialized
info: 2024-10-22 12:41:57: TypeOrmModule dependencies initialized
info: 2024-10-22 12:41:57: TypeOrmModule dependencies initialized
info: 2024-10-22 12:41:57: TypeOrmModule dependencies initialized
info: 2024-10-22 12:41:57: UserModule dependencies initialized
info: 2024-10-22 12:41:57: ArticleModule dependencies initialized
info: 2024-10-22 12:41:57: MusicModule dependencies initialized
info: 2024-10-22 12:41:57: ImgModule dependencies initialized
info: 2024-10-22 12:41:57: AppController {/}:
info: 2024-10-22 12:41:57: Mapped {/, GET} route
info: 2024-10-22 12:41:57: Mapped {/auth, GET} route
info: 2024-10-22 12:41:57: Mapped {/encrypt, GET} route
info: 2024-10-22 12:41:57: Mapped {/decrypt, GET} route
info: 2024-10-22 12:41:57: UserController {/user}:
info: 2024-10-22 12:41:57: Mapped {/user/register, POST} route
info: 2024-10-22 12:41:57: Mapped {/user/login, POST} route
info: 2024-10-22 12:41:57: Mapped {/user/:id, GET} route
info: 2024-10-22 12:41:57: ArticleController {/article}:
info: 2024-10-22 12:41:57: Mapped {/article, POST} route
info: 2024-10-22 12:41:57: Mapped {/article, GET} route
info: 2024-10-22 12:41:57: Mapped {/article/:id, GET} route
info: 2024-10-22 12:41:57: Mapped {/article/pid/:pid, GET} route
info: 2024-10-22 12:41:57: Mapped {/article/:id, PATCH} route
info: 2024-10-22 12:41:57: Mapped {/article/updateOrder, POST} route
info: 2024-10-22 12:41:57: Mapped {/article/:id, DELETE} route
info: 2024-10-22 12:41:57: ImgController {/img}:
info: 2024-10-22 12:41:57: Mapped {/img, POST} route
info: 2024-10-22 12:41:57: Mapped {/img, POST} route
info: 2024-10-22 12:41:57: Mapped {/img, GET} route
info: 2024-10-22 12:41:57: Mapped {/img/:id, GET} route
info: 2024-10-22 12:41:57: Mapped {/img/:id, PATCH} route
info: 2024-10-22 12:41:57: Mapped {/img/:id, DELETE} route
info: 2024-10-22 12:41:57: MusicController {/music}:
info: 2024-10-22 12:41:57: Mapped {/music/custom, GET} route
info: 2024-10-22 12:41:57: Mapped {/music/:id, GET} route
info: 2024-10-22 12:41:57: Mapped {/music, GET} route
info: 2024-10-22 12:41:57: Mapped {/music, POST} route
info: 2024-10-22 12:41:57: Mapped {/music/bulk, POST} route
info: 2024-10-22 12:41:57: Mapped {/music/:id, PATCH} route
info: 2024-10-22 12:41:57: Mapped {/music/:id, PUT} route
info: 2024-10-22 12:41:57: Mapped {/music/:id, DELETE} route
info: 2024-10-22 12:41:57: Nest application successfully started
info: 2024-10-22 12:41:57: [INFO] method=PATCH ip=20.55.223.236======
info: 2024-10-22 12:41:57: [INFO] method=PATCH ip=20.55.223.236 耗时=169ms======
info: 2024-10-22 12:41:57: [INFO] method=PATCH ip=20.55.223.236======
info: 2024-10-22 12:41:57: [INFO] method=PATCH ip=20.55.223.236 耗时=149ms======
info: 2024-10-22 12:42:00: [INFO] method=PATCH ip=20.55.223.236======
info: 2024-10-22 12:42:00: [INFO] method=PATCH ip=20.55.223.236 耗时=112ms======
info: 2024-10-22 12:50:41: 上传日志
