info: 2024-10-22 10:49:52: Starting Nest application...
info: 2024-10-22 10:49:52: TypeOrmModule dependencies initialized
info: 2024-10-22 10:49:52: MulterModule dependencies initialized
info: 2024-10-22 10:49:52: JwtModule dependencies initialized
info: 2024-10-22 10:49:52: WinstonModule dependencies initialized
info: 2024-10-22 10:49:52: TasksModule dependencies initialized
info: 2024-10-22 10:49:52: DiscoveryModule dependencies initialized
info: 2024-10-22 10:49:52: AppModule dependencies initialized
info: 2024-10-22 10:49:52: ScheduleModule dependencies initialized
info: 2024-10-22 10:49:53: TypeOrmCoreModule dependencies initialized
info: 2024-10-22 10:49:53: TypeOrmModule dependencies initialized
info: 2024-10-22 10:49:53: TypeOrmModule dependencies initialized
info: 2024-10-22 10:49:53: TypeOrmModule dependencies initialized
info: 2024-10-22 10:49:53: TypeOrmModule dependencies initialized
info: 2024-10-22 10:49:53: UserModule dependencies initialized
info: 2024-10-22 10:49:53: ArticleModule dependencies initialized
info: 2024-10-22 10:49:53: MusicModule dependencies initialized
info: 2024-10-22 10:49:53: ImgModule dependencies initialized
info: 2024-10-22 10:49:53: AppController {/}:
info: 2024-10-22 10:49:53: Mapped {/, GET} route
info: 2024-10-22 10:49:53: Mapped {/auth, GET} route
info: 2024-10-22 10:49:53: Mapped {/encrypt, GET} route
info: 2024-10-22 10:49:53: Mapped {/decrypt, GET} route
info: 2024-10-22 10:49:53: UserController {/user}:
info: 2024-10-22 10:49:53: Mapped {/user/register, POST} route
info: 2024-10-22 10:49:53: Mapped {/user/login, POST} route
info: 2024-10-22 10:49:53: Mapped {/user/:id, GET} route
info: 2024-10-22 10:49:53: ArticleController {/article}:
info: 2024-10-22 10:49:53: Mapped {/article, POST} route
info: 2024-10-22 10:49:53: Mapped {/article, GET} route
info: 2024-10-22 10:49:53: Mapped {/article/:id, GET} route
info: 2024-10-22 10:49:53: Mapped {/article/pid/:pid, GET} route
info: 2024-10-22 10:49:53: Mapped {/article/:id, PATCH} route
info: 2024-10-22 10:49:53: Mapped {/article/updateOrder, POST} route
info: 2024-10-22 10:49:53: Mapped {/article/:id, DELETE} route
info: 2024-10-22 10:49:53: ImgController {/img}:
info: 2024-10-22 10:49:53: Mapped {/img, POST} route
info: 2024-10-22 10:49:53: Mapped {/img, POST} route
info: 2024-10-22 10:49:53: Mapped {/img, GET} route
info: 2024-10-22 10:49:53: Mapped {/img/:id, GET} route
info: 2024-10-22 10:49:53: Mapped {/img/:id, PATCH} route
info: 2024-10-22 10:49:53: Mapped {/img/:id, DELETE} route
info: 2024-10-22 10:49:53: MusicController {/music}:
info: 2024-10-22 10:49:53: Mapped {/music/custom, GET} route
info: 2024-10-22 10:49:53: Mapped {/music/:id, GET} route
info: 2024-10-22 10:49:53: Mapped {/music, GET} route
info: 2024-10-22 10:49:53: Mapped {/music, POST} route
info: 2024-10-22 10:49:53: Mapped {/music/bulk, POST} route
info: 2024-10-22 10:49:53: Mapped {/music/:id, PATCH} route
info: 2024-10-22 10:49:53: Mapped {/music/:id, PUT} route
info: 2024-10-22 10:49:53: Mapped {/music/:id, DELETE} route
info: 2024-10-22 10:49:53: Nest application successfully started
info: 2024-10-22 10:49:53: [INFO] method=GET ip=1.36.156.68======
info: 2024-10-22 10:49:53: [INFO] method=GET ip=1.36.156.68 耗时=43ms======
info: 2024-10-22 10:54:38: 上传日志
