info: 2024-10-22 16:57:21: Starting Nest application...
info: 2024-10-22 16:57:21: TypeOrmModule dependencies initialized
info: 2024-10-22 16:57:21: MulterModule dependencies initialized
info: 2024-10-22 16:57:21: JwtModule dependencies initialized
info: 2024-10-22 16:57:21: WinstonModule dependencies initialized
info: 2024-10-22 16:57:21: TasksModule dependencies initialized
info: 2024-10-22 16:57:21: DiscoveryModule dependencies initialized
info: 2024-10-22 16:57:21: AppModule dependencies initialized
info: 2024-10-22 16:57:21: ScheduleModule dependencies initialized
info: 2024-10-22 16:57:21: TypeOrmCoreModule dependencies initialized
info: 2024-10-22 16:57:21: TypeOrmModule dependencies initialized
info: 2024-10-22 16:57:21: TypeOrmModule dependencies initialized
info: 2024-10-22 16:57:21: TypeOrmModule dependencies initialized
info: 2024-10-22 16:57:21: TypeOrmModule dependencies initialized
info: 2024-10-22 16:57:21: UserModule dependencies initialized
info: 2024-10-22 16:57:21: ArticleModule dependencies initialized
info: 2024-10-22 16:57:21: MusicModule dependencies initialized
info: 2024-10-22 16:57:21: ImgModule dependencies initialized
info: 2024-10-22 16:57:21: AppController {/}:
info: 2024-10-22 16:57:21: Mapped {/, GET} route
info: 2024-10-22 16:57:21: Mapped {/auth, GET} route
info: 2024-10-22 16:57:21: Mapped {/encrypt, GET} route
info: 2024-10-22 16:57:21: Mapped {/decrypt, GET} route
info: 2024-10-22 16:57:21: UserController {/user}:
info: 2024-10-22 16:57:21: Mapped {/user/register, POST} route
info: 2024-10-22 16:57:21: Mapped {/user/login, POST} route
info: 2024-10-22 16:57:21: Mapped {/user/:id, GET} route
info: 2024-10-22 16:57:21: ArticleController {/article}:
info: 2024-10-22 16:57:21: Mapped {/article, POST} route
info: 2024-10-22 16:57:21: Mapped {/article, GET} route
info: 2024-10-22 16:57:21: Mapped {/article/:id, GET} route
info: 2024-10-22 16:57:21: Mapped {/article/pid/:pid, GET} route
info: 2024-10-22 16:57:21: Mapped {/article/:id, PATCH} route
info: 2024-10-22 16:57:21: Mapped {/article/updateOrder, POST} route
info: 2024-10-22 16:57:21: Mapped {/article/:id, DELETE} route
info: 2024-10-22 16:57:21: ImgController {/img}:
info: 2024-10-22 16:57:21: Mapped {/img, POST} route
info: 2024-10-22 16:57:21: Mapped {/img, POST} route
info: 2024-10-22 16:57:21: Mapped {/img, GET} route
info: 2024-10-22 16:57:21: Mapped {/img/:id, GET} route
info: 2024-10-22 16:57:21: Mapped {/img/:id, PATCH} route
info: 2024-10-22 16:57:21: Mapped {/img/:id, DELETE} route
info: 2024-10-22 16:57:21: MusicController {/music}:
info: 2024-10-22 16:57:21: Mapped {/music/custom, GET} route
info: 2024-10-22 16:57:21: Mapped {/music/:id, GET} route
info: 2024-10-22 16:57:21: Mapped {/music, GET} route
info: 2024-10-22 16:57:21: Mapped {/music, POST} route
info: 2024-10-22 16:57:21: Mapped {/music/bulk, POST} route
info: 2024-10-22 16:57:21: Mapped {/music/:id, PATCH} route
info: 2024-10-22 16:57:21: Mapped {/music/:id, PUT} route
info: 2024-10-22 16:57:21: Mapped {/music/:id, DELETE} route
info: 2024-10-22 16:57:21: Nest application successfully started
info: 2024-10-22 16:57:21: [INFO] method=GET ip=218.250.72.67======
info: 2024-10-22 16:57:21: [INFO] method=GET ip=218.250.72.67 耗时=49ms======
info: 2024-10-22 17:02:18: 上传日志
info: 2024-10-22 17:02:18: [INFO] method=GET ip=218.250.72.67======
info: 2024-10-22 17:02:18: [INFO] method=GET ip=218.250.72.67 耗时=339ms======
info: 2024-10-22 17:07:18: "上传成功"
info: 2024-10-22 17:07:18: {"content":{"name":"info-2024-10-22 17:02:18.log","path":"ndzy-s/2024-10-22/info-2024-10-22 17:02:18.log","sha":"ef6e5432345c9f75ca09e393150f3118ab51afd7","size":3258,"url":"https://api.github.com/repos/ndzy01/logs/contents/ndzy-s/2024-10-22/info-2024-10-22%2017:02:18.log?ref=main","html_url":"https://github.com/ndzy01/logs/blob/main/ndzy-s/2024-10-22/info-2024-10-22%2017:02:18.log","git_url":"https://api.github.com/repos/ndzy01/logs/git/blobs/ef6e5432345c9f75ca09e393150f3118ab51afd7","download_url":"https://raw.githubusercontent.com/ndzy01/logs/main/ndzy-s/2024-10-22/info-2024-10-22%2017%3A02%3A18.log","type":"file","_links":{"self":"https://api.github.com/repos/ndzy01/logs/contents/ndzy-s/2024-10-22/info-2024-10-22%2017:02:18.log?ref=main","git":"https://api.github.com/repos/ndzy01/logs/git/blobs/ef6e5432345c9f75ca09e393150f3118ab51afd7","html":"https://github.com/ndzy01/logs/blob/main/ndzy-s/2024-10-22/info-2024-10-22%2017:02:18.log"}},"commit":{"sha":"a883af85e9dc66d4116d7ca9376146986a7e651f","node_id":"C_kwDOM4qzi9oAKGE4ODNhZjg1ZTlkYzY2ZDQxMTZkN2NhOTM3NjE0Njk4NmE3ZTY1MWY","url":"https://api.github.com/repos/ndzy01/logs/git/commits/a883af85e9dc66d4116d7ca9376146986a7e651f","html_url":"https://github.com/ndzy01/logs/commit/a883af85e9dc66d4116d7ca9376146986a7e651f","author":{"name":"ndzy01","email":"46743100+ndzy01@users.noreply.github.com","date":"2024-10-22T17:02:18Z"},"committer":{"name":"ndzy01","email":"46743100+ndzy01@users.noreply.github.com","date":"2024-10-22T17:02:18Z"},"tree":{"sha":"89f68f1b1c0f2ae86a1463fe6352b2c237b70bac","url":"https://api.github.com/repos/ndzy01/logs/git/trees/89f68f1b1c0f2ae86a1463fe6352b2c237b70bac"},"message":"更新日志 2024-10-22 17:02:18","parents":[{"sha":"39e0088a13604b13a8f2b5bf9b6ef4c8888f3f9c","url":"https://api.github.com/repos/ndzy01/logs/git/commits/39e0088a13604b13a8f2b5bf9b6ef4c8888f3f9c","html_url":"https://github.com/ndzy01/logs/commit/39e0088a13604b13a8f2b5bf9b6ef4c8888f3f9c"}],"verification":{"verified":false,"reason":"unsigned","signature":null,"payload":null}}}
info: 2024-10-22 17:07:18: [INFO] method=GET ip=218.250.72.67======
info: 2024-10-22 17:07:18: [INFO] method=GET ip=218.250.72.67 耗时=263ms======
info: 2024-10-22 17:12:18: 上传日志
