info: 2024-10-22 18:37:20: Starting Nest application...
info: 2024-10-22 18:37:20: TypeOrmModule dependencies initialized
info: 2024-10-22 18:37:20: MulterModule dependencies initialized
info: 2024-10-22 18:37:20: JwtModule dependencies initialized
info: 2024-10-22 18:37:20: WinstonModule dependencies initialized
info: 2024-10-22 18:37:20: TasksModule dependencies initialized
info: 2024-10-22 18:37:20: DiscoveryModule dependencies initialized
info: 2024-10-22 18:37:20: AppModule dependencies initialized
info: 2024-10-22 18:37:20: ScheduleModule dependencies initialized
info: 2024-10-22 18:37:21: TypeOrmCoreModule dependencies initialized
info: 2024-10-22 18:37:21: TypeOrmModule dependencies initialized
info: 2024-10-22 18:37:21: TypeOrmModule dependencies initialized
info: 2024-10-22 18:37:21: TypeOrmModule dependencies initialized
info: 2024-10-22 18:37:21: TypeOrmModule dependencies initialized
info: 2024-10-22 18:37:21: UserModule dependencies initialized
info: 2024-10-22 18:37:21: ArticleModule dependencies initialized
info: 2024-10-22 18:37:21: MusicModule dependencies initialized
info: 2024-10-22 18:37:21: ImgModule dependencies initialized
info: 2024-10-22 18:37:21: AppController {/}:
info: 2024-10-22 18:37:21: Mapped {/, GET} route
info: 2024-10-22 18:37:21: Mapped {/auth, GET} route
info: 2024-10-22 18:37:21: Mapped {/encrypt, GET} route
info: 2024-10-22 18:37:21: Mapped {/decrypt, GET} route
info: 2024-10-22 18:37:21: UserController {/user}:
info: 2024-10-22 18:37:21: Mapped {/user/register, POST} route
info: 2024-10-22 18:37:21: Mapped {/user/login, POST} route
info: 2024-10-22 18:37:21: Mapped {/user/:id, GET} route
info: 2024-10-22 18:37:21: ArticleController {/article}:
info: 2024-10-22 18:37:21: Mapped {/article, POST} route
info: 2024-10-22 18:37:21: Mapped {/article, GET} route
info: 2024-10-22 18:37:21: Mapped {/article/:id, GET} route
info: 2024-10-22 18:37:21: Mapped {/article/pid/:pid, GET} route
info: 2024-10-22 18:37:21: Mapped {/article/:id, PATCH} route
info: 2024-10-22 18:37:21: Mapped {/article/updateOrder, POST} route
info: 2024-10-22 18:37:21: Mapped {/article/:id, DELETE} route
info: 2024-10-22 18:37:21: ImgController {/img}:
info: 2024-10-22 18:37:21: Mapped {/img, POST} route
info: 2024-10-22 18:37:21: Mapped {/img, POST} route
info: 2024-10-22 18:37:21: Mapped {/img, GET} route
info: 2024-10-22 18:37:21: Mapped {/img/:id, GET} route
info: 2024-10-22 18:37:21: Mapped {/img/:id, PATCH} route
info: 2024-10-22 18:37:21: Mapped {/img/:id, DELETE} route
info: 2024-10-22 18:37:21: MusicController {/music}:
info: 2024-10-22 18:37:21: Mapped {/music/custom, GET} route
info: 2024-10-22 18:37:21: Mapped {/music/:id, GET} route
info: 2024-10-22 18:37:21: Mapped {/music, GET} route
info: 2024-10-22 18:37:21: Mapped {/music, POST} route
info: 2024-10-22 18:37:21: Mapped {/music/bulk, POST} route
info: 2024-10-22 18:37:21: Mapped {/music/:id, PATCH} route
info: 2024-10-22 18:37:21: Mapped {/music/:id, PUT} route
info: 2024-10-22 18:37:21: Mapped {/music/:id, DELETE} route
info: 2024-10-22 18:37:21: Nest application successfully started
info: 2024-10-22 18:37:21: [INFO] method=GET ip=218.250.72.67======
info: 2024-10-22 18:37:21: [INFO] method=GET ip=218.250.72.67 耗时=42ms======
