info: 2024-10-22 10:18:54: Starting Nest application...
info: 2024-10-22 10:18:54: TypeOrmModule dependencies initialized
info: 2024-10-22 10:18:54: MulterModule dependencies initialized
info: 2024-10-22 10:18:54: JwtModule dependencies initialized
info: 2024-10-22 10:18:54: WinstonModule dependencies initialized
info: 2024-10-22 10:18:54: TasksModule dependencies initialized
info: 2024-10-22 10:18:54: DiscoveryModule dependencies initialized
info: 2024-10-22 10:18:54: AppModule dependencies initialized
info: 2024-10-22 10:18:54: ScheduleModule dependencies initialized
info: 2024-10-22 10:18:54: TypeOrmCoreModule dependencies initialized
info: 2024-10-22 10:18:54: TypeOrmModule dependencies initialized
info: 2024-10-22 10:18:54: TypeOrmModule dependencies initialized
info: 2024-10-22 10:18:54: TypeOrmModule dependencies initialized
info: 2024-10-22 10:18:54: TypeOrmModule dependencies initialized
info: 2024-10-22 10:18:54: UserModule dependencies initialized
info: 2024-10-22 10:18:54: ArticleModule dependencies initialized
info: 2024-10-22 10:18:54: MusicModule dependencies initialized
info: 2024-10-22 10:18:54: ImgModule dependencies initialized
info: 2024-10-22 10:18:54: AppController {/}:
info: 2024-10-22 10:18:54: Mapped {/, GET} route
info: 2024-10-22 10:18:54: Mapped {/auth, GET} route
info: 2024-10-22 10:18:54: Mapped {/encrypt, GET} route
info: 2024-10-22 10:18:54: Mapped {/decrypt, GET} route
info: 2024-10-22 10:18:54: UserController {/user}:
info: 2024-10-22 10:18:54: Mapped {/user/register, POST} route
info: 2024-10-22 10:18:54: Mapped {/user/login, POST} route
info: 2024-10-22 10:18:54: Mapped {/user/:id, GET} route
info: 2024-10-22 10:18:54: ArticleController {/article}:
info: 2024-10-22 10:18:54: Mapped {/article, POST} route
info: 2024-10-22 10:18:54: Mapped {/article, GET} route
info: 2024-10-22 10:18:54: Mapped {/article/:id, GET} route
info: 2024-10-22 10:18:54: Mapped {/article/pid/:pid, GET} route
info: 2024-10-22 10:18:54: Mapped {/article/:id, PATCH} route
info: 2024-10-22 10:18:54: Mapped {/article/updateOrder, POST} route
info: 2024-10-22 10:18:54: Mapped {/article/:id, DELETE} route
info: 2024-10-22 10:18:54: ImgController {/img}:
info: 2024-10-22 10:18:54: Mapped {/img, POST} route
info: 2024-10-22 10:18:54: Mapped {/img, POST} route
info: 2024-10-22 10:18:54: Mapped {/img, GET} route
info: 2024-10-22 10:18:54: Mapped {/img/:id, GET} route
info: 2024-10-22 10:18:54: Mapped {/img/:id, PATCH} route
info: 2024-10-22 10:18:54: Mapped {/img/:id, DELETE} route
info: 2024-10-22 10:18:54: MusicController {/music}:
info: 2024-10-22 10:18:54: Mapped {/music/custom, GET} route
info: 2024-10-22 10:18:54: Mapped {/music/:id, GET} route
info: 2024-10-22 10:18:54: Mapped {/music, GET} route
info: 2024-10-22 10:18:54: Mapped {/music, POST} route
info: 2024-10-22 10:18:54: Mapped {/music/bulk, POST} route
info: 2024-10-22 10:18:54: Mapped {/music/:id, PATCH} route
info: 2024-10-22 10:18:54: Mapped {/music/:id, PUT} route
info: 2024-10-22 10:18:54: Mapped {/music/:id, DELETE} route
info: 2024-10-22 10:18:54: Nest application successfully started
info: 2024-10-22 10:19:03: [INFO] method=GET ip=218.250.72.67======
info: 2024-10-22 10:19:03: [INFO] method=GET ip=218.250.72.67 耗时=52ms======
info: 2024-10-22 10:19:38: [INFO] method=GET ip=1.36.156.68======
info: 2024-10-22 10:19:38: [INFO] method=GET ip=1.36.156.68 耗时=336ms======
info: 2024-10-22 10:20:01: 上传日志
