info: 2024-10-22 10:49:52: Starting Nest application...
info: 2024-10-22 10:49:52: TypeOrmModule dependencies initialized
info: 2024-10-22 10:49:52: MulterModule dependencies initialized
info: 2024-10-22 10:49:52: JwtModule dependencies initialized
info: 2024-10-22 10:49:52: WinstonModule dependencies initialized
info: 2024-10-22 10:49:52: TasksModule dependencies initialized
info: 2024-10-22 10:49:52: DiscoveryModule dependencies initialized
info: 2024-10-22 10:49:52: AppModule dependencies initialized
info: 2024-10-22 10:49:52: ScheduleModule dependencies initialized
info: 2024-10-22 10:49:53: TypeOrmCoreModule dependencies initialized
info: 2024-10-22 10:49:53: TypeOrmModule dependencies initialized
info: 2024-10-22 10:49:53: TypeOrmModule dependencies initialized
info: 2024-10-22 10:49:53: TypeOrmModule dependencies initialized
info: 2024-10-22 10:49:53: TypeOrmModule dependencies initialized
info: 2024-10-22 10:49:53: UserModule dependencies initialized
info: 2024-10-22 10:49:53: ArticleModule dependencies initialized
info: 2024-10-22 10:49:53: MusicModule dependencies initialized
info: 2024-10-22 10:49:53: ImgModule dependencies initialized
info: 2024-10-22 10:49:53: AppController {/}:
info: 2024-10-22 10:49:53: Mapped {/, GET} route
info: 2024-10-22 10:49:53: Mapped {/auth, GET} route
info: 2024-10-22 10:49:53: Mapped {/encrypt, GET} route
info: 2024-10-22 10:49:53: Mapped {/decrypt, GET} route
info: 2024-10-22 10:49:53: UserController {/user}:
info: 2024-10-22 10:49:53: Mapped {/user/register, POST} route
info: 2024-10-22 10:49:53: Mapped {/user/login, POST} route
info: 2024-10-22 10:49:53: Mapped {/user/:id, GET} route
info: 2024-10-22 10:49:53: ArticleController {/article}:
info: 2024-10-22 10:49:53: Mapped {/article, POST} route
info: 2024-10-22 10:49:53: Mapped {/article, GET} route
info: 2024-10-22 10:49:53: Mapped {/article/:id, GET} route
info: 2024-10-22 10:49:53: Mapped {/article/pid/:pid, GET} route
info: 2024-10-22 10:49:53: Mapped {/article/:id, PATCH} route
info: 2024-10-22 10:49:53: Mapped {/article/updateOrder, POST} route
info: 2024-10-22 10:49:53: Mapped {/article/:id, DELETE} route
info: 2024-10-22 10:49:53: ImgController {/img}:
info: 2024-10-22 10:49:53: Mapped {/img, POST} route
info: 2024-10-22 10:49:53: Mapped {/img, POST} route
info: 2024-10-22 10:49:53: Mapped {/img, GET} route
info: 2024-10-22 10:49:53: Mapped {/img/:id, GET} route
info: 2024-10-22 10:49:53: Mapped {/img/:id, PATCH} route
info: 2024-10-22 10:49:53: Mapped {/img/:id, DELETE} route
info: 2024-10-22 10:49:53: MusicController {/music}:
info: 2024-10-22 10:49:53: Mapped {/music/custom, GET} route
info: 2024-10-22 10:49:53: Mapped {/music/:id, GET} route
info: 2024-10-22 10:49:53: Mapped {/music, GET} route
info: 2024-10-22 10:49:53: Mapped {/music, POST} route
info: 2024-10-22 10:49:53: Mapped {/music/bulk, POST} route
info: 2024-10-22 10:49:53: Mapped {/music/:id, PATCH} route
info: 2024-10-22 10:49:53: Mapped {/music/:id, PUT} route
info: 2024-10-22 10:49:53: Mapped {/music/:id, DELETE} route
info: 2024-10-22 10:49:53: Nest application successfully started
info: 2024-10-22 10:49:53: [INFO] method=GET ip=1.36.156.68======
info: 2024-10-22 10:49:53: [INFO] method=GET ip=1.36.156.68 耗时=43ms======
info: 2024-10-22 10:54:38: 上传日志
info: 2024-10-22 10:54:38: [INFO] method=GET ip=1.36.156.68======
info: 2024-10-22 10:54:38: [INFO] method=GET ip=1.36.156.68 耗时=325ms======
info: 2024-10-22 10:57:18: "上传成功"
info: 2024-10-22 10:57:18: {"content":{"name":"info-2024-10-22 10:54:38.log","path":"ndzy-s/2024-10-22/info-2024-10-22 10:54:38.log","sha":"28f6637e2a217d6def578714bc1b4a0e8d59065c","size":3294,"url":"https://api.github.com/repos/ndzy01/logs/contents/ndzy-s/2024-10-22/info-2024-10-22%2010:54:38.log?ref=main","html_url":"https://github.com/ndzy01/logs/blob/main/ndzy-s/2024-10-22/info-2024-10-22%2010:54:38.log","git_url":"https://api.github.com/repos/ndzy01/logs/git/blobs/28f6637e2a217d6def578714bc1b4a0e8d59065c","download_url":"https://raw.githubusercontent.com/ndzy01/logs/main/ndzy-s/2024-10-22/info-2024-10-22%2010%3A54%3A38.log","type":"file","_links":{"self":"https://api.github.com/repos/ndzy01/logs/contents/ndzy-s/2024-10-22/info-2024-10-22%2010:54:38.log?ref=main","git":"https://api.github.com/repos/ndzy01/logs/git/blobs/28f6637e2a217d6def578714bc1b4a0e8d59065c","html":"https://github.com/ndzy01/logs/blob/main/ndzy-s/2024-10-22/info-2024-10-22%2010:54:38.log"}},"commit":{"sha":"5efc0a5469c7280fec79910c55d6030b529933cc","node_id":"C_kwDOM4qzi9oAKDVlZmMwYTU0NjljNzI4MGZlYzc5OTEwYzU1ZDYwMzBiNTI5OTMzY2M","url":"https://api.github.com/repos/ndzy01/logs/git/commits/5efc0a5469c7280fec79910c55d6030b529933cc","html_url":"https://github.com/ndzy01/logs/commit/5efc0a5469c7280fec79910c55d6030b529933cc","author":{"name":"ndzy01","email":"46743100+ndzy01@users.noreply.github.com","date":"2024-10-22T10:54:38Z"},"committer":{"name":"ndzy01","email":"46743100+ndzy01@users.noreply.github.com","date":"2024-10-22T10:54:38Z"},"tree":{"sha":"60f2bc6a92d71a4ed4df096d941c2489e24c8c05","url":"https://api.github.com/repos/ndzy01/logs/git/trees/60f2bc6a92d71a4ed4df096d941c2489e24c8c05"},"message":"更新日志 2024-10-22 10:54:38","parents":[{"sha":"db4410f96c6741f04803ab0c5ff60c8aa22e8571","url":"https://api.github.com/repos/ndzy01/logs/git/commits/db4410f96c6741f04803ab0c5ff60c8aa22e8571","html_url":"https://github.com/ndzy01/logs/commit/db4410f96c6741f04803ab0c5ff60c8aa22e8571"}],"verification":{"verified":false,"reason":"unsigned","signature":null,"payload":null}}}
info: 2024-10-22 10:57:18: [INFO] method=GET ip=218.250.72.67======
info: 2024-10-22 10:57:18: [INFO] method=GET ip=218.250.72.67 耗时=242ms======
info: 2024-10-22 10:59:38: [INFO] method=GET ip=1.36.156.68======
info: 2024-10-22 10:59:38: [INFO] method=GET ip=1.36.156.68 耗时=48ms======
info: 2024-10-22 11:02:18: 上传日志
