info: 2024-10-22 21:37:20: Starting Nest application...
info: 2024-10-22 21:37:20: TypeOrmModule dependencies initialized
info: 2024-10-22 21:37:20: MulterModule dependencies initialized
info: 2024-10-22 21:37:20: JwtModule dependencies initialized
info: 2024-10-22 21:37:20: WinstonModule dependencies initialized
info: 2024-10-22 21:37:20: TasksModule dependencies initialized
info: 2024-10-22 21:37:20: DiscoveryModule dependencies initialized
info: 2024-10-22 21:37:20: AppModule dependencies initialized
info: 2024-10-22 21:37:20: ScheduleModule dependencies initialized
info: 2024-10-22 21:37:21: TypeOrmCoreModule dependencies initialized
info: 2024-10-22 21:37:21: TypeOrmModule dependencies initialized
info: 2024-10-22 21:37:21: TypeOrmModule dependencies initialized
info: 2024-10-22 21:37:21: TypeOrmModule dependencies initialized
info: 2024-10-22 21:37:21: TypeOrmModule dependencies initialized
info: 2024-10-22 21:37:21: UserModule dependencies initialized
info: 2024-10-22 21:37:21: ArticleModule dependencies initialized
info: 2024-10-22 21:37:21: MusicModule dependencies initialized
info: 2024-10-22 21:37:21: ImgModule dependencies initialized
info: 2024-10-22 21:37:21: AppController {/}:
info: 2024-10-22 21:37:21: Mapped {/, GET} route
info: 2024-10-22 21:37:21: Mapped {/auth, GET} route
info: 2024-10-22 21:37:21: Mapped {/encrypt, GET} route
info: 2024-10-22 21:37:21: Mapped {/decrypt, GET} route
info: 2024-10-22 21:37:21: UserController {/user}:
info: 2024-10-22 21:37:21: Mapped {/user/register, POST} route
info: 2024-10-22 21:37:21: Mapped {/user/login, POST} route
info: 2024-10-22 21:37:21: Mapped {/user/:id, GET} route
info: 2024-10-22 21:37:21: ArticleController {/article}:
info: 2024-10-22 21:37:21: Mapped {/article, POST} route
info: 2024-10-22 21:37:21: Mapped {/article, GET} route
info: 2024-10-22 21:37:21: Mapped {/article/:id, GET} route
info: 2024-10-22 21:37:21: Mapped {/article/pid/:pid, GET} route
info: 2024-10-22 21:37:21: Mapped {/article/:id, PATCH} route
info: 2024-10-22 21:37:21: Mapped {/article/updateOrder, POST} route
info: 2024-10-22 21:37:21: Mapped {/article/:id, DELETE} route
info: 2024-10-22 21:37:21: ImgController {/img}:
info: 2024-10-22 21:37:21: Mapped {/img, POST} route
info: 2024-10-22 21:37:21: Mapped {/img, POST} route
info: 2024-10-22 21:37:21: Mapped {/img, GET} route
info: 2024-10-22 21:37:21: Mapped {/img/:id, GET} route
info: 2024-10-22 21:37:21: Mapped {/img/:id, PATCH} route
info: 2024-10-22 21:37:21: Mapped {/img/:id, DELETE} route
info: 2024-10-22 21:37:21: MusicController {/music}:
info: 2024-10-22 21:37:21: Mapped {/music/custom, GET} route
info: 2024-10-22 21:37:21: Mapped {/music/:id, GET} route
info: 2024-10-22 21:37:21: Mapped {/music, GET} route
info: 2024-10-22 21:37:21: Mapped {/music, POST} route
info: 2024-10-22 21:37:21: Mapped {/music/bulk, POST} route
info: 2024-10-22 21:37:21: Mapped {/music/:id, PATCH} route
info: 2024-10-22 21:37:21: Mapped {/music/:id, PUT} route
info: 2024-10-22 21:37:21: Mapped {/music/:id, DELETE} route
info: 2024-10-22 21:37:21: Nest application successfully started
info: 2024-10-22 21:37:21: [INFO] method=GET ip=218.250.72.67======
info: 2024-10-22 21:37:21: [INFO] method=GET ip=218.250.72.67 耗时=36ms======
info: 2024-10-22 21:42:17: 上传日志
info: 2024-10-22 21:42:17: [INFO] method=GET ip=218.250.72.67======
info: 2024-10-22 21:42:17: [INFO] method=GET ip=218.250.72.67 耗时=262ms======
info: 2024-10-22 21:47:17: "上传成功"
info: 2024-10-22 21:47:17: {"content":{"name":"info-2024-10-22 21:42:17.log","path":"ndzy-s/2024-10-22/info-2024-10-22 21:42:17.log","sha":"5f2fd4bb4f40479349f4769dc562f054d0c9e60a","size":3298,"url":"https://api.github.com/repos/ndzy01/logs/contents/ndzy-s/2024-10-22/info-2024-10-22%2021:42:17.log?ref=main","html_url":"https://github.com/ndzy01/logs/blob/main/ndzy-s/2024-10-22/info-2024-10-22%2021:42:17.log","git_url":"https://api.github.com/repos/ndzy01/logs/git/blobs/5f2fd4bb4f40479349f4769dc562f054d0c9e60a","download_url":"https://raw.githubusercontent.com/ndzy01/logs/main/ndzy-s/2024-10-22/info-2024-10-22%2021%3A42%3A17.log","type":"file","_links":{"self":"https://api.github.com/repos/ndzy01/logs/contents/ndzy-s/2024-10-22/info-2024-10-22%2021:42:17.log?ref=main","git":"https://api.github.com/repos/ndzy01/logs/git/blobs/5f2fd4bb4f40479349f4769dc562f054d0c9e60a","html":"https://github.com/ndzy01/logs/blob/main/ndzy-s/2024-10-22/info-2024-10-22%2021:42:17.log"}},"commit":{"sha":"0118172b35dd182ecac266ac6feae9911386db5d","node_id":"C_kwDOM4qzi9oAKDAxMTgxNzJiMzVkZDE4MmVjYWMyNjZhYzZmZWFlOTkxMTM4NmRiNWQ","url":"https://api.github.com/repos/ndzy01/logs/git/commits/0118172b35dd182ecac266ac6feae9911386db5d","html_url":"https://github.com/ndzy01/logs/commit/0118172b35dd182ecac266ac6feae9911386db5d","author":{"name":"ndzy01","email":"46743100+ndzy01@users.noreply.github.com","date":"2024-10-22T21:42:17Z"},"committer":{"name":"ndzy01","email":"46743100+ndzy01@users.noreply.github.com","date":"2024-10-22T21:42:17Z"},"tree":{"sha":"f0644191bb65c8382ce454abcbc9032771dcb430","url":"https://api.github.com/repos/ndzy01/logs/git/trees/f0644191bb65c8382ce454abcbc9032771dcb430"},"message":"更新日志 2024-10-22 21:42:17","parents":[{"sha":"72bee3469981475683553102de618bc208b99ce2","url":"https://api.github.com/repos/ndzy01/logs/git/commits/72bee3469981475683553102de618bc208b99ce2","html_url":"https://github.com/ndzy01/logs/commit/72bee3469981475683553102de618bc208b99ce2"}],"verification":{"verified":false,"reason":"unsigned","signature":null,"payload":null}}}
info: 2024-10-22 21:47:17: [INFO] method=GET ip=218.250.72.67======
info: 2024-10-22 21:47:17: [INFO] method=GET ip=218.250.72.67 耗时=257ms======
info: 2024-10-22 21:52:17: 上传日志
