info: 2024-10-22 15:06:27: Starting Nest application...
info: 2024-10-22 15:06:27: TypeOrmModule dependencies initialized
info: 2024-10-22 15:06:27: MulterModule dependencies initialized
info: 2024-10-22 15:06:27: JwtModule dependencies initialized
info: 2024-10-22 15:06:27: WinstonModule dependencies initialized
info: 2024-10-22 15:06:27: TasksModule dependencies initialized
info: 2024-10-22 15:06:27: DiscoveryModule dependencies initialized
info: 2024-10-22 15:06:27: AppModule dependencies initialized
info: 2024-10-22 15:06:27: ScheduleModule dependencies initialized
info: 2024-10-22 15:06:27: TypeOrmCoreModule dependencies initialized
info: 2024-10-22 15:06:27: TypeOrmModule dependencies initialized
info: 2024-10-22 15:06:27: TypeOrmModule dependencies initialized
info: 2024-10-22 15:06:27: TypeOrmModule dependencies initialized
info: 2024-10-22 15:06:27: TypeOrmModule dependencies initialized
info: 2024-10-22 15:06:27: UserModule dependencies initialized
info: 2024-10-22 15:06:27: ArticleModule dependencies initialized
info: 2024-10-22 15:06:27: MusicModule dependencies initialized
info: 2024-10-22 15:06:27: ImgModule dependencies initialized
info: 2024-10-22 15:06:27: AppController {/}:
info: 2024-10-22 15:06:27: Mapped {/, GET} route
info: 2024-10-22 15:06:27: Mapped {/auth, GET} route
info: 2024-10-22 15:06:27: Mapped {/encrypt, GET} route
info: 2024-10-22 15:06:27: Mapped {/decrypt, GET} route
info: 2024-10-22 15:06:27: UserController {/user}:
info: 2024-10-22 15:06:27: Mapped {/user/register, POST} route
info: 2024-10-22 15:06:27: Mapped {/user/login, POST} route
info: 2024-10-22 15:06:27: Mapped {/user/:id, GET} route
info: 2024-10-22 15:06:27: ArticleController {/article}:
info: 2024-10-22 15:06:27: Mapped {/article, POST} route
info: 2024-10-22 15:06:27: Mapped {/article, GET} route
info: 2024-10-22 15:06:27: Mapped {/article/:id, GET} route
info: 2024-10-22 15:06:27: Mapped {/article/pid/:pid, GET} route
info: 2024-10-22 15:06:27: Mapped {/article/:id, PATCH} route
info: 2024-10-22 15:06:27: Mapped {/article/updateOrder, POST} route
info: 2024-10-22 15:06:27: Mapped {/article/:id, DELETE} route
info: 2024-10-22 15:06:27: ImgController {/img}:
info: 2024-10-22 15:06:27: Mapped {/img, POST} route
info: 2024-10-22 15:06:27: Mapped {/img, POST} route
info: 2024-10-22 15:06:27: Mapped {/img, GET} route
info: 2024-10-22 15:06:27: Mapped {/img/:id, GET} route
info: 2024-10-22 15:06:27: Mapped {/img/:id, PATCH} route
info: 2024-10-22 15:06:27: Mapped {/img/:id, DELETE} route
info: 2024-10-22 15:06:27: MusicController {/music}:
info: 2024-10-22 15:06:27: Mapped {/music/custom, GET} route
info: 2024-10-22 15:06:27: Mapped {/music/:id, GET} route
info: 2024-10-22 15:06:27: Mapped {/music, GET} route
info: 2024-10-22 15:06:27: Mapped {/music, POST} route
info: 2024-10-22 15:06:27: Mapped {/music/bulk, POST} route
info: 2024-10-22 15:06:27: Mapped {/music/:id, PATCH} route
info: 2024-10-22 15:06:27: Mapped {/music/:id, PUT} route
info: 2024-10-22 15:06:27: Mapped {/music/:id, DELETE} route
info: 2024-10-22 15:06:28: Nest application successfully started
info: 2024-10-22 15:07:18: [INFO] method=GET ip=218.250.72.67======
info: 2024-10-22 15:07:18: [INFO] method=GET ip=218.250.72.67 耗时=206ms======
info: 2024-10-22 15:12:18: 上传日志
