info: 2024-10-23 09:48:17: Starting Nest application...
info: 2024-10-23 09:48:17: TypeOrmModule dependencies initialized
info: 2024-10-23 09:48:17: MulterModule dependencies initialized
info: 2024-10-23 09:48:17: JwtModule dependencies initialized
info: 2024-10-23 09:48:17: WinstonModule dependencies initialized
info: 2024-10-23 09:48:17: TasksModule dependencies initialized
info: 2024-10-23 09:48:17: DiscoveryModule dependencies initialized
info: 2024-10-23 09:48:17: AppModule dependencies initialized
info: 2024-10-23 09:48:17: ScheduleModule dependencies initialized
info: 2024-10-23 09:48:17: TypeOrmCoreModule dependencies initialized
info: 2024-10-23 09:48:17: TypeOrmModule dependencies initialized
info: 2024-10-23 09:48:17: TypeOrmModule dependencies initialized
info: 2024-10-23 09:48:17: TypeOrmModule dependencies initialized
info: 2024-10-23 09:48:17: TypeOrmModule dependencies initialized
info: 2024-10-23 09:48:17: ArticleModule dependencies initialized
info: 2024-10-23 09:48:17: UserModule dependencies initialized
info: 2024-10-23 09:48:17: MusicModule dependencies initialized
info: 2024-10-23 09:48:17: ImgModule dependencies initialized
info: 2024-10-23 09:48:17: AppController {/}:
info: 2024-10-23 09:48:17: Mapped {/, GET} route
info: 2024-10-23 09:48:17: Mapped {/auth, GET} route
info: 2024-10-23 09:48:17: Mapped {/encrypt, GET} route
info: 2024-10-23 09:48:17: Mapped {/decrypt, GET} route
info: 2024-10-23 09:48:17: UserController {/user}:
info: 2024-10-23 09:48:17: Mapped {/user/register, POST} route
info: 2024-10-23 09:48:17: Mapped {/user/login, POST} route
info: 2024-10-23 09:48:17: Mapped {/user/:id, GET} route
info: 2024-10-23 09:48:17: Mapped {/user, GET} route
info: 2024-10-23 09:48:17: Mapped {/user, POST} route
info: 2024-10-23 09:48:17: Mapped {/user/bulk, POST} route
info: 2024-10-23 09:48:17: Mapped {/user/:id, PATCH} route
info: 2024-10-23 09:48:17: Mapped {/user/:id, PUT} route
info: 2024-10-23 09:48:17: Mapped {/user/:id, DELETE} route
info: 2024-10-23 09:48:17: ArticleController {/article}:
info: 2024-10-23 09:48:17: Mapped {/article, POST} route
info: 2024-10-23 09:48:17: Mapped {/article, GET} route
info: 2024-10-23 09:48:17: Mapped {/article/:id, GET} route
info: 2024-10-23 09:48:17: Mapped {/article/pid/:pid, GET} route
info: 2024-10-23 09:48:17: Mapped {/article/:id, PATCH} route
info: 2024-10-23 09:48:17: Mapped {/article/updateOrder, POST} route
info: 2024-10-23 09:48:17: Mapped {/article/:id, DELETE} route
info: 2024-10-23 09:48:17: ImgController {/img}:
info: 2024-10-23 09:48:17: Mapped {/img/upload, POST} route
info: 2024-10-23 09:48:17: Mapped {/img/:id, GET} route
info: 2024-10-23 09:48:17: Mapped {/img, GET} route
info: 2024-10-23 09:48:17: Mapped {/img, POST} route
info: 2024-10-23 09:48:17: Mapped {/img/bulk, POST} route
info: 2024-10-23 09:48:17: Mapped {/img/:id, PATCH} route
info: 2024-10-23 09:48:17: Mapped {/img/:id, PUT} route
info: 2024-10-23 09:48:17: Mapped {/img/:id, DELETE} route
info: 2024-10-23 09:48:17: MusicController {/music}:
info: 2024-10-23 09:48:17: Mapped {/music/updateGithubData, GET} route
info: 2024-10-23 09:48:17: Mapped {/music/:id, GET} route
info: 2024-10-23 09:48:17: Mapped {/music, GET} route
info: 2024-10-23 09:48:17: Mapped {/music, POST} route
info: 2024-10-23 09:48:17: Mapped {/music/bulk, POST} route
info: 2024-10-23 09:48:17: Mapped {/music/:id, PATCH} route
info: 2024-10-23 09:48:17: Mapped {/music/:id, PUT} route
info: 2024-10-23 09:48:17: Mapped {/music/:id, DELETE} route
info: 2024-10-23 09:48:17: Nest application successfully started
info: 2024-10-23 09:50:25: 上传日志
