info: 2024-10-23 02:26:59: Starting Nest application...
info: 2024-10-23 02:26:59: TypeOrmModule dependencies initialized
info: 2024-10-23 02:26:59: MulterModule dependencies initialized
info: 2024-10-23 02:26:59: JwtModule dependencies initialized
info: 2024-10-23 02:26:59: WinstonModule dependencies initialized
info: 2024-10-23 02:26:59: TasksModule dependencies initialized
info: 2024-10-23 02:26:59: DiscoveryModule dependencies initialized
info: 2024-10-23 02:26:59: AppModule dependencies initialized
info: 2024-10-23 02:26:59: ScheduleModule dependencies initialized
info: 2024-10-23 02:27:00: TypeOrmCoreModule dependencies initialized
info: 2024-10-23 02:27:00: TypeOrmModule dependencies initialized
info: 2024-10-23 02:27:00: TypeOrmModule dependencies initialized
info: 2024-10-23 02:27:00: TypeOrmModule dependencies initialized
info: 2024-10-23 02:27:00: TypeOrmModule dependencies initialized
info: 2024-10-23 02:27:00: UserModule dependencies initialized
info: 2024-10-23 02:27:00: ArticleModule dependencies initialized
info: 2024-10-23 02:27:00: MusicModule dependencies initialized
info: 2024-10-23 02:27:00: ImgModule dependencies initialized
info: 2024-10-23 02:27:00: AppController {/}:
info: 2024-10-23 02:27:00: Mapped {/, GET} route
info: 2024-10-23 02:27:00: Mapped {/auth, GET} route
info: 2024-10-23 02:27:00: Mapped {/encrypt, GET} route
info: 2024-10-23 02:27:00: Mapped {/decrypt, GET} route
info: 2024-10-23 02:27:00: UserController {/user}:
info: 2024-10-23 02:27:00: Mapped {/user/register, POST} route
info: 2024-10-23 02:27:00: Mapped {/user/login, POST} route
info: 2024-10-23 02:27:00: Mapped {/user/:id, GET} route
info: 2024-10-23 02:27:00: ArticleController {/article}:
info: 2024-10-23 02:27:00: Mapped {/article, POST} route
info: 2024-10-23 02:27:00: Mapped {/article, GET} route
info: 2024-10-23 02:27:00: Mapped {/article/:id, GET} route
info: 2024-10-23 02:27:00: Mapped {/article/pid/:pid, GET} route
info: 2024-10-23 02:27:00: Mapped {/article/:id, PATCH} route
info: 2024-10-23 02:27:00: Mapped {/article/updateOrder, POST} route
info: 2024-10-23 02:27:00: Mapped {/article/:id, DELETE} route
info: 2024-10-23 02:27:00: ImgController {/img}:
info: 2024-10-23 02:27:00: Mapped {/img, POST} route
info: 2024-10-23 02:27:00: Mapped {/img, POST} route
info: 2024-10-23 02:27:00: Mapped {/img, GET} route
info: 2024-10-23 02:27:00: Mapped {/img/:id, GET} route
info: 2024-10-23 02:27:00: Mapped {/img/:id, PATCH} route
info: 2024-10-23 02:27:00: Mapped {/img/:id, DELETE} route
info: 2024-10-23 02:27:00: MusicController {/music}:
info: 2024-10-23 02:27:00: Mapped {/music/updateGithubData, GET} route
info: 2024-10-23 02:27:00: Mapped {/music/:id, GET} route
info: 2024-10-23 02:27:00: Mapped {/music, GET} route
info: 2024-10-23 02:27:00: Mapped {/music, POST} route
info: 2024-10-23 02:27:00: Mapped {/music/bulk, POST} route
info: 2024-10-23 02:27:00: Mapped {/music/:id, PATCH} route
info: 2024-10-23 02:27:00: Mapped {/music/:id, PUT} route
info: 2024-10-23 02:27:00: Mapped {/music/:id, DELETE} route
info: 2024-10-23 02:27:00: Nest application successfully started
info: 2024-10-23 02:29:34: [INFO] method=GET ip=218.250.72.67======
info: 2024-10-23 02:29:34: [INFO] method=GET ip=218.250.72.67 耗时=180ms======
info: 2024-10-23 02:34:34: 上传日志
info: 2024-10-23 02:34:34: [INFO] method=GET ip=218.250.72.67======
info: 2024-10-23 02:34:34: [INFO] method=GET ip=218.250.72.67 耗时=136ms======
info: 2024-10-23 02:39:34: "上传成功"
info: 2024-10-23 02:39:34: {"content":{"name":"info-2024-10-23 02:34:34.log","path":"ndzy-s/2024-10-23/info-2024-10-23 02:34:34.log","sha":"f93438606e6fcd7c96f1762f1590b5ff5c7685e6","size":3309,"url":"https://api.github.com/repos/ndzy01/logs/contents/ndzy-s/2024-10-23/info-2024-10-23%2002:34:34.log?ref=main","html_url":"https://github.com/ndzy01/logs/blob/main/ndzy-s/2024-10-23/info-2024-10-23%2002:34:34.log","git_url":"https://api.github.com/repos/ndzy01/logs/git/blobs/f93438606e6fcd7c96f1762f1590b5ff5c7685e6","download_url":"https://raw.githubusercontent.com/ndzy01/logs/main/ndzy-s/2024-10-23/info-2024-10-23%2002%3A34%3A34.log","type":"file","_links":{"self":"https://api.github.com/repos/ndzy01/logs/contents/ndzy-s/2024-10-23/info-2024-10-23%2002:34:34.log?ref=main","git":"https://api.github.com/repos/ndzy01/logs/git/blobs/f93438606e6fcd7c96f1762f1590b5ff5c7685e6","html":"https://github.com/ndzy01/logs/blob/main/ndzy-s/2024-10-23/info-2024-10-23%2002:34:34.log"}},"commit":{"sha":"5aefaddb8483f4867bd8e4f1ebdce120c95a9760","node_id":"C_kwDOM4qzi9oAKDVhZWZhZGRiODQ4M2Y0ODY3YmQ4ZTRmMWViZGNlMTIwYzk1YTk3NjA","url":"https://api.github.com/repos/ndzy01/logs/git/commits/5aefaddb8483f4867bd8e4f1ebdce120c95a9760","html_url":"https://github.com/ndzy01/logs/commit/5aefaddb8483f4867bd8e4f1ebdce120c95a9760","author":{"name":"ndzy01","email":"46743100+ndzy01@users.noreply.github.com","date":"2024-10-23T02:34:34Z"},"committer":{"name":"ndzy01","email":"46743100+ndzy01@users.noreply.github.com","date":"2024-10-23T02:34:34Z"},"tree":{"sha":"2b98b8710c7c96e98fa383e5677e0f2417207b4b","url":"https://api.github.com/repos/ndzy01/logs/git/trees/2b98b8710c7c96e98fa383e5677e0f2417207b4b"},"message":"更新日志 2024-10-23 02:34:34","parents":[{"sha":"1fcba0aab43c14ad2d205778f85d2c81d45a8155","url":"https://api.github.com/repos/ndzy01/logs/git/commits/1fcba0aab43c14ad2d205778f85d2c81d45a8155","html_url":"https://github.com/ndzy01/logs/commit/1fcba0aab43c14ad2d205778f85d2c81d45a8155"}],"verification":{"verified":false,"reason":"unsigned","signature":null,"payload":null}}}
info: 2024-10-23 02:39:34: [INFO] method=GET ip=218.250.72.67======
info: 2024-10-23 02:39:34: [INFO] method=GET ip=218.250.72.67 耗时=94ms======
