info: 2024-10-23 02:09:58: Starting Nest application...
info: 2024-10-23 02:09:58: TypeOrmModule dependencies initialized
info: 2024-10-23 02:09:58: MulterModule dependencies initialized
info: 2024-10-23 02:09:58: JwtModule dependencies initialized
info: 2024-10-23 02:09:58: WinstonModule dependencies initialized
info: 2024-10-23 02:09:58: TasksModule dependencies initialized
info: 2024-10-23 02:09:58: DiscoveryModule dependencies initialized
info: 2024-10-23 02:09:58: AppModule dependencies initialized
info: 2024-10-23 02:09:58: ScheduleModule dependencies initialized
info: 2024-10-23 02:09:59: TypeOrmCoreModule dependencies initialized
info: 2024-10-23 02:09:59: TypeOrmModule dependencies initialized
info: 2024-10-23 02:09:59: TypeOrmModule dependencies initialized
info: 2024-10-23 02:09:59: TypeOrmModule dependencies initialized
info: 2024-10-23 02:09:59: TypeOrmModule dependencies initialized
info: 2024-10-23 02:09:59: UserModule dependencies initialized
info: 2024-10-23 02:09:59: ArticleModule dependencies initialized
info: 2024-10-23 02:09:59: MusicModule dependencies initialized
info: 2024-10-23 02:09:59: ImgModule dependencies initialized
info: 2024-10-23 02:09:59: AppController {/}:
info: 2024-10-23 02:09:59: Mapped {/, GET} route
info: 2024-10-23 02:09:59: Mapped {/auth, GET} route
info: 2024-10-23 02:09:59: Mapped {/encrypt, GET} route
info: 2024-10-23 02:09:59: Mapped {/decrypt, GET} route
info: 2024-10-23 02:09:59: UserController {/user}:
info: 2024-10-23 02:09:59: Mapped {/user/register, POST} route
info: 2024-10-23 02:09:59: Mapped {/user/login, POST} route
info: 2024-10-23 02:09:59: Mapped {/user/:id, GET} route
info: 2024-10-23 02:09:59: ArticleController {/article}:
info: 2024-10-23 02:09:59: Mapped {/article, POST} route
info: 2024-10-23 02:09:59: Mapped {/article, GET} route
info: 2024-10-23 02:09:59: Mapped {/article/:id, GET} route
info: 2024-10-23 02:09:59: Mapped {/article/pid/:pid, GET} route
info: 2024-10-23 02:09:59: Mapped {/article/:id, PATCH} route
info: 2024-10-23 02:09:59: Mapped {/article/updateOrder, POST} route
info: 2024-10-23 02:09:59: Mapped {/article/:id, DELETE} route
info: 2024-10-23 02:09:59: ImgController {/img}:
info: 2024-10-23 02:09:59: Mapped {/img, POST} route
info: 2024-10-23 02:09:59: Mapped {/img, POST} route
info: 2024-10-23 02:09:59: Mapped {/img, GET} route
info: 2024-10-23 02:09:59: Mapped {/img/:id, GET} route
info: 2024-10-23 02:09:59: Mapped {/img/:id, PATCH} route
info: 2024-10-23 02:09:59: Mapped {/img/:id, DELETE} route
info: 2024-10-23 02:09:59: MusicController {/music}:
info: 2024-10-23 02:09:59: Mapped {/music/updateGithubData, GET} route
info: 2024-10-23 02:09:59: Mapped {/music/:id, GET} route
info: 2024-10-23 02:09:59: Mapped {/music, GET} route
info: 2024-10-23 02:09:59: Mapped {/music, POST} route
info: 2024-10-23 02:09:59: Mapped {/music/bulk, POST} route
info: 2024-10-23 02:09:59: Mapped {/music/:id, PATCH} route
info: 2024-10-23 02:09:59: Mapped {/music/:id, PUT} route
info: 2024-10-23 02:09:59: Mapped {/music/:id, DELETE} route
info: 2024-10-23 02:09:59: Nest application successfully started
info: 2024-10-23 02:10:08: 上传日志
