info: 2024-10-23 04:30:29: Starting Nest application...
info: 2024-10-23 04:30:29: TypeOrmModule dependencies initialized
info: 2024-10-23 04:30:29: MulterModule dependencies initialized
info: 2024-10-23 04:30:29: JwtModule dependencies initialized
info: 2024-10-23 04:30:29: WinstonModule dependencies initialized
info: 2024-10-23 04:30:29: TasksModule dependencies initialized
info: 2024-10-23 04:30:29: DiscoveryModule dependencies initialized
info: 2024-10-23 04:30:29: AppModule dependencies initialized
info: 2024-10-23 04:30:29: ScheduleModule dependencies initialized
info: 2024-10-23 04:30:29: TypeOrmCoreModule dependencies initialized
info: 2024-10-23 04:30:29: TypeOrmModule dependencies initialized
info: 2024-10-23 04:30:29: TypeOrmModule dependencies initialized
info: 2024-10-23 04:30:29: TypeOrmModule dependencies initialized
info: 2024-10-23 04:30:29: TypeOrmModule dependencies initialized
info: 2024-10-23 04:30:29: UserModule dependencies initialized
info: 2024-10-23 04:30:29: ArticleModule dependencies initialized
info: 2024-10-23 04:30:29: MusicModule dependencies initialized
info: 2024-10-23 04:30:29: ImgModule dependencies initialized
info: 2024-10-23 04:30:30: AppController {/}:
info: 2024-10-23 04:30:30: Mapped {/, GET} route
info: 2024-10-23 04:30:30: Mapped {/auth, GET} route
info: 2024-10-23 04:30:30: Mapped {/encrypt, GET} route
info: 2024-10-23 04:30:30: Mapped {/decrypt, GET} route
info: 2024-10-23 04:30:30: UserController {/user}:
info: 2024-10-23 04:30:30: Mapped {/user/register, POST} route
info: 2024-10-23 04:30:30: Mapped {/user/login, POST} route
info: 2024-10-23 04:30:30: Mapped {/user/:id, GET} route
info: 2024-10-23 04:30:30: ArticleController {/article}:
info: 2024-10-23 04:30:30: Mapped {/article, POST} route
info: 2024-10-23 04:30:30: Mapped {/article, GET} route
info: 2024-10-23 04:30:30: Mapped {/article/:id, GET} route
info: 2024-10-23 04:30:30: Mapped {/article/pid/:pid, GET} route
info: 2024-10-23 04:30:30: Mapped {/article/:id, PATCH} route
info: 2024-10-23 04:30:30: Mapped {/article/updateOrder, POST} route
info: 2024-10-23 04:30:30: Mapped {/article/:id, DELETE} route
info: 2024-10-23 04:30:30: ImgController {/img}:
info: 2024-10-23 04:30:30: Mapped {/img, POST} route
info: 2024-10-23 04:30:30: Mapped {/img, POST} route
info: 2024-10-23 04:30:30: Mapped {/img, GET} route
info: 2024-10-23 04:30:30: Mapped {/img/:id, GET} route
info: 2024-10-23 04:30:30: Mapped {/img/:id, PATCH} route
info: 2024-10-23 04:30:30: Mapped {/img/:id, DELETE} route
info: 2024-10-23 04:30:30: MusicController {/music}:
info: 2024-10-23 04:30:30: Mapped {/music/updateGithubData, GET} route
info: 2024-10-23 04:30:30: Mapped {/music/:id, GET} route
info: 2024-10-23 04:30:30: Mapped {/music, GET} route
info: 2024-10-23 04:30:30: Mapped {/music, POST} route
info: 2024-10-23 04:30:30: Mapped {/music/bulk, POST} route
info: 2024-10-23 04:30:30: Mapped {/music/:id, PATCH} route
info: 2024-10-23 04:30:30: Mapped {/music/:id, PUT} route
info: 2024-10-23 04:30:30: Mapped {/music/:id, DELETE} route
info: 2024-10-23 04:30:30: Nest application successfully started
info: 2024-10-23 04:35:24: [INFO] method=GET ip=218.250.72.67======
info: 2024-10-23 04:35:25: [INFO] method=GET ip=218.250.72.67 耗时=178ms======
info: 2024-10-23 04:40:24: 上传日志
info: 2024-10-23 04:40:25: [INFO] method=GET ip=218.250.72.67======
info: 2024-10-23 04:40:25: [INFO] method=GET ip=218.250.72.67 耗时=133ms======
info: 2024-10-23 04:45:24: "上传成功"
info: 2024-10-23 04:45:24: {"content":{"name":"info-2024-10-23 04:40:25.log","path":"ndzy-s/2024-10-23/info-2024-10-23 04:40:25.log","sha":"107f6eb18ab3cbcb326dd0851d02ae4f420d0a08","size":3309,"url":"https://api.github.com/repos/ndzy01/logs/contents/ndzy-s/2024-10-23/info-2024-10-23%2004:40:25.log?ref=main","html_url":"https://github.com/ndzy01/logs/blob/main/ndzy-s/2024-10-23/info-2024-10-23%2004:40:25.log","git_url":"https://api.github.com/repos/ndzy01/logs/git/blobs/107f6eb18ab3cbcb326dd0851d02ae4f420d0a08","download_url":"https://raw.githubusercontent.com/ndzy01/logs/main/ndzy-s/2024-10-23/info-2024-10-23%2004%3A40%3A25.log","type":"file","_links":{"self":"https://api.github.com/repos/ndzy01/logs/contents/ndzy-s/2024-10-23/info-2024-10-23%2004:40:25.log?ref=main","git":"https://api.github.com/repos/ndzy01/logs/git/blobs/107f6eb18ab3cbcb326dd0851d02ae4f420d0a08","html":"https://github.com/ndzy01/logs/blob/main/ndzy-s/2024-10-23/info-2024-10-23%2004:40:25.log"}},"commit":{"sha":"2aea1eeffeb64d16f0e15948e21d2bd2bbe1785a","node_id":"C_kwDOM4qzi9oAKDJhZWExZWVmZmViNjRkMTZmMGUxNTk0OGUyMWQyYmQyYmJlMTc4NWE","url":"https://api.github.com/repos/ndzy01/logs/git/commits/2aea1eeffeb64d16f0e15948e21d2bd2bbe1785a","html_url":"https://github.com/ndzy01/logs/commit/2aea1eeffeb64d16f0e15948e21d2bd2bbe1785a","author":{"name":"ndzy01","email":"46743100+ndzy01@users.noreply.github.com","date":"2024-10-23T04:40:25Z"},"committer":{"name":"ndzy01","email":"46743100+ndzy01@users.noreply.github.com","date":"2024-10-23T04:40:25Z"},"tree":{"sha":"e7c0abf0a967ade8eee6b50b21a24c3f60d11da6","url":"https://api.github.com/repos/ndzy01/logs/git/trees/e7c0abf0a967ade8eee6b50b21a24c3f60d11da6"},"message":"更新日志 2024-10-23 04:40:25","parents":[{"sha":"8ca29a459b2114808d7dd46db3eac93767a33414","url":"https://api.github.com/repos/ndzy01/logs/git/commits/8ca29a459b2114808d7dd46db3eac93767a33414","html_url":"https://github.com/ndzy01/logs/commit/8ca29a459b2114808d7dd46db3eac93767a33414"}],"verification":{"verified":false,"reason":"unsigned","signature":null,"payload":null}}}
info: 2024-10-23 04:45:24: [INFO] method=GET ip=218.250.72.67======
info: 2024-10-23 04:45:24: [INFO] method=GET ip=218.250.72.67 耗时=49ms======
info: 2024-10-23 04:50:24: 上传日志
