info: 2024-10-23 04:30:29: Starting Nest application...
info: 2024-10-23 04:30:29: TypeOrmModule dependencies initialized
info: 2024-10-23 04:30:29: MulterModule dependencies initialized
info: 2024-10-23 04:30:29: JwtModule dependencies initialized
info: 2024-10-23 04:30:29: WinstonModule dependencies initialized
info: 2024-10-23 04:30:29: TasksModule dependencies initialized
info: 2024-10-23 04:30:29: DiscoveryModule dependencies initialized
info: 2024-10-23 04:30:29: AppModule dependencies initialized
info: 2024-10-23 04:30:29: ScheduleModule dependencies initialized
info: 2024-10-23 04:30:29: TypeOrmCoreModule dependencies initialized
info: 2024-10-23 04:30:29: TypeOrmModule dependencies initialized
info: 2024-10-23 04:30:29: TypeOrmModule dependencies initialized
info: 2024-10-23 04:30:29: TypeOrmModule dependencies initialized
info: 2024-10-23 04:30:29: TypeOrmModule dependencies initialized
info: 2024-10-23 04:30:29: UserModule dependencies initialized
info: 2024-10-23 04:30:29: ArticleModule dependencies initialized
info: 2024-10-23 04:30:29: MusicModule dependencies initialized
info: 2024-10-23 04:30:29: ImgModule dependencies initialized
info: 2024-10-23 04:30:30: AppController {/}:
info: 2024-10-23 04:30:30: Mapped {/, GET} route
info: 2024-10-23 04:30:30: Mapped {/auth, GET} route
info: 2024-10-23 04:30:30: Mapped {/encrypt, GET} route
info: 2024-10-23 04:30:30: Mapped {/decrypt, GET} route
info: 2024-10-23 04:30:30: UserController {/user}:
info: 2024-10-23 04:30:30: Mapped {/user/register, POST} route
info: 2024-10-23 04:30:30: Mapped {/user/login, POST} route
info: 2024-10-23 04:30:30: Mapped {/user/:id, GET} route
info: 2024-10-23 04:30:30: ArticleController {/article}:
info: 2024-10-23 04:30:30: Mapped {/article, POST} route
info: 2024-10-23 04:30:30: Mapped {/article, GET} route
info: 2024-10-23 04:30:30: Mapped {/article/:id, GET} route
info: 2024-10-23 04:30:30: Mapped {/article/pid/:pid, GET} route
info: 2024-10-23 04:30:30: Mapped {/article/:id, PATCH} route
info: 2024-10-23 04:30:30: Mapped {/article/updateOrder, POST} route
info: 2024-10-23 04:30:30: Mapped {/article/:id, DELETE} route
info: 2024-10-23 04:30:30: ImgController {/img}:
info: 2024-10-23 04:30:30: Mapped {/img, POST} route
info: 2024-10-23 04:30:30: Mapped {/img, POST} route
info: 2024-10-23 04:30:30: Mapped {/img, GET} route
info: 2024-10-23 04:30:30: Mapped {/img/:id, GET} route
info: 2024-10-23 04:30:30: Mapped {/img/:id, PATCH} route
info: 2024-10-23 04:30:30: Mapped {/img/:id, DELETE} route
info: 2024-10-23 04:30:30: MusicController {/music}:
info: 2024-10-23 04:30:30: Mapped {/music/updateGithubData, GET} route
info: 2024-10-23 04:30:30: Mapped {/music/:id, GET} route
info: 2024-10-23 04:30:30: Mapped {/music, GET} route
info: 2024-10-23 04:30:30: Mapped {/music, POST} route
info: 2024-10-23 04:30:30: Mapped {/music/bulk, POST} route
info: 2024-10-23 04:30:30: Mapped {/music/:id, PATCH} route
info: 2024-10-23 04:30:30: Mapped {/music/:id, PUT} route
info: 2024-10-23 04:30:30: Mapped {/music/:id, DELETE} route
info: 2024-10-23 04:30:30: Nest application successfully started
info: 2024-10-23 04:35:24: [INFO] method=GET ip=218.250.72.67======
info: 2024-10-23 04:35:25: [INFO] method=GET ip=218.250.72.67 耗时=178ms======
info: 2024-10-23 04:40:24: 上传日志
