info: 2024-10-23 07:50:28: Starting Nest application...
info: 2024-10-23 07:50:28: TypeOrmModule dependencies initialized
info: 2024-10-23 07:50:28: MulterModule dependencies initialized
info: 2024-10-23 07:50:28: JwtModule dependencies initialized
info: 2024-10-23 07:50:28: WinstonModule dependencies initialized
info: 2024-10-23 07:50:28: TasksModule dependencies initialized
info: 2024-10-23 07:50:28: DiscoveryModule dependencies initialized
info: 2024-10-23 07:50:28: AppModule dependencies initialized
info: 2024-10-23 07:50:28: ScheduleModule dependencies initialized
info: 2024-10-23 07:50:28: TypeOrmCoreModule dependencies initialized
info: 2024-10-23 07:50:28: TypeOrmModule dependencies initialized
info: 2024-10-23 07:50:28: TypeOrmModule dependencies initialized
info: 2024-10-23 07:50:28: TypeOrmModule dependencies initialized
info: 2024-10-23 07:50:28: TypeOrmModule dependencies initialized
info: 2024-10-23 07:50:28: UserModule dependencies initialized
info: 2024-10-23 07:50:28: ArticleModule dependencies initialized
info: 2024-10-23 07:50:28: MusicModule dependencies initialized
info: 2024-10-23 07:50:28: ImgModule dependencies initialized
info: 2024-10-23 07:50:28: AppController {/}:
info: 2024-10-23 07:50:28: Mapped {/, GET} route
info: 2024-10-23 07:50:28: Mapped {/auth, GET} route
info: 2024-10-23 07:50:28: Mapped {/encrypt, GET} route
info: 2024-10-23 07:50:28: Mapped {/decrypt, GET} route
info: 2024-10-23 07:50:28: UserController {/user}:
info: 2024-10-23 07:50:28: Mapped {/user/register, POST} route
info: 2024-10-23 07:50:28: Mapped {/user/login, POST} route
info: 2024-10-23 07:50:28: Mapped {/user/:id, GET} route
info: 2024-10-23 07:50:28: ArticleController {/article}:
info: 2024-10-23 07:50:28: Mapped {/article, POST} route
info: 2024-10-23 07:50:28: Mapped {/article, GET} route
info: 2024-10-23 07:50:28: Mapped {/article/:id, GET} route
info: 2024-10-23 07:50:28: Mapped {/article/pid/:pid, GET} route
info: 2024-10-23 07:50:28: Mapped {/article/:id, PATCH} route
info: 2024-10-23 07:50:28: Mapped {/article/updateOrder, POST} route
info: 2024-10-23 07:50:28: Mapped {/article/:id, DELETE} route
info: 2024-10-23 07:50:28: ImgController {/img}:
info: 2024-10-23 07:50:28: Mapped {/img, POST} route
info: 2024-10-23 07:50:28: Mapped {/img, POST} route
info: 2024-10-23 07:50:28: Mapped {/img, GET} route
info: 2024-10-23 07:50:28: Mapped {/img/:id, GET} route
info: 2024-10-23 07:50:28: Mapped {/img/:id, PATCH} route
info: 2024-10-23 07:50:28: Mapped {/img/:id, DELETE} route
info: 2024-10-23 07:50:28: MusicController {/music}:
info: 2024-10-23 07:50:28: Mapped {/music/updateGithubData, GET} route
info: 2024-10-23 07:50:28: Mapped {/music/:id, GET} route
info: 2024-10-23 07:50:28: Mapped {/music, GET} route
info: 2024-10-23 07:50:28: Mapped {/music, POST} route
info: 2024-10-23 07:50:28: Mapped {/music/bulk, POST} route
info: 2024-10-23 07:50:28: Mapped {/music/:id, PATCH} route
info: 2024-10-23 07:50:28: Mapped {/music/:id, PUT} route
info: 2024-10-23 07:50:28: Mapped {/music/:id, DELETE} route
info: 2024-10-23 07:50:28: Nest application successfully started
info: 2024-10-23 07:50:28: [INFO] method=GET ip=218.250.72.67======
info: 2024-10-23 07:50:28: [INFO] method=GET ip=218.250.72.67 耗时=28ms======
info: 2024-10-23 07:55:24: [INFO] method=GET ip=218.250.72.67======
info: 2024-10-23 07:55:25: [INFO] method=GET ip=218.250.72.67 耗时=278ms======
info: 2024-10-23 08:00:25: 上传日志
info: 2024-10-23 08:00:25: [INFO] method=GET ip=218.250.72.67======
info: 2024-10-23 08:00:25: [INFO] method=GET ip=218.250.72.67 耗时=119ms======
info: 2024-10-23 08:05:24: "上传成功"
info: 2024-10-23 08:05:24: {"content":{"name":"info-2024-10-23 08:00:25.log","path":"ndzy-s/2024-10-23/info-2024-10-23 08:00:25.log","sha":"c4d4ce4ddaf27268c21d5a0dc79ae218bc8ad487","size":3457,"url":"https://api.github.com/repos/ndzy01/logs/contents/ndzy-s/2024-10-23/info-2024-10-23%2008:00:25.log?ref=main","html_url":"https://github.com/ndzy01/logs/blob/main/ndzy-s/2024-10-23/info-2024-10-23%2008:00:25.log","git_url":"https://api.github.com/repos/ndzy01/logs/git/blobs/c4d4ce4ddaf27268c21d5a0dc79ae218bc8ad487","download_url":"https://raw.githubusercontent.com/ndzy01/logs/main/ndzy-s/2024-10-23/info-2024-10-23%2008%3A00%3A25.log","type":"file","_links":{"self":"https://api.github.com/repos/ndzy01/logs/contents/ndzy-s/2024-10-23/info-2024-10-23%2008:00:25.log?ref=main","git":"https://api.github.com/repos/ndzy01/logs/git/blobs/c4d4ce4ddaf27268c21d5a0dc79ae218bc8ad487","html":"https://github.com/ndzy01/logs/blob/main/ndzy-s/2024-10-23/info-2024-10-23%2008:00:25.log"}},"commit":{"sha":"236d3c99b487a5134534b76a956b8a6b5e6f5326","node_id":"C_kwDOM4qzi9oAKDIzNmQzYzk5YjQ4N2E1MTM0NTM0Yjc2YTk1NmI4YTZiNWU2ZjUzMjY","url":"https://api.github.com/repos/ndzy01/logs/git/commits/236d3c99b487a5134534b76a956b8a6b5e6f5326","html_url":"https://github.com/ndzy01/logs/commit/236d3c99b487a5134534b76a956b8a6b5e6f5326","author":{"name":"ndzy01","email":"46743100+ndzy01@users.noreply.github.com","date":"2024-10-23T08:00:25Z"},"committer":{"name":"ndzy01","email":"46743100+ndzy01@users.noreply.github.com","date":"2024-10-23T08:00:25Z"},"tree":{"sha":"9f782b5591adfa369936d02f9a3b9b6e763fad9a","url":"https://api.github.com/repos/ndzy01/logs/git/trees/9f782b5591adfa369936d02f9a3b9b6e763fad9a"},"message":"更新日志 2024-10-23 08:00:25","parents":[{"sha":"97079ed82d09f1910ec1cd76081d2825e837f3c4","url":"https://api.github.com/repos/ndzy01/logs/git/commits/97079ed82d09f1910ec1cd76081d2825e837f3c4","html_url":"https://github.com/ndzy01/logs/commit/97079ed82d09f1910ec1cd76081d2825e837f3c4"}],"verification":{"verified":false,"reason":"unsigned","signature":null,"payload":null}}}
info: 2024-10-23 08:05:24: [INFO] method=GET ip=218.250.72.67======
info: 2024-10-23 08:05:24: [INFO] method=GET ip=218.250.72.67 耗时=82ms======
info: 2024-10-23 08:10:24: 上传日志
info: 2024-10-23 08:10:24: [INFO] method=GET ip=218.250.72.67======
info: 2024-10-23 08:10:25: [INFO] method=GET ip=218.250.72.67 耗时=62ms======
info: 2024-10-23 08:15:24: "上传成功"
info: 2024-10-23 08:15:24: {"content":{"name":"info-2024-10-23 08:10:24.log","path":"ndzy-s/2024-10-23/info-2024-10-23 08:10:24.log","sha":"945891d609a10d0e4f2377c249aa41375a1f558d","size":5878,"url":"https://api.github.com/repos/ndzy01/logs/contents/ndzy-s/2024-10-23/info-2024-10-23%2008:10:24.log?ref=main","html_url":"https://github.com/ndzy01/logs/blob/main/ndzy-s/2024-10-23/info-2024-10-23%2008:10:24.log","git_url":"https://api.github.com/repos/ndzy01/logs/git/blobs/945891d609a10d0e4f2377c249aa41375a1f558d","download_url":"https://raw.githubusercontent.com/ndzy01/logs/main/ndzy-s/2024-10-23/info-2024-10-23%2008%3A10%3A24.log","type":"file","_links":{"self":"https://api.github.com/repos/ndzy01/logs/contents/ndzy-s/2024-10-23/info-2024-10-23%2008:10:24.log?ref=main","git":"https://api.github.com/repos/ndzy01/logs/git/blobs/945891d609a10d0e4f2377c249aa41375a1f558d","html":"https://github.com/ndzy01/logs/blob/main/ndzy-s/2024-10-23/info-2024-10-23%2008:10:24.log"}},"commit":{"sha":"f24b2c461f038adae3edccd00574bdd05f403675","node_id":"C_kwDOM4qzi9oAKGYyNGIyYzQ2MWYwMzhhZGFlM2VkY2NkMDA1NzRiZGQwNWY0MDM2NzU","url":"https://api.github.com/repos/ndzy01/logs/git/commits/f24b2c461f038adae3edccd00574bdd05f403675","html_url":"https://github.com/ndzy01/logs/commit/f24b2c461f038adae3edccd00574bdd05f403675","author":{"name":"ndzy01","email":"46743100+ndzy01@users.noreply.github.com","date":"2024-10-23T08:10:25Z"},"committer":{"name":"ndzy01","email":"46743100+ndzy01@users.noreply.github.com","date":"2024-10-23T08:10:25Z"},"tree":{"sha":"8218843af5808f8e50497e372e103d0e31b09383","url":"https://api.github.com/repos/ndzy01/logs/git/trees/8218843af5808f8e50497e372e103d0e31b09383"},"message":"更新日志 2024-10-23 08:10:24","parents":[{"sha":"236d3c99b487a5134534b76a956b8a6b5e6f5326","url":"https://api.github.com/repos/ndzy01/logs/git/commits/236d3c99b487a5134534b76a956b8a6b5e6f5326","html_url":"https://github.com/ndzy01/logs/commit/236d3c99b487a5134534b76a956b8a6b5e6f5326"}],"verification":{"verified":false,"reason":"unsigned","signature":null,"payload":null}}}
info: 2024-10-23 08:15:24: [INFO] method=GET ip=218.250.72.67======
info: 2024-10-23 08:15:24: [INFO] method=GET ip=218.250.72.67 耗时=259ms======
