info: 2024-10-23 07:50:28: Starting Nest application...
info: 2024-10-23 07:50:28: TypeOrmModule dependencies initialized
info: 2024-10-23 07:50:28: MulterModule dependencies initialized
info: 2024-10-23 07:50:28: JwtModule dependencies initialized
info: 2024-10-23 07:50:28: WinstonModule dependencies initialized
info: 2024-10-23 07:50:28: TasksModule dependencies initialized
info: 2024-10-23 07:50:28: DiscoveryModule dependencies initialized
info: 2024-10-23 07:50:28: AppModule dependencies initialized
info: 2024-10-23 07:50:28: ScheduleModule dependencies initialized
info: 2024-10-23 07:50:28: TypeOrmCoreModule dependencies initialized
info: 2024-10-23 07:50:28: TypeOrmModule dependencies initialized
info: 2024-10-23 07:50:28: TypeOrmModule dependencies initialized
info: 2024-10-23 07:50:28: TypeOrmModule dependencies initialized
info: 2024-10-23 07:50:28: TypeOrmModule dependencies initialized
info: 2024-10-23 07:50:28: UserModule dependencies initialized
info: 2024-10-23 07:50:28: ArticleModule dependencies initialized
info: 2024-10-23 07:50:28: MusicModule dependencies initialized
info: 2024-10-23 07:50:28: ImgModule dependencies initialized
info: 2024-10-23 07:50:28: AppController {/}:
info: 2024-10-23 07:50:28: Mapped {/, GET} route
info: 2024-10-23 07:50:28: Mapped {/auth, GET} route
info: 2024-10-23 07:50:28: Mapped {/encrypt, GET} route
info: 2024-10-23 07:50:28: Mapped {/decrypt, GET} route
info: 2024-10-23 07:50:28: UserController {/user}:
info: 2024-10-23 07:50:28: Mapped {/user/register, POST} route
info: 2024-10-23 07:50:28: Mapped {/user/login, POST} route
info: 2024-10-23 07:50:28: Mapped {/user/:id, GET} route
info: 2024-10-23 07:50:28: ArticleController {/article}:
info: 2024-10-23 07:50:28: Mapped {/article, POST} route
info: 2024-10-23 07:50:28: Mapped {/article, GET} route
info: 2024-10-23 07:50:28: Mapped {/article/:id, GET} route
info: 2024-10-23 07:50:28: Mapped {/article/pid/:pid, GET} route
info: 2024-10-23 07:50:28: Mapped {/article/:id, PATCH} route
info: 2024-10-23 07:50:28: Mapped {/article/updateOrder, POST} route
info: 2024-10-23 07:50:28: Mapped {/article/:id, DELETE} route
info: 2024-10-23 07:50:28: ImgController {/img}:
info: 2024-10-23 07:50:28: Mapped {/img, POST} route
info: 2024-10-23 07:50:28: Mapped {/img, POST} route
info: 2024-10-23 07:50:28: Mapped {/img, GET} route
info: 2024-10-23 07:50:28: Mapped {/img/:id, GET} route
info: 2024-10-23 07:50:28: Mapped {/img/:id, PATCH} route
info: 2024-10-23 07:50:28: Mapped {/img/:id, DELETE} route
info: 2024-10-23 07:50:28: MusicController {/music}:
info: 2024-10-23 07:50:28: Mapped {/music/updateGithubData, GET} route
info: 2024-10-23 07:50:28: Mapped {/music/:id, GET} route
info: 2024-10-23 07:50:28: Mapped {/music, GET} route
info: 2024-10-23 07:50:28: Mapped {/music, POST} route
info: 2024-10-23 07:50:28: Mapped {/music/bulk, POST} route
info: 2024-10-23 07:50:28: Mapped {/music/:id, PATCH} route
info: 2024-10-23 07:50:28: Mapped {/music/:id, PUT} route
info: 2024-10-23 07:50:28: Mapped {/music/:id, DELETE} route
info: 2024-10-23 07:50:28: Nest application successfully started
info: 2024-10-23 07:50:28: [INFO] method=GET ip=218.250.72.67======
info: 2024-10-23 07:50:28: [INFO] method=GET ip=218.250.72.67 耗时=28ms======
info: 2024-10-23 07:55:24: [INFO] method=GET ip=218.250.72.67======
info: 2024-10-23 07:55:25: [INFO] method=GET ip=218.250.72.67 耗时=278ms======
info: 2024-10-23 08:00:25: 上传日志
