info: 2024-10-23 02:26:59: Starting Nest application...
info: 2024-10-23 02:26:59: TypeOrmModule dependencies initialized
info: 2024-10-23 02:26:59: MulterModule dependencies initialized
info: 2024-10-23 02:26:59: JwtModule dependencies initialized
info: 2024-10-23 02:26:59: WinstonModule dependencies initialized
info: 2024-10-23 02:26:59: TasksModule dependencies initialized
info: 2024-10-23 02:26:59: DiscoveryModule dependencies initialized
info: 2024-10-23 02:26:59: AppModule dependencies initialized
info: 2024-10-23 02:26:59: ScheduleModule dependencies initialized
info: 2024-10-23 02:27:00: TypeOrmCoreModule dependencies initialized
info: 2024-10-23 02:27:00: TypeOrmModule dependencies initialized
info: 2024-10-23 02:27:00: TypeOrmModule dependencies initialized
info: 2024-10-23 02:27:00: TypeOrmModule dependencies initialized
info: 2024-10-23 02:27:00: TypeOrmModule dependencies initialized
info: 2024-10-23 02:27:00: UserModule dependencies initialized
info: 2024-10-23 02:27:00: ArticleModule dependencies initialized
info: 2024-10-23 02:27:00: MusicModule dependencies initialized
info: 2024-10-23 02:27:00: ImgModule dependencies initialized
info: 2024-10-23 02:27:00: AppController {/}:
info: 2024-10-23 02:27:00: Mapped {/, GET} route
info: 2024-10-23 02:27:00: Mapped {/auth, GET} route
info: 2024-10-23 02:27:00: Mapped {/encrypt, GET} route
info: 2024-10-23 02:27:00: Mapped {/decrypt, GET} route
info: 2024-10-23 02:27:00: UserController {/user}:
info: 2024-10-23 02:27:00: Mapped {/user/register, POST} route
info: 2024-10-23 02:27:00: Mapped {/user/login, POST} route
info: 2024-10-23 02:27:00: Mapped {/user/:id, GET} route
info: 2024-10-23 02:27:00: ArticleController {/article}:
info: 2024-10-23 02:27:00: Mapped {/article, POST} route
info: 2024-10-23 02:27:00: Mapped {/article, GET} route
info: 2024-10-23 02:27:00: Mapped {/article/:id, GET} route
info: 2024-10-23 02:27:00: Mapped {/article/pid/:pid, GET} route
info: 2024-10-23 02:27:00: Mapped {/article/:id, PATCH} route
info: 2024-10-23 02:27:00: Mapped {/article/updateOrder, POST} route
info: 2024-10-23 02:27:00: Mapped {/article/:id, DELETE} route
info: 2024-10-23 02:27:00: ImgController {/img}:
info: 2024-10-23 02:27:00: Mapped {/img, POST} route
info: 2024-10-23 02:27:00: Mapped {/img, POST} route
info: 2024-10-23 02:27:00: Mapped {/img, GET} route
info: 2024-10-23 02:27:00: Mapped {/img/:id, GET} route
info: 2024-10-23 02:27:00: Mapped {/img/:id, PATCH} route
info: 2024-10-23 02:27:00: Mapped {/img/:id, DELETE} route
info: 2024-10-23 02:27:00: MusicController {/music}:
info: 2024-10-23 02:27:00: Mapped {/music/updateGithubData, GET} route
info: 2024-10-23 02:27:00: Mapped {/music/:id, GET} route
info: 2024-10-23 02:27:00: Mapped {/music, GET} route
info: 2024-10-23 02:27:00: Mapped {/music, POST} route
info: 2024-10-23 02:27:00: Mapped {/music/bulk, POST} route
info: 2024-10-23 02:27:00: Mapped {/music/:id, PATCH} route
info: 2024-10-23 02:27:00: Mapped {/music/:id, PUT} route
info: 2024-10-23 02:27:00: Mapped {/music/:id, DELETE} route
info: 2024-10-23 02:27:00: Nest application successfully started
info: 2024-10-23 02:29:34: [INFO] method=GET ip=218.250.72.67======
info: 2024-10-23 02:29:34: [INFO] method=GET ip=218.250.72.67 耗时=180ms======
info: 2024-10-23 02:34:34: 上传日志
