info: 2024-10-10 07:18:15: Starting Nest application...
info: 2024-10-10 07:18:15: TypeOrmModule dependencies initialized
info: 2024-10-10 07:18:15: MulterModule dependencies initialized
info: 2024-10-10 07:18:15: JwtModule dependencies initialized
info: 2024-10-10 07:18:15: WinstonModule dependencies initialized
info: 2024-10-10 07:18:15: TasksModule dependencies initialized
info: 2024-10-10 07:18:15: DiscoveryModule dependencies initialized
info: 2024-10-10 07:18:15: AppModule dependencies initialized
info: 2024-10-10 07:18:15: ScheduleModule dependencies initialized
info: 2024-10-10 07:18:15: TypeOrmCoreModule dependencies initialized
info: 2024-10-10 07:18:15: TypeOrmModule dependencies initialized
info: 2024-10-10 07:18:15: TypeOrmModule dependencies initialized
info: 2024-10-10 07:18:15: TypeOrmModule dependencies initialized
info: 2024-10-10 07:18:15: UserModule dependencies initialized
info: 2024-10-10 07:18:15: ArticleModule dependencies initialized
info: 2024-10-10 07:18:15: ImgModule dependencies initialized
info: 2024-10-10 07:18:15: AppController {/}:
info: 2024-10-10 07:18:15: Mapped {/, GET} route
info: 2024-10-10 07:18:15: Mapped {/auth, GET} route
info: 2024-10-10 07:18:15: Mapped {/encrypt, GET} route
info: 2024-10-10 07:18:15: Mapped {/decrypt, GET} route
info: 2024-10-10 07:18:15: UserController {/user}:
info: 2024-10-10 07:18:15: Mapped {/user/register, POST} route
info: 2024-10-10 07:18:15: Mapped {/user/login, POST} route
info: 2024-10-10 07:18:15: Mapped {/user/:id, GET} route
info: 2024-10-10 07:18:15: ArticleController {/article}:
info: 2024-10-10 07:18:15: Mapped {/article, POST} route
info: 2024-10-10 07:18:15: Mapped {/article, GET} route
info: 2024-10-10 07:18:15: Mapped {/article/:id, GET} route
info: 2024-10-10 07:18:15: Mapped {/article/pid/:pid, GET} route
info: 2024-10-10 07:18:15: Mapped {/article/:id, PATCH} route
info: 2024-10-10 07:18:15: Mapped {/article/updateOrder, POST} route
info: 2024-10-10 07:18:15: Mapped {/article/:id, DELETE} route
info: 2024-10-10 07:18:15: ImgController {/img}:
info: 2024-10-10 07:18:15: Mapped {/img, POST} route
info: 2024-10-10 07:18:15: Mapped {/img, POST} route
info: 2024-10-10 07:18:15: Mapped {/img, GET} route
info: 2024-10-10 07:18:15: Mapped {/img/:id, GET} route
info: 2024-10-10 07:18:15: Mapped {/img/:id, PATCH} route
info: 2024-10-10 07:18:15: Mapped {/img/:id, DELETE} route
info: 2024-10-10 07:18:15: Nest application successfully started
info: 2024-10-10 07:19:48: [INFO] method=GET ip=218.250.72.67======
info: 2024-10-10 07:19:48: [INFO] method=GET ip=218.250.72.67 耗时=2ms======
info: 2024-10-10 07:22:21: 上传日志
