info: 2024-10-10 07:25:57: Starting Nest application...
info: 2024-10-10 07:25:57: TypeOrmModule dependencies initialized
info: 2024-10-10 07:25:57: MulterModule dependencies initialized
info: 2024-10-10 07:25:57: JwtModule dependencies initialized
info: 2024-10-10 07:25:57: WinstonModule dependencies initialized
info: 2024-10-10 07:25:57: TasksModule dependencies initialized
info: 2024-10-10 07:25:57: DiscoveryModule dependencies initialized
info: 2024-10-10 07:25:57: AppModule dependencies initialized
info: 2024-10-10 07:25:57: ScheduleModule dependencies initialized
info: 2024-10-10 07:25:58: TypeOrmCoreModule dependencies initialized
info: 2024-10-10 07:25:58: TypeOrmModule dependencies initialized
info: 2024-10-10 07:25:58: TypeOrmModule dependencies initialized
info: 2024-10-10 07:25:58: TypeOrmModule dependencies initialized
info: 2024-10-10 07:25:58: UserModule dependencies initialized
info: 2024-10-10 07:25:58: ArticleModule dependencies initialized
info: 2024-10-10 07:25:58: ImgModule dependencies initialized
info: 2024-10-10 07:25:58: AppController {/}:
info: 2024-10-10 07:25:58: Mapped {/, GET} route
info: 2024-10-10 07:25:58: Mapped {/auth, GET} route
info: 2024-10-10 07:25:58: Mapped {/encrypt, GET} route
info: 2024-10-10 07:25:58: Mapped {/decrypt, GET} route
info: 2024-10-10 07:25:58: UserController {/user}:
info: 2024-10-10 07:25:58: Mapped {/user/register, POST} route
info: 2024-10-10 07:25:58: Mapped {/user/login, POST} route
info: 2024-10-10 07:25:58: Mapped {/user/:id, GET} route
info: 2024-10-10 07:25:58: ArticleController {/article}:
info: 2024-10-10 07:25:58: Mapped {/article, POST} route
info: 2024-10-10 07:25:58: Mapped {/article, GET} route
info: 2024-10-10 07:25:58: Mapped {/article/:id, GET} route
info: 2024-10-10 07:25:58: Mapped {/article/pid/:pid, GET} route
info: 2024-10-10 07:25:58: Mapped {/article/:id, PATCH} route
info: 2024-10-10 07:25:58: Mapped {/article/updateOrder, POST} route
info: 2024-10-10 07:25:58: Mapped {/article/:id, DELETE} route
info: 2024-10-10 07:25:58: ImgController {/img}:
info: 2024-10-10 07:25:58: Mapped {/img, POST} route
info: 2024-10-10 07:25:58: Mapped {/img, POST} route
info: 2024-10-10 07:25:58: Mapped {/img, GET} route
info: 2024-10-10 07:25:58: Mapped {/img/:id, GET} route
info: 2024-10-10 07:25:58: Mapped {/img/:id, PATCH} route
info: 2024-10-10 07:25:58: Mapped {/img/:id, DELETE} route
info: 2024-10-10 07:25:58: Nest application successfully started
info: 2024-10-10 07:26:03: [INFO] method=GET ip=218.250.72.67======
info: 2024-10-10 07:26:03: [INFO] method=GET ip=218.250.72.67 耗时=2ms======
info: 2024-10-10 07:27:12: [INFO] method=GET ip=218.250.72.67======
info: 2024-10-10 07:27:12: [INFO] method=GET ip=218.250.72.67 耗时=52ms======
info: 2024-10-10 07:27:24: [INFO] method=GET ip=218.250.72.67======
info: 2024-10-10 07:27:24: [INFO] method=GET ip=218.250.72.67 耗时=2ms======
info: 2024-10-10 07:27:55: [INFO] method=GET ip=218.250.72.67======
info: 2024-10-10 07:27:55: [INFO] method=GET ip=218.250.72.67 耗时=1ms======
info: 2024-10-10 07:28:53: [INFO] method=GET ip=218.250.72.67======
info: 2024-10-10 07:28:53: [INFO] method=GET ip=218.250.72.67 耗时=1ms======
